% MH log file (Dynare).
% 26-Sep-2024 11:00:27.
 

% Session 1.
 
  Number of blocks...............: 2
  Number of simulations per block: 200000
 
  Initial values of the parameters:
    Blck 1:
      params:1: 0.0041994
      params:2: 0.0099692
      params:3: 0.018893
      params:4: 0.0065668
      params:5: 0.12724
      params:6: 0.015601
      params:7: 0.020062
      params:8: 0.00010034
      params:9: 0.027802
      params:10: 1.4243
      params:11: 0.71931
      params:12: 1.1213
      params:13: 0.84087
      params:14: 0.24029
      params:15: 0.76936
      params:16: 1.5384
      params:17: 0.36824
      params:18: 11.9211
      params:19: 1.4611
      params:20: 0.64585
      params:21: 0.78386
      params:22: 0.82667
      params:23: 0.99381
      params:24: 0.9134
      params:25: 0.98475
      params:26: 0.90863
      params:27: 0.83785
      params:28: 0.99946
      logpo2: 4657.8407
    Blck 2:
      params:1: 0.0041992
      params:2: 0.0099666
      params:3: 0.018896
      params:4: 0.0065648
      params:5: 0.12724
      params:6: 0.015601
      params:7: 0.020059
      params:8: 0.00010144
      params:9: 0.027799
      params:10: 1.4242
      params:11: 0.71936
      params:12: 1.1212
      params:13: 0.84085
      params:14: 0.24029
      params:15: 0.76936
      params:16: 1.5384
      params:17: 0.36816
      params:18: 11.921
      params:19: 1.461
      params:20: 0.64585
      params:21: 0.78387
      params:22: 0.82672
      params:23: 0.99378
      params:24: 0.91337
      params:25: 0.98472
      params:26: 0.90859
      params:27: 0.83784
      params:28: 0.9995
      logpo2: 4657.7838
 
 
  CREATION OF THE MH HISTORY FILE!

    Expected number of files per block.......: 1.
    Expected number of lines in the last file: 200000.

    Initial state of the Gaussian random number generator for chain number 1:
      1
      1812433254
      3713160357
      3109174145
      64984499
      3392658084
      446538473
      2629760756
      2453345558
      1394803949
      1021787430
      2063496713
      1304877364
      1713639158
      889001601
      1651239412
      1450863289
      745575081
      361057727
      2288771950
      1463387568
      2249488362
      26637982
      204036717
      1655702041
      1329048465
      2092351466
      1681619666
      3220660315
      1301783610
      626286181
      294669048
      3537128440
      3259518248
      2550101273
      1160881866
      308703547
      295714668
      35508674
      1599247281
      376272024
      3166459937
      1852735737
      3680868867
      612352556
      2760189833
      3816750341
      699140493
      1087846865
      394927937
      2063539671
      645417889
      2337669049
      3773167612
      678121169
      3006984620
      1163491294
      2559287860
      543155592
      3194181347
      2463543297
      3875146860
      475483913
      3707568076
      3881808875
      1264657097
      208126250
      1802809301
      367907560
      2433375693
      2851326449
      2380707878
      2911758972
      4243386879
      2229228726
      828161871
      2871116151
      990638198
      178193628
      1012573979
      1223581943
      3333023583
      1901888414
      3913876750
      3168662389
      656194888
      1553610174
      466840498
      686407570
      280737523
      2476489017
      1272981410
      3189431979
      3294710282
      1564477163
      4133221553
      823708826
      880616227
      1730254897
      335723347
      2123911971
      344194767
      119099153
      2915257116
      3339825470
      2524942970
      1191117250
      3403812186
      3988972937
      2575395295
      4072737183
      663832315
      808080503
      724042340
      2966189542
      2499643239
      3309205581
      1915303227
      72616536
      387525935
      2791701251
      2190905566
      3740328774
      831297460
      3750964864
      2190112044
      899144100
      2346558003
      3851695829
      2896963823
      1548614403
      3676707405
      2050891594
      4165893148
      1883017153
      2668787527
      50330561
      2063572142
      1853585557
      1716111087
      2937248370
      1650859709
      2682305722
      565243175
      3922227187
      3482032705
      2809081500
      2099376873
      230358556
      1065827745
      196966939
      3268845630
      3625508265
      1477799595
      4149453740
      2757835686
      3032697936
      2200108791
      3421680711
      4145382259
      3605253072
      1186485728
      3520482151
      3080733463
      3887314157
      4030447755
      1699987022
      1393253586
      1710066407
      710337383
      3754612557
      2741088369
      337455371
      1304761604
      3592681639
      3099385187
      4003676405
      317081535
      997754381
      480565460
      3806265432
      1068029852
      776179010
      470617537
      3653875421
      2273571919
      1055365147
      1317172834
      3414733003
      2835400613
      28845217
      631741764
      2334552212
      3565466095
      1225096926
      1277781438
      2416008223
      1268768054
      2750789241
      267768398
      2175383438
      268654341
      2550530755
      2971623408
      1666669894
      1934871760
      509782083
      2798468670
      2834016892
      2494149255
      1965005899
      2653045765
      2317194903
      1297426078
      916214929
      2967861004
      2236807006
      2476725285
      128488253
      4277714156
      3016192551
      1690883702
      1329810641
      593010415
      2341313579
      1754238478
      1242698701
      2152594527
      2103269013
      926178633
      647225267
      4243787142
      1489208161
      3188798921
      1327553793
      3644600811
      684513652
      2606555057
      2705329549
      2557469018
      1294205096
      70104222
      3020083528
      2015571237
      2768573480
      401698695
      2812362809
      328919870
      984940142
      1653817439
      471643152
      538942283
      2040555667
      1211982999
      1663497772
      2941793728
      3001026698
      313271977
      3644502703
      2423950047
      2629046069
      3450826936
      44600781
      2633869288
      4267014746
      4204914470
      1955987363
      2590608885
      2120168063
      1460034243
      258056600
      3693550087
      779446436
      902696389
      4228701387
      3165791227
      3478614865
      1500865135
      905884796
      3682046467
      2437847832
      2595888219
      4144484663
      1299603103
      648536946
      1762836247
      4265749196
      950840266
      2928992722
      2051369009
      2071186450
      1164619682
      210405235
      1296628868
      2425474719
      4083386904
      1978331343
      3190898799
      602128683
      2003319330
      1043377147
      756690484
      24776626
      1835824233
      1156421176
      2125448878
      1333136189
      607751135
      4255614767
      4238533009
      2583175632
      230472465
      3037259757
      1546348932
      2537279411
      110471952
      520621708
      63613561
      2843673595
      775036
      1899744556
      1168115970
      2685086321
      3410250658
      3151102153
      634647644
      3639125394
      3344624764
      1525171811
      1878800371
      3356530116
      3676542926
      602053165
      2686708238
      3703555082
      3754961372
      3970030923
      1749014201
      3391107050
      2478152000
      2121779806
      2636689360
      769835312
      4230539591
      1909812524
      417081626
      3096519324
      387659697
      3764499249
      3452925463
      3818277698
      3008920324
      15253694
      1479260759
      2421328720
      2220743357
      38831551
      1032912064
      3400956198
      2362808832
      3988706866
      1950464958
      3248573125
      1225815945
      1211036180
      346407094
      3867176764
      1257086026
      2725236231
      2843735658
      4147241082
      1729974832
      1256499145
      3765975901
      784776076
      4288277427
      3903532520
      3431522864
      2792589977
      2935989154
      3536596892
      3512984120
      605476293
      1774961976
      981422589
      822525778
      3343539932
      422954622
      1323482938
      2523465420
      2746609356
      1664448205
      272567300
      711582493
      3625722107
      3615865699
      950619756
      2864168489
      108006277
      3976313352
      680217319
      173747636
      291134870
      198587329
      595310009
      941470866
      2438488368
      1681923153
      1654783272
      3531789254
      4149541715
      2922706987
      684907209
      3116688362
      3288142886
      3953377592
      3332428007
      1400401813
      3745921798
      1701705628
      3744511893
      1838265811
      3314032512
      3894840150
      3810031409
      181324387
      983160249
      1444959400
      3836664153
      3032673327
      310789231
      3701565562
      1407580781
      2511575629
      3113822685
      1777261998
      2208898751
      106383174
      2961020500
      995776421
      3306087121
      2181030035
      2300064751
      1909543740
      4023156173
      1671619075
      2151956104
      237668401
      3204511253
      1303668692
      3868259787
      2737897899
      4091026033
      2877780671
      134376279
      398912026
      863520778
      3712468923
      3443213666
      2183809552
      2597379302
      349776833
      274697715
      4266593710
      4282186769
      3530757867
      520237914
      3369037397
      2285670338
      387086485
      618942879
      219892882
      2008897906
      2293749560
      2907436476
      3853296593
      327550390
      1558751403
      2125694704
      1822570484
      2409968265
      436622776
      2691124090
      1080819771
      2958107334
      2667158841
      2117901613
      440045635
      3861104471
      3574962701
      3210299248
      1368601573
      2434039520
      86704919
      3628108033
      1909858745
      227461000
      2530509465
      838433817
      730224848
      1060658180
      1318482825
      233266846
      2352800845
      2086493219
      3826355555
      3174377690
      1455208243
      1356597942
      663563056
      2501819374
      4213535259
      1585241464
      873997246
      2597898744
      427064229
      1587746589
      259660817
      1688808891
      4165834345
      1359025114
      2013923952
      2963511711
      2903220732
      356112706
      501549847
      1609412897
      1685128111
      2639303606
      700554261
      914150235
      2010650618
      2029243163
      3046509911
      715702687
      2206956754
      3045298216
      2922667179
      2497577415
      3001819604
      706666890
      2275923855
      3094184383
      2781697712
      3292952666
      4238614078
      278500659
      1440033346
      1552714131
      336554687
      2842580609
      2255044310
      2180071372
      99970159
      2078552309
      1172694639
      1359399314
      546452524
      349053834
      3072254369
      3043246719
      3314426498
      1594992663
      3582269665
      2114045278
      585873328
      840739494
      3475778485
      1506518790
      4008486652
      229989333
      3582278212
      363921215
      3592842520
      1833533669
      708173875
      564248927
      853943228
      2282731374
      2874158047
      3978663285
      2332696531
      1354524859
      58121641
      1445193461
      1936635021
      3374328198
      3465253060
      385589199
      1819596280
      912895627
      1877426726
      733280947
      2004202992
      3311780711
      3732053191
      309903272
      97290141
      2945419335
      3916477072
      1326195031
      3740938055
      3604745262
      3633308956
      3392929431
      1257547457
      251825182
      3318700085
      847033774
      137350663
      1716455973
      546850455
      4227574519
      3044214953
      2259874013
      2442748258
      2956971336
      2198772379
      1269686727
      2648116105
      1339159363
      1473334647
      2386671612
      2069268389
      624
    Initial state of the Uniform random number generator for chain number 1:
      1
      1812433254
      3713160357
      3109174145
      64984499
      3392658084
      446538473
      2629760756
      2453345558
      1394803949
      1021787430
      2063496713
      1304877364
      1713639158
      889001601
      1651239412
      1450863289
      745575081
      361057727
      2288771950
      1463387568
      2249488362
      26637982
      204036717
      1655702041
      1329048465
      2092351466
      1681619666
      3220660315
      1301783610
      626286181
      294669048
      3537128440
      3259518248
      2550101273
      1160881866
      308703547
      295714668
      35508674
      1599247281
      376272024
      3166459937
      1852735737
      3680868867
      612352556
      2760189833
      3816750341
      699140493
      1087846865
      394927937
      2063539671
      645417889
      2337669049
      3773167612
      678121169
      3006984620
      1163491294
      2559287860
      543155592
      3194181347
      2463543297
      3875146860
      475483913
      3707568076
      3881808875
      1264657097
      208126250
      1802809301
      367907560
      2433375693
      2851326449
      2380707878
      2911758972
      4243386879
      2229228726
      828161871
      2871116151
      990638198
      178193628
      1012573979
      1223581943
      3333023583
      1901888414
      3913876750
      3168662389
      656194888
      1553610174
      466840498
      686407570
      280737523
      2476489017
      1272981410
      3189431979
      3294710282
      1564477163
      4133221553
      823708826
      880616227
      1730254897
      335723347
      2123911971
      344194767
      119099153
      2915257116
      3339825470
      2524942970
      1191117250
      3403812186
      3988972937
      2575395295
      4072737183
      663832315
      808080503
      724042340
      2966189542
      2499643239
      3309205581
      1915303227
      72616536
      387525935
      2791701251
      2190905566
      3740328774
      831297460
      3750964864
      2190112044
      899144100
      2346558003
      3851695829
      2896963823
      1548614403
      3676707405
      2050891594
      4165893148
      1883017153
      2668787527
      50330561
      2063572142
      1853585557
      1716111087
      2937248370
      1650859709
      2682305722
      565243175
      3922227187
      3482032705
      2809081500
      2099376873
      230358556
      1065827745
      196966939
      3268845630
      3625508265
      1477799595
      4149453740
      2757835686
      3032697936
      2200108791
      3421680711
      4145382259
      3605253072
      1186485728
      3520482151
      3080733463
      3887314157
      4030447755
      1699987022
      1393253586
      1710066407
      710337383
      3754612557
      2741088369
      337455371
      1304761604
      3592681639
      3099385187
      4003676405
      317081535
      997754381
      480565460
      3806265432
      1068029852
      776179010
      470617537
      3653875421
      2273571919
      1055365147
      1317172834
      3414733003
      2835400613
      28845217
      631741764
      2334552212
      3565466095
      1225096926
      1277781438
      2416008223
      1268768054
      2750789241
      267768398
      2175383438
      268654341
      2550530755
      2971623408
      1666669894
      1934871760
      509782083
      2798468670
      2834016892
      2494149255
      1965005899
      2653045765
      2317194903
      1297426078
      916214929
      2967861004
      2236807006
      2476725285
      128488253
      4277714156
      3016192551
      1690883702
      1329810641
      593010415
      2341313579
      1754238478
      1242698701
      2152594527
      2103269013
      926178633
      647225267
      4243787142
      1489208161
      3188798921
      1327553793
      3644600811
      684513652
      2606555057
      2705329549
      2557469018
      1294205096
      70104222
      3020083528
      2015571237
      2768573480
      401698695
      2812362809
      328919870
      984940142
      1653817439
      471643152
      538942283
      2040555667
      1211982999
      1663497772
      2941793728
      3001026698
      313271977
      3644502703
      2423950047
      2629046069
      3450826936
      44600781
      2633869288
      4267014746
      4204914470
      1955987363
      2590608885
      2120168063
      1460034243
      258056600
      3693550087
      779446436
      902696389
      4228701387
      3165791227
      3478614865
      1500865135
      905884796
      3682046467
      2437847832
      2595888219
      4144484663
      1299603103
      648536946
      1762836247
      4265749196
      950840266
      2928992722
      2051369009
      2071186450
      1164619682
      210405235
      1296628868
      2425474719
      4083386904
      1978331343
      3190898799
      602128683
      2003319330
      1043377147
      756690484
      24776626
      1835824233
      1156421176
      2125448878
      1333136189
      607751135
      4255614767
      4238533009
      2583175632
      230472465
      3037259757
      1546348932
      2537279411
      110471952
      520621708
      63613561
      2843673595
      775036
      1899744556
      1168115970
      2685086321
      3410250658
      3151102153
      634647644
      3639125394
      3344624764
      1525171811
      1878800371
      3356530116
      3676542926
      602053165
      2686708238
      3703555082
      3754961372
      3970030923
      1749014201
      3391107050
      2478152000
      2121779806
      2636689360
      769835312
      4230539591
      1909812524
      417081626
      3096519324
      387659697
      3764499249
      3452925463
      3818277698
      3008920324
      15253694
      1479260759
      2421328720
      2220743357
      38831551
      1032912064
      3400956198
      2362808832
      3988706866
      1950464958
      3248573125
      1225815945
      1211036180
      346407094
      3867176764
      1257086026
      2725236231
      2843735658
      4147241082
      1729974832
      1256499145
      3765975901
      784776076
      4288277427
      3903532520
      3431522864
      2792589977
      2935989154
      3536596892
      3512984120
      605476293
      1774961976
      981422589
      822525778
      3343539932
      422954622
      1323482938
      2523465420
      2746609356
      1664448205
      272567300
      711582493
      3625722107
      3615865699
      950619756
      2864168489
      108006277
      3976313352
      680217319
      173747636
      291134870
      198587329
      595310009
      941470866
      2438488368
      1681923153
      1654783272
      3531789254
      4149541715
      2922706987
      684907209
      3116688362
      3288142886
      3953377592
      3332428007
      1400401813
      3745921798
      1701705628
      3744511893
      1838265811
      3314032512
      3894840150
      3810031409
      181324387
      983160249
      1444959400
      3836664153
      3032673327
      310789231
      3701565562
      1407580781
      2511575629
      3113822685
      1777261998
      2208898751
      106383174
      2961020500
      995776421
      3306087121
      2181030035
      2300064751
      1909543740
      4023156173
      1671619075
      2151956104
      237668401
      3204511253
      1303668692
      3868259787
      2737897899
      4091026033
      2877780671
      134376279
      398912026
      863520778
      3712468923
      3443213666
      2183809552
      2597379302
      349776833
      274697715
      4266593710
      4282186769
      3530757867
      520237914
      3369037397
      2285670338
      387086485
      618942879
      219892882
      2008897906
      2293749560
      2907436476
      3853296593
      327550390
      1558751403
      2125694704
      1822570484
      2409968265
      436622776
      2691124090
      1080819771
      2958107334
      2667158841
      2117901613
      440045635
      3861104471
      3574962701
      3210299248
      1368601573
      2434039520
      86704919
      3628108033
      1909858745
      227461000
      2530509465
      838433817
      730224848
      1060658180
      1318482825
      233266846
      2352800845
      2086493219
      3826355555
      3174377690
      1455208243
      1356597942
      663563056
      2501819374
      4213535259
      1585241464
      873997246
      2597898744
      427064229
      1587746589
      259660817
      1688808891
      4165834345
      1359025114
      2013923952
      2963511711
      2903220732
      356112706
      501549847
      1609412897
      1685128111
      2639303606
      700554261
      914150235
      2010650618
      2029243163
      3046509911
      715702687
      2206956754
      3045298216
      2922667179
      2497577415
      3001819604
      706666890
      2275923855
      3094184383
      2781697712
      3292952666
      4238614078
      278500659
      1440033346
      1552714131
      336554687
      2842580609
      2255044310
      2180071372
      99970159
      2078552309
      1172694639
      1359399314
      546452524
      349053834
      3072254369
      3043246719
      3314426498
      1594992663
      3582269665
      2114045278
      585873328
      840739494
      3475778485
      1506518790
      4008486652
      229989333
      3582278212
      363921215
      3592842520
      1833533669
      708173875
      564248927
      853943228
      2282731374
      2874158047
      3978663285
      2332696531
      1354524859
      58121641
      1445193461
      1936635021
      3374328198
      3465253060
      385589199
      1819596280
      912895627
      1877426726
      733280947
      2004202992
      3311780711
      3732053191
      309903272
      97290141
      2945419335
      3916477072
      1326195031
      3740938055
      3604745262
      3633308956
      3392929431
      1257547457
      251825182
      3318700085
      847033774
      137350663
      1716455973
      546850455
      4227574519
      3044214953
      2259874013
      2442748258
      2956971336
      2198772379
      1269686727
      2648116105
      1339159363
      1473334647
      2386671612
      2069268389
      624
    Initial state of the Gaussian random number generator for chain number 2:
      2
      3624866507
      846688490
      2733819477
      1447939927
      2751582963
      523383323
      3998955438
      1552125001
      468770929
      3174827423
      721042428
      3535242872
      3938247060
      2422198177
      2908759646
      3086638684
      3470362919
      4130561862
      1461945164
      1969357429
      3290893273
      2478135064
      2883471193
      442423807
      3020847284
      3712550376
      2942769362
      3450083884
      2131393448
      1760508619
      1079921617
      2926983472
      3248378587
      2176075610
      3115728347
      149850049
      1325979722
      2018146493
      3978444371
      1443587512
      3757974310
      4061506243
      3324845547
      103150772
      1574559537
      4189437470
      909936288
      4165778768
      954014960
      3460881122
      1208468472
      4206858865
      2349975855
      1139307511
      612263493
      4068230769
      836291891
      3502129241
      3858075069
      720214578
      1721800695
      1583913548
      3992130976
      1391510671
      3658451527
      3506172182
      3137165964
      3175921738
      668679341
      2981266823
      1736825536
      3777468269
      2427100335
      2783143307
      3066847320
      413674958
      3816771731
      3611810078
      2387881408
      1275125722
      4146169016
      4116607257
      1753188757
      2919070648
      642669239
      3128342921
      3505362734
      3299392025
      4041168539
      194806354
      2126204085
      1155372896
      3507921570
      4183642851
      390828735
      965876923
      2502060328
      3640719348
      500564950
      2958494162
      726085493
      3551417999
      1038946723
      2355966135
      2266502354
      2169734778
      103957955
      2239750491
      3497757066
      3960902779
      3919891399
      2708228292
      672443535
      3966344157
      3039186185
      3064219851
      3275966658
      1958870427
      3363207225
      1051359578
      1034488571
      4218333313
      3731099077
      826434970
      3066527807
      503397775
      2203570410
      1724486664
      1174354190
      379816557
      949285508
      1512592024
      4098586594
      4162106699
      1244073455
      4049526126
      149401994
      2486298108
      2645994433
      4048691067
      2760221413
      1429726385
      155150847
      263670059
      1839522184
      1971211423
      2988886249
      2906654795
      2763085410
      3184555126
      2428241499
      1912808117
      2344289693
      1914982229
      303251647
      3363291895
      1933606625
      4101500670
      3877744496
      2270413823
      1339668594
      2478854401
      2974781906
      1176295348
      1522792462
      3413763473
      1643164993
      1773585128
      600348566
      3831305432
      3739184658
      2927920737
      921239740
      2960516826
      653634535
      4282151379
      3899733953
      2848969276
      506667305
      2064254689
      2562889493
      1027730377
      2964297732
      1573662998
      1400221132
      604719003
      2600612834
      1086412828
      2839169326
      2237360922
      2533955895
      2173128617
      3585208888
      225649929
      3162402384
      2737400094
      945452241
      32174139
      4057815822
      3681149417
      538074139
      1665518193
      1290718971
      1204908910
      1752298136
      1576507435
      1950581601
      395392432
      3117768513
      1610510657
      582872851
      3882188371
      3486754405
      3612818708
      79522282
      3654222890
      554014214
      2795988792
      2699019453
      768333623
      1041848464
      1012203950
      3207710853
      2191875363
      2180736998
      3657761238
      2596779756
      1513261770
      298083836
      921966930
      2568544321
      480859735
      4268007484
      757985477
      442264484
      4253891744
      178333756
      3653303450
      2759887436
      1625051062
      2140496676
      2583817099
      109920000
      3849378804
      587135080
      3965692414
      3584128712
      2496889359
      4066788634
      3439502551
      1041005727
      2784445111
      4231212902
      3427909847
      306088099
      708846671
      1357224748
      81546947
      1013346034
      3328657534
      1140162390
      1617022297
      451026111
      4191194979
      2544038377
      3358406081
      2078869653
      1150523248
      3663542690
      2315642515
      380539204
      125351140
      2913559301
      3540242901
      1353142401
      2409055124
      3136483651
      3384539323
      2622200239
      1322006361
      60288721
      1836454543
      3378860321
      1028797830
      784192763
      3200015141
      4280866434
      3480136453
      1163505791
      1464340696
      39962560
      3132723172
      4035042531
      3968861574
      2859031456
      1997068818
      2914465192
      3299223356
      658977798
      2383986058
      3689451477
      1855211164
      613736992
      3399505872
      721916528
      1214953314
      1978881602
      1644160163
      868083487
      1886701425
      2430443623
      3238614545
      440178771
      4122051833
      168378845
      4075897453
      784209059
      2122211469
      1029375099
      3987445959
      1993353877
      3774218662
      259191900
      463709584
      3256509205
      2970214132
      32546389
      3103585745
      404744328
      1405060850
      3194833450
      2229644052
      1287997179
      1168559088
      4253642852
      456227059
      115590192
      959060034
      2523194717
      2921813711
      2660496694
      1661244122
      3949077694
      546088169
      3927753286
      758289299
      4076004698
      2818580089
      297327332
      391012690
      1698646201
      1827285496
      2057818526
      45927453
      4001566164
      1358792247
      340974259
      3667858693
      2116911813
      1716223164
      3870579962
      565768359
      1330729550
      1682620823
      640788379
      2642810005
      722202626
      3342124090
      1046670574
      1884608856
      926507664
      4048745540
      1013276792
      1474775246
      3319759394
      683213181
      3644095690
      4261137863
      1171395535
      1797066690
      2184942700
      3136450276
      2403915837
      19925339
      3530712424
      693454777
      4095102592
      2791708211
      2407398362
      191034814
      1405068157
      1635573108
      3002727858
      2503231482
      1877745251
      2971168822
      4095482385
      2810703016
      116218529
      663481365
      3424543450
      181543471
      2088477982
      3758013903
      4087811857
      2306315696
      1797804753
      3739876776
      1052678416
      2961962218
      530565411
      1084430187
      600176751
      2920770665
      1395657430
      2275563379
      1945041462
      2897291349
      3202120438
      2541033448
      3395594999
      1440745450
      554493022
      3604900030
      1693940026
      2048944369
      2776750171
      1064369609
      1004778234
      3631442000
      111252846
      2495206422
      1549492629
      1917957398
      2076623558
      2065193271
      3503495683
      305349558
      1064312453
      4180949297
      3969143923
      1187332586
      1837549170
      1199888411
      801451519
      878812761
      3366984668
      1132353467
      467740707
      1531220625
      1986847891
      3611709790
      97771638
      2599466580
      921040821
      3695024433
      598160515
      1067897977
      1070962312
      4203425140
      3330187456
      3176319421
      400150826
      1778712930
      1332512992
      356084631
      3210494822
      3878886472
      4217065068
      17324705
      1194519644
      169871241
      594168806
      4141353368
      2812067586
      1007574236
      3143655593
      1231988821
      990469891
      731912463
      3875269580
      3107901837
      3268884046
      51553093
      3265091870
      2827988823
      215460720
      1810208024
      235746758
      2640785160
      3542608605
      3212999042
      3019862381
      2776967609
      2566622134
      3136123892
      3329714175
      1537598558
      1111683694
      1831866047
      1527480555
      1374492744
      2861082564
      2283612438
      3725126365
      1934064016
      976785712
      1985214956
      1901883774
      3769548825
      1651881537
      3535350080
      2666996848
      287335676
      716617071
      1798766031
      2468831819
      2653018579
      2711800444
      2500416446
      1688315701
      3098398094
      2389050951
      259942469
      3096384070
      2434046690
      2292847
      2179858651
      860453038
      1112784056
      806844432
      2431840356
      3444142163
      491004326
      4117569173
      1468356934
      1230256668
      3558831243
      360563651
      1723242763
      2771827983
      555715903
      1690465018
      3642536487
      312708693
      2718279339
      3439997904
      3381092195
      269681413
      3040927775
      2538795672
      2982421226
      3983011761
      4012234084
      3807531726
      4152713741
      2675650483
      3522595843
      2603695663
      1139711729
      415442657
      821281271
      1153021862
      4196324887
      2034707481
      1146437550
      645908802
      3958160194
      1331866590
      3875612725
      2742273417
      2083607827
      1367028823
      3405229612
      926409162
      359084274
      428200891
      1580768777
      723559275
      390184571
      1966930892
      1114312487
      4049752645
      2713447910
      313516349
      1670939739
      2155242445
      415771127
      1060028352
      810510606
      1441723093
      3674555380
      1244922308
      1138369035
      2811021893
      4005351255
      1455276665
      3073897390
      1949184307
      4276825362
      3579699982
      501713787
      1784405218
      3987251947
      1460563941
      1372531538
      1479574814
      2050694811
      2867429155
      3373192039
      968223959
      1315340855
      563759027
      1277302533
      2564831995
      4174743461
      794844391
      1091389581
      3521416615
      779397152
      3672078093
      440563956
      765480627
      624
    Initial state of the Uniform random number generator for chain number 2:
      2
      3624866507
      846688490
      2733819477
      1447939927
      2751582963
      523383323
      3998955438
      1552125001
      468770929
      3174827423
      721042428
      3535242872
      3938247060
      2422198177
      2908759646
      3086638684
      3470362919
      4130561862
      1461945164
      1969357429
      3290893273
      2478135064
      2883471193
      442423807
      3020847284
      3712550376
      2942769362
      3450083884
      2131393448
      1760508619
      1079921617
      2926983472
      3248378587
      2176075610
      3115728347
      149850049
      1325979722
      2018146493
      3978444371
      1443587512
      3757974310
      4061506243
      3324845547
      103150772
      1574559537
      4189437470
      909936288
      4165778768
      954014960
      3460881122
      1208468472
      4206858865
      2349975855
      1139307511
      612263493
      4068230769
      836291891
      3502129241
      3858075069
      720214578
      1721800695
      1583913548
      3992130976
      1391510671
      3658451527
      3506172182
      3137165964
      3175921738
      668679341
      2981266823
      1736825536
      3777468269
      2427100335
      2783143307
      3066847320
      413674958
      3816771731
      3611810078
      2387881408
      1275125722
      4146169016
      4116607257
      1753188757
      2919070648
      642669239
      3128342921
      3505362734
      3299392025
      4041168539
      194806354
      2126204085
      1155372896
      3507921570
      4183642851
      390828735
      965876923
      2502060328
      3640719348
      500564950
      2958494162
      726085493
      3551417999
      1038946723
      2355966135
      2266502354
      2169734778
      103957955
      2239750491
      3497757066
      3960902779
      3919891399
      2708228292
      672443535
      3966344157
      3039186185
      3064219851
      3275966658
      1958870427
      3363207225
      1051359578
      1034488571
      4218333313
      3731099077
      826434970
      3066527807
      503397775
      2203570410
      1724486664
      1174354190
      379816557
      949285508
      1512592024
      4098586594
      4162106699
      1244073455
      4049526126
      149401994
      2486298108
      2645994433
      4048691067
      2760221413
      1429726385
      155150847
      263670059
      1839522184
      1971211423
      2988886249
      2906654795
      2763085410
      3184555126
      2428241499
      1912808117
      2344289693
      1914982229
      303251647
      3363291895
      1933606625
      4101500670
      3877744496
      2270413823
      1339668594
      2478854401
      2974781906
      1176295348
      1522792462
      3413763473
      1643164993
      1773585128
      600348566
      3831305432
      3739184658
      2927920737
      921239740
      2960516826
      653634535
      4282151379
      3899733953
      2848969276
      506667305
      2064254689
      2562889493
      1027730377
      2964297732
      1573662998
      1400221132
      604719003
      2600612834
      1086412828
      2839169326
      2237360922
      2533955895
      2173128617
      3585208888
      225649929
      3162402384
      2737400094
      945452241
      32174139
      4057815822
      3681149417
      538074139
      1665518193
      1290718971
      1204908910
      1752298136
      1576507435
      1950581601
      395392432
      3117768513
      1610510657
      582872851
      3882188371
      3486754405
      3612818708
      79522282
      3654222890
      554014214
      2795988792
      2699019453
      768333623
      1041848464
      1012203950
      3207710853
      2191875363
      2180736998
      3657761238
      2596779756
      1513261770
      298083836
      921966930
      2568544321
      480859735
      4268007484
      757985477
      442264484
      4253891744
      178333756
      3653303450
      2759887436
      1625051062
      2140496676
      2583817099
      109920000
      3849378804
      587135080
      3965692414
      3584128712
      2496889359
      4066788634
      3439502551
      1041005727
      2784445111
      4231212902
      3427909847
      306088099
      708846671
      1357224748
      81546947
      1013346034
      3328657534
      1140162390
      1617022297
      451026111
      4191194979
      2544038377
      3358406081
      2078869653
      1150523248
      3663542690
      2315642515
      380539204
      125351140
      2913559301
      3540242901
      1353142401
      2409055124
      3136483651
      3384539323
      2622200239
      1322006361
      60288721
      1836454543
      3378860321
      1028797830
      784192763
      3200015141
      4280866434
      3480136453
      1163505791
      1464340696
      39962560
      3132723172
      4035042531
      3968861574
      2859031456
      1997068818
      2914465192
      3299223356
      658977798
      2383986058
      3689451477
      1855211164
      613736992
      3399505872
      721916528
      1214953314
      1978881602
      1644160163
      868083487
      1886701425
      2430443623
      3238614545
      440178771
      4122051833
      168378845
      4075897453
      784209059
      2122211469
      1029375099
      3987445959
      1993353877
      3774218662
      259191900
      463709584
      3256509205
      2970214132
      32546389
      3103585745
      404744328
      1405060850
      3194833450
      2229644052
      1287997179
      1168559088
      4253642852
      456227059
      115590192
      959060034
      2523194717
      2921813711
      2660496694
      1661244122
      3949077694
      546088169
      3927753286
      758289299
      4076004698
      2818580089
      297327332
      391012690
      1698646201
      1827285496
      2057818526
      45927453
      4001566164
      1358792247
      340974259
      3667858693
      2116911813
      1716223164
      3870579962
      565768359
      1330729550
      1682620823
      640788379
      2642810005
      722202626
      3342124090
      1046670574
      1884608856
      926507664
      4048745540
      1013276792
      1474775246
      3319759394
      683213181
      3644095690
      4261137863
      1171395535
      1797066690
      2184942700
      3136450276
      2403915837
      19925339
      3530712424
      693454777
      4095102592
      2791708211
      2407398362
      191034814
      1405068157
      1635573108
      3002727858
      2503231482
      1877745251
      2971168822
      4095482385
      2810703016
      116218529
      663481365
      3424543450
      181543471
      2088477982
      3758013903
      4087811857
      2306315696
      1797804753
      3739876776
      1052678416
      2961962218
      530565411
      1084430187
      600176751
      2920770665
      1395657430
      2275563379
      1945041462
      2897291349
      3202120438
      2541033448
      3395594999
      1440745450
      554493022
      3604900030
      1693940026
      2048944369
      2776750171
      1064369609
      1004778234
      3631442000
      111252846
      2495206422
      1549492629
      1917957398
      2076623558
      2065193271
      3503495683
      305349558
      1064312453
      4180949297
      3969143923
      1187332586
      1837549170
      1199888411
      801451519
      878812761
      3366984668
      1132353467
      467740707
      1531220625
      1986847891
      3611709790
      97771638
      2599466580
      921040821
      3695024433
      598160515
      1067897977
      1070962312
      4203425140
      3330187456
      3176319421
      400150826
      1778712930
      1332512992
      356084631
      3210494822
      3878886472
      4217065068
      17324705
      1194519644
      169871241
      594168806
      4141353368
      2812067586
      1007574236
      3143655593
      1231988821
      990469891
      731912463
      3875269580
      3107901837
      3268884046
      51553093
      3265091870
      2827988823
      215460720
      1810208024
      235746758
      2640785160
      3542608605
      3212999042
      3019862381
      2776967609
      2566622134
      3136123892
      3329714175
      1537598558
      1111683694
      1831866047
      1527480555
      1374492744
      2861082564
      2283612438
      3725126365
      1934064016
      976785712
      1985214956
      1901883774
      3769548825
      1651881537
      3535350080
      2666996848
      287335676
      716617071
      1798766031
      2468831819
      2653018579
      2711800444
      2500416446
      1688315701
      3098398094
      2389050951
      259942469
      3096384070
      2434046690
      2292847
      2179858651
      860453038
      1112784056
      806844432
      2431840356
      3444142163
      491004326
      4117569173
      1468356934
      1230256668
      3558831243
      360563651
      1723242763
      2771827983
      555715903
      1690465018
      3642536487
      312708693
      2718279339
      3439997904
      3381092195
      269681413
      3040927775
      2538795672
      2982421226
      3983011761
      4012234084
      3807531726
      4152713741
      2675650483
      3522595843
      2603695663
      1139711729
      415442657
      821281271
      1153021862
      4196324887
      2034707481
      1146437550
      645908802
      3958160194
      1331866590
      3875612725
      2742273417
      2083607827
      1367028823
      3405229612
      926409162
      359084274
      428200891
      1580768777
      723559275
      390184571
      1966930892
      1114312487
      4049752645
      2713447910
      313516349
      1670939739
      2155242445
      415771127
      1060028352
      810510606
      1441723093
      3674555380
      1244922308
      1138369035
      2811021893
      4005351255
      1455276665
      3073897390
      1949184307
      4276825362
      3579699982
      501713787
      1784405218
      3987251947
      1460563941
      1372531538
      1479574814
      2050694811
      2867429155
      3373192039
      968223959
      1315340855
      563759027
      1277302533
      2564831995
      4174743461
      794844391
      1091389581
      3521416615
      779397152
      3672078093
      440563956
      765480627
      624
 

% Mh1Blck1 (26-Sep-2024 11:25:24)
 
  Number of simulations.: 200000
  Acceptance ratio......: 0.57774
  Feval per iteration...: 1
  Posterior mean........:
    params:1: 0.004577
    params:2: 0.009772
    params:3: 0.019485
    params:4: 0.0066038
    params:5: 0.12391
    params:6: 0.015441
    params:7: 0.014936
    params:8: 0.00083391
    params:9: 0.029739
    params:10: 1.3527
    params:11: 0.71794
    params:12: 1.073
    params:13: 0.9162
    params:14: 0.25026
    params:15: 0.81226
    params:16: 1.5625
    params:17: 0.40265
    params:18: 12.0058
    params:19: 1.6647
    params:20: 0.57632
    params:21: 0.76194
    params:22: 0.86469
    params:23: 0.99011
    params:24: 0.89069
    params:25: 0.97942
    params:26: 0.91281
    params:27: 0.87152
    params:28: 0.97962
    log2po:4651.7898
  Minimum value.........:
    params:1: 0.0033463
    params:2: 0.0081171
    params:3: 0.016185
    params:4: 0.004431
    params:5: 0.11479
    params:6: 0.012669
    params:7: 0.0023857
    params:8: 0.00010002
    params:9: 0.022942
    params:10: 1.0563
    params:11: 0.66348
    params:12: 0.77644
    params:13: 0.77673
    params:14: 0.16854
    params:15: 0.60899
    params:16: 0.92746
    params:17: 0.19304
    params:18: 10.5241
    params:19: 1.232
    params:20: 0.49584
    params:21: 0.6345
    params:22: 0.7709
    params:23: 0.95903
    params:24: 0.78809
    params:25: 0.9435
    params:26: 0.83005
    params:27: 0.69718
    params:28: 0.90087
    log2po:4635.1917
  Maximum value.........:
    params:1: 0.0065845
    params:2: 0.012108
    params:3: 0.025244
    params:4: 0.0096899
    params:5: 0.13219
    params:6: 0.01931
    params:7: 0.033288
    params:8: 0.003881
    params:9: 0.036937
    params:10: 1.6395
    params:11: 0.78754
    params:12: 1.3871
    params:13: 0.99535
    params:14: 0.33805
    params:15: 0.98327
    params:16: 2.3695
    params:17: 0.79434
    params:18: 13.1969
    params:19: 2.0358
    params:20: 0.67003
    params:21: 0.87381
    params:22: 0.9683
    params:23: 0.9999
    params:24: 0.97879
    params:25: 0.99976
    params:26: 0.98312
    params:27: 0.99983
    params:28: 0.99999
    log2po:4663.0676
 

% Mh1Blck2 (26-Sep-2024 11:50:22)
 
  Number of simulations.: 200000
  Acceptance ratio......: 0.57012
  Feval per iteration...: 1
  Posterior mean........:
    params:1: 0.0043974
    params:2: 0.0099216
    params:3: 0.020117
    params:4: 0.0061893
    params:5: 0.13147
    params:6: 0.015256
    params:7: 0.015376
    params:8: 0.00086724
    params:9: 0.030198
    params:10: 1.3861
    params:11: 0.72914
    params:12: 1.1472
    params:13: 0.92905
    params:14: 0.23834
    params:15: 0.80987
    params:16: 1.5238
    params:17: 0.40016
    params:18: 13.242
    params:19: 1.6633
    params:20: 0.57721
    params:21: 0.78056
    params:22: 0.8538
    params:23: 0.99099
    params:24: 0.89613
    params:25: 0.98059
    params:26: 0.91148
    params:27: 0.80426
    params:28: 0.98514
    log2po:4654.2076
  Minimum value.........:
    params:1: 0.0032212
    params:2: 0.0080952
    params:3: 0.015911
    params:4: 0.0036254
    params:5: 0.12112
    params:6: 0.012566
    params:7: 0.0053189
    params:8: 0.00010001
    params:9: 0.021624
    params:10: 1.0966
    params:11: 0.68008
    params:12: 0.89821
    params:13: 0.81334
    params:14: 0.16504
    params:15: 0.73086
    params:16: 1.0086
    params:17: 0.19357
    params:18: 11.0357
    params:19: 1.1734
    params:20: 0.50466
    params:21: 0.68799
    params:22: 0.77098
    params:23: 0.95767
    params:24: 0.82414
    params:25: 0.94538
    params:26: 0.85012
    params:27: 0.53009
    params:28: 0.90137
    log2po:4636.4833
  Maximum value.........:
    params:1: 0.006132
    params:2: 0.01222
    params:3: 0.024717
    params:4: 0.008231
    params:5: 0.14618
    params:6: 0.018775
    params:7: 0.026676
    params:8: 0.0052098
    params:9: 0.0376
    params:10: 1.6727
    params:11: 0.79238
    params:12: 1.3283
    params:13: 0.99847
    params:14: 0.30986
    params:15: 0.89257
    params:16: 2.0267
    params:17: 0.6676
    params:18: 14.8467
    params:19: 2.1145
    params:20: 0.67529
    params:21: 0.85936
    params:22: 0.9447
    params:23: 0.9999
    params:24: 0.95907
    params:25: 0.99977
    params:26: 0.96904
    params:27: 0.99994
    params:28: 1
    log2po:4663.6422
 

% Session 2.
 
  Number of blocks...............: 2
  Number of simulations per block: 100000
 

% Mh1Blck1 (26-Sep-2024 12:19:59)
 
  Number of simulations.: 300000
  Acceptance ratio......: 0.2038
  Feval per iteration...: 0.33333
  Posterior mean........:
    params:1: 0.0046247
    params:2: 0.0097876
    params:3: 0.019564
    params:4: 0.0065877
    params:5: 0.12139
    params:6: 0.01553
    params:7: 0.013424
    params:8: 0.00074966
    params:9: 0.029434
    params:10: 1.4265
    params:11: 0.71286
    params:12: 1.0774
    params:13: 0.90931
    params:14: 0.25293
    params:15: 0.84466
    params:16: 1.64
    params:17: 0.42044
    params:18: 11.9944
    params:19: 1.6335
    params:20: 0.57149
    params:21: 0.76157
    params:22: 0.86238
    params:23: 0.99075
    params:24: 0.89626
    params:25: 0.97994
    params:26: 0.91713
    params:27: 0.81212
    params:28: 0.98233
    log2po:4652.2142
  Minimum value.........:
    params:1: 0.0033463
    params:2: 0.0079982
    params:3: 0.016185
    params:4: 0.004431
    params:5: 0.10822
    params:6: 0.012669
    params:7: 0.0023857
    params:8: 0.00010002
    params:9: 0.022942
    params:10: 1.0563
    params:11: 0.65619
    params:12: 0.77644
    params:13: 0.77673
    params:14: 0.16854
    params:15: 0.60899
    params:16: 0.92746
    params:17: 0.19304
    params:18: 10.5241
    params:19: 1.232
    params:20: 0.47256
    params:21: 0.6345
    params:22: 0.75808
    params:23: 0.95903
    params:24: 0.78809
    params:25: 0.9435
    params:26: 0.83005
    params:27: 0.39134
    params:28: 0.90087
    log2po:4635.1917
  Maximum value.........:
    params:1: 0.0065961
    params:2: 0.012108
    params:3: 0.025244
    params:4: 0.0096899
    params:5: 0.13219
    params:6: 0.01931
    params:7: 0.033288
    params:8: 0.003881
    params:9: 0.036937
    params:10: 1.8686
    params:11: 0.78754
    params:12: 1.3871
    params:13: 0.99535
    params:14: 0.33805
    params:15: 0.98327
    params:16: 2.4023
    params:17: 0.80857
    params:18: 13.1969
    params:19: 2.0358
    params:20: 0.67003
    params:21: 0.87381
    params:22: 0.9683
    params:23: 0.9999
    params:24: 0.9827
    params:25: 0.99976
    params:26: 0.98312
    params:27: 0.99983
    params:28: 1
    log2po:4663.0676
 

% Mh1Blck2 (26-Sep-2024 12:32:28)
 
  Number of simulations.: 300000
  Acceptance ratio......: 0.17984
  Feval per iteration...: 0.33333
  Posterior mean........:
    params:1: 0.0043589
    params:2: 0.0099377
    params:3: 0.020149
    params:4: 0.0061444
    params:5: 0.1375
    params:6: 0.015302
    params:7: 0.016264
    params:8: 0.00088634
    params:9: 0.029721
    params:10: 1.4016
    params:11: 0.72777
    params:12: 1.1642
    params:13: 0.92288
    params:14: 0.23953
    params:15: 0.82275
    params:16: 1.4446
    params:17: 0.39134
    params:18: 13.6588
    params:19: 1.6218
    params:20: 0.59527
    params:21: 0.77863
    params:22: 0.85499
    params:23: 0.99018
    params:24: 0.89124
    params:25: 0.98031
    params:26: 0.91234
    params:27: 0.83655
    params:28: 0.98349
    log2po:4654.097
  Minimum value.........:
    params:1: 0.0031872
    params:2: 0.0079598
    params:3: 0.015911
    params:4: 0.0036254
    params:5: 0.12112
    params:6: 0.012566
    params:7: 0.0049987
    params:8: 0.00010001
    params:9: 0.021624
    params:10: 1.0966
    params:11: 0.66494
    params:12: 0.89821
    params:13: 0.81334
    params:14: 0.16504
    params:15: 0.70656
    params:16: 0.86536
    params:17: 0.19357
    params:18: 11.0357
    params:19: 1.163
    params:20: 0.50466
    params:21: 0.67631
    params:22: 0.77098
    params:23: 0.95141
    params:24: 0.79803
    params:25: 0.94235
    params:26: 0.8423
    params:27: 0.53009
    params:28: 0.89967
    log2po:4635.0802
  Maximum value.........:
    params:1: 0.006132
    params:2: 0.012464
    params:3: 0.024717
    params:4: 0.008231
    params:5: 0.15645
    params:6: 0.018775
    params:7: 0.031404
    params:8: 0.0052098
    params:9: 0.0376
    params:10: 1.7597
    params:11: 0.79238
    params:12: 1.3824
    params:13: 0.99847
    params:14: 0.32032
    params:15: 0.99601
    params:16: 2.0267
    params:17: 0.6676
    params:18: 15.9393
    params:19: 2.1145
    params:20: 0.67529
    params:21: 0.86051
    params:22: 0.94594
    params:23: 0.9999
    params:24: 0.96748
    params:25: 0.9998
    params:26: 0.97329
    params:27: 0.99994
    params:28: 1
    log2po:4663.6422
 

% Session 3.
 
  Number of blocks...............: 2
  Number of simulations per block: 100000
 

% Mh1Blck1 (26-Sep-2024 13:01:51)
 
  Number of simulations.: 400000
  Acceptance ratio......: 0.15657
  Feval per iteration...: 0.25
  Posterior mean........:
    params:1: 0.0046577
    params:2: 0.0098427
    params:3: 0.020003
    params:4: 0.0064443
    params:5: 0.12024
    params:6: 0.01544
    params:7: 0.012246
    params:8: 0.00068184
    params:9: 0.028792
    params:10: 1.4414
    params:11: 0.71601
    params:12: 1.1197
    params:13: 0.91601
    params:14: 0.24789
    params:15: 0.85716
    params:16: 1.7348
    params:17: 0.43764
    params:18: 12.1254
    params:19: 1.5805
    params:20: 0.54003
    params:21: 0.7684
    params:22: 0.85884
    params:23: 0.99103
    params:24: 0.90278
    params:25: 0.98019
    params:26: 0.92005
    params:27: 0.67051
    params:28: 0.98328
    log2po:4652.0053
  Minimum value.........:
    params:1: 0.0033463
    params:2: 0.0079982
    params:3: 0.016185
    params:4: 0.0043228
    params:5: 0.10822
    params:6: 0.012646
    params:7: 0.0023857
    params:8: 0.0001
    params:9: 0.020768
    params:10: 1.0563
    params:11: 0.65619
    params:12: 0.77644
    params:13: 0.77673
    params:14: 0.16854
    params:15: 0.60899
    params:16: 0.92746
    params:17: 0.19304
    params:18: 10.5241
    params:19: 1.0067
    params:20: 0.37837
    params:21: 0.6345
    params:22: 0.75808
    params:23: 0.95903
    params:24: 0.78809
    params:25: 0.9435
    params:26: 0.83005
    params:27: 0.019344
    params:28: 0.90087
    log2po:4633.9861
  Maximum value.........:
    params:1: 0.0065961
    params:2: 0.012259
    params:3: 0.026277
    params:4: 0.0096899
    params:5: 0.13219
    params:6: 0.01931
    params:7: 0.033288
    params:8: 0.003881
    params:9: 0.036937
    params:10: 1.8686
    params:11: 0.78754
    params:12: 1.4968
    params:13: 0.99888
    params:14: 0.33805
    params:15: 0.98501
    params:16: 2.9998
    params:17: 0.95804
    params:18: 13.6282
    params:19: 2.0358
    params:20: 0.67003
    params:21: 0.89154
    params:22: 0.9683
    params:23: 0.9999
    params:24: 0.9827
    params:25: 0.99989
    params:26: 0.98735
    params:27: 0.99983
    params:28: 1
    log2po:4663.0676
 

% Mh1Blck2 (26-Sep-2024 13:14:29)
 
  Number of simulations.: 400000
  Acceptance ratio......: 0.15405
  Feval per iteration...: 0.25
  Posterior mean........:
    params:1: 0.0043355
    params:2: 0.010017
    params:3: 0.020637
    params:4: 0.0059383
    params:5: 0.13973
    params:6: 0.015252
    params:7: 0.015267
    params:8: 0.00081211
    params:9: 0.02896
    params:10: 1.4618
    params:11: 0.73298
    params:12: 1.2407
    params:13: 0.92638
    params:14: 0.2311
    params:15: 0.80894
    params:16: 1.5063
    params:17: 0.40575
    params:18: 13.8395
    params:19: 1.5671
    params:20: 0.58269
    params:21: 0.78534
    params:22: 0.85186
    params:23: 0.99024
    params:24: 0.89728
    params:25: 0.98073
    params:26: 0.91345
    params:27: 0.81043
    params:28: 0.98359
    log2po:4654.4061
  Minimum value.........:
    params:1: 0.0031819
    params:2: 0.0079598
    params:3: 0.015911
    params:4: 0.0036254
    params:5: 0.12112
    params:6: 0.012566
    params:7: 0.0049987
    params:8: 0.0001
    params:9: 0.021242
    params:10: 1.0966
    params:11: 0.66494
    params:12: 0.89821
    params:13: 0.81334
    params:14: 0.14192
    params:15: 0.70656
    params:16: 0.86536
    params:17: 0.19357
    params:18: 11.0357
    params:19: 1.065
    params:20: 0.46522
    params:21: 0.67631
    params:22: 0.75586
    params:23: 0.9461
    params:24: 0.79803
    params:25: 0.94235
    params:26: 0.8423
    params:27: 0.50698
    params:28: 0.89967
    log2po:4635.0802
  Maximum value.........:
    params:1: 0.006132
    params:2: 0.01255
    params:3: 0.027278
    params:4: 0.008231
    params:5: 0.15766
    params:6: 0.018775
    params:7: 0.031404
    params:8: 0.0052098
    params:9: 0.0376
    params:10: 1.8949
    params:11: 0.80376
    params:12: 1.6713
    params:13: 0.99887
    params:14: 0.32032
    params:15: 0.99601
    params:16: 2.3622
    params:17: 0.7395
    params:18: 15.9393
    params:19: 2.1145
    params:20: 0.67529
    params:21: 0.88546
    params:22: 0.94594
    params:23: 0.9999
    params:24: 0.99014
    params:25: 0.99987
    params:26: 0.97329
    params:27: 0.99994
    params:28: 1
    log2po:4664.3382
 

% Session 4.
 
  Number of blocks...............: 2
  Number of simulations per block: 100000
 

% Mh1Blck1 (03-Oct-2024 09:53:40)
 
  Number of simulations.: 416667
  Acceptance ratio......: 0.02327
  Feval per iteration...: 0.040001
  Posterior mean........:
    params:1: 0.0046486
    params:2: 0.00985
    params:3: 0.020066
    params:4: 0.0064068
    params:5: 0.12075
    params:6: 0.01542
    params:7: 0.012184
    params:8: 0.00067068
    params:9: 0.028732
    params:10: 1.4374
    params:11: 0.71736
    params:12: 1.1302
    params:13: 0.9175
    params:14: 0.2465
    params:15: 0.86022
    params:16: 1.7321
    params:17: 0.43672
    params:18: 12.1749
    params:19: 1.5753
    params:20: 0.53676
    params:21: 0.77023
    params:22: 0.85818
    params:23: 0.99106
    params:24: 0.90306
    params:25: 0.98029
    params:26: 0.9203
    params:27: 0.6563
    params:28: 0.98339
    log2po:4652.2145
  Minimum value.........:
    params:1: 0.0033463
    params:2: 0.0079982
    params:3: 0.016185
    params:4: 0.0043187
    params:5: 0.10822
    params:6: 0.012646
    params:7: 0.0023857
    params:8: 0.0001
    params:9: 0.020768
    params:10: 1.0563
    params:11: 0.65619
    params:12: 0.77644
    params:13: 0.77673
    params:14: 0.16854
    params:15: 0.60899
    params:16: 0.92746
    params:17: 0.19304
    params:18: 10.5241
    params:19: 1.0067
    params:20: 0.37837
    params:21: 0.6345
    params:22: 0.75808
    params:23: 0.95903
    params:24: 0.78809
    params:25: 0.9435
    params:26: 0.83005
    params:27: 0.019344
    params:28: 0.90087
    log2po:4633.9861
  Maximum value.........:
    params:1: 0.0065961
    params:2: 0.012259
    params:3: 0.026277
    params:4: 0.0096899
    params:5: 0.13731
    params:6: 0.01931
    params:7: 0.033288
    params:8: 0.003881
    params:9: 0.036937
    params:10: 1.8686
    params:11: 0.78754
    params:12: 1.5241
    params:13: 0.99888
    params:14: 0.33805
    params:15: 0.98501
    params:16: 2.9998
    params:17: 0.95804
    params:18: 13.7599
    params:19: 2.0358
    params:20: 0.67003
    params:21: 0.89154
    params:22: 0.9683
    params:23: 0.9999
    params:24: 0.9827
    params:25: 0.99989
    params:26: 0.98735
    params:27: 0.99983
    params:28: 1
    log2po:4663.5238
 

% Mh2Blck1 (03-Oct-2024 10:04:18)
 
  Number of simulations.: 83333
  Acceptance ratio......: 0.57333
  Feval per iteration...: 1
  Posterior mean........:
    params:1: 0.0043012
    params:2: 0.010306
    params:3: 0.022304
    params:4: 0.005128
    params:5: 0.14077
    params:6: 0.01491
    params:7: 0.012698
    params:8: 0.00048086
    params:9: 0.027168
    params:10: 1.3444
    params:11: 0.75059
    params:12: 1.5514
    params:13: 0.95275
    params:14: 0.21367
    params:15: 0.88765
    params:16: 1.6344
    params:17: 0.43249
    params:18: 14.0527
    params:19: 1.4207
    params:20: 0.42735
    params:21: 0.80291
    params:22: 0.84843
    params:23: 0.99169
    params:24: 0.90292
    params:25: 0.98232
    params:26: 0.91705
    params:27: 0.32787
    params:28: 0.98174
    log2po:4655.872
  Minimum value.........:
    params:1: 0.0033624
    params:2: 0.0084928
    params:3: 0.018395
    params:4: 0.0039303
    params:5: 0.13217
    params:6: 0.012952
    params:7: 0.00648
    params:8: 0.00010003
    params:9: 0.021586
    params:10: 1.1081
    params:11: 0.71428
    params:12: 1.3941
    params:13: 0.85969
    params:14: 0.16182
    params:15: 0.81992
    params:16: 1.0261
    params:17: 0.21625
    params:18: 13.2079
    params:19: 1.0608
    params:20: 0.37835
    params:21: 0.68612
    params:22: 0.76308
    params:23: 0.9656
    params:24: 0.82556
    params:25: 0.95312
    params:26: 0.84353
    params:27: 0.13901
    params:28: 0.93655
    log2po:4638.7445
  Maximum value.........:
    params:1: 0.0053581
    params:2: 0.012802
    params:3: 0.028503
    params:4: 0.0070075
    params:5: 0.14745
    params:6: 0.017779
    params:7: 0.017389
    params:8: 0.0018506
    params:9: 0.033359
    params:10: 1.5739
    params:11: 0.80019
    params:12: 1.7819
    params:13: 0.99879
    params:14: 0.2559
    params:15: 0.95386
    params:16: 2.2629
    params:17: 0.6746
    params:18: 15.3516
    params:19: 1.8214
    params:20: 0.47915
    params:21: 0.87415
    params:22: 0.9467
    params:23: 0.9999
    params:24: 0.97031
    params:25: 0.99989
    params:26: 0.9686
    params:27: 0.49034
    params:28: 0.99998
    log2po:4664.0252
 

% Mh1Blck2 (03-Oct-2024 10:06:36)
 
  Number of simulations.: 416667
  Acceptance ratio......: 0.024382
  Feval per iteration...: 0.040001
  Posterior mean........:
    params:1: 0.004326
    params:2: 0.010029
    params:3: 0.020746
    params:4: 0.0058942
    params:5: 0.13995
    params:6: 0.015232
    params:7: 0.015379
    params:8: 0.00080221
    params:9: 0.028889
    params:10: 1.4706
    params:11: 0.73402
    params:12: 1.2577
    params:13: 0.92819
    params:14: 0.23004
    params:15: 0.80855
    params:16: 1.5064
    params:17: 0.40534
    params:18: 13.8443
    params:19: 1.5625
    params:20: 0.5768
    params:21: 0.78662
    params:22: 0.85164
    params:23: 0.9903
    params:24: 0.89743
    params:25: 0.9807
    params:26: 0.91255
    params:27: 0.80506
    params:28: 0.98353
    log2po:4654.5628
  Minimum value.........:
    params:1: 0.0031819
    params:2: 0.0079598
    params:3: 0.015911
    params:4: 0.0036254
    params:5: 0.12112
    params:6: 0.012566
    params:7: 0.0049987
    params:8: 0.0001
    params:9: 0.021242
    params:10: 1.0966
    params:11: 0.66494
    params:12: 0.89821
    params:13: 0.81334
    params:14: 0.14192
    params:15: 0.70656
    params:16: 0.86536
    params:17: 0.19357
    params:18: 11.0357
    params:19: 1.065
    params:20: 0.41291
    params:21: 0.67631
    params:22: 0.75586
    params:23: 0.9461
    params:24: 0.79803
    params:25: 0.94235
    params:26: 0.8423
    params:27: 0.50698
    params:28: 0.89967
    log2po:4635.0802
  Maximum value.........:
    params:1: 0.006132
    params:2: 0.01255
    params:3: 0.027278
    params:4: 0.008231
    params:5: 0.15766
    params:6: 0.018775
    params:7: 0.031404
    params:8: 0.0052098
    params:9: 0.0376
    params:10: 1.8949
    params:11: 0.80376
    params:12: 1.7574
    params:13: 0.99887
    params:14: 0.32032
    params:15: 0.99601
    params:16: 2.3622
    params:17: 0.7395
    params:18: 15.9393
    params:19: 2.1145
    params:20: 0.67529
    params:21: 0.88546
    params:22: 0.94594
    params:23: 0.9999
    params:24: 0.99014
    params:25: 0.99987
    params:26: 0.97329
    params:27: 0.99994
    params:28: 1
    log2po:4664.3382
 

% Mh2Blck2 (03-Oct-2024 10:17:47)
 
  Number of simulations.: 83333
  Acceptance ratio......: 0.61379
  Feval per iteration...: 1
  Posterior mean........:
    params:1: 0.0041579
    params:2: 0.01054
    params:3: 0.023275
    params:4: 0.0046006
    params:5: 0.15152
    params:6: 0.014777
    params:7: 0.019
    params:8: 0.00079784
    params:9: 0.027672
    params:10: 1.9689
    params:11: 0.73451
    params:12: 1.6796
    params:13: 0.96342
    params:14: 0.23319
    params:15: 0.83896
    params:16: 1.3185
    params:17: 0.39516
    params:18: 15.0742
    params:19: 1.4554
    params:20: 0.37948
    params:21: 0.81486
    params:22: 0.83514
    params:23: 0.98555
    params:24: 0.87682
    params:25: 0.98031
    params:26: 0.90721
    params:27: 0.80008
    params:28: 0.97836
    log2po:4657.2296
  Minimum value.........:
    params:1: 0.0032445
    params:2: 0.0087249
    params:3: 0.01927
    params:4: 0.0022533
    params:5: 0.14379
    params:6: 0.012143
    params:7: 0.013178
    params:8: 0.00010001
    params:9: 0.023096
    params:10: 1.61
    params:11: 0.68037
    params:12: 1.4548
    params:13: 0.89128
    params:14: 0.17894
    params:15: 0.7081
    params:16: 0.93415
    params:17: 0.22727
    params:18: 14.0079
    params:19: 1.2376
    params:20: 0.33092
    params:21: 0.748
    params:22: 0.76558
    params:23: 0.94784
    params:24: 0.81679
    params:25: 0.95153
    params:26: 0.83133
    params:27: 0.56768
    params:28: 0.89892
    log2po:4640.275
  Maximum value.........:
    params:1: 0.0058346
    params:2: 0.012515
    params:3: 0.027236
    params:4: 0.0063281
    params:5: 0.1608
    params:6: 0.01742
    params:7: 0.027054
    params:8: 0.0040374
    params:9: 0.033913
    params:10: 2.3348
    params:11: 0.78519
    params:12: 1.873
    params:13: 0.9985
    params:14: 0.29391
    params:15: 0.93523
    params:16: 1.8707
    params:17: 0.64385
    params:18: 16.1527
    params:19: 1.7697
    params:20: 0.45551
    params:21: 0.88531
    params:22: 0.89823
    params:23: 0.9999
    params:24: 0.93196
    params:25: 0.99946
    params:26: 0.95162
    params:27: 0.99554
    params:28: 0.99995
    log2po:4668.1726
 

% Session 5.
 
  Number of blocks...............: 2
  Number of simulations per block: 100000
 

% Mh2Blck1 (03-Oct-2024 12:06:45)
 
  Number of simulations.: 183333
  Acceptance ratio......: 0.32619
  Feval per iteration...: 0.54546
  Posterior mean........:
    params:1: 0.0043438
    params:2: 0.010186
    params:3: 0.021676
    params:4: 0.0056673
    params:5: 0.14101
    params:6: 0.014965
    params:7: 0.012845
    params:8: 0.00053014
    params:9: 0.030525
    params:10: 1.4173
    params:11: 0.75147
    params:12: 1.3299
    params:13: 0.95333
    params:14: 0.21264
    params:15: 0.84878
    params:16: 1.7005
    params:17: 0.46174
    params:18: 14.744
    params:19: 1.6739
    params:20: 0.4694
    params:21: 0.79332
    params:22: 0.85212
    params:23: 0.99186
    params:24: 0.90838
    params:25: 0.98229
    params:26: 0.91724
    params:27: 0.3386
    params:28: 0.9826
    log2po:4654.2763
  Minimum value.........:
    params:1: 0.0032009
    params:2: 0.0082181
    params:3: 0.017562
    params:4: 0.0039303
    params:5: 0.12979
    params:6: 0.012795
    params:7: 0.0041549
    params:8: 0.00010002
    params:9: 0.021586
    params:10: 1.1081
    params:11: 0.69262
    params:12: 0.97524
    params:13: 0.83121
    params:14: 0.15108
    params:15: 0.70383
    params:16: 0.99652
    params:17: 0.18123
    params:18: 13.2079
    params:19: 1.0608
    params:20: 0.37835
    params:21: 0.68612
    params:22: 0.76308
    params:23: 0.95513
    params:24: 0.82556
    params:25: 0.95098
    params:26: 0.84353
    params:27: 0.09509
    params:28: 0.9327
    log2po:4632.4872
  Maximum value.........:
    params:1: 0.0060851
    params:2: 0.012802
    params:3: 0.028503
    params:4: 0.0085368
    params:5: 0.15135
    params:6: 0.017938
    params:7: 0.021572
    params:8: 0.002363
    params:9: 0.044769
    params:10: 1.6577
    params:11: 0.81303
    params:12: 1.7819
    params:13: 0.99888
    params:14: 0.29656
    params:15: 0.95386
    params:16: 2.656
    params:17: 0.85484
    params:18: 16.1192
    params:19: 2.3571
    params:20: 0.56752
    params:21: 0.87415
    params:22: 0.9467
    params:23: 0.9999
    params:24: 0.9776
    params:25: 0.99989
    params:26: 0.97427
    params:27: 0.53955
    params:28: 0.99999
    log2po:4664.0252
 

% Mh2Blck2 (03-Oct-2024 12:19:58)
 
  Number of simulations.: 183333
  Acceptance ratio......: 0.33539
  Feval per iteration...: 0.54546
  Posterior mean........:
    params:1: 0.0041853
    params:2: 0.010495
    params:3: 0.023056
    params:4: 0.0044814
    params:5: 0.15607
    params:6: 0.014814
    params:7: 0.019111
    params:8: 0.00097429
    params:9: 0.026089
    params:10: 2.005
    params:11: 0.738
    params:12: 1.7504
    params:13: 0.96309
    params:14: 0.22803
    params:15: 0.87537
    params:16: 1.3238
    params:17: 0.40506
    params:18: 15.6945
    params:19: 1.3606
    params:20: 0.37225
    params:21: 0.812
    params:22: 0.8397
    params:23: 0.98074
    params:24: 0.87719
    params:25: 0.98043
    params:26: 0.9069
    params:27: 0.87957
    params:28: 0.96173
    log2po:4657.4904
  Minimum value.........:
    params:1: 0.0032106
    params:2: 0.0086621
    params:3: 0.018893
    params:4: 0.0019652
    params:5: 0.14379
    params:6: 0.012143
    params:7: 0.009215
    params:8: 0.00010001
    params:9: 0.019257
    params:10: 1.61
    params:11: 0.68037
    params:12: 1.4548
    params:13: 0.89128
    params:14: 0.16265
    params:15: 0.7081
    params:16: 0.87338
    params:17: 0.22347
    params:18: 14.0079
    params:19: 0.85359
    params:20: 0.33092
    params:21: 0.73508
    params:22: 0.74609
    params:23: 0.94784
    params:24: 0.7974
    params:25: 0.94664
    params:26: 0.83133
    params:27: 0.56768
    params:28: 0.84912
    log2po:4640.275
  Maximum value.........:
    params:1: 0.0058346
    params:2: 0.012803
    params:3: 0.027236
    params:4: 0.0063281
    params:5: 0.16962
    params:6: 0.017586
    params:7: 0.027416
    params:8: 0.0040374
    params:9: 0.033913
    params:10: 2.3463
    params:11: 0.7905
    params:12: 2
    params:13: 0.99898
    params:14: 0.29391
    params:15: 1.022
    params:16: 2.0088
    params:17: 0.72894
    params:18: 17.1524
    params:19: 1.7697
    params:20: 0.45551
    params:21: 0.88531
    params:22: 0.91988
    params:23: 0.9999
    params:24: 0.94501
    params:25: 0.99963
    params:26: 0.96137
    params:27: 0.9997
    params:28: 0.99996
    log2po:4668.1726
 

% Session 6.
 
  Number of blocks...............: 2
  Number of simulations per block: 100000
 

% Mh2Blck1 (03-Oct-2024 13:17:49)
 
  Number of simulations.: 283333
  Acceptance ratio......: 0.19488
  Feval per iteration...: 0.35294
  Posterior mean........:
    params:1: 0.0043143
    params:2: 0.010153
    params:3: 0.02155
    params:4: 0.0057198
    params:5: 0.14568
    params:6: 0.014979
    params:7: 0.013761
    params:8: 0.00052702
    params:9: 0.030473
    params:10: 1.3766
    params:11: 0.75302
    params:12: 1.3009
    params:13: 0.95262
    params:14: 0.2121
    params:15: 0.89524
    params:16: 1.608
    params:17: 0.44243
    params:18: 15.2126
    params:19: 1.6786
    params:20: 0.49042
    params:21: 0.79823
    params:22: 0.84964
    params:23: 0.99187
    params:24: 0.90684
    params:25: 0.98225
    params:26: 0.91565
    params:27: 0.38466
    params:28: 0.98348
    log2po:4654.6985
  Minimum value.........:
    params:1: 0.0032009
    params:2: 0.0082181
    params:3: 0.017305
    params:4: 0.0039303
    params:5: 0.12979
    params:6: 0.012795
    params:7: 0.0041549
    params:8: 0.00010002
    params:9: 0.021586
    params:10: 1.0518
    params:11: 0.69262
    params:12: 0.97524
    params:13: 0.83121
    params:14: 0.15108
    params:15: 0.70383
    params:16: 0.99652
    params:17: 0.18123
    params:18: 13.2079
    params:19: 1.0608
    params:20: 0.37835
    params:21: 0.68612
    params:22: 0.76308
    params:23: 0.95513
    params:24: 0.82556
    params:25: 0.95098
    params:26: 0.84353
    params:27: 0.09509
    params:28: 0.92944
    log2po:4632.4872
  Maximum value.........:
    params:1: 0.0060851
    params:2: 0.012802
    params:3: 0.028503
    params:4: 0.0085368
    params:5: 0.16722
    params:6: 0.017938
    params:7: 0.024663
    params:8: 0.002363
    params:9: 0.044769
    params:10: 1.6725
    params:11: 0.81303
    params:12: 1.7819
    params:13: 0.99888
    params:14: 0.29656
    params:15: 1.07
    params:16: 2.656
    params:17: 0.85484
    params:18: 17.4192
    params:19: 2.3571
    params:20: 0.5849
    params:21: 0.8908
    params:22: 0.9467
    params:23: 0.9999
    params:24: 0.9846
    params:25: 0.99989
    params:26: 0.97427
    params:27: 0.59501
    params:28: 0.99999
    log2po:4664.0252
 

% Mh2Blck2 (03-Oct-2024 13:31:31)
 
  Number of simulations.: 283333
  Acceptance ratio......: 0.2131
  Feval per iteration...: 0.35294
  Posterior mean........:
    params:1: 0.0041783
    params:2: 0.010488
    params:3: 0.022966
    params:4: 0.0045328
    params:5: 0.15873
    params:6: 0.014843
    params:7: 0.018729
    params:8: 0.0010507
    params:9: 0.025968
    params:10: 1.9792
    params:11: 0.73861
    params:12: 1.714
    params:13: 0.96276
    params:14: 0.22768
    params:15: 0.85595
    params:16: 1.3069
    params:17: 0.40723
    params:18: 16.0332
    params:19: 1.3587
    params:20: 0.41131
    params:21: 0.81074
    params:22: 0.84063
    params:23: 0.9794
    params:24: 0.87525
    params:25: 0.9801
    params:26: 0.90974
    params:27: 0.91066
    params:28: 0.95978
    log2po:4657.7833
  Minimum value.........:
    params:1: 0.0031077
    params:2: 0.0086621
    params:3: 0.01855
    params:4: 0.0019652
    params:5: 0.14379
    params:6: 0.012143
    params:7: 0.0086273
    params:8: 0.00010001
    params:9: 0.019257
    params:10: 1.61
    params:11: 0.68037
    params:12: 1.4548
    params:13: 0.8704
    params:14: 0.16265
    params:15: 0.7081
    params:16: 0.86186
    params:17: 0.22347
    params:18: 14.0079
    params:19: 0.85359
    params:20: 0.33092
    params:21: 0.73441
    params:22: 0.74609
    params:23: 0.92942
    params:24: 0.7974
    params:25: 0.9445
    params:26: 0.82965
    params:27: 0.56768
    params:28: 0.84912
    log2po:4640.275
  Maximum value.........:
    params:1: 0.0058346
    params:2: 0.012893
    params:3: 0.027393
    params:4: 0.0063281
    params:5: 0.18552
    params:6: 0.017622
    params:7: 0.030424
    params:8: 0.0042109
    params:9: 0.033913
    params:10: 2.3463
    params:11: 0.7905
    params:12: 2
    params:13: 0.99899
    params:14: 0.29391
    params:15: 1.022
    params:16: 2.0088
    params:17: 0.72894
    params:18: 17.3864
    params:19: 1.7697
    params:20: 0.53455
    params:21: 0.90037
    params:22: 0.91988
    params:23: 0.9999
    params:24: 0.95833
    params:25: 0.99963
    params:26: 0.96768
    params:27: 0.99982
    params:28: 0.99996
    log2po:4668.1726
 

% Session 6.
 
  Number of blocks...............: 2
  Number of simulations per block: 200000
 

% Mh2Blck1 (14-May-2025 14:03:31)
 
  Number of simulations.: 483333
  Acceptance ratio......: 0.23185
  Feval per iteration...: 0.41379
  Posterior mean........:
    params:1: 0.0034276
    params:2: 0.0080652
    params:3: 0.017226
    params:4: 0.0043614
    params:5: 0.12143
    params:6: 0.011885
    params:7: 0.011052
    params:8: 0.00050941
    params:9: 0.022319
    params:10: 1.1073
    params:11: 0.59704
    params:12: 1.1101
    params:13: 0.75543
    params:14: 0.16854
    params:15: 0.66852
    params:16: 1.2159
    params:17: 0.34902
    params:18: 12.6175
    params:19: 1.1957
    params:20: 0.3908
    params:21: 0.63291
    params:22: 0.67297
    params:23: 0.78501
    params:24: 0.7142
    params:25: 0.77855
    params:26: 0.7272
    params:27: 0.47417
    params:28: 0.77524
    log2po:3692.311
  Minimum value.........:
    params:1: 0
    params:2: 0
    params:3: 0
    params:4: 0
    params:5: 0
    params:6: 0
    params:7: 0
    params:8: 0
    params:9: 0
    params:10: 0
    params:11: 0
    params:12: 0
    params:13: 0
    params:14: 0
    params:15: 0
    params:16: 0
    params:17: 0
    params:18: 0
    params:19: 0
    params:20: 0
    params:21: 0
    params:22: 0
    params:23: 0
    params:24: 0
    params:25: 0
    params:26: 0
    params:27: 0
    params:28: 0
    log2po:0
  Maximum value.........:
    params:1: 0.0060851
    params:2: 0.012802
    params:3: 0.028503
    params:4: 0.0085368
    params:5: 0.19186
    params:6: 0.018422
    params:7: 0.02397
    params:8: 0.0035377
    params:9: 0.044769
    params:10: 1.6577
    params:11: 0.81641
    params:12: 1.7819
    params:13: 0.99898
    params:14: 0.29702
    params:15: 0.98956
    params:16: 2.656
    params:17: 0.85484
    params:18: 18.272
    params:19: 2.3571
    params:20: 0.60137
    params:21: 0.89802
    params:22: 0.9467
    params:23: 0.9999
    params:24: 0.9776
    params:25: 0.99989
    params:26: 0.97427
    params:27: 0.99963
    params:28: 0.99999
    log2po:4665.4427
 

% Mh2Blck2 (14-May-2025 14:29:00)
 
  Number of simulations.: 483333
  Acceptance ratio......: 0.24398
  Feval per iteration...: 0.41379
  Posterior mean........:
    params:1: 0.0033312
    params:2: 0.0083077
    params:3: 0.018202
    params:4: 0.0035897
    params:5: 0.13002
    params:6: 0.011755
    params:7: 0.013643
    params:8: 0.00088578
    params:9: 0.021109
    params:10: 1.4493
    params:11: 0.59451
    params:12: 1.3381
    params:13: 0.76242
    params:14: 0.17003
    params:15: 0.68745
    params:16: 1.0639
    params:17: 0.32109
    params:18: 12.4336
    params:19: 1.1168
    params:20: 0.30178
    params:21: 0.64364
    params:22: 0.6639
    params:23: 0.7766
    params:24: 0.69712
    params:25: 0.77727
    params:26: 0.72209
    params:27: 0.73606
    params:28: 0.75714
    log2po:3694.7425
  Minimum value.........:
    params:1: 0
    params:2: 0
    params:3: 0
    params:4: 0
    params:5: 0
    params:6: 0
    params:7: 0
    params:8: 0
    params:9: 0
    params:10: 0
    params:11: 0
    params:12: 0
    params:13: 0
    params:14: 0
    params:15: 0
    params:16: 0
    params:17: 0
    params:18: 0
    params:19: 0
    params:20: 0
    params:21: 0
    params:22: 0
    params:23: 0
    params:24: 0
    params:25: 0
    params:26: 0
    params:27: 0
    params:28: 0
    log2po:0
  Maximum value.........:
    params:1: 0.0058346
    params:2: 0.012803
    params:3: 0.027445
    params:4: 0.0063281
    params:5: 0.18535
    params:6: 0.018172
    params:7: 0.027416
    params:8: 0.0054145
    params:9: 0.034998
    params:10: 2.3463
    params:11: 0.80925
    params:12: 2
    params:13: 0.99898
    params:14: 0.29391
    params:15: 1.022
    params:16: 2.0624
    params:17: 0.72894
    params:18: 17.1524
    params:19: 2.0163
    params:20: 0.47613
    params:21: 0.89889
    params:22: 0.91988
    params:23: 0.9999
    params:24: 0.94802
    params:25: 0.99984
    params:26: 0.96406
    params:27: 0.99976
    params:28: 0.99996
    log2po:4669.34
 
