Starting Dynare (version 5.4).
Calling Dynare with arguments: none
Starting preprocessing of the model file ...
Substitution of exo lags: added 32 auxiliary variables and equations.
Found 122 equation(s).
Evaluating expressions...done
Computing static model derivatives (order 1).
Computing dynamic model derivatives (order 1).
Processing outputs ...
done
Preprocessing completed.





Residuals of the static equations:

Equation number 1 : 0 : Labor composite
Equation number 2 : 0 : Labor leisure:C
Equation number 3 : 0 : Labor leisure:I
Equation number 4 : 0 : Marginal utility of wealth
Equation number 5 : 0 : Demand curve: mc
Equation number 6 : 0 : Demand curve: sc
Equation number 7 : 0 : Shopping:mc
Equation number 8 : 0 : Shopping:sc
Equation number 9 : 0 : Shopping:I
Equation number 10 : 0 : Composite utility term
Equation number 11 : 0 : Law of motion of wealth effects variable
Equation number 12 : 0 : Consumption CES aggregator
Equation number 13 : 0 : Investment adjustment cost function:mc
Equation number 14 : 0 : Investment adjustment cost function:mc
Equation number 15 : 0 : Investment adjustment cost function:I
Equation number 16 : 0 : Investment adjustment cost function: derivative mc
Equation number 17 : 0 : Investment adjustment cost function: derivative mc
Equation number 18 : 0 : Investment adjustment cost function: derivative I
Equation number 19 : 0 : Investment growth:mc
Equation number 20 : 0 : Investment growth:mc
Equation number 21 : 0 : Investment growth:I
Equation number 22 : 0 : Tobins Q: mc
Equation number 23 : 0 : Tobins Q: sc
Equation number 24 : 0 : Tobins Q: I
Equation number 25 : 0 : Euler equation: mc
Equation number 26 : 0 : Euler equation: sc
Equation number 27 : 0 : Euler equation: I
Equation number 28 : 0 : Non-durable goods production
Equation number 29 : 0 : Services production
Equation number 30 : 0 : Investment production
Equation number 31 : 0 : Capital law of motion:mc
Equation number 32 : 0 : Capital law of motion:sc
Equation number 33 : 0 : Capital law of motion:I
Equation number 34 : 0 : Labor demand:mc
Equation number 35 : 0 : Labor demand:sc
Equation number 36 : 0 : Labor demand:I
Equation number 37 : 0 : Capital demand:mc
Equation number 38 : 0 : Capital demand:sc
Equation number 39 : 0 : Capital demand:I
Equation number 40 : 0 : Labor composition
Equation number 41 : 0 : Labor composition: C
Equation number 42 : 0 : Capital composition
Equation number 43 : 0 : Investment composition
Equation number 44 : 0 : Shopping composition
Equation number 45 : 0 : Aggregate wage
Equation number 46 : 0 : Output (base-year prices)
Equation number 47 : 0 : Solow residual
Equation number 48 : 0 : Capacity utilization
Equation number 49 : 0 : util_D
Equation number 50 : 0 : util
Equation number 51 : 0 : stochastic trend process
Equation number 52 : 0 : Stationary TFP process
Equation number 53 : 0 : Independent component of I-specific tech
Equation number 54 : 0 : Investment-specific TFP process
Equation number 55 : 0 : Labor supply process
Equation number 56 : 0 : Shopping effort process
Equation number 57 : 0 : Relative shopping effort process
Equation number 58 : 0 : Consumption preference process
Equation number 59 : 0 : Wage-markup process: C
Equation number 60 : 0 : Wage-markup process: I
Equation number 61 : 0 : Definition log output
Equation number 62 : 0 : Definition log consumption
Equation number 63 : 0 : Definition log investment
Equation number 64 : 0 : Definition log hours
Equation number 65 : 0 : log_NC
Equation number 66 : 0 : log_NI
Equation number 67 : 0 : log capital
Equation number 68 : 0 : Definition log labor productivity
Equation number 69 : 0 : Definition log shopping effort
Equation number 70 : 0 : Definition of log relative investment  price
Equation number 71 : 0 : Definition of log capacity utilization
Equation number 72 : 0 : log_util_ND
Equation number 73 : 0 : log_util_D
Equation number 74 : 0 : Definition of log wages
Equation number 75 : 0 : Definition of log Solow residual
Equation number 76 : 0 : C_obs
Equation number 77 : 0 : I_obs
Equation number 78 : 0 : Y_obs
Equation number 79 : 0 : Y_N_obs
Equation number 80 : 0 : K_obs
Equation number 81 : 0 : w_obs
Equation number 82 : 0 : SR_obs
Equation number 83 : 0 : p_I_obs
Equation number 84 : 0 : N_obs
Equation number 85 : 0 : NC_obs
Equation number 86 : 0 : NI_obs
Equation number 87 : 0 : util_ND_obs
Equation number 88 : 0 : util_D_obs
Equation number 89 : 0 : util_obs
Equation number 90 : 0 : D_obs



STEADY-STATE RESULTS:

Y                 		 1
C                 		 0.8
Y_mc              		 0.28
Y_sc              		 0.52
SR                		 1.01397
I                 		 0.2
I_mc              		 0.056
I_sc              		 0.104
I_I               		 0.04
K                 		 11.0496
K_mc              		 3.09389
K_sc              		 5.7458
K_I               		 2.20992
N                 		 0.3
N_mc              		 0.084
N_sc              		 0.156
N_C               		 0.24
N_I               		 0.06
N_comp            		 0.3
Z_C               		 0
u_ZI              		 0
Z_I               		 0
theta_N           		 0
theta_D           		 0
theta_I           		 0
theta_b           		 0
mu_C              		 0
mu_I              		 0
R_mc              		 0.0483892
R_sc              		 0.0483892
R_I               		 0.0483892
W_C               		 2.23333
W_I               		 2.23333
W                 		 2.23333
Smc               		 0
Ssc               		 0
Si                		 0
Smc_pr            		 0
Ssc_pr            		 0
Si_pr             		 0
D                 		 0.827037
D_mc              		 0.23157
D_sc              		 0.430059
D_I               		 0.165407
Gam               		 0.500826
zeta              		 0.666667
p_mc              		 1
p_sc              		 1
p_I               		 1
lam               		 2.71103
Q_mc              		 1.47059
Q_sc              		 1.47059
Q_I               		 1.47059
x_mc              		 1.00451
x_sc              		 1.00451
x_I               		 1.00451
log_SR            		 0
util              		 0.81
util_ND           		 0.81
util_D            		 0.81
g                 		 0.0045
log_Y             		 0
log_C             		 0
log_I             		 0
log_N             		 0
log_NC            		 0
log_NI            		 0
log_K             		 0
log_Y_N           		 0
log_D             		 0
log_p_I           		 0
log_util          		 0
log_util_ND       		 0
log_util_D        		 0
log_W             		 0
C_obs             		 0
I_obs             		 0
Y_obs             		 0
SR_obs            		 0
Y_N_obs           		 0
p_I_obs           		 0
N_obs             		 0
NC_obs            		 0
NI_obs            		 0
util_ND_obs       		 0
util_D_obs        		 0
w_obs             		 0
util_obs          		 0
D_obs             		 0
K_obs             		 0

EIGENVALUES:
         Modulus             Real        Imaginary

               0                0                0
               0                0                0
       1.271e-20       -1.271e-20                0
       5.889e-20        5.889e-20                0
       7.132e-20        7.132e-20                0
       7.987e-20       -7.987e-20                0
        8.31e-20        -8.31e-20                0
       1.713e-19       -1.713e-19                0
       2.764e-19       -2.764e-19                0
       5.839e-19        5.839e-19                0
       6.506e-19       -6.506e-19                0
       6.905e-19        6.905e-19                0
       9.248e-19       -9.248e-19                0
       1.241e-18       -1.241e-18                0
       1.504e-18        1.504e-18                0
       1.577e-18        1.577e-18                0
       1.578e-18        1.578e-18                0
       2.337e-18        2.337e-18                0
       2.463e-18       -2.463e-18                0
       3.422e-18       -3.422e-18                0
       3.871e-18        3.871e-18                0
       3.927e-18       -3.927e-18                0
       1.151e-17        1.151e-17                0
       1.159e-17       -1.159e-17                0
       1.397e-17       -1.397e-17                0
       1.516e-17       -1.516e-17                0
        1.92e-17         1.92e-17                0
       2.112e-17        2.112e-17                0
       2.242e-17        2.242e-17                0
       2.396e-17       -2.396e-17                0
         2.5e-17         -2.5e-17                0
       2.962e-17       -2.962e-17                0
       3.267e-17       -3.267e-17                0
       3.339e-17       -3.339e-17                0
        3.39e-17         3.39e-17                0
       4.079e-17       -4.079e-17                0
       4.269e-17        4.269e-17                0
       4.367e-17       -4.367e-17                0
       4.581e-17       -4.581e-17                0
        4.88e-17        -4.88e-17                0
       5.434e-17        5.434e-17                0
       6.722e-17       -6.722e-17                0
       6.922e-17       -6.922e-17                0
       1.247e-16       -1.247e-16                0
       1.497e-16       -1.497e-16                0
       6.791e-16        6.791e-16                0
       1.445e-15       -1.445e-15                0
       2.055e-15        2.055e-15                0
             0.1              0.1                0
          0.3659           0.3659                0
           0.497            0.497                0
             0.9              0.9                0
             0.9              0.9                0
             0.9              0.9                0
             0.9              0.9                0
             0.9              0.9                0
             0.9              0.9                0
             0.9              0.9                0
             0.9              0.9                0
          0.9083           0.9037          0.09204
          0.9083           0.9037         -0.09204
          0.9155           0.9115          0.08476
          0.9155           0.9115         -0.08476
          0.9804           0.9804                0
           1.031            1.031                0
           1.109            1.104           0.1038
           1.109            1.104          -0.1038
           1.117            1.111           0.1132
           1.117            1.111          -0.1132
           2.586            2.586                0
        9.07e+16         9.07e+16                0
       2.162e+17       -2.162e+17                0
       1.434e+18        1.434e+18                0
       3.332e+18        3.332e+18                0
        1.69e+20        -1.69e+20                0
       1.648e+47       -1.648e+47                0
       3.513e+47        3.513e+47                0
       1.054e+49       -1.054e+49                0


There are 14 eigenvalue(s) larger than 1 in modulus 
for 14 forward-looking variable(s)

The rank condition is verified.


Initial value of the log posterior (or likelihood): 4624.1693

MODE CHECK

Fval obtained by the minimization routine (minus the posterior/likelihood)): -4624.169263

RESULTS FROM POSTERIOR ESTIMATION
parameters
           prior mean     mode    s.d.  prior pstdev

sigma          1.5000   1.0408  0.0212   beta 0.2500 
ha             0.5000   0.0125  0.0109   beta 0.2000 
nu             0.7200   1.5431  0.1679   gamm 0.2500 
gam            0.5000   0.9842  0.0208   beta 0.2000 
phi            0.3200   0.2672  0.0323   beta 0.2000 
eta            0.2000   0.1901  0.0243   gamm 0.1500 
xi             0.8500   0.9301  0.0682   gamm 0.1000 
nu_R           0.2000   0.1782  0.0492   beta 0.1000 
Psi_C          4.0000   0.1008  0.0149   gamm 1.0000 
Psi_I          4.0000   2.9320  0.3912   gamm 1.0000 
theta          1.0000   3.1615  0.1839   gamm 0.5000 
rho_g          0.1000   0.2547  0.0315   beta 0.0500 
rho_Z          0.6000   0.7219  0.0490   beta 0.2000 
rho_ZI         0.6000   0.8937  0.0338   beta 0.2000 
rho_N          0.6000   0.9907  0.0241   beta 0.2000 
rho_D          0.6000   0.9264  0.0168   beta 0.2000 
rho_DI         0.6000   0.9581  0.0124   beta 0.2000 
rho_b          0.6000   0.9629  0.0382   beta 0.2000 
rho_muC        0.6000   0.9911  0.0121   beta 0.2000 
rho_muI        0.6000   0.9900  0.0109   beta 0.2000 

standard deviation of shocks
           prior mean     mode    s.d.  prior pstdev

e_g            0.0100   0.0146  0.0010   gamm 0.0100 
e_g_news       0.0100   0.0014  0.0019   gamm 0.0100 
e_Z            0.0100   0.0026  0.0014   gamm 0.0100 
e_Z_news       0.0100   0.0051  0.0008   gamm 0.0100 
e_ZI           0.0100   0.0131  0.0010   gamm 0.0100 
e_ZI_news      0.0100   0.0011  0.0020   gamm 0.0100 
e_N            0.0100   0.0031  0.0014   gamm 0.0100 
e_D            0.0100   0.2058  0.0068   gamm 0.0100 
e_D_news       0.0100   0.2088  0.0074   gamm 0.0100 
e_DI           0.0100   0.0328  0.0041   gamm 0.0100 
e_DI_news      0.0100   0.0371  0.0063   gamm 0.0100 
e_b            0.0100   0.0001  0.0001   gamm 0.0100 
e_b_news       0.0100   0.0003  0.0002   gamm 0.0100 
e_muC          0.0100   0.0003  0.0010   gamm 0.0100 
e_muC_news     0.0100   0.0055  0.0008   gamm 0.0100 
e_muI          0.0100   0.0494  0.0123   gamm 0.0100 
e_muI_news     0.0100   0.0103  0.0135   gamm 0.0100 


Log data density [Laplace approximation] is 4463.112673.

Estimation::mcmc: I am loading past Metropolis-Hastings simulations...
Estimation::mcmc: Recovering the previous proposal density.
Estimation::mcmc: I am writing a new mh-history file... Done.
Estimation::mcmc: Ok. I have loaded 350000 simulations.


Estimation::mcmc: Number of mh files: 2 per block.
Estimation::mcmc: Total number of generated files: 4.
Estimation::mcmc: Total number of iterations: 450000.
Estimation::mcmc: Current acceptance ratio per chain: 
                                                       Chain  1: 14.082%
                                                       Chain  2: 17.091%
Estimation::mcmc: Total number of MH draws per chain: 450000.
Estimation::mcmc: Total number of generated MH files: 2.
Estimation::mcmc: I'll use mh-files 1 to 2.
Estimation::mcmc: In MH-file number 1 I'll start at line 135001.
Estimation::mcmc: Finally I keep 315000 draws per chain.



MCMC Inefficiency factors per block
Parameter           Block 1     Block 2
SE_e_g              706.603     709.887
SE_e_g_news         740.570     731.008
SE_e_Z              724.693     714.262
SE_e_Z_news         688.618     672.912
SE_e_ZI             689.730     704.214
SE_e_ZI_news        733.592     731.861
SE_e_N              717.918     705.769
SE_e_D              748.734     739.375
SE_e_D_news         738.473     746.777
SE_e_DI             747.837     742.847
SE_e_DI_news        745.116     741.590
SE_e_b              141.469      46.388
SE_e_b_news         703.262     472.429
SE_e_muC            703.537     701.529
SE_e_muC_news       640.113     650.155
SE_e_muI            742.002     747.367
SE_e_muI_news       747.653     738.735
sigma               655.103     694.482
ha                  613.265     619.477
nu                  746.236     746.904
gam                 702.888     699.854
phi                 698.518     689.667
eta                 714.200     667.544
xi                  748.442     747.891
nu_R                742.895     747.628
Psi_C               296.665     253.724
Psi_I               744.383     741.144
theta               737.207     746.931
rho_g               748.158     748.137
rho_Z               742.565     735.977
rho_ZI              733.317     730.765
rho_N               734.969     740.198
rho_D               689.841     677.238
rho_DI              665.788     622.896
rho_b               737.928     602.825
rho_muC             714.065     332.410
rho_muI             664.986     649.100

Estimation::mcmc::diagnostics: Univariate convergence diagnostic, Brooks and Gelman (1998):
    Parameter 1...  Done! 
    Parameter 2...  Done! 
    Parameter 3...  Done! 
    Parameter 4...  Done! 
    Parameter 5...  Done! 
    Parameter 6...  Done! 
    Parameter 7...  Done! 
    Parameter 8...  Done! 
    Parameter 9...  Done! 
    Parameter 10...  Done! 
    Parameter 11...  Done! 
    Parameter 12...  Done! 
    Parameter 13...  Done! 
    Parameter 14...  Done! 
    Parameter 15...  Done! 
    Parameter 16...  Done! 
    Parameter 17...  Done! 
    Parameter 18...  Done! 
    Parameter 19...  Done! 
    Parameter 20...  Done! 
    Parameter 21...  Done! 
    Parameter 22...  Done! 
    Parameter 23...  Done! 
    Parameter 24...  Done! 
    Parameter 25...  Done! 
    Parameter 26...  Done! 
    Parameter 27...  Done! 
    Parameter 28...  Done! 
    Parameter 29...  Done! 
    Parameter 30...  Done! 
    Parameter 31...  Done! 
    Parameter 32...  Done! 
    Parameter 33...  Done! 
    Parameter 34...  Done! 
    Parameter 35...  Done! 
    Parameter 36...  Done! 
    Parameter 37...  Done! 

Estimation::marginal density: I'm computing the posterior mean and covariance...  Done!
Estimation::marginal density: I'm computing the posterior log marginal density (modified harmonic mean)... Done!


ESTIMATION RESULTS

Log data density is 4459.637966.

parameters
             prior mean   post. mean        90% HPD interval    prior       pstdev

sigma             1.500       1.0411      1.0079      1.0728     beta       0.2500
ha                0.500       0.0207      0.0029      0.0374     beta       0.2000
nu                0.720       1.6743      1.4535      1.9573     gamm       0.2500
gam               0.500       0.9641      0.9335      0.9941     beta       0.2000
phi               0.320       0.2972      0.2467      0.3452     beta       0.2000
eta               0.200       0.1608      0.1233      0.2005     gamm       0.1500
xi                0.850       0.8533      0.7432      0.9309     gamm       0.1000
nu_R              0.200       0.1248      0.0651      0.2089     beta       0.1000
Psi_C             4.000       0.0918      0.0677      0.1154     gamm       1.0000
Psi_I             4.000       3.0381      2.4715      3.6029     gamm       1.0000
theta             1.000       3.1278      2.7890      3.4172     gamm       0.5000
rho_g             0.100       0.2129      0.1177      0.2912     beta       0.0500
rho_Z             0.600       0.8218      0.7453      0.9014     beta       0.2000
rho_ZI            0.600       0.8551      0.7994      0.9079     beta       0.2000
rho_N             0.600       0.9621      0.9007      0.9993     beta       0.2000
rho_D             0.600       0.9385      0.9113      0.9678     beta       0.2000
rho_DI            0.600       0.9553      0.9334      0.9769     beta       0.2000
rho_b             0.600       0.9505      0.8905      0.9934     beta       0.2000
rho_muC           0.600       0.9854      0.9658      0.9978     beta       0.2000
rho_muI           0.600       0.9815      0.9670      0.9997     beta       0.2000

standard deviation of shocks
             prior mean   post. mean        90% HPD interval    prior       pstdev

e_g               0.010       0.0138      0.0120      0.0155     gamm       0.0100
e_g_news          0.010       0.0027      0.0000      0.0061     gamm       0.0100
e_Z               0.010       0.0026      0.0000      0.0046     gamm       0.0100
e_Z_news          0.010       0.0053      0.0039      0.0066     gamm       0.0100
e_ZI              0.010       0.0127      0.0111      0.0143     gamm       0.0100
e_ZI_news         0.010       0.0029      0.0001      0.0053     gamm       0.0100
e_N               0.010       0.0015      0.0001      0.0032     gamm       0.0100
e_D               0.010       0.2157      0.2010      0.2278     gamm       0.0100
e_D_news          0.010       0.2163      0.2081      0.2277     gamm       0.0100
e_DI              0.010       0.0270      0.0204      0.0360     gamm       0.0100
e_DI_news         0.010       0.0371      0.0289      0.0461     gamm       0.0100
e_b               0.010       0.0001      0.0001      0.0002     gamm       0.0100
e_b_news          0.010       0.0004      0.0002      0.0008     gamm       0.0100
e_muC             0.010       0.0015      0.0001      0.0029     gamm       0.0100
e_muC_news        0.010       0.0057      0.0048      0.0066     gamm       0.0100
e_muI             0.010       0.0372      0.0197      0.0514     gamm       0.0100
e_muI_news        0.010       0.0268      0.0039      0.0459     gamm       0.0100

MODEL SUMMARY

  Number of variables:         122
  Number of stochastic shocks: 17
  Number of state variables:   64
  Number of jumpers:           14
  Number of static variables:  45


MATRIX OF COVARIANCE OF EXOGENOUS SHOCKS
Variables            e_g    e_g_news         e_Z    e_Z_news        e_ZI   e_ZI_news         e_N         e_D    e_D_news        e_DI   e_DI_news         e_b    e_b_news       e_muC  e_muC_news       e_muI  e_muI_news
e_g             0.000191    0.000000    0.000000    0.000000    0.000000    0.000000    0.000000    0.000000    0.000000    0.000000    0.000000    0.000000    0.000000    0.000000    0.000000    0.000000    0.000000
e_g_news        0.000000    0.000007    0.000000    0.000000    0.000000    0.000000    0.000000    0.000000    0.000000    0.000000    0.000000    0.000000    0.000000    0.000000    0.000000    0.000000    0.000000
e_Z             0.000000    0.000000    0.000007    0.000000    0.000000    0.000000    0.000000    0.000000    0.000000    0.000000    0.000000    0.000000    0.000000    0.000000    0.000000    0.000000    0.000000
e_Z_news        0.000000    0.000000    0.000000    0.000028    0.000000    0.000000    0.000000    0.000000    0.000000    0.000000    0.000000    0.000000    0.000000    0.000000    0.000000    0.000000    0.000000
e_ZI            0.000000    0.000000    0.000000    0.000000    0.000162    0.000000    0.000000    0.000000    0.000000    0.000000    0.000000    0.000000    0.000000    0.000000    0.000000    0.000000    0.000000
e_ZI_news       0.000000    0.000000    0.000000    0.000000    0.000000    0.000009    0.000000    0.000000    0.000000    0.000000    0.000000    0.000000    0.000000    0.000000    0.000000    0.000000    0.000000
e_N             0.000000    0.000000    0.000000    0.000000    0.000000    0.000000    0.000002    0.000000    0.000000    0.000000    0.000000    0.000000    0.000000    0.000000    0.000000    0.000000    0.000000
e_D             0.000000    0.000000    0.000000    0.000000    0.000000    0.000000    0.000000    0.046532    0.000000    0.000000    0.000000    0.000000    0.000000    0.000000    0.000000    0.000000    0.000000
e_D_news        0.000000    0.000000    0.000000    0.000000    0.000000    0.000000    0.000000    0.000000    0.046765    0.000000    0.000000    0.000000    0.000000    0.000000    0.000000    0.000000    0.000000
e_DI            0.000000    0.000000    0.000000    0.000000    0.000000    0.000000    0.000000    0.000000    0.000000    0.000731    0.000000    0.000000    0.000000    0.000000    0.000000    0.000000    0.000000
e_DI_news       0.000000    0.000000    0.000000    0.000000    0.000000    0.000000    0.000000    0.000000    0.000000    0.000000    0.001379    0.000000    0.000000    0.000000    0.000000    0.000000    0.000000
e_b             0.000000    0.000000    0.000000    0.000000    0.000000    0.000000    0.000000    0.000000    0.000000    0.000000    0.000000    0.000000    0.000000    0.000000    0.000000    0.000000    0.000000
e_b_news        0.000000    0.000000    0.000000    0.000000    0.000000    0.000000    0.000000    0.000000    0.000000    0.000000    0.000000    0.000000    0.000000    0.000000    0.000000    0.000000    0.000000
e_muC           0.000000    0.000000    0.000000    0.000000    0.000000    0.000000    0.000000    0.000000    0.000000    0.000000    0.000000    0.000000    0.000000    0.000002    0.000000    0.000000    0.000000
e_muC_news      0.000000    0.000000    0.000000    0.000000    0.000000    0.000000    0.000000    0.000000    0.000000    0.000000    0.000000    0.000000    0.000000    0.000000    0.000032    0.000000    0.000000
e_muI           0.000000    0.000000    0.000000    0.000000    0.000000    0.000000    0.000000    0.000000    0.000000    0.000000    0.000000    0.000000    0.000000    0.000000    0.000000    0.001387    0.000000
e_muI_news      0.000000    0.000000    0.000000    0.000000    0.000000    0.000000    0.000000    0.000000    0.000000    0.000000    0.000000    0.000000    0.000000    0.000000    0.000000    0.000000    0.000716



THEORETICAL MOMENTS
VARIABLE            MEAN  STD. DEV.   VARIANCE
Y_obs             0.0000     0.0200     0.0004
Y_N_obs           0.0000     0.0175     0.0003
SR_obs            0.0000     0.0192     0.0004
I_obs             0.0000     0.0396     0.0016
p_I_obs           0.0000     0.0155     0.0002
C_obs             0.0000     0.0179     0.0003
NC_obs            0.0000     0.0053     0.0000
NI_obs            0.0000     0.0176     0.0003
util_ND_obs       0.0000     0.0127     0.0002
util_D_obs        0.0000     0.0244     0.0006
util_obs          0.0000     0.0159     0.0003
D_obs             0.0000     0.0452     0.0020



VARIANCE DECOMPOSITION (in percent)
                      e_g    e_g_news         e_Z    e_Z_news        e_ZI   e_ZI_news         e_N         e_D    e_D_news        e_DI   e_DI_news         e_b    e_b_news       e_muC  e_muC_news       e_muI  e_muI_news
Y_obs               25.03        1.02        2.62       10.94        3.66        0.19        0.05       25.25       25.51        1.10        2.16        0.01        0.04        0.03        0.38        1.36        0.64
Y_N_obs             27.24        0.97        3.09       11.69        1.52        0.09        0.08       25.19       25.18        0.47        0.84        0.01        0.05        0.04        0.54        2.04        0.97
SR_obs              34.75        1.31        2.70       10.58        2.06        0.11        0.01       23.14       23.22        0.61        1.14        0.00        0.00        0.00        0.06        0.21        0.10
I_obs                8.76        0.48        2.25       10.64       26.70        1.37        0.02       11.05       11.56        7.63       15.33        0.06        0.38        0.00        0.02        2.62        1.12
p_I_obs              4.89        0.77        1.85       13.00       16.46        1.09        0.02       13.33       15.01        6.77       12.63        0.94        5.53        0.00        0.42        3.79        3.50
C_obs               28.74        1.07        3.00       11.69        0.05        0.00        0.06       26.86       26.86        0.02        0.04        0.00        0.00        0.05        0.73        0.55        0.29
NC_obs               1.85        0.20        0.31        1.87        4.18        0.20        3.13        2.55        2.92        1.22        2.96        0.15        0.86        2.22       29.91       30.87       14.61
NI_obs               1.40        0.20        0.53        3.47        5.90        0.29        0.34        3.14        3.64        1.74        4.21        0.21        1.24        0.05        0.41       49.63       23.59
util_ND_obs          0.14        0.01        0.03        0.16        0.38        0.02        0.00       49.41       49.44        0.09        0.21        0.01        0.06        0.00        0.02        0.00        0.00
util_D_obs           0.26        0.05        0.23        1.45        2.26        0.11        0.00       23.09       23.64       16.38       31.95        0.06        0.38        0.00        0.05        0.06        0.01
util_obs             0.03        0.01        0.06        0.38        0.46        0.02        0.00       40.39       40.83        6.04       11.66        0.01        0.08        0.00        0.01        0.02        0.00
D_obs                0.01        0.00        0.01        0.05        0.01        0.00        0.00       49.82       50.09        0.00        0.00        0.00        0.00        0.00        0.00        0.00        0.00



MATRIX OF CORRELATIONS
Variables            Y_obs      Y_N_obs       SR_obs        I_obs      p_I_obs        C_obs       NC_obs       NI_obs  util_ND_obs   util_D_obs     util_obs        D_obs
Y_obs               1.0000       0.9304       0.9445       0.8139       0.3977       0.9471       0.4679       0.5096       0.6618       0.7056       0.7608       0.7199
Y_N_obs             0.9304       1.0000       0.9586       0.6712       0.5303       0.9286       0.1248       0.1788       0.6701       0.6320       0.7175       0.7132
SR_obs              0.9445       0.9586       1.0000       0.7157       0.4986       0.9238       0.2580       0.3055       0.6347       0.6418       0.7072       0.6858
I_obs               0.8139       0.6712       0.7157       1.0000      -0.0856       0.5843       0.5439       0.6461       0.3851       0.8082       0.6975       0.4868
p_I_obs             0.3977       0.5303       0.4986      -0.0856       1.0000       0.6028      -0.1581      -0.1804       0.5416       0.0645       0.2939       0.5172
C_obs               0.9471       0.9286       0.9238       0.5843       0.6028       1.0000       0.3531       0.3548       0.7116       0.5391       0.6772       0.7365
NC_obs              0.4679       0.1248       0.2580       0.5439      -0.1581       0.3531       1.0000       0.8441       0.1944       0.3661       0.3253       0.2401
NI_obs              0.5096       0.1788       0.3055       0.6461      -0.1804       0.3548       0.8441       1.0000       0.2053       0.4377       0.3762       0.2666
util_ND_obs         0.6618       0.6701       0.6347       0.3851       0.5416       0.7116       0.1944       0.2053       1.0000       0.6224       0.8651       0.9927
util_D_obs          0.7056       0.6320       0.6418       0.8082       0.0645       0.5391       0.3661       0.4377       0.6224       1.0000       0.9310       0.6912
util_obs            0.7608       0.7175       0.7072       0.6975       0.2939       0.6772       0.3253       0.3762       0.8651       0.9310       1.0000       0.9058
D_obs               0.7199       0.7132       0.6858       0.4868       0.5172       0.7365       0.2401       0.2666       0.9927       0.6912       0.9058       1.0000



COEFFICIENTS OF AUTOCORRELATION
Order                1        2        3        4        5
Y_obs           0.0672   0.0055  -0.0084  -0.0190  -0.0125
Y_N_obs         0.0291  -0.0034  -0.0102  -0.0027  -0.0111
SR_obs          0.1765   0.0255  -0.0072  -0.0122  -0.0156
I_obs           0.1417   0.0408   0.0104  -0.0258  -0.0168
p_I_obs        -0.0425  -0.0131  -0.0403  -0.0561  -0.0172
C_obs           0.0288  -0.0100  -0.0164  -0.0138  -0.0139
NC_obs          0.0545   0.0040  -0.0079  -0.0079  -0.0157
NI_obs          0.0891   0.0105  -0.0082  -0.0247  -0.0191
util_ND_obs    -0.0396  -0.0271  -0.0254  -0.0197  -0.0238
util_D_obs      0.0430  -0.0171  -0.0250  -0.0488  -0.0239
util_obs       -0.0046  -0.0260  -0.0270  -0.0348  -0.0236
D_obs          -0.0290  -0.0288  -0.0272  -0.0262  -0.0238
Total computing time : 1h22m42s
