Starting Dynare (version 5.4).
Calling Dynare with arguments: none
Starting preprocessing of the model file ...
WARNING: in the 'steady_state_model' block, variable 'log_h' is not assigned a value
WARNING: in the 'steady_state_model' block, variable 'h_obs' is not assigned a value
Found 100 equation(s).
Evaluating expressions...done
Computing static model derivatives (order 1).
Computing dynamic model derivatives (order 1).
Processing outputs ...
done
Preprocessing completed.





Residuals of the static equations:

Equation number 1 : 0 : Labor composite
Equation number 2 : 0 : Labor leisure:C
Equation number 3 : 0 : Labor leisure:I
Equation number 4 : 0 : Marginal utility of wealth
Equation number 5 : 0 : Demand curve: mc
Equation number 6 : 0 : Demand curve: sc
Equation number 7 : 0 : Shopping:mc
Equation number 8 : 0 : Shopping:sc
Equation number 9 : 0 : Shopping:I
Equation number 10 : 0 : Composite utility term
Equation number 11 : 0 : Consumption CES aggregator
Equation number 12 : 0 : Investment adjustment cost function:mc
Equation number 13 : 0 : Investment adjustment cost function:mc
Equation number 14 : 0 : Investment adjustment cost function:I
Equation number 15 : 0 : Investment adjustment cost function: derivative mc
Equation number 16 : 0 : Investment adjustment cost function: derivative mc
Equation number 17 : 0 : Investment adjustment cost function: derivative I
Equation number 18 : 0 : Investment growth:mc
Equation number 19 : 0 : Investment growth:mc
Equation number 20 : 0 : Investment growth:I
Equation number 21 : 0 : Depreciation rate: mc
Equation number 22 : 0 : Depreciation rate: sc
Equation number 23 : 0 : Depreciation rate: I
Equation number 24 : 0 : Depreciation rate derivative: mc
Equation number 25 : 0 : Depreciation rate derivative: sc
Equation number 26 : 0 : Depreciation rate derivative: I
Equation number 27 : 0 : Tobins Q: mc
Equation number 28 : 0 : Tobins Q: sc
Equation number 29 : 0 : Tobins Q: I
Equation number 30 : 0 : Euler equation: mc
Equation number 31 : 0 : Euler equation: sc
Equation number 32 : 0 : Euler equation: I
Equation number 33 : 0 : Utilization: mc
Equation number 34 : 0 : Utilization: sc
Equation number 35 : 0 : Utilization: I
Equation number 36 : 0 : Non-durable goods production
Equation number 37 : 0 : Services production
Equation number 38 : 0 : Investment production
Equation number 39 : 0 : Capital law of motion:mc
Equation number 40 : 0 : Capital law of motion:sc
Equation number 41 : 0 : Capital law of motion:I
Equation number 42 : 0 : Labor demand:mc
Equation number 43 : 0 : Labor demand:sc
Equation number 44 : 0 : Labor demand:I
Equation number 45 : 0 : Capital demand:mc
Equation number 46 : 0 : Capital demand:sc
Equation number 47 : 0 : Capital demand:I
Equation number 48 : 0 : Labor composition
Equation number 49 : 0 : Labor composition: C
Equation number 50 : 0 : Capital composition
Equation number 51 : 0 : Investment composition
Equation number 52 : 0 : Shopping composition
Equation number 53 : 0 : Capital utilization composition
Equation number 54 : 0 : Aggregate wage
Equation number 55 : 0 : Output (base-year prices)
Equation number 56 : 0 : Solow residual
Equation number 57 : 0 : Capacity utilization
Equation number 58 : 0 : util_sc
Equation number 59 : 0 : util_D
Equation number 60 : 0 : util
Equation number 61 : 0 : stochastic trend process
Equation number 62 : 0 : Stationary TFP process
Equation number 63 : 0 : Independent component of I-specific tech
Equation number 64 : 0 : Investment-specific TFP process
Equation number 65 : 0 : Labor supply process
Equation number 66 : 0 : Consumption preference process
Equation number 67 : 0 : Wage-markup process: C
Equation number 68 : 0 : Wage-markup process: I
Equation number 69 : 0 : Definition log output
Equation number 70 : 0 : Definition log consumption
Equation number 71 : 0 : Definition log investment
Equation number 72 : 0 : Definition log hours
Equation number 73 : 0 : log_NC
Equation number 74 : 0 : log_NI
Equation number 75 : 0 : log capital
Equation number 76 : 0 : Definition log labor productivity
Equation number 77 : 0 : Definition log shopping effort
Equation number 78 : 0 : Definition log capital utilization
Equation number 79 : 0 : Definition of log relative investment  price
Equation number 80 : 0 : Definition of log capacity utilization
Equation number 81 : 0 : log_util_ND
Equation number 82 : 0 : log_util_D
Equation number 83 : 0 : Definition of log wages
Equation number 84 : 0 : Definition of log Solow residual
Equation number 85 : 0 : C_obs
Equation number 86 : 0 : I_obs
Equation number 87 : 0 : Y_obs
Equation number 88 : 0 : Y_N_obs
Equation number 89 : 0 : K_obs
Equation number 90 : 0 : w_obs
Equation number 91 : 0 : SR_obs
Equation number 92 : 0 : p_I_obs
Equation number 93 : 0 : N_obs
Equation number 94 : 0 : NC_obs
Equation number 95 : 0 : NI_obs
Equation number 96 : 0 : util_ND_obs
Equation number 97 : 0 : util_D_obs
Equation number 98 : 0 : util_obs
Equation number 99 : 0 : D_obs
Equation number 100 : 0 : h_obs



STEADY-STATE RESULTS:

Y           		 1
C           		 0.8
Y_mc        		 0.28
Y_sc        		 0.52
SR          		 1.01547
I           		 0.2
I_mc        		 0.056
I_sc        		 0.104
I_I         		 0.04
K           		 11.0496
K_mc        		 3.09389
K_sc        		 5.7458
K_I         		 2.20992
N           		 0.3
N_mc        		 0.084
N_sc        		 0.156
N_C         		 0.24
N_I         		 0.06
N_comp      		 0.3
Z_C         		 0
u_ZI        		 0
Z_I         		 0
theta_N     		 0
theta_b     		 0
mu_C        		 0
mu_I        		 0
R_mc        		 0.0483892
R_sc        		 0.0483892
R_I         		 0.0483892
W_C         		 2.23333
W_I         		 2.23333
W           		 2.23333
h_mc        		 1
h_sc        		 1
h_I         		 1
h           		 1
delta_mc    		 0.0136717
delta_sc    		 0.0136717
delta_I     		 0.0136717
delta_mc_pr 		 0.0329046
delta_sc_pr 		 0.0329046
delta_I_pr  		 0.0329046
Smc         		 0
Ssc         		 0
Si          		 0
Smc_pr      		 0
Ssc_pr      		 0
Si_pr       		 0
D           		 0.827037
D_mc        		 0.23157
D_sc        		 0.430059
D_I         		 0.165407
Gam         		 0.500826
p_mc        		 1
p_sc        		 1
p_I         		 1
lam         		 2.71103
Q_mc        		 1.47059
Q_sc        		 1.47059
Q_I         		 1.47059
x_mc        		 1.00451
x_sc        		 1.00451
x_I         		 1.00451
log_SR      		 0
util        		 0.81
util_ND     		 0.81
util_sc     		 0.81
util_D      		 0.81
g           		 0.0045
log_Y       		 0
log_C       		 0
log_I       		 0
log_N       		 0
log_NC      		 0
log_NI      		 0
log_K       		 0
log_Y_N     		 0
log_D       		 0
log_h       		 0
log_p_I     		 0
log_util    		 0
log_util_ND 		 0
log_util_D  		 0
log_W       		 0
C_obs       		 0
I_obs       		 0
Y_obs       		 0
SR_obs      		 0
Y_N_obs     		 0
p_I_obs     		 0
N_obs       		 0
NC_obs      		 0
NI_obs      		 0
util_ND_obs 		 0
util_D_obs  		 0
util_obs    		 0
w_obs       		 0
D_obs       		 0
h_obs       		 0
K_obs       		 0

EIGENVALUES:
         Modulus             Real        Imaginary

               0                0                0
               0                0                0
       8.342e-19       -8.342e-19                0
       4.614e-18       -4.614e-18                0
       2.374e-17        2.374e-17                0
       2.428e-17       -2.428e-17                0
       2.465e-17        2.465e-17                0
       4.866e-17        4.866e-17                0
       6.232e-17       -6.232e-17                0
       8.106e-17        8.106e-17                0
       1.058e-16        1.058e-16                0
       2.176e-16        2.176e-16                0
       6.065e-16        6.065e-16                0
       7.236e-16        7.236e-16                0
       8.109e-16       -8.109e-16                0
       9.614e-16        9.614e-16                0
         0.07443          0.07443                0
             0.1              0.1                0
          0.5849           0.5849                0
             0.9              0.9                0
             0.9              0.9                0
             0.9              0.9                0
             0.9              0.9                0
             0.9              0.9                0
             0.9              0.9                0
          0.9387           0.9364          0.06531
          0.9387           0.9364         -0.06531
          0.9406           0.9385          0.06314
          0.9406           0.9385         -0.06314
          0.9933           0.9933                0
           1.022            1.022                0
           1.079            1.076          0.07244
           1.079            1.076         -0.07244
           1.081            1.078           0.0752
           1.081            1.078          -0.0752
            1.74             1.74                0
       7.122e+16       -7.122e+16                0
       8.982e+16       -8.982e+16                0
       9.529e+16        9.529e+16                0
       1.039e+17       -1.039e+17                0
        1.36e+17         1.36e+17                0
       4.218e+17       -4.218e+17                0
       4.824e+17       -4.824e+17                0
       1.318e+18        1.318e+18                0
       1.901e+18        1.901e+18                0
       2.583e+18        2.583e+18                0
       7.086e+18       -7.086e+18                0
       6.334e+45       -6.334e+45                0
        9.98e+45         9.98e+45                0
         3.1e+47          3.1e+47                0


There are 20 eigenvalue(s) larger than 1 in modulus 
for 20 forward-looking variable(s)

The rank condition is verified.


Initial value of the log posterior (or likelihood): 3841.5675

MODE CHECK

Fval obtained by the minimization routine (minus the posterior/likelihood)): -3841.567524

RESULTS FROM POSTERIOR ESTIMATION
parameters
         prior mean     mode    s.d.  prior pstdev

sigma        1.5000   1.4382  0.1492   beta 0.2500 
ha           0.5000   0.5979  0.0403   beta 0.2000 
nu           0.7200   1.0564  0.1264   gamm 0.2500 
phi          0.3200   0.5109  0.0338   beta 0.2000 
eta          0.2000   0.3128  0.0744   gamm 0.1500 
xi           0.8500   0.8261  0.1192   gamm 0.1000 
nu_R         0.2000   0.1711  0.0343   beta 0.1000 
sigma_ac     1.0000   0.2867  0.0506   invg 1.0000 
sigma_ai     1.0000   0.3500  0.0908   invg 1.0000 
Psi_K        4.0000   0.1697  0.0535   gamm 1.0000 
theta        1.0000   3.2624  0.2440   gamm 0.5000 
rho_g        0.1000   0.2555  0.0246   beta 0.0500 
rho_Z        0.6000   0.7225  0.0695   beta 0.2000 
rho_ZI       0.6000   0.9859  0.0086   beta 0.2000 
rho_N        0.6000   0.9938  0.0058   beta 0.2000 
rho_b        0.6000   0.9589  0.0161   beta 0.2000 
rho_muC      0.6000   0.8719  0.1640   beta 0.2000 
rho_muI      0.6000   0.9996  0.0004   beta 0.2000 

standard deviation of shocks
         prior mean     mode    s.d.  prior pstdev

e_g          0.0100   0.0042  0.0002   gamm 0.0100 
e_Z          0.0100   0.0017  0.0002   gamm 0.0100 
e_ZI         0.0100   0.0051  0.0004   gamm 0.0100 
e_N          0.0100   0.0068  0.0005   gamm 0.0100 
e_b          0.0100   0.0020  0.0016   gamm 0.0100 
e_muC        0.0100   0.0006  0.0005   gamm 0.0100 
e_muI        0.0100   0.0533  0.0035   gamm 0.0100 


Log data density [Laplace approximation] is 3747.067173.

Estimation::mcmc: Total number of MH draws per chain: 300000.
Estimation::mcmc: Total number of generated MH files: 1.
Estimation::mcmc: I'll use mh-files 1 to 1.
Estimation::mcmc: In MH-file number 1 I'll start at line 90001.
Estimation::mcmc: Finally I keep 210000 draws per chain.



MCMC Inefficiency factors per block
Parameter       Block 1     Block 2
SE_e_g          291.445     257.431
SE_e_Z          449.382     474.968
SE_e_ZI         523.386     491.216
SE_e_N          532.401     574.978
SE_e_b          724.841     728.606
SE_e_muC        530.594     447.049
SE_e_muI        742.270     739.273
sigma           744.476     745.069
ha              727.882     725.369
nu              744.020     744.965
phi             730.433     705.372
eta             746.001     742.400
xi              743.375     748.234
nu_R            738.422     744.552
sigma_ac        551.861     517.196
sigma_ai        687.364     643.854
Psi_K           576.421     568.903
theta           740.798     745.495
rho_g           746.185     743.957
rho_Z           744.115     739.116
rho_ZI          516.834     473.636
rho_N           341.721     327.720
rho_b           670.701     657.459
rho_muC         745.637     744.107
rho_muI          96.996      98.797

Estimation::mcmc::diagnostics: Univariate convergence diagnostic, Brooks and Gelman (1998):
    Parameter 1...  Done! 
    Parameter 2...  Done! 
    Parameter 3...  Done! 
    Parameter 4...  Done! 
    Parameter 5...  Done! 
    Parameter 6...  Done! 
    Parameter 7...  Done! 
    Parameter 8...  Done! 
    Parameter 9...  Done! 
    Parameter 10...  Done! 
    Parameter 11...  Done! 
    Parameter 12...  Done! 
    Parameter 13...  Done! 
    Parameter 14...  Done! 
    Parameter 15...  Done! 
    Parameter 16...  Done! 
    Parameter 17...  Done! 
    Parameter 18...  Done! 
    Parameter 19...  Done! 
    Parameter 20...  Done! 
    Parameter 21...  Done! 
    Parameter 22...  Done! 
    Parameter 23...  Done! 
    Parameter 24...  Done! 
    Parameter 25...  Done! 

Estimation::marginal density: I'm computing the posterior mean and covariance...  Done!
Estimation::marginal density: I'm computing the posterior log marginal density (modified harmonic mean)... Done!


ESTIMATION RESULTS

Log data density is 3743.904872.

parameters
           prior mean   post. mean        90% HPD interval    prior       pstdev

sigma           1.500       1.3705      1.1226      1.5897     beta       0.2500
ha              0.500       0.6218      0.5597      0.6915     beta       0.2000
nu              0.720       1.1907      1.0051      1.4114     gamm       0.2500
phi             0.320       0.5193      0.4658      0.5785     beta       0.2000
eta             0.200       0.2867      0.1714      0.4084     gamm       0.1500
xi              0.850       0.9147      0.7870      1.1185     gamm       0.1000
nu_R            0.200       0.1832      0.1209      0.2386     beta       0.1000
sigma_ac        1.000       0.3018      0.2200      0.3813     invg       1.0000
sigma_ai        1.000       0.4304      0.2863      0.5765     invg       1.0000
Psi_K           4.000       0.2124      0.1289      0.2968     gamm       1.0000
theta           1.000       2.9899      2.5457      3.3364     gamm       0.5000
rho_g           0.100       0.2216      0.1811      0.2583     beta       0.0500
rho_Z           0.600       0.6823      0.5569      0.7888     beta       0.2000
rho_ZI          0.600       0.9855      0.9732      0.9990     beta       0.2000
rho_N           0.600       0.9898      0.9816      0.9995     beta       0.2000
rho_b           0.600       0.9513      0.9260      0.9784     beta       0.2000
rho_muC         0.600       0.7334      0.5205      0.9946     beta       0.2000
rho_muI         0.600       0.9995      0.9991      1.0000     beta       0.2000

standard deviation of shocks
           prior mean   post. mean        90% HPD interval    prior       pstdev

e_g             0.010       0.0042      0.0038      0.0046     gamm       0.0100
e_Z             0.010       0.0018      0.0015      0.0021     gamm       0.0100
e_ZI            0.010       0.0052      0.0046      0.0058     gamm       0.0100
e_N             0.010       0.0064      0.0056      0.0072     gamm       0.0100
e_b             0.010       0.0036      0.0012      0.0064     gamm       0.0100
e_muC           0.010       0.0007      0.0001      0.0013     gamm       0.0100
e_muI           0.010       0.0486      0.0426      0.0536     gamm       0.0100

MODEL SUMMARY

  Number of variables:         100
  Number of stochastic shocks: 7
  Number of state variables:   30
  Number of jumpers:           20
  Number of static variables:  51


MATRIX OF COVARIANCE OF EXOGENOUS SHOCKS
Variables         e_g       e_Z      e_ZI       e_N       e_b     e_muC     e_muI
e_g          0.000018  0.000000  0.000000  0.000000  0.000000  0.000000  0.000000
e_Z          0.000000  0.000003  0.000000  0.000000  0.000000  0.000000  0.000000
e_ZI         0.000000  0.000000  0.000027  0.000000  0.000000  0.000000  0.000000
e_N          0.000000  0.000000  0.000000  0.000041  0.000000  0.000000  0.000000
e_b          0.000000  0.000000  0.000000  0.000000  0.000013  0.000000  0.000000
e_muC        0.000000  0.000000  0.000000  0.000000  0.000000  0.000000  0.000000
e_muI        0.000000  0.000000  0.000000  0.000000  0.000000  0.000000  0.002363



THEORETICAL MOMENTS
VARIABLE            MEAN  STD. DEV.   VARIANCE
Y_obs             0.0000     0.0064     0.0000
Y_N_obs           0.0000     0.0065     0.0000
SR_obs            0.0000     0.0053     0.0000
I_obs             0.0000     0.0201     0.0004
p_I_obs           0.0000     0.0068     0.0000
C_obs             0.0000     0.0051     0.0000
NC_obs            0.0000     0.0056     0.0000
NI_obs            0.0000     0.0187     0.0004
util_ND_obs       0.0000     0.0035     0.0000
util_D_obs        0.0000     0.0114     0.0001
util_obs          0.0000     0.0023     0.0000
D_obs             0.0000     0.0011     0.0000
h_obs             0.0000     0.0063     0.0000



VARIANCE DECOMPOSITION (in percent)
                  e_g     e_Z    e_ZI     e_N     e_b   e_muC   e_muI
Y_obs           31.34   21.01   18.20    5.49    1.53    0.06   22.36
Y_N_obs         36.06    5.31    8.82   19.20    0.96    0.16   29.49
SR_obs          51.96   13.37   17.20    7.69    1.56    0.06    8.15
I_obs            2.38   21.81   32.05    5.59    9.93    0.02   28.23
p_I_obs          0.24   29.36   47.09    2.01    9.12    0.02   12.16
C_obs           54.94    7.63    2.45    2.96   23.98    0.13    7.92
NC_obs           0.31    3.53    1.01   51.27    1.30    0.61   41.96
NI_obs           0.13    3.45    0.96    7.79    1.09    0.02   86.56
util_ND_obs      8.69   34.42    3.00    6.04   41.16    0.09    6.60
util_D_obs       0.99   28.83   17.49    7.43   24.64    0.04   20.58
util_obs        12.04   23.90   31.09    2.32    9.00    0.04   21.61
D_obs            2.40   42.69   14.60   11.67    0.71    0.12   27.80
h_obs           18.07   28.32   26.37    2.48    9.98    0.03   14.74



MATRIX OF CORRELATIONS
Variables            Y_obs      Y_N_obs       SR_obs        I_obs      p_I_obs        C_obs       NC_obs       NI_obs  util_ND_obs   util_D_obs     util_obs        D_obs        h_obs
Y_obs               1.0000       0.2477       0.5961       0.7830      -0.3859       0.7892       0.5754       0.5744       0.1450       0.6021       0.7703       0.7057       0.6612
Y_N_obs             0.2477       1.0000       0.9219      -0.0655      -0.1148       0.4516      -0.6075      -0.5887       0.3846      -0.1758       0.2917      -0.2389       0.3867
SR_obs              0.5961       0.9219       1.0000       0.2591      -0.2381       0.6754      -0.2780      -0.2578       0.3623       0.1024       0.5395       0.0760       0.5757
I_obs               0.7830      -0.0655       0.2591       1.0000      -0.3243       0.2361       0.5979       0.7238      -0.3460       0.9402       0.5103       0.8111       0.3455
p_I_obs            -0.3859      -0.1148      -0.2381      -0.3243       1.0000      -0.2828      -0.1785      -0.2406      -0.5895      -0.0315      -0.7443      -0.2153      -0.7645
C_obs               0.7892       0.4516       0.6754       0.2361      -0.2828       1.0000       0.3086       0.1827       0.5682       0.0124       0.6996       0.3017       0.6919
NC_obs              0.5754      -0.6075      -0.2780       0.5979      -0.1785       0.3086       1.0000       0.8305      -0.1355       0.5421       0.3717       0.7509       0.2085
NI_obs              0.5744      -0.5887      -0.2578       0.7238      -0.2406       0.1827       0.8305       1.0000      -0.2600       0.6756       0.3528       0.7102       0.1987
util_ND_obs         0.1450       0.3846       0.3623      -0.3460      -0.5895       0.5682      -0.1355      -0.2600       1.0000      -0.6022       0.6148      -0.2231       0.7395
util_D_obs          0.6021      -0.1758       0.1024       0.9402      -0.0315       0.0124       0.5421       0.6756      -0.6022       1.0000       0.2593       0.7726       0.0785
util_obs            0.7703       0.2917       0.5395       0.5103      -0.7443       0.6996       0.3717       0.3528       0.6148       0.2593       1.0000       0.4934       0.9722
D_obs               0.7057      -0.2389       0.0760       0.8111      -0.2153       0.3017       0.7509       0.7102      -0.2231       0.7726       0.4934       1.0000       0.2760
h_obs               0.6612       0.3867       0.5757       0.3455      -0.7645       0.6919       0.2085       0.1987       0.7395       0.0785       0.9722       0.2760       1.0000



COEFFICIENTS OF AUTOCORRELATION
Order                1        2        3        4        5
Y_obs           0.2700   0.0823   0.0296   0.0123   0.0054
Y_N_obs         0.0770   0.0167   0.0027  -0.0007  -0.0016
SR_obs          0.1731   0.0483   0.0156   0.0055   0.0017
I_obs           0.1852   0.0135  -0.0136  -0.0123  -0.0081
p_I_obs         0.0861   0.0870   0.0588   0.0342   0.0173
C_obs           0.3648   0.1570   0.0713   0.0294   0.0072
NC_obs          0.0930   0.0399   0.0184   0.0081   0.0027
NI_obs          0.0319  -0.0138  -0.0168  -0.0125  -0.0085
util_ND_obs     0.2742   0.1364   0.0629   0.0205  -0.0046
util_D_obs      0.2621   0.0139  -0.0326  -0.0370  -0.0347
util_obs        0.4847   0.1887   0.0885   0.0466   0.0254
D_obs           0.2448   0.0419  -0.0031  -0.0109  -0.0105
h_obs           0.3887   0.1588   0.0783   0.0433   0.0251
Total computing time : 0h02m22s
Note: 2 warning(s) encountered in the preprocessor
