Starting Dynare (version 5.4).
Calling Dynare with arguments: none
Starting preprocessing of the model file ...
WARNING: in the 'steady_state_model' block, variable 'log_h' is not assigned a value
WARNING: in the 'steady_state_model' block, variable 'log_tech' is not assigned a value
WARNING: in the 'steady_state_model' block, variable 'tech_obs' is not assigned a value
WARNING: in the 'steady_state_model' block, variable 'h_obs' is not assigned a value
Found 104 equation(s).
Evaluating expressions...done
Computing static model derivatives (order 1).
Computing dynamic model derivatives (order 1).
Processing outputs ...
done
Preprocessing completed.





Residuals of the static equations:

Equation number 1 : 0 : Labor composite
Equation number 2 : 0 : Labor leisure:C
Equation number 3 : 0 : Labor leisure:I
Equation number 4 : 0 : Marginal utility of wealth
Equation number 5 : 0 : Demand curve: mc
Equation number 6 : 0 : Demand curve: sc
Equation number 7 : 0 : Shopping:mc
Equation number 8 : 0 : Shopping:sc
Equation number 9 : 0 : Shopping:I
Equation number 10 : 0 : Composite utility term
Equation number 11 : 0 : Consumption CES aggregator
Equation number 12 : 0 : Investment adjustment cost function:mc
Equation number 13 : 0 : Investment adjustment cost function:mc
Equation number 14 : 0 : Investment adjustment cost function:I
Equation number 15 : 0 : Investment adjustment cost function: derivative mc
Equation number 16 : 0 : Investment adjustment cost function: derivative mc
Equation number 17 : 0 : Investment adjustment cost function: derivative I
Equation number 18 : 0 : Investment growth:mc
Equation number 19 : 0 : Investment growth:mc
Equation number 20 : 0 : Investment growth:I
Equation number 21 : 0 : Depreciation rate: mc
Equation number 22 : 0 : Depreciation rate: sc
Equation number 23 : 0 : Depreciation rate: I
Equation number 24 : 0 : Depreciation rate derivative: mc
Equation number 25 : 0 : Depreciation rate derivative: sc
Equation number 26 : 0 : Depreciation rate derivative: I
Equation number 27 : 0 : Tobins Q: mc
Equation number 28 : 0 : Tobins Q: sc
Equation number 29 : 0 : Tobins Q: I
Equation number 30 : 0 : Euler equation: mc
Equation number 31 : 0 : Euler equation: sc
Equation number 32 : 0 : Euler equation: I
Equation number 33 : 0 : Utilization: mc
Equation number 34 : 0 : Utilization: sc
Equation number 35 : 0 : Utilization: I
Equation number 36 : 0 : Non-durable goods production
Equation number 37 : 0 : Services production
Equation number 38 : 0 : Investment production
Equation number 39 : 0 : Capital law of motion:mc
Equation number 40 : 0 : Capital law of motion:sc
Equation number 41 : 0 : Capital law of motion:I
Equation number 42 : 0 : Labor demand:mc
Equation number 43 : 0 : Labor demand:sc
Equation number 44 : 0 : Labor demand:I
Equation number 45 : 0 : Capital demand:mc
Equation number 46 : 0 : Capital demand:sc
Equation number 47 : 0 : Capital demand:I
Equation number 48 : 0 : Labor composition
Equation number 49 : 0 : Labor composition: C
Equation number 50 : 0 : Capital composition
Equation number 51 : 0 : Investment composition
Equation number 52 : 0 : Shopping composition
Equation number 53 : 0 : Capital utilization composition
Equation number 54 : 0 : Aggregate wage
Equation number 55 : 0 : Output (base-year prices)
Equation number 56 : 0 : Solow residual
Equation number 57 : 0 : Capacity utilization
Equation number 58 : 0 : util_sc
Equation number 59 : 0 : util_D
Equation number 60 : 0 : util
Equation number 61 : 0 : General technology measure
Equation number 62 : 0 : stochastic trend process
Equation number 63 : 0 : Stationary TFP process
Equation number 64 : 0 : Independent component of I-specific tech
Equation number 65 : 0 : Investment-specific TFP process
Equation number 66 : 0 : Labor supply process
Equation number 67 : 0 : Shopping effort process
Equation number 68 : 0 : Relative shopping effort process
Equation number 69 : 0 : Consumption preference process
Equation number 70 : 0 : Wage-markup process
Equation number 71 : 0 : Definition log output
Equation number 72 : 0 : Definition log consumption
Equation number 73 : 0 : Definition log investment
Equation number 74 : 0 : Definition log hours
Equation number 75 : 0 : log_NC
Equation number 76 : 0 : log_NI
Equation number 77 : 0 : log capital
Equation number 78 : 0 : Definition log labor productivity
Equation number 79 : 0 : Definition log shopping effort
Equation number 80 : 0 : Definition log capital utilization
Equation number 81 : 0 : Definition of log relative investment  price
Equation number 82 : 0 : Definition of log capacity utilization
Equation number 83 : 0 : log_util_ND
Equation number 84 : 0 : log_util_D
Equation number 85 : 0 : Definition of log wages
Equation number 86 : 0 : Definition of log Solow residual
Equation number 87 : 0 : Definition of log technology
Equation number 88 : 0 : C_obs
Equation number 89 : 0 : I_obs
Equation number 90 : 0 : Y_obs
Equation number 91 : 0 : Y_N_obs
Equation number 92 : 0 : K_obs
Equation number 93 : 0 : w_obs
Equation number 94 : 0 : SR_obs
Equation number 95 : 0 : tech_obs
Equation number 96 : 0 : p_I_obs
Equation number 97 : 0 : N_obs
Equation number 98 : 0 : NC_obs
Equation number 99 : 0 : NI_obs
Equation number 100 : 0 : util_ND_obs
Equation number 101 : 0 : util_D_obs
Equation number 102 : 0 : util_obs
Equation number 103 : 0 : D_obs
Equation number 104 : 0 : h_obs



STEADY-STATE RESULTS:

Y           		 1
C           		 0.8
Y_mc        		 0.28
Y_sc        		 0.52
SR          		 1.01547
I           		 0.2
I_mc        		 0.056
I_sc        		 0.104
I_I         		 0.04
K           		 11.0496
K_mc        		 3.09389
K_sc        		 5.7458
K_I         		 2.20992
N           		 0.3
N_mc        		 0.084
N_sc        		 0.156
N_C         		 0.24
N_I         		 0.06
N_comp      		 0.3
Z_C         		 0
u_ZI        		 0
Z_I         		 0
tech        		 1
theta_N     		 0
theta_D     		 0
theta_I     		 0
theta_b     		 0
mu          		 0
R_mc        		 0.0483892
R_sc        		 0.0483892
R_I         		 0.0483892
W_C         		 2.23333
W_I         		 2.23333
W           		 2.23333
h_mc        		 1
h_sc        		 1
h_I         		 1
h           		 1
delta_mc    		 0.0136717
delta_sc    		 0.0136717
delta_I     		 0.0136717
delta_mc_pr 		 0.0329046
delta_sc_pr 		 0.0329046
delta_I_pr  		 0.0329046
Smc         		 0
Ssc         		 0
Si          		 0
Smc_pr      		 0
Ssc_pr      		 0
Si_pr       		 0
D           		 0.827037
D_mc        		 0.23157
D_sc        		 0.430059
D_I         		 0.165407
Gam         		 0.580826
p_mc        		 1
p_sc        		 1
p_I         		 1
lam         		 2.01565
Q_mc        		 1.47059
Q_sc        		 1.47059
Q_I         		 1.47059
x_mc        		 1.00451
x_sc        		 1.00451
x_I         		 1.00451
log_SR      		 0
util        		 0.81
util_ND     		 0.81
util_sc     		 0.81
util_D      		 0.81
g           		 0.0045
log_Y       		 0
log_C       		 0
log_I       		 0
log_N       		 0
log_NC      		 0
log_NI      		 0
log_K       		 0
log_Y_N     		 0
log_D       		 0
log_h       		 0
log_p_I     		 0
log_util    		 0
log_util_ND 		 0
log_util_D  		 0
log_W       		 0
log_tech    		 0
C_obs       		 0
I_obs       		 0
Y_obs       		 0
SR_obs      		 0
Y_N_obs     		 0
p_I_obs     		 0
N_obs       		 0
NC_obs      		 0
NI_obs      		 0
util_ND_obs 		 0
util_D_obs  		 0
util_obs    		 0
tech_obs    		 0
w_obs       		 0
D_obs       		 0
h_obs       		 0
K_obs       		 0

EIGENVALUES:
         Modulus             Real        Imaginary

               0                0                0
               0                0                0
       1.552e-19       -1.552e-19                0
       2.202e-18       -2.202e-18                0
       2.873e-18        2.873e-18                0
       5.529e-18       -5.529e-18                0
       8.278e-18       -8.278e-18                0
       1.164e-17       -1.164e-17                0
       1.638e-17       -1.638e-17                0
       2.632e-17       -2.632e-17                0
       5.438e-17        5.438e-17                0
       9.433e-17        9.433e-17                0
       9.567e-17       -9.567e-17                0
       1.212e-16        1.212e-16                0
       1.899e-16       -1.899e-16                0
       2.778e-16       -2.778e-16                0
       5.785e-16        5.785e-16                0
       7.439e-16       -7.439e-16                0
             0.1              0.1                0
          0.5872           0.5872                0
             0.9              0.9                0
             0.9              0.9                0
             0.9              0.9                0
             0.9              0.9                0
             0.9              0.9                0
             0.9              0.9                0
             0.9              0.9                0
          0.9387           0.9364          0.06531
          0.9387           0.9364         -0.06531
          0.9407           0.9386          0.06309
          0.9407           0.9386         -0.06309
          0.9932           0.9932                0
           1.022            1.022                0
           1.079            1.076          0.07234
           1.079            1.076         -0.07234
           1.081            1.078           0.0752
           1.081            1.078          -0.0752
           1.728            1.728                0
       1.206e+16        1.206e+16                0
       3.668e+16        3.668e+16                0
       1.798e+17       -1.798e+17                0
       2.289e+17       -2.289e+17                0
        3.26e+17        -3.26e+17                0
       3.717e+17        3.717e+17                0
       3.789e+17        3.789e+17                0
       9.436e+17       -9.436e+17                0
       1.157e+18       -1.157e+18                0
       1.501e+18        1.501e+18                0
       1.565e+18       -1.565e+18                0
       2.656e+45       -2.656e+45                0
       1.317e+46       -1.317e+46                0
       6.587e+47        6.587e+47                0


There are 20 eigenvalue(s) larger than 1 in modulus 
for 20 forward-looking variable(s)

The rank condition is verified.


Initial value of the log posterior (or likelihood): 2978.4228

MODE CHECK

Fval obtained by the minimization routine (minus the posterior/likelihood)): -2978.422842

RESULTS FROM POSTERIOR ESTIMATION
parameters
         prior mean     mode    s.d.  prior pstdev

sigma        1.5000   1.6782  0.0584   beta 0.2500 
ha           0.5000   0.5579  0.0101   beta 0.2000 
nu           0.7200   0.1578  0.1348   gamm 0.2500 
phi          0.3200   0.9247  0.0266   beta 0.2000 
eta          0.2000   0.5663  0.0286   gamm 0.1500 
xi           0.8500   0.8234  0.0149   gamm 0.1000 
nu_R         0.2000   0.4955  0.0015   beta 0.1000 
sigma_ac     1.0000   0.1602  0.0162   invg 1.0000 
sigma_ai     1.0000   3.6229  0.3786   invg 1.0000 
Psi_K        4.0000   5.0431  0.6265   gamm 1.0000 
theta        1.0000   0.0102  0.0087   gamm 0.5000 
rho_g        0.1000   0.1225  0.0202   beta 0.0500 
rho_Z        0.6000   0.9741  0.0101   beta 0.2000 
rho_ZI       0.6000   0.8287  0.0353   beta 0.2000 
rho_N        0.6000   0.7299  0.0375   beta 0.2000 
rho_D        0.6000   0.7079  0.0128   beta 0.2000 
rho_DI       0.6000   0.9993  0.0014   beta 0.2000 
rho_b        0.6000   0.9971  0.0020   beta 0.2000 
rho_mu       0.6000   0.9799  0.0097   beta 0.2000 

standard deviation of shocks
         prior mean     mode    s.d.  prior pstdev

e_g          0.0100   0.1004  0.0030   gamm 0.0100 
e_Z          0.0100   0.0371  0.0058   gamm 0.0100 
e_ZI         0.0100   0.0870  0.0024   gamm 0.0100 
e_N          0.0100   0.0475  0.0018   gamm 0.0100 
e_D          0.0100   0.1359  0.0026   gamm 0.0100 
e_DI         0.0100   0.0421  0.0023   gamm 0.0100 
e_b          0.0100   0.0258  0.0010   gamm 0.0100 
e_mu         0.0100   0.0356  0.0014   gamm 0.0100 


Log data density [Laplace approximation] is 2855.165029.

Estimation::mcmc: I am loading past Metropolis-Hastings simulations...
Estimation::mcmc: Recovering the previous proposal density.
Estimation::mcmc: I am writing a new mh-history file... Done.
Estimation::mcmc: Ok. I have loaded 150000 simulations.


Estimation::mcmc: Number of mh files: 1 per block.
Estimation::mcmc: Total number of generated files: 2.
Estimation::mcmc: Total number of iterations: 250000.
Estimation::mcmc: Current acceptance ratio per chain: 
                                                       Chain  1: 80.023%
                                                       Chain  2: 79.043%
Estimation::mcmc: Total number of MH draws per chain: 250000.
Estimation::mcmc: Total number of generated MH files: 1.
Estimation::mcmc: I'll use mh-files 1 to 1.
Estimation::mcmc: In MH-file number 1 I'll start at line 75001.
Estimation::mcmc: Finally I keep 175000 draws per chain.



MCMC Inefficiency factors per block
Parameter       Block 1     Block 2
SE_e_g          746.644     744.376
SE_e_Z          747.511     747.108
SE_e_ZI         746.893     747.410
SE_e_N          746.580     743.362
SE_e_D          742.051     743.999
SE_e_DI         746.755     745.304
SE_e_b          747.846     742.828
SE_e_mu         747.015     742.146
sigma           745.036     745.995
ha              739.494     730.204
nu              738.678     727.777
phi             738.627     732.825
eta             747.036     747.092
xi              742.549     743.293
nu_R            627.868     687.836
sigma_ac        632.167     632.729
sigma_ai        747.072     746.273
Psi_K           747.114     747.081
theta           576.494     530.170
rho_g           746.857     739.388
rho_Z           721.184     726.347
rho_ZI          740.414     745.413
rho_N           747.198     745.094
rho_D           723.434     741.509
rho_DI          476.267     324.838
rho_b           586.730     556.406
rho_mu          705.846     694.259

Estimation::mcmc::diagnostics: Univariate convergence diagnostic, Brooks and Gelman (1998):
    Parameter 1...  Done! 
    Parameter 2...  Done! 
    Parameter 3...  Done! 
    Parameter 4...  Done! 
    Parameter 5...  Done! 
    Parameter 6...  Done! 
    Parameter 7...  Done! 
    Parameter 8...  Done! 
    Parameter 9...  Done! 
    Parameter 10...  Done! 
    Parameter 11...  Done! 
    Parameter 12...  Done! 
    Parameter 13...  Done! 
    Parameter 14...  Done! 
    Parameter 15...  Done! 
    Parameter 16...  Done! 
    Parameter 17...  Done! 
    Parameter 18...  Done! 
    Parameter 19...  Done! 
    Parameter 20...  Done! 
    Parameter 21...  Done! 
    Parameter 22...  Done! 
    Parameter 23...  Done! 
    Parameter 24...  Done! 
    Parameter 25...  Done! 
    Parameter 26...  Done! 
    Parameter 27...  Done! 

Estimation::marginal density: I'm computing the posterior mean and covariance...  Done!
Estimation::marginal density: I'm computing the posterior log marginal density (modified harmonic mean)... 
Estimation::marginal density: The support of the weighting density function is not large enough...
Estimation::marginal density: I increase the variance of this distribution.
Done!


ESTIMATION RESULTS

Log data density is 2678.807288.

parameters
           prior mean   post. mean        90% HPD interval    prior       pstdev

sigma           1.500       1.6794      1.5504      1.7669     beta       0.2500
ha              0.500       0.5716      0.5517      0.5942     beta       0.2000
nu              0.720       0.1707      0.1350      0.2039     gamm       0.2500
phi             0.320       0.9449      0.9083      0.9861     beta       0.2000
eta             0.200       0.5279      0.4710      0.5797     gamm       0.1500
xi              0.850       0.8258      0.8066      0.8582     gamm       0.1000
nu_R            0.200       0.4974      0.4939      0.5000     beta       0.1000
sigma_ac        1.000       0.1712      0.1368      0.2040     invg       1.0000
sigma_ai        1.000       3.5813      2.8784      4.1625     invg       1.0000
Psi_K           4.000       5.4271      4.3272      6.4099     gamm       1.0000
theta           1.000       0.0173      0.0050      0.0287     gamm       0.5000
rho_g           0.100       0.1009      0.0711      0.1254     beta       0.0500
rho_Z           0.600       0.9667      0.9497      0.9839     beta       0.2000
rho_ZI          0.600       0.8405      0.7861      0.8857     beta       0.2000
rho_N           0.600       0.7330      0.6184      0.8421     beta       0.2000
rho_D           0.600       0.6978      0.6743      0.7205     beta       0.2000
rho_DI          0.600       0.9977      0.9953      0.9999     beta       0.2000
rho_b           0.600       0.9972      0.9945      0.9999     beta       0.2000
rho_mu          0.600       0.9826      0.9723      0.9962     beta       0.2000

standard deviation of shocks
           prior mean   post. mean        90% HPD interval    prior       pstdev

e_g             0.010       0.0960      0.0874      0.1019     gamm       0.0100
e_Z             0.010       0.0371      0.0226      0.0539     gamm       0.0100
e_ZI            0.010       0.0853      0.0809      0.0912     gamm       0.0100
e_N             0.010       0.0462      0.0435      0.0496     gamm       0.0100
e_D             0.010       0.1361      0.1321      0.1398     gamm       0.0100
e_DI            0.010       0.0428      0.0384      0.0466     gamm       0.0100
e_b             0.010       0.0263      0.0237      0.0289     gamm       0.0100
e_mu            0.010       0.0365      0.0332      0.0412     gamm       0.0100

MODEL SUMMARY

  Number of variables:         104
  Number of stochastic shocks: 8
  Number of state variables:   32
  Number of jumpers:           20
  Number of static variables:  53


MATRIX OF COVARIANCE OF EXOGENOUS SHOCKS
Variables         e_g       e_Z      e_ZI       e_N       e_D      e_DI       e_b      e_mu
e_g          0.009215  0.000000  0.000000  0.000000  0.000000  0.000000  0.000000  0.000000
e_Z          0.000000  0.001375  0.000000  0.000000  0.000000  0.000000  0.000000  0.000000
e_ZI         0.000000  0.000000  0.007270  0.000000  0.000000  0.000000  0.000000  0.000000
e_N          0.000000  0.000000  0.000000  0.002136  0.000000  0.000000  0.000000  0.000000
e_D          0.000000  0.000000  0.000000  0.000000  0.018522  0.000000  0.000000  0.000000
e_DI         0.000000  0.000000  0.000000  0.000000  0.000000  0.001828  0.000000  0.000000
e_b          0.000000  0.000000  0.000000  0.000000  0.000000  0.000000  0.000693  0.000000
e_mu         0.000000  0.000000  0.000000  0.000000  0.000000  0.000000  0.000000  0.001331



THEORETICAL MOMENTS
VARIABLE            MEAN  STD. DEV.   VARIANCE
Y_obs             0.0000     0.1105     0.0122
Y_N_obs           0.0000     0.1067     0.0114
SR_obs            0.0000     0.1051     0.0110
I_obs             0.0000     0.2402     0.0577
p_I_obs           0.0000     0.1589     0.0252
C_obs             0.0000     0.1077     0.0116
NC_obs            0.0000     0.0361     0.0013
NI_obs            0.0000     0.1562     0.0244
util_ND_obs       0.0000     0.0819     0.0067
util_D_obs        0.0000     0.1724     0.0297
util_obs          0.0000     0.0676     0.0046
D_obs             0.0000     0.0591     0.0035
h_obs             0.0000     0.1899     0.0361
tech_obs          0.0000     0.1053     0.0111



VARIANCE DECOMPOSITION (in percent)
                  e_g     e_Z    e_ZI     e_N     e_D    e_DI     e_b    e_mu
Y_obs           40.94   51.31    2.06    0.00    2.72    0.83    2.14    0.00
Y_N_obs         46.84   45.66    2.22    0.45    2.07    0.76    1.77    0.24
SR_obs          47.19   45.44    1.99    0.21    2.13    0.71    2.21    0.11
I_obs            4.14   64.45   12.15    0.00    5.70    2.93   10.64    0.00
p_I_obs          1.40   14.37   72.17    0.00    4.62    6.67    0.78    0.00
C_obs           58.14   28.21    1.68    0.00    1.43    0.48   10.06    0.00
NC_obs           6.86   21.40   31.70    4.03    2.73    1.71   29.32    2.25
NI_obs           7.20   25.01   41.80    0.21    3.25    2.20   20.21    0.11
util_ND_obs      7.20   71.48    2.65    0.00    1.89    0.81   15.96    0.00
util_D_obs       8.30   32.43   25.77    0.00   10.78    5.44   17.29    0.00
util_obs         1.92   69.87   13.72    0.00    6.46    1.91    6.12    0.00
D_obs            1.91   15.50    2.50    0.00   78.68    0.38    1.03    0.00
h_obs            5.39   46.72    6.12    0.00   36.65    0.85    4.29    0.00
tech_obs        83.89   13.26    2.85    0.00    0.00    0.00    0.00    0.00



MATRIX OF CORRELATIONS
Variables            Y_obs      Y_N_obs       SR_obs        I_obs      p_I_obs        C_obs       NC_obs       NI_obs  util_ND_obs   util_D_obs     util_obs        D_obs        h_obs     tech_obs
Y_obs               1.0000       0.9934       0.9881       0.6674      -0.2508       0.9097       0.0739       0.0755       0.4651       0.2337       0.5699       0.3167       0.3133       0.7596
Y_N_obs             0.9934       1.0000       0.9928       0.6482      -0.2617       0.9120       0.0721       0.0313       0.4480       0.1873       0.5297       0.2685       0.3121       0.7976
SR_obs              0.9881       0.9928       1.0000       0.6560      -0.2600       0.9008       0.0589       0.0495       0.4430       0.2028       0.5327       0.2761       0.3089       0.8038
I_obs               0.6674       0.6482       0.6560       1.0000      -0.5860       0.2979      -0.3293       0.4506      -0.0444       0.6757       0.3016       0.4196      -0.0619       0.3852
p_I_obs            -0.2508      -0.2617      -0.2600      -0.5860       1.0000       0.0052      -0.3566       0.3364       0.0263       0.0101       0.0306      -0.2194       0.2499      -0.1298
C_obs               0.9097       0.9120       0.9008       0.2979       0.0052       1.0000       0.2783      -0.1545       0.6209      -0.0771       0.5624       0.1720       0.4360       0.7589
NC_obs              0.0739       0.0721       0.0589      -0.3293      -0.3566       0.2783       1.0000      -0.9089       0.4867      -0.7753       0.0763      -0.0131       0.0861       0.0574
NI_obs              0.0755       0.0313       0.0495       0.4506       0.3364      -0.1545      -0.9089       1.0000      -0.3351       0.9033       0.1360       0.2149      -0.0375      -0.0906
util_ND_obs         0.4651       0.4480       0.4430      -0.0444       0.0263       0.6209       0.4867      -0.3351       1.0000      -0.2016       0.8663       0.1992       0.7268       0.0498
util_D_obs          0.2337       0.1873       0.2028       0.6757       0.0101      -0.0771      -0.7753       0.9033      -0.2016       1.0000       0.3146       0.4934      -0.1175      -0.0796
util_obs            0.5699       0.5297       0.5327       0.3016       0.0306       0.5624       0.0763       0.1360       0.8663       0.3146       1.0000       0.4447       0.6444       0.0076
D_obs               0.3167       0.2685       0.2761       0.4196      -0.2194       0.1720      -0.0131       0.2149       0.1992       0.4934       0.4447       1.0000      -0.3894      -0.0502
h_obs               0.3133       0.3121       0.3089      -0.0619       0.2499       0.4360       0.0861      -0.0375       0.7268      -0.1175       0.6444      -0.3894       1.0000       0.0506
tech_obs            0.7596       0.7976       0.8038       0.3852      -0.1298       0.7589       0.0574      -0.0906       0.0498      -0.0796       0.0076      -0.0502       0.0506       1.0000



COEFFICIENTS OF AUTOCORRELATION
Order               1       2       3       4       5
Y_obs          0.5338  0.4244  0.3506  0.2843  0.2246
Y_N_obs        0.4813  0.3762  0.3111  0.2532  0.2010
SR_obs         0.4765  0.3711  0.3067  0.2496  0.1984
I_obs          0.7256  0.5079  0.3413  0.2183  0.1306
p_I_obs        0.0693  0.0436  0.0289  0.0207  0.0164
C_obs          0.3640  0.2702  0.2274  0.1893  0.1536
NC_obs         0.3178  0.2308  0.1587  0.1010  0.0569
NI_obs         0.2555  0.1652  0.0976  0.0472  0.0116
util_ND_obs    0.4582  0.3448  0.2550  0.1828  0.1263
util_D_obs     0.4374  0.2721  0.1540  0.0709  0.0151
util_obs       0.5414  0.4252  0.3278  0.2480  0.1842
D_obs          0.0710  0.0686  0.0587  0.0459  0.0330
h_obs          0.0960  0.0767  0.0652  0.0565  0.0497
tech_obs       0.1065  0.0257  0.0142  0.0102  0.0074
Total computing time : 0h29m15s
Note: 4 warning(s) encountered in the preprocessor
