Starting Dynare (version 5.4).
Calling Dynare with arguments: none
Starting preprocessing of the model file ...
WARNING: in the 'steady_state_model' block, variable 'log_h' is not assigned a value
WARNING: in the 'steady_state_model' block, variable 'h_obs' is not assigned a value
Substitution of exo lags: added 24 auxiliary variables and equations.
Found 125 equation(s).
Evaluating expressions...done
Computing static model derivatives (order 1).
Computing dynamic model derivatives (order 1).
Processing outputs ...
done
Preprocessing completed.





Residuals of the static equations:

Equation number 1 : 0 : Labor composite
Equation number 2 : 0 : Labor leisure:C
Equation number 3 : 0 : Labor leisure:I
Equation number 4 : 0 : Marginal utility of wealth
Equation number 5 : 0 : Demand curve: mc
Equation number 6 : 0 : Demand curve: sc
Equation number 7 : 0 : Shopping:mc
Equation number 8 : 0 : Shopping:sc
Equation number 9 : 0 : Shopping:I
Equation number 10 : 0 : Composite utility term
Equation number 11 : 0 : Law of motion of wealth effects variable
Equation number 12 : 0 : Consumption CES aggregator
Equation number 13 : 0 : Investment adjustment cost function:mc
Equation number 14 : 0 : Investment adjustment cost function:mc
Equation number 15 : 0 : Investment adjustment cost function:I
Equation number 16 : 0 : Investment adjustment cost function: derivative mc
Equation number 17 : 0 : Investment adjustment cost function: derivative mc
Equation number 18 : 0 : Investment adjustment cost function: derivative I
Equation number 19 : 0 : Investment growth:mc
Equation number 20 : 0 : Investment growth:mc
Equation number 21 : 0 : Investment growth:I
Equation number 22 : 0 : Depreciation rate: mc
Equation number 23 : 0 : Depreciation rate: sc
Equation number 24 : 0 : Depreciation rate: I
Equation number 25 : 0 : Depreciation rate derivative: mc
Equation number 26 : 0 : Depreciation rate derivative: sc
Equation number 27 : 0 : Depreciation rate derivative: I
Equation number 28 : 0 : Tobins Q: mc
Equation number 29 : 0 : Tobins Q: sc
Equation number 30 : 0 : Tobins Q: I
Equation number 31 : 0 : Euler equation: mc
Equation number 32 : 0 : Euler equation: sc
Equation number 33 : 0 : Euler equation: I
Equation number 34 : 0 : Utilization: mc
Equation number 35 : 0 : Utilization: sc
Equation number 36 : 0 : Utilization: I
Equation number 37 : 0 : Non-durable goods production
Equation number 38 : 0 : Services production
Equation number 39 : 0 : Investment production
Equation number 40 : 0 : Capital law of motion:mc
Equation number 41 : 0 : Capital law of motion:sc
Equation number 42 : 0 : Capital law of motion:I
Equation number 43 : 0 : Labor demand:mc
Equation number 44 : 0 : Labor demand:sc
Equation number 45 : 0 : Labor demand:I
Equation number 46 : 0 : Capital demand:mc
Equation number 47 : 0 : Capital demand:sc
Equation number 48 : 0 : Capital demand:I
Equation number 49 : 0 : Labor composition
Equation number 50 : 0 : Labor composition: C
Equation number 51 : 0 : Capital composition
Equation number 52 : 0 : Investment composition
Equation number 53 : 0 : Shopping composition
Equation number 54 : 0 : Capital utilization composition
Equation number 55 : 0 : Aggregate wage
Equation number 56 : 0 : Output (base-year prices)
Equation number 57 : 0 : Solow residual
Equation number 58 : 0 : Capacity utilization
Equation number 59 : 0 : util_sc
Equation number 60 : 0 : util_D
Equation number 61 : 0 : util
Equation number 62 : 0 : stochastic trend process
Equation number 63 : 0 : Stationary TFP process
Equation number 64 : 0 : Independent component of I-specific tech
Equation number 65 : 0 : Investment-specific TFP process
Equation number 66 : 0 : Labor supply process
Equation number 67 : 0 : Consumption preference process
Equation number 68 : 0 : Wage-markup process: C
Equation number 69 : 0 : Wage-markup process: I
Equation number 70 : 0 : Definition log output
Equation number 71 : 0 : Definition log consumption
Equation number 72 : 0 : Definition log investment
Equation number 73 : 0 : Definition log hours
Equation number 74 : 0 : log_NC
Equation number 75 : 0 : log_NI
Equation number 76 : 0 : log capital
Equation number 77 : 0 : Definition log labor productivity
Equation number 78 : 0 : Definition log shopping effort
Equation number 79 : 0 : Definition log capital utilization
Equation number 80 : 0 : Definition of log relative investment  price
Equation number 81 : 0 : Definition of log capacity utilization
Equation number 82 : 0 : log_util_ND
Equation number 83 : 0 : log_util_D
Equation number 84 : 0 : Definition of log wages
Equation number 85 : 0 : Definition of log Solow residual
Equation number 86 : 0 : C_obs
Equation number 87 : 0 : I_obs
Equation number 88 : 0 : Y_obs
Equation number 89 : 0 : Y_N_obs
Equation number 90 : 0 : K_obs
Equation number 91 : 0 : w_obs
Equation number 92 : 0 : SR_obs
Equation number 93 : 0 : p_I_obs
Equation number 94 : 0 : N_obs
Equation number 95 : 0 : NC_obs
Equation number 96 : 0 : NI_obs
Equation number 97 : 0 : util_ND_obs
Equation number 98 : 0 : util_D_obs
Equation number 99 : 0 : util_obs
Equation number 100 : 0 : D_obs
Equation number 101 : 0 : h_obs



STEADY-STATE RESULTS:

Y                 		 1
C                 		 0.8
Y_mc              		 0.28
Y_sc              		 0.52
SR                		 1.01397
I                 		 0.2
I_mc              		 0.056
I_sc              		 0.104
I_I               		 0.04
K                 		 11.0496
K_mc              		 3.09389
K_sc              		 5.7458
K_I               		 2.20992
N                 		 0.3
N_mc              		 0.084
N_sc              		 0.156
N_C               		 0.24
N_I               		 0.06
N_comp            		 0.3
Z_C               		 0
u_ZI              		 0
Z_I               		 0
theta_N           		 0
theta_b           		 0
mu_C              		 0
mu_I              		 0
R_mc              		 0.0483892
R_sc              		 0.0483892
R_I               		 0.0483892
W_C               		 2.23333
W_I               		 2.23333
W                 		 2.23333
h_mc              		 1
h_sc              		 1
h_I               		 1
h                 		 1
delta_mc          		 0.0136717
delta_sc          		 0.0136717
delta_I           		 0.0136717
delta_mc_pr       		 0.0329046
delta_sc_pr       		 0.0329046
delta_I_pr        		 0.0329046
Smc               		 0
Ssc               		 0
Si                		 0
Smc_pr            		 0
Ssc_pr            		 0
Si_pr             		 0
D                 		 0.827037
D_mc              		 0.23157
D_sc              		 0.430059
D_I               		 0.165407
Gam               		 0.500826
zeta              		 0.666667
p_mc              		 1
p_sc              		 1
p_I               		 1
lam               		 2.71103
Q_mc              		 1.47059
Q_sc              		 1.47059
Q_I               		 1.47059
x_mc              		 1.00451
x_sc              		 1.00451
x_I               		 1.00451
log_SR            		 0
util              		 0.81
util_ND           		 0.81
util_sc           		 0.81
util_D            		 0.81
g                 		 0.0045
log_Y             		 0
log_C             		 0
log_I             		 0
log_N             		 0
log_NC            		 0
log_NI            		 0
log_K             		 0
log_Y_N           		 0
log_D             		 0
log_h             		 0
log_p_I           		 0
log_util          		 0
log_util_ND       		 0
log_util_D        		 0
log_W             		 0
C_obs             		 0
I_obs             		 0
Y_obs             		 0
SR_obs            		 0
Y_N_obs           		 0
p_I_obs           		 0
N_obs             		 0
NC_obs            		 0
NI_obs            		 0
util_ND_obs       		 0
util_D_obs        		 0
util_obs          		 0
w_obs             		 0
D_obs             		 0
h_obs             		 0
K_obs             		 0

EIGENVALUES:
         Modulus             Real        Imaginary

               0                0                0
               0                0                0
       3.416e-20        3.416e-20                0
       6.945e-20       -6.945e-20                0
       5.505e-19        5.505e-19                0
       5.592e-19       -5.592e-19                0
       5.902e-19       -5.902e-19                0
       7.536e-19        7.536e-19                0
       1.159e-18       -1.159e-18                0
        1.46e-18         1.46e-18                0
       1.536e-18       -1.536e-18                0
       1.825e-18        1.825e-18                0
       1.978e-18       -1.978e-18                0
       2.198e-18        2.198e-18                0
       2.232e-18        2.232e-18                0
       2.581e-18        2.581e-18                0
       4.153e-18        4.153e-18                0
        6.75e-18        -6.75e-18                0
       7.167e-18        7.167e-18                0
        8.23e-18         8.23e-18                0
       1.075e-17       -1.075e-17                0
       1.309e-17       -1.309e-17                0
       1.844e-17        1.844e-17                0
       2.146e-17        2.146e-17                0
       2.172e-17        2.172e-17                0
       2.182e-17        2.182e-17                0
       2.895e-17        2.895e-17                0
       2.968e-17        2.968e-17                0
       4.117e-17        4.117e-17                0
       5.125e-17        5.125e-17                0
       5.302e-17        5.302e-17                0
       5.419e-17       -5.419e-17                0
       8.119e-17       -8.119e-17                0
        1.12e-16         1.12e-16                0
       1.297e-16       -1.297e-16                0
       1.802e-16        1.802e-16                0
       2.685e-16       -2.685e-16                0
       2.702e-16        2.702e-16                0
        4.57e-16         4.57e-16                0
       5.296e-16       -5.296e-16                0
         0.07393          0.07393                0
             0.1              0.1                0
          0.4526           0.4526                0
          0.6019           0.6019                0
             0.9              0.9                0
             0.9              0.9                0
             0.9              0.9                0
             0.9              0.9                0
             0.9              0.9                0
             0.9              0.9                0
          0.9387           0.9364          0.06531
          0.9387           0.9364         -0.06531
          0.9409           0.9388          0.06281
          0.9409           0.9388         -0.06281
          0.9916           0.9916                0
           1.022            1.022                0
           1.078            1.076          0.07211
           1.078            1.076         -0.07211
           1.081            1.078           0.0752
           1.081            1.078          -0.0752
           1.725            1.725                0
       2.469e+16       -2.469e+16                0
       2.916e+16       -2.916e+16                0
       1.417e+17       -1.417e+17                0
       1.598e+17        1.598e+17                0
       4.464e+17        4.464e+17                0
       9.814e+17        9.814e+17                0
       1.489e+18       -1.489e+18                0
       2.137e+18       -2.137e+18                0
       2.256e+18       -2.256e+18                0
       2.942e+18       -2.942e+18                0
       4.803e+18        4.803e+18                0
       8.577e+44       -8.577e+44                0
       2.196e+46       -2.196e+46                0
       1.317e+48       -1.317e+48                0


There are 20 eigenvalue(s) larger than 1 in modulus 
for 20 forward-looking variable(s)

The rank condition is verified.


Initial value of the log posterior (or likelihood): 4358.309

MODE CHECK

Fval obtained by the minimization routine (minus the posterior/likelihood)): -4358.308961

RESULTS FROM POSTERIOR ESTIMATION
parameters
           prior mean     mode    s.d.  prior pstdev

sigma          1.5000   3.7927  0.0365   beta 0.2500 
ha             0.5000   0.0053  0.0020   beta 0.2000 
nu             0.7200   0.9333  0.0433   gamm 0.2500 
gam            0.5000   0.9862  0.0137   beta 0.2000 
phi            0.3200   0.7011  0.0078   beta 0.2000 
eta            0.2000   2.0344  0.0370   gamm 0.1500 
xi             0.8500   1.0002  0.0113   gamm 0.1000 
nu_R           0.2000   0.0129  0.0039   beta 0.1000 
sigma_ac       1.0000   0.1308  0.0077   invg 1.0000 
sigma_ai       1.0000   0.8240  0.1044   invg 1.0000 
Psi_C          4.0000   0.6340  0.0474   gamm 1.0000 
Psi_I          4.0000  16.3382  0.1563   gamm 1.0000 
theta          1.0000   3.1479  0.0689   gamm 0.5000 
rho_g          0.1000   0.0854  0.0053   beta 0.0500 
rho_Z          0.6000   0.7741  0.0137   beta 0.2000 
rho_ZI         0.6000   0.9989  0.0009   beta 0.2000 
rho_N          0.6000   0.9926  0.0254   beta 0.2000 
rho_b          0.6000   0.9216  0.0228   beta 0.2000 
rho_muC        0.6000   0.9984  0.0039   beta 0.2000 
rho_muI        0.6000   0.9717  0.0080   beta 0.2000 

standard deviation of shocks
           prior mean     mode    s.d.  prior pstdev

e_g            0.0100   0.0241  0.0011   gamm 0.0100 
e_g_news       0.0100   0.0017  0.0007   gamm 0.0100 
e_Z            0.0100   0.0071  0.0005   gamm 0.0100 
e_Z_news       0.0100   0.0052  0.0003   gamm 0.0100 
e_ZI           0.0100   0.0288  0.0011   gamm 0.0100 
e_ZI_news      0.0100   0.0013  0.0009   gamm 0.0100 
e_N            0.0100   0.0022  0.0008   gamm 0.0100 
e_b            0.0100   0.0005  0.0003   gamm 0.0100 
e_b_news       0.0100   0.0032  0.0007   gamm 0.0100 
e_muC          0.0100   0.0001  0.0011   gamm 0.0100 
e_muC_news     0.0100   0.0078  0.0005   gamm 0.0100 
e_muI          0.0100   0.0004  0.0009   gamm 0.0100 
e_muI_news     0.0100   0.0529  0.0014   gamm 0.0100 


Log data density [Laplace approximation] is 4192.765029.

Estimation::mcmc: I am loading past Metropolis-Hastings simulations...
Estimation::mcmc: Recovering the previous proposal density.
Estimation::mcmc: I am writing a new mh-history file... Done.
Estimation::mcmc: Ok. I have loaded 300000 simulations.


Estimation::mcmc: Number of mh files: 2 per block.
Estimation::mcmc: Total number of generated files: 4.
Estimation::mcmc: Total number of iterations: 400000.
Estimation::mcmc: Current acceptance ratio per chain: 
                                                       Chain  1: 48.594%
                                                       Chain  2: 40.917%
Estimation::mcmc: Total number of MH draws per chain: 400000.
Estimation::mcmc: Total number of generated MH files: 2.
Estimation::mcmc: I'll use mh-files 1 to 2.
Estimation::mcmc: In MH-file number 1 I'll start at line 120001.
Estimation::mcmc: Finally I keep 280000 draws per chain.



MCMC Inefficiency factors per block
Parameter           Block 1     Block 2
SE_e_g              742.966     746.355
SE_e_g_news         743.459     744.406
SE_e_Z              732.392     734.426
SE_e_Z_news         708.427     707.244
SE_e_ZI             742.303     745.020
SE_e_ZI_news        745.405     742.427
SE_e_N              739.991     738.850
SE_e_b              725.535     695.402
SE_e_b_news         741.235     742.284
SE_e_muC            746.718     740.536
SE_e_muC_news       738.517     729.722
SE_e_muI            736.236     748.208
SE_e_muI_news       736.894     746.291
sigma               741.356     748.163
ha                  614.541     574.910
nu                  747.242     747.907
gam                 741.849     737.903
phi                 726.824     737.653
eta                 747.920     742.006
xi                  743.707     743.714
nu_R                730.763     714.298
sigma_ac            681.440     666.201
sigma_ai            744.025     744.562
Psi_C               736.637     728.645
Psi_I               747.588     733.618
theta               748.668     745.450
rho_g               743.146     746.501
rho_Z               733.015     740.934
rho_ZI              287.189     312.368
rho_N               748.672     741.496
rho_b               745.889     745.944
rho_muC             667.562     665.758
rho_muI             728.880     735.523

Estimation::mcmc::diagnostics: Univariate convergence diagnostic, Brooks and Gelman (1998):
    Parameter 1...  Done! 
    Parameter 2...  Done! 
    Parameter 3...  Done! 
    Parameter 4...  Done! 
    Parameter 5...  Done! 
    Parameter 6...  Done! 
    Parameter 7...  Done! 
    Parameter 8...  Done! 
    Parameter 9...  Done! 
    Parameter 10...  Done! 
    Parameter 11...  Done! 
    Parameter 12...  Done! 
    Parameter 13...  Done! 
    Parameter 14...  Done! 
    Parameter 15...  Done! 
    Parameter 16...  Done! 
    Parameter 17...  Done! 
    Parameter 18...  Done! 
    Parameter 19...  Done! 
    Parameter 20...  Done! 
    Parameter 21...  Done! 
    Parameter 22...  Done! 
    Parameter 23...  Done! 
    Parameter 24...  Done! 
    Parameter 25...  Done! 
    Parameter 26...  Done! 
    Parameter 27...  Done! 
    Parameter 28...  Done! 
    Parameter 29...  Done! 
    Parameter 30...  Done! 
    Parameter 31...  Done! 
    Parameter 32...  Done! 
    Parameter 33...  Done! 

Estimation::marginal density: I'm computing the posterior mean and covariance...  Done!
Estimation::marginal density: I'm computing the posterior log marginal density (modified harmonic mean)... Done!


ESTIMATION RESULTS

Log data density is 4199.342041.

parameters
             prior mean   post. mean        90% HPD interval    prior       pstdev

sigma             1.500       3.8089      3.6993      3.8968     beta       0.2500
ha                0.500       0.0056      0.0021      0.0089     beta       0.2000
nu                0.720       0.9116      0.8341      0.9771     gamm       0.2500
gam               0.500       0.9724      0.9502      0.9921     beta       0.2000
phi               0.320       0.7067      0.6918      0.7240     beta       0.2000
eta               0.200       2.0120      1.9393      2.0713     gamm       0.1500
xi                0.850       0.9919      0.9731      1.0104     gamm       0.1000
nu_R              0.200       0.0137      0.0100      0.0187     beta       0.1000
sigma_ac          1.000       0.1335      0.1202      0.1464     invg       1.0000
sigma_ai          1.000       0.8913      0.7359      1.0599     invg       1.0000
Psi_C             4.000       0.6064      0.5199      0.6886     gamm       1.0000
Psi_I             4.000      16.4604     16.1491     16.8328     gamm       1.0000
theta             1.000       3.1679      3.0151      3.3174     gamm       0.5000
rho_g             0.100       0.0769      0.0653      0.0874     beta       0.0500
rho_Z             0.600       0.7867      0.7613      0.8053     beta       0.2000
rho_ZI            0.600       0.9985      0.9971      0.9999     beta       0.2000
rho_N             0.600       0.9582      0.8923      0.9995     beta       0.2000
rho_b             0.600       0.9256      0.8840      0.9559     beta       0.2000
rho_muC           0.600       0.9941      0.9886      0.9999     beta       0.2000
rho_muI           0.600       0.9701      0.9541      0.9843     beta       0.2000

standard deviation of shocks
             prior mean   post. mean        90% HPD interval    prior       pstdev

e_g               0.010       0.0249      0.0233      0.0269     gamm       0.0100
e_g_news          0.010       0.0017      0.0000      0.0027     gamm       0.0100
e_Z               0.010       0.0066      0.0059      0.0075     gamm       0.0100
e_Z_news          0.010       0.0049      0.0044      0.0053     gamm       0.0100
e_ZI              0.010       0.0295      0.0274      0.0314     gamm       0.0100
e_ZI_news         0.010       0.0014      0.0001      0.0024     gamm       0.0100
e_N               0.010       0.0015      0.0001      0.0027     gamm       0.0100
e_b               0.010       0.0005      0.0001      0.0009     gamm       0.0100
e_b_news          0.010       0.0032      0.0020      0.0044     gamm       0.0100
e_muC             0.010       0.0015      0.0001      0.0030     gamm       0.0100
e_muC_news        0.010       0.0080      0.0070      0.0088     gamm       0.0100
e_muI             0.010       0.0021      0.0001      0.0075     gamm       0.0100
e_muI_news        0.010       0.0532      0.0518      0.0561     gamm       0.0100

MODEL SUMMARY

  Number of variables:         125
  Number of stochastic shocks: 13
  Number of state variables:   55
  Number of jumpers:           20
  Number of static variables:  51


MATRIX OF COVARIANCE OF EXOGENOUS SHOCKS
Variables            e_g    e_g_news         e_Z    e_Z_news        e_ZI   e_ZI_news         e_N         e_b    e_b_news       e_muC  e_muC_news       e_muI  e_muI_news
e_g             0.000619    0.000000    0.000000    0.000000    0.000000    0.000000    0.000000    0.000000    0.000000    0.000000    0.000000    0.000000    0.000000
e_g_news        0.000000    0.000003    0.000000    0.000000    0.000000    0.000000    0.000000    0.000000    0.000000    0.000000    0.000000    0.000000    0.000000
e_Z             0.000000    0.000000    0.000044    0.000000    0.000000    0.000000    0.000000    0.000000    0.000000    0.000000    0.000000    0.000000    0.000000
e_Z_news        0.000000    0.000000    0.000000    0.000024    0.000000    0.000000    0.000000    0.000000    0.000000    0.000000    0.000000    0.000000    0.000000
e_ZI            0.000000    0.000000    0.000000    0.000000    0.000871    0.000000    0.000000    0.000000    0.000000    0.000000    0.000000    0.000000    0.000000
e_ZI_news       0.000000    0.000000    0.000000    0.000000    0.000000    0.000002    0.000000    0.000000    0.000000    0.000000    0.000000    0.000000    0.000000
e_N             0.000000    0.000000    0.000000    0.000000    0.000000    0.000000    0.000002    0.000000    0.000000    0.000000    0.000000    0.000000    0.000000
e_b             0.000000    0.000000    0.000000    0.000000    0.000000    0.000000    0.000000    0.000000    0.000000    0.000000    0.000000    0.000000    0.000000
e_b_news        0.000000    0.000000    0.000000    0.000000    0.000000    0.000000    0.000000    0.000000    0.000010    0.000000    0.000000    0.000000    0.000000
e_muC           0.000000    0.000000    0.000000    0.000000    0.000000    0.000000    0.000000    0.000000    0.000000    0.000002    0.000000    0.000000    0.000000
e_muC_news      0.000000    0.000000    0.000000    0.000000    0.000000    0.000000    0.000000    0.000000    0.000000    0.000000    0.000064    0.000000    0.000000
e_muI           0.000000    0.000000    0.000000    0.000000    0.000000    0.000000    0.000000    0.000000    0.000000    0.000000    0.000000    0.000004    0.000000
e_muI_news      0.000000    0.000000    0.000000    0.000000    0.000000    0.000000    0.000000    0.000000    0.000000    0.000000    0.000000    0.000000    0.002832



THEORETICAL MOMENTS
VARIABLE            MEAN  STD. DEV.   VARIANCE
Y_obs             0.0000     0.5963     0.3555
Y_N_obs           0.0000     0.3832     0.1469
SR_obs            0.0000     0.4468     0.1996
I_obs             0.0000     1.4828     2.1988
p_I_obs           0.0000     0.1881     0.0354
C_obs             0.0000     0.3756     0.1411
NC_obs            0.0000     0.1705     0.0291
NI_obs            0.0000     0.3908     0.1528
util_ND_obs       0.0000     0.4717     0.2225
util_D_obs        0.0000     0.8416     0.7082
util_obs          0.0000     0.5456     0.2976
D_obs             0.0000     0.3737     0.1396
h_obs             0.0000     0.6220     0.3868



VARIANCE DECOMPOSITION (in percent)
                      e_g    e_g_news         e_Z    e_Z_news        e_ZI   e_ZI_news         e_N         e_b    e_b_news       e_muC  e_muC_news       e_muI  e_muI_news
Y_obs                0.83        0.00       40.52       22.57       35.94        0.08        0.00        0.00        0.02        0.00        0.02        0.00        0.02
Y_N_obs              0.83        0.00       40.51       22.58       35.93        0.08        0.00        0.00        0.03        0.00        0.02        0.00        0.02
SR_obs               0.87        0.00       40.50       22.57       35.92        0.08        0.00        0.00        0.02        0.00        0.02        0.00        0.02
I_obs                0.82        0.00       40.52       22.58       35.94        0.08        0.00        0.00        0.02        0.00        0.02        0.00        0.02
p_I_obs              0.83        0.00       40.84       22.58       35.59        0.08        0.00        0.00        0.02        0.00        0.02        0.00        0.03
C_obs                0.84        0.00       40.53       22.56       35.92        0.08        0.00        0.00        0.03        0.00        0.02        0.00        0.02
NC_obs               0.82        0.00       40.51       22.55       35.92        0.08        0.00        0.00        0.03        0.00        0.06        0.00        0.03
NI_obs               0.82        0.00       40.47       22.53       35.89        0.08        0.00        0.00        0.03        0.00        0.02        0.00        0.16
util_ND_obs          0.86        0.00       40.52       22.54       35.93        0.08        0.00        0.00        0.02        0.00        0.02        0.00        0.02
util_D_obs           0.84        0.00       40.48       22.63       35.91        0.08        0.00        0.00        0.02        0.00        0.02        0.00        0.02
util_obs             0.85        0.00       40.52       22.56       35.93        0.08        0.00        0.00        0.02        0.00        0.02        0.00        0.02
D_obs                0.95        0.00       40.48       22.54       35.90        0.08        0.00        0.00        0.02        0.00        0.02        0.00        0.02
h_obs                0.82        0.00       40.55       22.57       35.92        0.08        0.00        0.00        0.02        0.00        0.02        0.00        0.02



MATRIX OF CORRELATIONS
Variables            Y_obs      Y_N_obs       SR_obs        I_obs      p_I_obs        C_obs       NC_obs       NI_obs  util_ND_obs   util_D_obs     util_obs        D_obs        h_obs
Y_obs               1.0000       0.9986       0.9997       0.9987      -0.9904       0.9987       0.9955       0.9952       0.9991       0.9975       0.9988       0.9990       0.9964
Y_N_obs             0.9986       1.0000       0.9979       0.9948      -0.9874       0.9998       0.9890       0.9886       0.9962       0.9928       0.9954       0.9976       0.9912
SR_obs              0.9997       0.9979       1.0000       0.9989      -0.9905       0.9980       0.9960       0.9956       0.9990       0.9978       0.9989       0.9986       0.9969
I_obs               0.9987       0.9948       0.9989       1.0000      -0.9925       0.9948       0.9987       0.9983       0.9993       0.9995       0.9996       0.9977       0.9991
p_I_obs            -0.9904      -0.9874      -0.9905      -0.9925       1.0000      -0.9858      -0.9888      -0.9887      -0.9919      -0.9917      -0.9921      -0.9891      -0.9926
C_obs               0.9987       0.9998       0.9980       0.9948      -0.9858       1.0000       0.9897       0.9895       0.9963       0.9930       0.9955       0.9978       0.9912
NC_obs              0.9955       0.9890       0.9960       0.9987      -0.9888       0.9897       1.0000       0.9996       0.9971       0.9988       0.9979       0.9945       0.9988
NI_obs              0.9952       0.9886       0.9956       0.9983      -0.9887       0.9895       0.9996       1.0000       0.9968       0.9984       0.9975       0.9942       0.9984
util_ND_obs         0.9991       0.9962       0.9990       0.9993      -0.9919       0.9963       0.9971       0.9968       1.0000       0.9988       0.9999       0.9992       0.9984
util_D_obs          0.9975       0.9928       0.9978       0.9995      -0.9917       0.9930       0.9988       0.9984       0.9988       1.0000       0.9994       0.9971       0.9994
util_obs            0.9988       0.9954       0.9989       0.9996      -0.9921       0.9955       0.9979       0.9975       0.9999       0.9994       1.0000       0.9988       0.9989
D_obs               0.9990       0.9976       0.9986       0.9977      -0.9891       0.9978       0.9945       0.9942       0.9992       0.9971       0.9988       1.0000       0.9954
h_obs               0.9964       0.9912       0.9969       0.9991      -0.9926       0.9912       0.9988       0.9984       0.9984       0.9994       0.9989       0.9954       1.0000



COEFFICIENTS OF AUTOCORRELATION
Order               1       2       3       4       5
Y_obs          0.9990  0.9979  0.9963  0.9945  0.9923
Y_N_obs        0.9987  0.9975  0.9960  0.9941  0.9920
SR_obs         0.9987  0.9973  0.9958  0.9939  0.9918
I_obs          0.9992  0.9981  0.9965  0.9946  0.9924
p_I_obs        0.9809  0.9804  0.9794  0.9775  0.9744
C_obs          0.9983  0.9972  0.9957  0.9939  0.9918
NC_obs         0.9986  0.9975  0.9960  0.9942  0.9920
NI_obs         0.9978  0.9967  0.9952  0.9934  0.9911
util_ND_obs    0.9991  0.9981  0.9968  0.9950  0.9928
util_D_obs     0.9989  0.9975  0.9957  0.9937  0.9915
util_obs       0.9992  0.9981  0.9966  0.9948  0.9926
D_obs          0.9976  0.9964  0.9949  0.9931  0.9910
h_obs          0.9991  0.9981  0.9967  0.9949  0.9925
Total computing time : 1h22m58s
Note: 2 warning(s) encountered in the preprocessor
