Starting Dynare (version 5.4).
Calling Dynare with arguments: none
Starting preprocessing of the model file ...
WARNING: in the 'steady_state_model' block, variable 'log_h' is not assigned a value
WARNING: in the 'steady_state_model' block, variable 'h_obs' is not assigned a value
Substitution of exo lags: added 24 auxiliary variables and equations.
Found 125 equation(s).
Evaluating expressions...done
Computing static model derivatives (order 1).
Computing dynamic model derivatives (order 1).
Processing outputs ...
done
Preprocessing completed.





Residuals of the static equations:

Equation number 1 : 0 : Labor composite
Equation number 2 : 0 : Labor leisure:C
Equation number 3 : 0 : Labor leisure:I
Equation number 4 : 0 : Marginal utility of wealth
Equation number 5 : 0 : Demand curve: mc
Equation number 6 : 0 : Demand curve: sc
Equation number 7 : 0 : Shopping:mc
Equation number 8 : 0 : Shopping:sc
Equation number 9 : 0 : Shopping:I
Equation number 10 : 0 : Composite utility term
Equation number 11 : 0 : Law of motion of wealth effects variable
Equation number 12 : 0 : Consumption CES aggregator
Equation number 13 : 0 : Investment adjustment cost function:mc
Equation number 14 : 0 : Investment adjustment cost function:mc
Equation number 15 : 0 : Investment adjustment cost function:I
Equation number 16 : 0 : Investment adjustment cost function: derivative mc
Equation number 17 : 0 : Investment adjustment cost function: derivative mc
Equation number 18 : 0 : Investment adjustment cost function: derivative I
Equation number 19 : 0 : Investment growth:mc
Equation number 20 : 0 : Investment growth:mc
Equation number 21 : 0 : Investment growth:I
Equation number 22 : 0 : Depreciation rate: mc
Equation number 23 : 0 : Depreciation rate: sc
Equation number 24 : 0 : Depreciation rate: I
Equation number 25 : 0 : Depreciation rate derivative: mc
Equation number 26 : 0 : Depreciation rate derivative: sc
Equation number 27 : 0 : Depreciation rate derivative: I
Equation number 28 : 0 : Tobins Q: mc
Equation number 29 : 0 : Tobins Q: sc
Equation number 30 : 0 : Tobins Q: I
Equation number 31 : 0 : Euler equation: mc
Equation number 32 : 0 : Euler equation: sc
Equation number 33 : 0 : Euler equation: I
Equation number 34 : 0 : Utilization: mc
Equation number 35 : 0 : Utilization: sc
Equation number 36 : 0 : Utilization: I
Equation number 37 : 0 : Non-durable goods production
Equation number 38 : 0 : Services production
Equation number 39 : 0 : Investment production
Equation number 40 : 0 : Capital law of motion:mc
Equation number 41 : 0 : Capital law of motion:sc
Equation number 42 : 0 : Capital law of motion:I
Equation number 43 : 0 : Labor demand:mc
Equation number 44 : 0 : Labor demand:sc
Equation number 45 : 0 : Labor demand:I
Equation number 46 : 0 : Capital demand:mc
Equation number 47 : 0 : Capital demand:sc
Equation number 48 : 0 : Capital demand:I
Equation number 49 : 0 : Labor composition
Equation number 50 : 0 : Labor composition: C
Equation number 51 : 0 : Capital composition
Equation number 52 : 0 : Investment composition
Equation number 53 : 0 : Shopping composition
Equation number 54 : 0 : Capital utilization composition
Equation number 55 : 0 : Aggregate wage
Equation number 56 : 0 : Output (base-year prices)
Equation number 57 : 0 : Solow residual
Equation number 58 : 0 : Capacity utilization
Equation number 59 : 0 : util_sc
Equation number 60 : 0 : util_D
Equation number 61 : 0 : util
Equation number 62 : 0 : stochastic trend process
Equation number 63 : 0 : Stationary TFP process
Equation number 64 : 0 : Independent component of I-specific tech
Equation number 65 : 0 : Investment-specific TFP process
Equation number 66 : 0 : Labor supply process
Equation number 67 : 0 : Consumption preference process
Equation number 68 : 0 : Wage-markup process: C
Equation number 69 : 0 : Wage-markup process: I
Equation number 70 : 0 : Definition log output
Equation number 71 : 0 : Definition log consumption
Equation number 72 : 0 : Definition log investment
Equation number 73 : 0 : Definition log hours
Equation number 74 : 0 : log_NC
Equation number 75 : 0 : log_NI
Equation number 76 : 0 : log capital
Equation number 77 : 0 : Definition log labor productivity
Equation number 78 : 0 : Definition log shopping effort
Equation number 79 : 0 : Definition log capital utilization
Equation number 80 : 0 : Definition of log relative investment  price
Equation number 81 : 0 : Definition of log capacity utilization
Equation number 82 : 0 : log_util_ND
Equation number 83 : 0 : log_util_D
Equation number 84 : 0 : Definition of log wages
Equation number 85 : 0 : Definition of log Solow residual
Equation number 86 : 0 : C_obs
Equation number 87 : 0 : I_obs
Equation number 88 : 0 : Y_obs
Equation number 89 : 0 : Y_N_obs
Equation number 90 : 0 : K_obs
Equation number 91 : 0 : w_obs
Equation number 92 : 0 : SR_obs
Equation number 93 : 0 : p_I_obs
Equation number 94 : 0 : N_obs
Equation number 95 : 0 : NC_obs
Equation number 96 : 0 : NI_obs
Equation number 97 : 0 : util_ND_obs
Equation number 98 : 0 : util_D_obs
Equation number 99 : 0 : util_obs
Equation number 100 : 0 : D_obs
Equation number 101 : 0 : h_obs



STEADY-STATE RESULTS:

Y                 		 1
C                 		 0.8
Y_mc              		 0.28
Y_sc              		 0.52
SR                		 1.01397
I                 		 0.2
I_mc              		 0.056
I_sc              		 0.104
I_I               		 0.04
K                 		 11.0496
K_mc              		 3.09389
K_sc              		 5.7458
K_I               		 2.20992
N                 		 0.3
N_mc              		 0.084
N_sc              		 0.156
N_C               		 0.24
N_I               		 0.06
N_comp            		 0.3
Z_C               		 0
u_ZI              		 0
Z_I               		 0
theta_N           		 0
theta_b           		 0
mu_C              		 0
mu_I              		 0
R_mc              		 0.0483892
R_sc              		 0.0483892
R_I               		 0.0483892
W_C               		 2.23333
W_I               		 2.23333
W                 		 2.23333
h_mc              		 1
h_sc              		 1
h_I               		 1
h                 		 1
delta_mc          		 0.0136717
delta_sc          		 0.0136717
delta_I           		 0.0136717
delta_mc_pr       		 0.0329046
delta_sc_pr       		 0.0329046
delta_I_pr        		 0.0329046
Smc               		 0
Ssc               		 0
Si                		 0
Smc_pr            		 0
Ssc_pr            		 0
Si_pr             		 0
D                 		 0.827037
D_mc              		 0.23157
D_sc              		 0.430059
D_I               		 0.165407
Gam               		 0.500826
zeta              		 0.666667
p_mc              		 1
p_sc              		 1
p_I               		 1
lam               		 2.71103
Q_mc              		 1.47059
Q_sc              		 1.47059
Q_I               		 1.47059
x_mc              		 1.00451
x_sc              		 1.00451
x_I               		 1.00451
log_SR            		 0
util              		 0.81
util_ND           		 0.81
util_sc           		 0.81
util_D            		 0.81
g                 		 0.0045
log_Y             		 0
log_C             		 0
log_I             		 0
log_N             		 0
log_NC            		 0
log_NI            		 0
log_K             		 0
log_Y_N           		 0
log_D             		 0
log_h             		 0
log_p_I           		 0
log_util          		 0
log_util_ND       		 0
log_util_D        		 0
log_W             		 0
C_obs             		 0
I_obs             		 0
Y_obs             		 0
SR_obs            		 0
Y_N_obs           		 0
p_I_obs           		 0
N_obs             		 0
NC_obs            		 0
NI_obs            		 0
util_ND_obs       		 0
util_D_obs        		 0
util_obs          		 0
w_obs             		 0
D_obs             		 0
h_obs             		 0
K_obs             		 0

EIGENVALUES:
         Modulus             Real        Imaginary

               0                0                0
               0                0                0
       3.416e-20        3.416e-20                0
       6.945e-20       -6.945e-20                0
       5.505e-19        5.505e-19                0
       5.592e-19       -5.592e-19                0
       5.902e-19       -5.902e-19                0
       7.536e-19        7.536e-19                0
       1.159e-18       -1.159e-18                0
        1.46e-18         1.46e-18                0
       1.536e-18       -1.536e-18                0
       1.825e-18        1.825e-18                0
       1.978e-18       -1.978e-18                0
       2.198e-18        2.198e-18                0
       2.232e-18        2.232e-18                0
       2.581e-18        2.581e-18                0
       4.153e-18        4.153e-18                0
        6.75e-18        -6.75e-18                0
       7.167e-18        7.167e-18                0
        8.23e-18         8.23e-18                0
       1.075e-17       -1.075e-17                0
       1.309e-17       -1.309e-17                0
       1.844e-17        1.844e-17                0
       2.146e-17        2.146e-17                0
       2.172e-17        2.172e-17                0
       2.182e-17        2.182e-17                0
       2.895e-17        2.895e-17                0
       2.968e-17        2.968e-17                0
       4.117e-17        4.117e-17                0
       5.125e-17        5.125e-17                0
       5.302e-17        5.302e-17                0
       5.419e-17       -5.419e-17                0
       8.119e-17       -8.119e-17                0
        1.12e-16         1.12e-16                0
       1.297e-16       -1.297e-16                0
       1.802e-16        1.802e-16                0
       2.685e-16       -2.685e-16                0
       2.702e-16        2.702e-16                0
        4.57e-16         4.57e-16                0
       5.296e-16       -5.296e-16                0
         0.07393          0.07393                0
             0.1              0.1                0
          0.4526           0.4526                0
          0.6019           0.6019                0
             0.9              0.9                0
             0.9              0.9                0
             0.9              0.9                0
             0.9              0.9                0
             0.9              0.9                0
             0.9              0.9                0
          0.9387           0.9364          0.06531
          0.9387           0.9364         -0.06531
          0.9409           0.9388          0.06281
          0.9409           0.9388         -0.06281
          0.9916           0.9916                0
           1.022            1.022                0
           1.078            1.076          0.07211
           1.078            1.076         -0.07211
           1.081            1.078           0.0752
           1.081            1.078          -0.0752
           1.725            1.725                0
       2.469e+16       -2.469e+16                0
       2.916e+16       -2.916e+16                0
       1.417e+17       -1.417e+17                0
       1.598e+17        1.598e+17                0
       4.464e+17        4.464e+17                0
       9.814e+17        9.814e+17                0
       1.489e+18       -1.489e+18                0
       2.137e+18       -2.137e+18                0
       2.256e+18       -2.256e+18                0
       2.942e+18       -2.942e+18                0
       4.803e+18        4.803e+18                0
       8.577e+44       -8.577e+44                0
       2.196e+46       -2.196e+46                0
       1.317e+48       -1.317e+48                0


There are 20 eigenvalue(s) larger than 1 in modulus 
for 20 forward-looking variable(s)

The rank condition is verified.


Initial value of the log posterior (or likelihood): 3803.1192

MODE CHECK

Fval obtained by the minimization routine (minus the posterior/likelihood)): -3803.119213

RESULTS FROM POSTERIOR ESTIMATION
parameters
           prior mean     mode    s.d.  prior pstdev

sigma          1.5000   1.1461  0.0910   beta 0.2500 
ha             0.5000   0.1008  0.0911   beta 0.2000 
nu             0.7200   1.1808  0.2213   gamm 0.2500 
gam            0.5000   0.7148  0.1035   beta 0.2000 
phi            0.3200   0.5962  0.0445   beta 0.2000 
eta            0.2000   0.5157  0.1880   gamm 0.1500 
xi             0.8500   0.6748  0.1323   gamm 0.1000 
nu_R           0.2000   0.1226  0.0372   beta 0.1000 
sigma_ac       1.0000   1.2667  0.3273   invg 1.0000 
sigma_ai       1.0000   0.5450  0.1428   invg 1.0000 
Psi_C          4.0000   0.0873  0.0536   gamm 1.0000 
Psi_I          4.0000   3.8826  0.5296   gamm 1.0000 
theta          1.0000   3.1903  0.6071   gamm 0.5000 
rho_g          0.1000   0.1552  0.0307   beta 0.0500 
rho_Z          0.6000   0.5709  0.1138   beta 0.2000 
rho_ZI         0.6000   0.9815  0.0085   beta 0.2000 
rho_N          0.6000   0.9812  0.0080   beta 0.2000 
rho_b          0.6000   0.9610  0.0238   beta 0.2000 
rho_muC        0.6000   0.9866  0.1651   beta 0.2000 
rho_muI        0.6000   0.9370  0.0126   beta 0.2000 

standard deviation of shocks
           prior mean     mode    s.d.  prior pstdev

e_g            0.0100   0.0025  0.0014   gamm 0.0100 
e_g_news       0.0100   0.0052  0.0008   gamm 0.0100 
e_Z            0.0100   0.0010  0.0005   gamm 0.0100 
e_Z_news       0.0100   0.0000  0.0004   gamm 0.0100 
e_ZI           0.0100   0.0048  0.0004   gamm 0.0100 
e_ZI_news      0.0100   0.0002  0.0005   gamm 0.0100 
e_N            0.0100   0.0046  0.0008   gamm 0.0100 
e_b            0.0100   0.0002  0.0002   gamm 0.0100 
e_b_news       0.0100   0.0005  0.0006   gamm 0.0100 
e_muC          0.0100   0.0039  0.0014   gamm 0.0100 
e_muC_news     0.0100   0.0027  0.0010   gamm 0.0100 
e_muI          0.0100   0.0007  0.0039   gamm 0.0100 
e_muI_news     0.0100   0.0507  0.0085   gamm 0.0100 


Log data density [Laplace approximation] is 3671.911391.

Estimation::mcmc: I am loading past Metropolis-Hastings simulations...
Estimation::mcmc: Recovering the previous proposal density.
Estimation::mcmc: I am writing a new mh-history file... Done.
Estimation::mcmc: Ok. I have loaded 100000 simulations.


Estimation::mcmc: Number of mh files: 1 per block.
Estimation::mcmc: Total number of generated files: 2.
Estimation::mcmc: Total number of iterations: 150000.
Estimation::mcmc: Current acceptance ratio per chain: 
                                                       Chain  1: 12.21%
                                                       Chain  2: 18.13%
Estimation::mcmc: Total number of MH draws per chain: 150000.
Estimation::mcmc: Total number of generated MH files: 1.
Estimation::mcmc: I'll use mh-files 1 to 1.
Estimation::mcmc: In MH-file number 1 I'll start at line 45001.
Estimation::mcmc: Finally I keep 105000 draws per chain.



MCMC Inefficiency factors per block
Parameter           Block 1     Block 2
SE_e_g              695.089     619.898
SE_e_g_news         625.372     610.623
SE_e_Z              471.296     511.004
SE_e_Z_news         331.674     349.273
SE_e_ZI             442.504     358.187
SE_e_ZI_news        466.224     372.048
SE_e_N              727.686     572.884
SE_e_b              201.043     252.968
SE_e_b_news         599.308     628.946
SE_e_muC            702.091     252.269
SE_e_muC_news       734.608     272.173
SE_e_muI            737.260     717.539
SE_e_muI_news       724.490     715.223
sigma               730.606     736.389
ha                  722.127     736.420
nu                  720.109     746.142
gam                 743.903     742.670
phi                 690.777     675.164
eta                 741.503     737.024
xi                  743.810     728.948
nu_R                727.712     730.684
sigma_ac            725.022     725.803
sigma_ai            640.942     698.473
Psi_C               192.218     475.024
Psi_I               739.658     738.072
theta               737.615     729.102
rho_g               731.979     744.073
rho_Z               739.370     734.562
rho_ZI              326.445     480.287
rho_N               664.746     102.673
rho_b               693.656     528.372
rho_muC             602.808     738.313
rho_muI             568.319     387.792

Estimation::mcmc::diagnostics: Univariate convergence diagnostic, Brooks and Gelman (1998):
    Parameter 1...  Done! 
    Parameter 2...  Done! 
    Parameter 3...  Done! 
    Parameter 4...  Done! 
    Parameter 5...  Done! 
    Parameter 6...  Done! 
    Parameter 7...  Done! 
    Parameter 8...  Done! 
    Parameter 9...  Done! 
    Parameter 10...  Done! 
    Parameter 11...  Done! 
    Parameter 12...  Done! 
    Parameter 13...  Done! 
    Parameter 14...  Done! 
    Parameter 15...  Done! 
    Parameter 16...  Done! 
    Parameter 17...  Done! 
    Parameter 18...  Done! 
    Parameter 19...  Done! 
    Parameter 20...  Done! 
    Parameter 21...  Done! 
    Parameter 22...  Done! 
    Parameter 23...  Done! 
    Parameter 24...  Done! 
    Parameter 25...  Done! 
    Parameter 26...  Done! 
    Parameter 27...  Done! 
    Parameter 28...  Done! 
    Parameter 29...  Done! 
    Parameter 30...  Done! 
    Parameter 31...  Done! 
    Parameter 32...  Done! 
    Parameter 33...  Done! 

Estimation::marginal density: I'm computing the posterior mean and covariance...  Done!
Estimation::marginal density: I'm computing the posterior log marginal density (modified harmonic mean)... Done!


ESTIMATION RESULTS

Log data density is 3671.708663.

parameters
             prior mean   post. mean        90% HPD interval    prior       pstdev

sigma             1.500       1.2204      1.0389      1.3873     beta       0.2500
ha                0.500       0.1308      0.0165      0.2571     beta       0.2000
nu                0.720       1.4725      1.1501      1.9977     gamm       0.2500
gam               0.500       0.6184      0.4403      0.9021     beta       0.2000
phi               0.320       0.6311      0.5558      0.7034     beta       0.2000
eta               0.200       0.6812      0.4588      0.9037     gamm       0.1500
xi                0.850       0.8523      0.6261      1.0804     gamm       0.1000
nu_R              0.200       0.1409      0.0645      0.2486     beta       0.1000
sigma_ac          1.000       1.2496      0.7600      1.6777     invg       1.0000
sigma_ai          1.000       0.5878      0.3190      0.8269     invg       1.0000
Psi_C             4.000       0.1113      0.0585      0.1663     gamm       1.0000
Psi_I             4.000       3.6359      2.6034      4.5258     gamm       1.0000
theta             1.000       2.5119      1.7119      3.3098     gamm       0.5000
rho_g             0.100       0.1677      0.1294      0.2129     beta       0.0500
rho_Z             0.600       0.6318      0.4758      0.8643     beta       0.2000
rho_ZI            0.600       0.9836      0.9712      0.9964     beta       0.2000
rho_N             0.600       0.9860      0.9708      0.9999     beta       0.2000
rho_b             0.600       0.9496      0.9221      0.9800     beta       0.2000
rho_muC           0.600       0.8201      0.5642      1.0000     beta       0.2000
rho_muI           0.600       0.9745      0.9551      0.9941     beta       0.2000

standard deviation of shocks
             prior mean   post. mean        90% HPD interval    prior       pstdev

e_g               0.010       0.0021      0.0000      0.0042     gamm       0.0100
e_g_news          0.010       0.0058      0.0042      0.0074     gamm       0.0100
e_Z               0.010       0.0008      0.0000      0.0013     gamm       0.0100
e_Z_news          0.010       0.0005      0.0000      0.0009     gamm       0.0100
e_ZI              0.010       0.0045      0.0037      0.0053     gamm       0.0100
e_ZI_news         0.010       0.0007      0.0001      0.0014     gamm       0.0100
e_N               0.010       0.0050      0.0020      0.0071     gamm       0.0100
e_b               0.010       0.0003      0.0001      0.0005     gamm       0.0100
e_b_news          0.010       0.0008      0.0003      0.0013     gamm       0.0100
e_muC             0.010       0.0012      0.0001      0.0030     gamm       0.0100
e_muC_news        0.010       0.0021      0.0001      0.0063     gamm       0.0100
e_muI             0.010       0.0044      0.0001      0.0094     gamm       0.0100
e_muI_news        0.010       0.0418      0.0305      0.0537     gamm       0.0100

MODEL SUMMARY

  Number of variables:         125
  Number of stochastic shocks: 13
  Number of state variables:   55
  Number of jumpers:           20
  Number of static variables:  51


MATRIX OF COVARIANCE OF EXOGENOUS SHOCKS
Variables            e_g    e_g_news         e_Z    e_Z_news        e_ZI   e_ZI_news         e_N         e_b    e_b_news       e_muC  e_muC_news       e_muI  e_muI_news
e_g             0.000005    0.000000    0.000000    0.000000    0.000000    0.000000    0.000000    0.000000    0.000000    0.000000    0.000000    0.000000    0.000000
e_g_news        0.000000    0.000033    0.000000    0.000000    0.000000    0.000000    0.000000    0.000000    0.000000    0.000000    0.000000    0.000000    0.000000
e_Z             0.000000    0.000000    0.000001    0.000000    0.000000    0.000000    0.000000    0.000000    0.000000    0.000000    0.000000    0.000000    0.000000
e_Z_news        0.000000    0.000000    0.000000    0.000000    0.000000    0.000000    0.000000    0.000000    0.000000    0.000000    0.000000    0.000000    0.000000
e_ZI            0.000000    0.000000    0.000000    0.000000    0.000020    0.000000    0.000000    0.000000    0.000000    0.000000    0.000000    0.000000    0.000000
e_ZI_news       0.000000    0.000000    0.000000    0.000000    0.000000    0.000001    0.000000    0.000000    0.000000    0.000000    0.000000    0.000000    0.000000
e_N             0.000000    0.000000    0.000000    0.000000    0.000000    0.000000    0.000025    0.000000    0.000000    0.000000    0.000000    0.000000    0.000000
e_b             0.000000    0.000000    0.000000    0.000000    0.000000    0.000000    0.000000    0.000000    0.000000    0.000000    0.000000    0.000000    0.000000
e_b_news        0.000000    0.000000    0.000000    0.000000    0.000000    0.000000    0.000000    0.000000    0.000001    0.000000    0.000000    0.000000    0.000000
e_muC           0.000000    0.000000    0.000000    0.000000    0.000000    0.000000    0.000000    0.000000    0.000000    0.000001    0.000000    0.000000    0.000000
e_muC_news      0.000000    0.000000    0.000000    0.000000    0.000000    0.000000    0.000000    0.000000    0.000000    0.000000    0.000004    0.000000    0.000000
e_muI           0.000000    0.000000    0.000000    0.000000    0.000000    0.000000    0.000000    0.000000    0.000000    0.000000    0.000000    0.000020    0.000000
e_muI_news      0.000000    0.000000    0.000000    0.000000    0.000000    0.000000    0.000000    0.000000    0.000000    0.000000    0.000000    0.000000    0.001747



THEORETICAL MOMENTS
VARIABLE            MEAN  STD. DEV.   VARIANCE
Y_obs             0.0000     0.0060     0.0000
Y_N_obs           0.0000     0.0060     0.0000
SR_obs            0.0000     0.0057     0.0000
I_obs             0.0000     0.0184     0.0003
p_I_obs           0.0000     0.0061     0.0000
C_obs             0.0000     0.0048     0.0000
NC_obs            0.0000     0.0048     0.0000
NI_obs            0.0000     0.0166     0.0003
util_ND_obs       0.0000     0.0027     0.0000
util_D_obs        0.0000     0.0118     0.0001
util_obs          0.0000     0.0017     0.0000
D_obs             0.0000     0.0016     0.0000
h_obs             0.0000     0.0036     0.0000



VARIANCE DECOMPOSITION (in percent)
                      e_g    e_g_news         e_Z    e_Z_news        e_ZI   e_ZI_news         e_N         e_b    e_b_news       e_muC  e_muC_news       e_muI  e_muI_news
Y_obs                6.76       49.57        6.32        2.28       14.49        0.35        4.38        0.20        1.44        0.15        0.46        0.17       13.42
Y_N_obs              6.40       36.35        3.62        1.04        6.01        0.10       11.49        1.14        7.17        0.36        1.11        0.29       24.92
SR_obs               9.74       62.73        4.96        1.57        9.28        0.18        2.83        0.42        2.60        0.09        0.27        0.06        5.28
I_obs                1.32       23.28        2.60        1.62       30.76        1.03        1.66        4.29       25.71        0.00        0.02        0.13        7.58
p_I_obs              0.04        1.32        3.04        1.14       52.78        1.44        0.10        2.00       13.22        0.01        0.02        0.24       24.66
C_obs                9.11       48.29        7.09        2.02        0.57        0.02        4.09        2.61       14.96        0.33        1.11        0.09        9.71
NC_obs               0.14        3.16        0.38        0.24        1.46        0.08       43.83        1.21        7.96        1.93        6.01        0.41       33.19
NI_obs               0.08        2.80        0.22        0.20        1.45        0.08        4.79        1.45        8.98        0.03        0.08        0.96       78.86
util_ND_obs          0.20       14.31        1.11        0.29        0.48        0.10        0.52       10.63       62.15        0.18        0.65        0.07        9.30
util_D_obs           0.53       18.49        2.17        1.72       16.66        0.72        1.56        8.00       48.03        0.01        0.04        0.05        2.02
util_obs             0.27        4.11       10.00        3.22       39.48        0.82        6.73        0.68        4.51        0.24        0.73        0.41       28.80
D_obs                2.79       21.44       16.85        6.10       14.06        0.35       11.25        1.02        6.98        0.39        1.21        0.25       17.30
h_obs                3.89       20.40        3.11        1.07       37.86        0.72        1.13        1.60       10.15        0.04        0.11        0.28       19.65



MATRIX OF CORRELATIONS
Variables            Y_obs      Y_N_obs       SR_obs        I_obs      p_I_obs        C_obs       NC_obs       NI_obs  util_ND_obs   util_D_obs     util_obs        D_obs        h_obs
Y_obs               1.0000       0.3480       0.6632       0.7825      -0.3559       0.8052       0.5310       0.5480      -0.0807       0.5679       0.6798       0.2343       0.8066
Y_N_obs             0.3480       1.0000       0.8452       0.0909      -0.0146       0.4529      -0.5649      -0.5313      -0.0411      -0.0369      -0.1021      -0.5139       0.2851
SR_obs              0.6632       0.8452       1.0000       0.4179      -0.1082       0.6302      -0.1665      -0.1476      -0.1174       0.2639       0.2159      -0.2707       0.5490
I_obs               0.7825       0.0909       0.4179       1.0000      -0.2790       0.2609       0.5485       0.6031      -0.5002       0.9331       0.6568       0.4339       0.6032
p_I_obs            -0.3559      -0.0146      -0.1082      -0.2790       1.0000      -0.2861      -0.2079      -0.3713      -0.5598       0.0105      -0.6863      -0.3294      -0.7354
C_obs               0.8052       0.4529       0.6302       0.2609      -0.2861       1.0000       0.3009       0.2752       0.3514      -0.0083       0.4285      -0.0500       0.6761
NC_obs              0.5310      -0.5649      -0.1665       0.5485      -0.2079       0.3009       1.0000       0.8153      -0.0303       0.4993       0.6486       0.6615       0.3979
NI_obs              0.5480      -0.5313      -0.1476       0.6031      -0.3713       0.2752       0.8153       1.0000      -0.0352       0.5064       0.6521       0.5834       0.4693
util_ND_obs        -0.0807      -0.0411      -0.1174      -0.5002      -0.5598       0.3514      -0.0303      -0.0352       1.0000      -0.7139       0.2702       0.1155       0.3016
util_D_obs          0.5679      -0.0369       0.2639       0.9331       0.0105      -0.0083       0.4993       0.5064      -0.7139       1.0000       0.4813       0.4474       0.3321
util_obs            0.6798      -0.1021       0.2159       0.6568      -0.6863       0.4285       0.6486       0.6521       0.2702       0.4813       1.0000       0.7598       0.8341
D_obs               0.2343      -0.5139      -0.2707       0.4339      -0.3294      -0.0500       0.6615       0.5834       0.1155       0.4474       0.7598       1.0000       0.2751
h_obs               0.8066       0.2851       0.5490       0.6032      -0.7354       0.6761       0.3979       0.4693       0.3016       0.3321       0.8341       0.2751       1.0000



COEFFICIENTS OF AUTOCORRELATION
Order                1        2        3        4        5
Y_obs           0.2350   0.0640   0.0019  -0.0170  -0.0022
Y_N_obs         0.0358   0.0002   0.0095   0.0510   0.0016
SR_obs          0.3701   0.0633   0.0098   0.0269   0.0115
I_obs           0.3435   0.1136   0.0115  -0.0656  -0.0539
p_I_obs         0.0125   0.0086   0.0015  -0.0142  -0.0119
C_obs           0.0804   0.0105   0.0125   0.0893   0.0128
NC_obs          0.0643   0.0213   0.0026  -0.0090  -0.0257
NI_obs          0.0767   0.0194  -0.0002  -0.0056  -0.0249
util_ND_obs     0.1722   0.0505   0.0193  -0.0551  -0.0618
util_D_obs      0.4175   0.1585   0.0328  -0.0489  -0.0762
util_obs        0.2550   0.0524   0.0077  -0.0176  -0.0207
D_obs           0.0779   0.0035   0.0174   0.0263  -0.0107
h_obs           0.3108   0.0869   0.0135   0.0049  -0.0075
Total computing time : 0h30m54s
Note: 2 warning(s) encountered in the preprocessor
