Starting Dynare (version 5.4).
Calling Dynare with arguments: none
Starting preprocessing of the model file ...
WARNING: in the 'steady_state_model' block, variable 'log_h' is not assigned a value
WARNING: in the 'steady_state_model' block, variable 'h_obs' is not assigned a value
Substitution of exo lags: added 32 auxiliary variables and equations.
Found 135 equation(s).
Evaluating expressions...done
Computing static model derivatives (order 1).
Computing dynamic model derivatives (order 1).
Processing outputs ...
done
Preprocessing completed.





Residuals of the static equations:

Equation number 1 : 0 : Labor composite
Equation number 2 : 0 : Labor leisure:C
Equation number 3 : 0 : Labor leisure:I
Equation number 4 : 0 : Marginal utility of wealth
Equation number 5 : 0 : Demand curve: mc
Equation number 6 : 0 : Demand curve: sc
Equation number 7 : 0 : Shopping:mc
Equation number 8 : 0 : Shopping:sc
Equation number 9 : 0 : Shopping:I
Equation number 10 : 0 : Composite utility term
Equation number 11 : 0 : Law of motion of wealth effects variable
Equation number 12 : 0 : Consumption CES aggregator
Equation number 13 : 0 : Investment adjustment cost function:mc
Equation number 14 : 0 : Investment adjustment cost function:mc
Equation number 15 : 0 : Investment adjustment cost function:I
Equation number 16 : 0 : Investment adjustment cost function: derivative mc
Equation number 17 : 0 : Investment adjustment cost function: derivative mc
Equation number 18 : 0 : Investment adjustment cost function: derivative I
Equation number 19 : 0 : Investment growth:mc
Equation number 20 : 0 : Investment growth:mc
Equation number 21 : 0 : Investment growth:I
Equation number 22 : 0 : Depreciation rate: mc
Equation number 23 : 0 : Depreciation rate: sc
Equation number 24 : 0 : Depreciation rate: I
Equation number 25 : 0 : Depreciation rate derivative: mc
Equation number 26 : 0 : Depreciation rate derivative: sc
Equation number 27 : 0 : Depreciation rate derivative: I
Equation number 28 : 0 : Tobins Q: mc
Equation number 29 : 0 : Tobins Q: sc
Equation number 30 : 0 : Tobins Q: I
Equation number 31 : 0 : Euler equation: mc
Equation number 32 : 0 : Euler equation: sc
Equation number 33 : 0 : Euler equation: I
Equation number 34 : 0 : Utilization: mc
Equation number 35 : 0 : Utilization: sc
Equation number 36 : 0 : Utilization: I
Equation number 37 : 0 : Non-durable goods production
Equation number 38 : 0 : Services production
Equation number 39 : 0 : Investment production
Equation number 40 : 0 : Capital law of motion:mc
Equation number 41 : 0 : Capital law of motion:sc
Equation number 42 : 0 : Capital law of motion:I
Equation number 43 : 0 : Labor demand:mc
Equation number 44 : 0 : Labor demand:sc
Equation number 45 : 0 : Labor demand:I
Equation number 46 : 0 : Capital demand:mc
Equation number 47 : 0 : Capital demand:sc
Equation number 48 : 0 : Capital demand:I
Equation number 49 : 0 : Labor composition
Equation number 50 : 0 : Labor composition: C
Equation number 51 : 0 : Capital composition
Equation number 52 : 0 : Investment composition
Equation number 53 : 0 : Shopping composition
Equation number 54 : 0 : Capital utilization composition
Equation number 55 : 0 : Aggregate wage
Equation number 56 : 0 : Output (base-year prices)
Equation number 57 : 0 : Solow residual
Equation number 58 : 0 : Capacity utilization
Equation number 59 : 0 : util_sc
Equation number 60 : 0 : util_D
Equation number 61 : 0 : util
Equation number 62 : 0 : stochastic trend process
Equation number 63 : 0 : Stationary TFP process
Equation number 64 : 0 : Independent component of I-specific tech
Equation number 65 : 0 : Investment-specific TFP process
Equation number 66 : 0 : Labor supply process
Equation number 67 : 0 : Shopping effort process
Equation number 68 : 0 : Relative shopping effort process
Equation number 69 : 0 : Consumption preference process
Equation number 70 : 0 : Wage-markup process: C
Equation number 71 : 0 : Wage-markup process: I
Equation number 72 : 0 : Definition log output
Equation number 73 : 0 : Definition log consumption
Equation number 74 : 0 : Definition log investment
Equation number 75 : 0 : Definition log hours
Equation number 76 : 0 : log_NC
Equation number 77 : 0 : log_NI
Equation number 78 : 0 : log capital
Equation number 79 : 0 : Definition log labor productivity
Equation number 80 : 0 : Definition log shopping effort
Equation number 81 : 0 : Definition log capital utilization
Equation number 82 : 0 : Definition of log relative investment  price
Equation number 83 : 0 : Definition of log capacity utilization
Equation number 84 : 0 : log_util_ND
Equation number 85 : 0 : log_util_D
Equation number 86 : 0 : Definition of log wages
Equation number 87 : 0 : Definition of log Solow residual
Equation number 88 : 0 : C_obs
Equation number 89 : 0 : I_obs
Equation number 90 : 0 : Y_obs
Equation number 91 : 0 : Y_N_obs
Equation number 92 : 0 : K_obs
Equation number 93 : 0 : w_obs
Equation number 94 : 0 : SR_obs
Equation number 95 : 0 : p_I_obs
Equation number 96 : 0 : N_obs
Equation number 97 : 0 : NC_obs
Equation number 98 : 0 : NI_obs
Equation number 99 : 0 : util_ND_obs
Equation number 100 : 0 : util_D_obs
Equation number 101 : 0 : util_obs
Equation number 102 : 0 : D_obs
Equation number 103 : 0 : h_obs



STEADY-STATE RESULTS:

Y                 		 1
C                 		 0.8
Y_mc              		 0.28
Y_sc              		 0.52
SR                		 1.01397
I                 		 0.2
I_mc              		 0.056
I_sc              		 0.104
I_I               		 0.04
K                 		 11.0496
K_mc              		 3.09389
K_sc              		 5.7458
K_I               		 2.20992
N                 		 0.3
N_mc              		 0.084
N_sc              		 0.156
N_C               		 0.24
N_I               		 0.06
N_comp            		 0.3
Z_C               		 0
u_ZI              		 0
Z_I               		 0
theta_N           		 0
theta_D           		 0
theta_I           		 0
theta_b           		 0
mu_C              		 0
mu_I              		 0
R_mc              		 0.0483892
R_sc              		 0.0483892
R_I               		 0.0483892
W_C               		 2.23333
W_I               		 2.23333
W                 		 2.23333
h_mc              		 1
h_sc              		 1
h_I               		 1
h                 		 1
delta_mc          		 0.0136717
delta_sc          		 0.0136717
delta_I           		 0.0136717
delta_mc_pr       		 0.0329046
delta_sc_pr       		 0.0329046
delta_I_pr        		 0.0329046
Smc               		 0
Ssc               		 0
Si                		 0
Smc_pr            		 0
Ssc_pr            		 0
Si_pr             		 0
D                 		 0.827037
D_mc              		 0.23157
D_sc              		 0.430059
D_I               		 0.165407
Gam               		 0.500826
zeta              		 0.666667
p_mc              		 1
p_sc              		 1
p_I               		 1
lam               		 2.71103
Q_mc              		 1.47059
Q_sc              		 1.47059
Q_I               		 1.47059
x_mc              		 1.00451
x_sc              		 1.00451
x_I               		 1.00451
log_SR            		 0
util              		 0.81
util_ND           		 0.81
util_sc           		 0.81
util_D            		 0.81
g                 		 0.0045
log_Y             		 0
log_C             		 0
log_I             		 0
log_N             		 0
log_NC            		 0
log_NI            		 0
log_K             		 0
log_Y_N           		 0
log_D             		 0
log_h             		 0
log_p_I           		 0
log_util          		 0
log_util_ND       		 0
log_util_D        		 0
log_W             		 0
C_obs             		 0
I_obs             		 0
Y_obs             		 0
SR_obs            		 0
Y_N_obs           		 0
p_I_obs           		 0
N_obs             		 0
NC_obs            		 0
NI_obs            		 0
util_ND_obs       		 0
util_D_obs        		 0
util_obs          		 0
w_obs             		 0
D_obs             		 0
h_obs             		 0
K_obs             		 0

EIGENVALUES:
         Modulus             Real        Imaginary

               0                0                0
               0                0                0
       7.643e-21        7.643e-21                0
       9.841e-21        9.841e-21                0
       1.707e-20        1.707e-20                0
       3.551e-20        3.551e-20                0
       3.911e-20        3.911e-20                0
       7.987e-20       -7.987e-20                0
       8.357e-20       -8.357e-20                0
         1.3e-19         -1.3e-19                0
       1.751e-19       -1.751e-19                0
       3.761e-19        3.761e-19                0
       4.093e-19        4.093e-19                0
       5.005e-19       -5.005e-19                0
       6.308e-19       -6.308e-19                0
       9.925e-19        9.925e-19                0
       1.163e-18        1.163e-18                0
       1.432e-18       -1.432e-18                0
       1.497e-18        1.497e-18                0
       1.698e-18       -1.698e-18                0
       2.597e-18       -2.597e-18                0
       2.686e-18       -2.686e-18                0
       4.311e-18       -4.311e-18                0
       6.103e-18       -6.103e-18                0
       8.014e-18       -8.014e-18                0
       8.413e-18        8.413e-18                0
       1.052e-17       -1.052e-17                0
       1.353e-17       -1.353e-17                0
       1.684e-17       -1.684e-17                0
       1.846e-17        1.846e-17                0
       2.001e-17        2.001e-17                0
       2.421e-17        2.421e-17                0
       2.504e-17        2.504e-17                0
       2.652e-17        2.652e-17                0
       3.346e-17        3.346e-17                0
       3.377e-17        3.377e-17                0
       4.122e-17        4.122e-17                0
       4.376e-17       -4.376e-17                0
       4.436e-17        4.436e-17                0
       6.931e-17        6.931e-17                0
       9.005e-17       -9.005e-17                0
       9.445e-17       -9.445e-17                0
       1.045e-16        1.045e-16                0
       1.099e-16        1.099e-16                0
       1.104e-16        1.104e-16                0
       1.343e-16       -1.343e-16                0
       1.527e-16       -1.527e-16                0
       9.996e-16       -9.996e-16                0
         0.07393          0.07393                0
             0.1              0.1                0
          0.4526           0.4526                0
          0.6019           0.6019                0
             0.9              0.9                0
             0.9              0.9                0
             0.9              0.9                0
             0.9              0.9                0
             0.9              0.9                0
             0.9              0.9                0
             0.9              0.9                0
             0.9              0.9                0
          0.9387           0.9364          0.06531
          0.9387           0.9364         -0.06531
          0.9409           0.9388          0.06281
          0.9409           0.9388         -0.06281
          0.9916           0.9916                0
           1.022            1.022                0
           1.078            1.076          0.07211
           1.078            1.076         -0.07211
           1.081            1.078           0.0752
           1.081            1.078          -0.0752
           1.725            1.725                0
       5.638e+15       -5.638e+15                0
       1.658e+16       -1.658e+16                0
       1.447e+17       -1.447e+17                0
       2.844e+17       -2.844e+17                0
       3.604e+17       -3.604e+17                0
        4.69e+17         4.69e+17                0
        1.56e+18        -1.56e+18                0
       1.838e+18        1.838e+18                0
       1.993e+18        1.993e+18                0
       3.468e+18       -3.468e+18                0
       3.496e+18        3.496e+18                0
       1.032e+45        1.032e+45                0
       1.029e+46       -1.029e+46                0
       1.029e+46        1.029e+46                0


There are 20 eigenvalue(s) larger than 1 in modulus 
for 20 forward-looking variable(s)

The rank condition is verified.


Initial value of the log posterior (or likelihood): 4783.6192

MODE CHECK

Fval obtained by the minimization routine (minus the posterior/likelihood)): -4783.619213

RESULTS FROM POSTERIOR ESTIMATION
parameters
           prior mean     mode    s.d.  prior pstdev

sigma          1.5000   1.6788  0.1786   beta 0.2500 
ha             0.5000   0.4084  0.0251   beta 0.2000 
nu             0.7200   1.4834  0.1160   gamm 0.2500 
gam            0.5000   0.2864  0.0234   beta 0.2000 
phi            0.3200   0.8836  0.0212   beta 0.2000 
eta            0.2000   0.5926  0.0623   gamm 0.1500 
xi             0.8500   0.8472  0.0764   gamm 0.1000 
nu_R           0.2000   0.3208  0.0473   beta 0.1000 
sigma_ac       1.0000   1.4015  0.2489   invg 1.0000 
sigma_ai       1.0000   0.5261  0.0929   invg 1.0000 
Psi_C          4.0000   4.5442  0.5675   gamm 1.0000 
Psi_I          4.0000   2.8665  0.5462   gamm 1.0000 
theta          1.0000   1.5624  0.1331   gamm 0.5000 
rho_g          0.1000   0.2543  0.0911   beta 0.0500 
rho_Z          0.6000   0.7576  0.0719   beta 0.2000 
rho_ZI         0.6000   0.8821  0.0349   beta 0.2000 
rho_N          0.6000   0.7219  0.0726   beta 0.2000 
rho_D          0.6000   0.9081  0.0223   beta 0.2000 
rho_DI         0.6000   0.9777  0.0180   beta 0.2000 
rho_b          0.6000   0.8223  0.0761   beta 0.2000 
rho_muC        0.6000   0.7739  0.0579   beta 0.2000 
rho_muI        0.6000   0.9354  0.0239   beta 0.2000 

standard deviation of shocks
           prior mean     mode    s.d.  prior pstdev

e_g            0.0100   0.0031  0.0032   gamm 0.0100 
e_g_news       0.0100   0.0083  0.0027   gamm 0.0100 
e_Z            0.0100   0.0048  0.0007   gamm 0.0100 
e_Z_news       0.0100   0.0038  0.0009   gamm 0.0100 
e_ZI           0.0100   0.0100  0.0007   gamm 0.0100 
e_ZI_news      0.0100   0.0012  0.0013   gamm 0.0100 
e_N            0.0100   0.0037  0.0012   gamm 0.0100 
e_D            0.0100   0.0366  0.0037   gamm 0.0100 
e_D_news       0.0100   0.0012  0.0032   gamm 0.0100 
e_DI           0.0100   0.0004  0.0025   gamm 0.0100 
e_DI_news      0.0100   0.0188  0.0012   gamm 0.0100 
e_b            0.0100   0.0022  0.0021   gamm 0.0100 
e_b_news       0.0100   0.0046  0.0032   gamm 0.0100 
e_muC          0.0100   0.0013  0.0013   gamm 0.0100 
e_muC_news     0.0100   0.0024  0.0013   gamm 0.0100 
e_muI          0.0100   0.0143  0.0109   gamm 0.0100 
e_muI_news     0.0100   0.0218  0.0111   gamm 0.0100 


Log data density [Laplace approximation] is 4639.787714.

Estimation::mcmc: I am loading past Metropolis-Hastings simulations...
Estimation::mcmc: Recovering the previous proposal density.
Estimation::mcmc: I am writing a new mh-history file... Done.
Estimation::mcmc: Ok. I have loaded 200000 simulations.


Estimation::mcmc: Number of mh files: 1 per block.
Estimation::mcmc: Total number of generated files: 2.
Estimation::mcmc: Total number of iterations: 275000.
Estimation::mcmc: Current acceptance ratio per chain: 
                                                       Chain  1: 75.3933%
                                                       Chain  2: 75.2173%
Estimation::mcmc: Total number of MH draws per chain: 275000.
Estimation::mcmc: Total number of generated MH files: 1.
Estimation::mcmc: I'll use mh-files 1 to 1.
Estimation::mcmc: In MH-file number 1 I'll start at line 82501.
Estimation::mcmc: Finally I keep 192500 draws per chain.



MCMC Inefficiency factors per block
Parameter           Block 1     Block 2
SE_e_g              722.599     718.754
SE_e_g_news         724.662     703.923
SE_e_Z              496.963     566.238
SE_e_Z_news         536.681     586.523
SE_e_ZI             485.335     503.376
SE_e_ZI_news        631.060     625.846
SE_e_N              660.497     647.118
SE_e_D              731.322     713.557
SE_e_D_news         735.306     731.766
SE_e_DI             712.525     712.648
SE_e_DI_news        606.317     622.267
SE_e_b              684.957     706.315
SE_e_b_news         709.569     732.916
SE_e_muC            669.187     667.117
SE_e_muC_news       682.549     670.734
SE_e_muI            741.602     744.447
SE_e_muI_news       722.678     746.079
sigma               738.125     745.248
ha                  667.008     695.685
nu                  741.562     745.669
gam                 594.524     652.480
phi                 630.714     650.625
eta                 718.860     737.782
xi                  738.120     739.495
nu_R                733.129     738.946
sigma_ac            708.692     711.244
sigma_ai            535.160     557.630
Psi_C               722.517     743.733
Psi_I               733.728     739.842
theta               731.399     717.488
rho_g               747.533     743.745
rho_Z               719.182     720.979
rho_ZI              676.582     631.386
rho_N               736.707     730.667
rho_D               616.865     602.204
rho_DI              546.827     534.312
rho_b               723.530     738.774
rho_muC             717.998     698.308
rho_muI             620.176     606.065

Estimation::mcmc::diagnostics: Univariate convergence diagnostic, Brooks and Gelman (1998):
    Parameter 1...  Done! 
    Parameter 2...  Done! 
    Parameter 3...  Done! 
    Parameter 4...  Done! 
    Parameter 5...  Done! 
    Parameter 6...  Done! 
    Parameter 7...  Done! 
    Parameter 8...  Done! 
    Parameter 9...  Done! 
    Parameter 10...  Done! 
    Parameter 11...  Done! 
    Parameter 12...  Done! 
    Parameter 13...  Done! 
    Parameter 14...  Done! 
    Parameter 15...  Done! 
    Parameter 16...  Done! 
    Parameter 17...  Done! 
    Parameter 18...  Done! 
    Parameter 19...  Done! 
    Parameter 20...  Done! 
    Parameter 21...  Done! 
    Parameter 22...  Done! 
    Parameter 23...  Done! 
    Parameter 24...  Done! 
    Parameter 25...  Done! 
    Parameter 26...  Done! 
    Parameter 27...  Done! 
    Parameter 28...  Done! 
    Parameter 29...  Done! 
    Parameter 30...  Done! 
    Parameter 31...  Done! 
    Parameter 32...  Done! 
    Parameter 33...  Done! 
    Parameter 34...  Done! 
    Parameter 35...  Done! 
    Parameter 36...  Done! 
    Parameter 37...  Done! 
    Parameter 38...  Done! 
    Parameter 39...  Done! 

Estimation::marginal density: I'm computing the posterior mean and covariance...  Done!
Estimation::marginal density: I'm computing the posterior log marginal density (modified harmonic mean)... Done!


ESTIMATION RESULTS

Log data density is 4644.767077.

parameters
             prior mean   post. mean        90% HPD interval    prior       pstdev

sigma             1.500       1.8562      1.6006      2.2150     beta       0.2500
ha                0.500       0.3890      0.3563      0.4275     beta       0.2000
nu                0.720       1.4336      1.1323      1.7596     gamm       0.2500
gam               0.500       0.3087      0.2684      0.3487     beta       0.2000
phi               0.320       0.8666      0.8275      0.9031     beta       0.2000
eta               0.200       0.6488      0.5590      0.7247     gamm       0.1500
xi                0.850       0.8441      0.7304      0.9667     gamm       0.1000
nu_R              0.200       0.2997      0.2158      0.3690     beta       0.1000
sigma_ac          1.000       1.4365      1.0527      1.8760     invg       1.0000
sigma_ai          1.000       0.4636      0.3092      0.6076     invg       1.0000
Psi_C             4.000       4.8460      3.9786      5.7038     gamm       1.0000
Psi_I             4.000       3.5738      2.7506      4.3310     gamm       1.0000
theta             1.000       1.7055      1.3661      1.9922     gamm       0.5000
rho_g             0.100       0.2295      0.1032      0.3062     beta       0.0500
rho_Z             0.600       0.7109      0.5981      0.8302     beta       0.2000
rho_ZI            0.600       0.8995      0.8436      0.9523     beta       0.2000
rho_N             0.600       0.6944      0.5493      0.8202     beta       0.2000
rho_D             0.600       0.9294      0.8933      0.9689     beta       0.2000
rho_DI            0.600       0.9670      0.9424      0.9988     beta       0.2000
rho_b             0.600       0.7102      0.5769      0.8726     beta       0.2000
rho_muC           0.600       0.8306      0.7460      0.9211     beta       0.2000
rho_muI           0.600       0.9302      0.8916      0.9716     beta       0.2000

standard deviation of shocks
             prior mean   post. mean        90% HPD interval    prior       pstdev

e_g               0.010       0.0043      0.0000      0.0088     gamm       0.0100
e_g_news          0.010       0.0072      0.0023      0.0103     gamm       0.0100
e_Z               0.010       0.0050      0.0039      0.0062     gamm       0.0100
e_Z_news          0.010       0.0038      0.0023      0.0053     gamm       0.0100
e_ZI              0.010       0.0099      0.0088      0.0111     gamm       0.0100
e_ZI_news         0.010       0.0019      0.0001      0.0036     gamm       0.0100
e_N               0.010       0.0022      0.0001      0.0038     gamm       0.0100
e_D               0.010       0.0354      0.0304      0.0406     gamm       0.0100
e_D_news          0.010       0.0052      0.0001      0.0111     gamm       0.0100
e_DI              0.010       0.0036      0.0001      0.0071     gamm       0.0100
e_DI_news         0.010       0.0193      0.0173      0.0212     gamm       0.0100
e_b               0.010       0.0029      0.0001      0.0056     gamm       0.0100
e_b_news          0.010       0.0096      0.0042      0.0147     gamm       0.0100
e_muC             0.010       0.0023      0.0001      0.0041     gamm       0.0100
e_muC_news        0.010       0.0027      0.0003      0.0047     gamm       0.0100
e_muI             0.010       0.0137      0.0001      0.0288     gamm       0.0100
e_muI_news        0.010       0.0217      0.0001      0.0324     gamm       0.0100

MODEL SUMMARY

  Number of variables:         135
  Number of stochastic shocks: 17
  Number of state variables:   65
  Number of jumpers:           20
  Number of static variables:  51


MATRIX OF COVARIANCE OF EXOGENOUS SHOCKS
Variables            e_g    e_g_news         e_Z    e_Z_news        e_ZI   e_ZI_news         e_N         e_D    e_D_news        e_DI   e_DI_news         e_b    e_b_news       e_muC  e_muC_news       e_muI  e_muI_news
e_g             0.000018    0.000000    0.000000    0.000000    0.000000    0.000000    0.000000    0.000000    0.000000    0.000000    0.000000    0.000000    0.000000    0.000000    0.000000    0.000000    0.000000
e_g_news        0.000000    0.000051    0.000000    0.000000    0.000000    0.000000    0.000000    0.000000    0.000000    0.000000    0.000000    0.000000    0.000000    0.000000    0.000000    0.000000    0.000000
e_Z             0.000000    0.000000    0.000025    0.000000    0.000000    0.000000    0.000000    0.000000    0.000000    0.000000    0.000000    0.000000    0.000000    0.000000    0.000000    0.000000    0.000000
e_Z_news        0.000000    0.000000    0.000000    0.000014    0.000000    0.000000    0.000000    0.000000    0.000000    0.000000    0.000000    0.000000    0.000000    0.000000    0.000000    0.000000    0.000000
e_ZI            0.000000    0.000000    0.000000    0.000000    0.000099    0.000000    0.000000    0.000000    0.000000    0.000000    0.000000    0.000000    0.000000    0.000000    0.000000    0.000000    0.000000
e_ZI_news       0.000000    0.000000    0.000000    0.000000    0.000000    0.000003    0.000000    0.000000    0.000000    0.000000    0.000000    0.000000    0.000000    0.000000    0.000000    0.000000    0.000000
e_N             0.000000    0.000000    0.000000    0.000000    0.000000    0.000000    0.000005    0.000000    0.000000    0.000000    0.000000    0.000000    0.000000    0.000000    0.000000    0.000000    0.000000
e_D             0.000000    0.000000    0.000000    0.000000    0.000000    0.000000    0.000000    0.001251    0.000000    0.000000    0.000000    0.000000    0.000000    0.000000    0.000000    0.000000    0.000000
e_D_news        0.000000    0.000000    0.000000    0.000000    0.000000    0.000000    0.000000    0.000000    0.000027    0.000000    0.000000    0.000000    0.000000    0.000000    0.000000    0.000000    0.000000
e_DI            0.000000    0.000000    0.000000    0.000000    0.000000    0.000000    0.000000    0.000000    0.000000    0.000013    0.000000    0.000000    0.000000    0.000000    0.000000    0.000000    0.000000
e_DI_news       0.000000    0.000000    0.000000    0.000000    0.000000    0.000000    0.000000    0.000000    0.000000    0.000000    0.000374    0.000000    0.000000    0.000000    0.000000    0.000000    0.000000
e_b             0.000000    0.000000    0.000000    0.000000    0.000000    0.000000    0.000000    0.000000    0.000000    0.000000    0.000000    0.000008    0.000000    0.000000    0.000000    0.000000    0.000000
e_b_news        0.000000    0.000000    0.000000    0.000000    0.000000    0.000000    0.000000    0.000000    0.000000    0.000000    0.000000    0.000000    0.000092    0.000000    0.000000    0.000000    0.000000
e_muC           0.000000    0.000000    0.000000    0.000000    0.000000    0.000000    0.000000    0.000000    0.000000    0.000000    0.000000    0.000000    0.000000    0.000005    0.000000    0.000000    0.000000
e_muC_news      0.000000    0.000000    0.000000    0.000000    0.000000    0.000000    0.000000    0.000000    0.000000    0.000000    0.000000    0.000000    0.000000    0.000000    0.000007    0.000000    0.000000
e_muI           0.000000    0.000000    0.000000    0.000000    0.000000    0.000000    0.000000    0.000000    0.000000    0.000000    0.000000    0.000000    0.000000    0.000000    0.000000    0.000188    0.000000
e_muI_news      0.000000    0.000000    0.000000    0.000000    0.000000    0.000000    0.000000    0.000000    0.000000    0.000000    0.000000    0.000000    0.000000    0.000000    0.000000    0.000000    0.000471



THEORETICAL MOMENTS
VARIABLE            MEAN  STD. DEV.   VARIANCE
Y_obs             0.0000     0.0166     0.0003
Y_N_obs           0.0000     0.0143     0.0002
SR_obs            0.0000     0.0150     0.0002
I_obs             0.0000     0.0350     0.0012
p_I_obs           0.0000     0.0230     0.0005
C_obs             0.0000     0.0139     0.0002
NC_obs            0.0000     0.0049     0.0000
NI_obs            0.0000     0.0162     0.0003
util_ND_obs       0.0000     0.0117     0.0001
util_D_obs        0.0000     0.0300     0.0009
util_obs          0.0000     0.0139     0.0002
D_obs             0.0000     0.0193     0.0004
h_obs             0.0000     0.0265     0.0007



VARIANCE DECOMPOSITION (in percent)
                      e_g    e_g_news         e_Z    e_Z_news        e_ZI   e_ZI_news         e_N         e_D    e_D_news        e_DI   e_DI_news         e_b    e_b_news       e_muC  e_muC_news       e_muI  e_muI_news
Y_obs                2.78        6.59       16.77        7.17        1.75        0.05        0.00       59.51        0.97        0.18        3.42        0.08        0.65        0.01        0.01        0.01        0.03
Y_N_obs              4.57       10.96       16.42        6.42        3.13        0.07        0.87       44.14        0.65        0.20        3.08        0.33        4.81        0.45        0.64        0.94        2.32
SR_obs               5.16       12.41       16.49        6.66        2.35        0.05        0.33       48.68        0.74        0.17        2.79        0.21        2.38        0.16        0.23        0.34        0.84
I_obs                0.51        1.08       20.74        7.68        8.43        0.20        0.00       41.43        0.62        0.74       13.54        0.13        4.88        0.00        0.00        0.00        0.01
p_I_obs              0.01        0.02       15.58        7.82       26.07        0.85        0.00        2.51        0.07        1.69       45.17        0.00        0.09        0.00        0.00        0.03        0.07
C_obs                5.05       12.67       12.87        6.77        0.21        0.01        0.00       56.02        1.08        0.02        0.59        0.33        4.22        0.02        0.03        0.02        0.07
NC_obs               0.72        1.87        4.58        3.72        4.09        0.14        8.05       28.84        0.82        0.31        8.03        0.50       17.68        6.67        9.59        1.24        3.14
NI_obs               0.72        1.96        5.48        3.76        6.04        0.26        0.78       19.58        0.40        0.27        9.32        0.39       10.86        0.05        0.08       11.44       28.62
util_ND_obs          0.35        1.10        9.82        5.43        0.13        0.01        0.00       74.48        1.43        0.01        0.44        0.48        6.21        0.01        0.02        0.02        0.06
util_D_obs           0.58        1.88        5.79        3.90        8.61        0.42        0.00       52.72        0.79        0.98       18.28        0.15        5.83        0.00        0.00        0.02        0.06
util_obs             0.06        0.40        6.11        3.65        2.16        0.11        0.00       80.50        1.31        0.24        4.49        0.12        0.83        0.00        0.00        0.00        0.01
D_obs                0.13        0.44        1.73        0.81        0.15        0.01        0.00       94.35        1.90        0.01        0.38        0.01        0.07        0.00        0.00        0.00        0.00
h_obs                0.33        0.64       18.68       12.17        2.20        0.11        0.01       57.75        1.46        0.14        5.59        0.12        0.79        0.00        0.00        0.00        0.01



MATRIX OF CORRELATIONS
Variables            Y_obs      Y_N_obs       SR_obs        I_obs      p_I_obs        C_obs       NC_obs       NI_obs  util_ND_obs   util_D_obs     util_obs        D_obs        h_obs
Y_obs               1.0000       0.9151       0.9478       0.8661      -0.1791       0.9492       0.5404       0.4474       0.6842       0.7330       0.7802       0.7515      -0.2151
Y_N_obs             0.9151       1.0000       0.9681       0.7245      -0.2703       0.9115       0.1783       0.0811       0.6329       0.5327       0.6586       0.6108      -0.1732
SR_obs              0.9478       0.9681       1.0000       0.7853      -0.2326       0.9221       0.3118       0.2260       0.6242       0.6090       0.6859       0.6605      -0.2119
I_obs               0.8661       0.7245       0.7853       1.0000      -0.4469       0.6649       0.6212       0.4995       0.5410       0.8571       0.7372       0.6321      -0.1175
p_I_obs            -0.1791      -0.2703      -0.2326      -0.4469       1.0000       0.0135       0.0470       0.2115      -0.1312      -0.2044      -0.1773       0.1023      -0.1946
C_obs               0.9492       0.9115       0.9221       0.6649       0.0135       1.0000       0.4167       0.3541       0.6819       0.5560       0.7019       0.7251      -0.2474
NC_obs              0.5404       0.1783       0.3118       0.6212       0.0470       0.4167       1.0000       0.7676       0.3870       0.6858       0.5588       0.5517      -0.1259
NI_obs              0.4474       0.0811       0.2260       0.4995       0.2115       0.3541       0.7676       1.0000       0.2554       0.5812       0.4246       0.4962      -0.1882
util_ND_obs         0.6842       0.6329       0.6242       0.5410      -0.1312       0.6819       0.3870       0.2554       1.0000       0.6065       0.9387       0.7721       0.0177
util_D_obs          0.7330       0.5327       0.6090       0.8571      -0.2044       0.5560       0.6858       0.5812       0.6065       1.0000       0.8434       0.6915      -0.0843
util_obs            0.7802       0.6586       0.6859       0.7372      -0.1773       0.7019       0.5588       0.4246       0.9387       0.8434       1.0000       0.8216      -0.0246
D_obs               0.7515       0.6108       0.6605       0.6321       0.1023       0.7251       0.5517       0.4962       0.7721       0.6915       0.8216       1.0000      -0.5530
h_obs              -0.2151      -0.1732      -0.2119      -0.1175      -0.1946      -0.2474      -0.1259      -0.1882       0.0177      -0.0843      -0.0246      -0.5530       1.0000



COEFFICIENTS OF AUTOCORRELATION
Order                1        2        3        4        5
Y_obs           0.4786   0.2384   0.1164   0.0494  -0.0014
Y_N_obs         0.4185   0.1525   0.0350  -0.0167  -0.0640
SR_obs          0.4885   0.1854   0.0589   0.0023  -0.0435
I_obs           0.6663   0.4415   0.2811   0.1603   0.0641
p_I_obs         0.1781   0.1117   0.0638   0.0305  -0.0037
C_obs           0.3695   0.1306   0.0332  -0.0080  -0.0432
NC_obs          0.3803   0.3104   0.2332   0.1562   0.0873
NI_obs          0.1405   0.1075   0.0738   0.0383   0.0096
util_ND_obs     0.3640   0.1587   0.0515  -0.0087  -0.0466
util_D_obs      0.5792   0.3698   0.2276   0.1224   0.0450
util_obs        0.4681   0.2400   0.1119   0.0355  -0.0076
D_obs           0.0838   0.0243  -0.0054  -0.0201  -0.0273
h_obs          -0.1720  -0.0716  -0.0279  -0.0152   0.0090
Total computing time : 1h21m01s
Note: 2 warning(s) encountered in the preprocessor
