Starting Dynare (version 5.4).
Calling Dynare with arguments: none
Starting preprocessing of the model file ...
WARNING: in the 'steady_state_model' block, variable 'log_NC' is not assigned a value
WARNING: in the 'steady_state_model' block, variable 'log_NI' is not assigned a value
WARNING: in the 'steady_state_model' block, variable 'Y_N_obs' is not assigned a value
WARNING: in the 'steady_state_model' block, variable 'NC_obs' is not assigned a value
WARNING: in the 'steady_state_model' block, variable 'NI_obs' is not assigned a value
Found 40 equation(s).
Evaluating expressions...done
Computing static model derivatives (order 1).
Computing dynamic model derivatives (order 1).
Processing outputs ...
done
Preprocessing completed.





Residuals of the static equations:

Equation number 1 : 0 : Labor leisure
Equation number 2 : 0 : Shopping:C
Equation number 3 : 0 : Shopping:I
Equation number 4 : 0 : Composite utility term
Equation number 5 : 0 : Euler equation: C
Equation number 6 : 0 : Euler equation: I
Equation number 7 : 0 : Consumption production
Equation number 8 : 0 : Investment production
Equation number 9 : 0 : Capital law of motion
Equation number 10 : 0 : Labor demand:C
Equation number 11 : 0 : Capital demand:C
Equation number 12 : 0 : Labor demand:I
Equation number 13 : 0 : Capital demand:I
Equation number 14 : 0 : Labor composition
Equation number 15 : 0 : Capital composition
Equation number 16 : 0 : Shopping composition
Equation number 17 : 0 : Output (base-year prices)
Equation number 18 : 0 : exogenous labor-augmenting growth process
Equation number 19 : 0 : Stationary TFP process
Equation number 20 : 0 : Independent component of I-specific tech
Equation number 21 : 0 : Investment-specific TFP process
Equation number 22 : 0 : Labor supply process
Equation number 23 : 0 : Shopping effort process
Equation number 24 : 0 : Definition log output
Equation number 25 : 0 : Definition log consumption
Equation number 26 : 0 : Definition log investment
Equation number 27 : 0 : Definition log hours
Equation number 28 : 0 : log_NC
Equation number 29 : 0 : log_NI
Equation number 30 : 0 : Definition log labor productivity
Equation number 31 : 0 : Definition log shopping effort
Equation number 32 : 0 : Definition of log relative investment  price
Equation number 33 : 0 : C_obs
Equation number 34 : 0 : I_obs
Equation number 35 : 0 : Y_obs
Equation number 36 : 0 : Y_N_obs
Equation number 37 : 0 : p_I_obs
Equation number 38 : 0 : N_obs
Equation number 39 : 0 : NC_obs
Equation number 40 : 0 : NI_obs



STEADY-STATE RESULTS:

Y       		 1
C       		 0.8
I       		 0.2
K       		 11.0496
K_C     		 8.83969
K_I     		 2.20992
N       		 0.3
N_C     		 0.24
N_I     		 0.06
Z_C     		 0
u_ZI    		 0
Z_I     		 0
theta_N 		 0
theta_D 		 0
R_C     		 0.0483892
R_I     		 0.0483892
W       		 2.23333
D       		 0.827037
D_C     		 0.66163
D_I     		 0.165407
Gam     		 0.55595
p_I     		 1
g       		 0.0045
log_Y   		 0
log_C   		 0
log_I   		 0
log_N   		 0
log_NC  		 0
log_NI  		 0
log_Y_N 		 0
log_D   		 0
log_p_I 		 0
C_obs   		 0
I_obs   		 0
Y_obs   		 0
Y_N_obs 		 0
p_I_obs 		 0
NC_obs  		 0
NI_obs  		 0
N_obs   		 0

EIGENVALUES:
         Modulus             Real        Imaginary

               0                0                0
               0                0                0
       6.986e-19        6.986e-19                0
       1.681e-18        1.681e-18                0
       8.252e-18       -8.252e-18                0
       2.145e-16       -2.145e-16                0
       2.441e-16       -2.441e-16                0
       5.612e-16        5.612e-16                0
       1.645e-15       -1.645e-15                0
             0.1              0.1                0
             0.9              0.9                0
             0.9              0.9                0
             0.9              0.9                0
             0.9              0.9                0
          0.9845           0.9845                0
           1.031            1.031                0
       8.122e+16        8.122e+16                0
       1.237e+17        1.237e+17                0
       2.128e+17        2.128e+17                0
       1.807e+18        1.807e+18                0


There are 5 eigenvalue(s) larger than 1 in modulus 
for 5 forward-looking variable(s)

The rank condition is verified.


initial_estimation_checks:: The forecast error variance in the multivariate Kalman filter became singular.
initial_estimation_checks:: This is often a sign of stochastic singularity, but can also sometimes happen by chance
initial_estimation_checks:: for a particular combination of parameters and data realizations.
initial_estimation_checks:: If you think the latter is the case, you should try with different initial values for the estimated parameters.

ESTIMATION_CHECKS: There was an error in computing the likelihood for initial parameter values.
ESTIMATION_CHECKS: If this is not a problem with the setting of options (check the error message below),
ESTIMATION_CHECKS: you should try using the calibrated version of the model as starting values. To do
ESTIMATION_CHECKS: this, add an empty estimated_params_init-block with use_calibration option immediately before the estimation
ESTIMATION_CHECKS: command (and after the estimated_params-block so that it does not get overwritten):


