Starting Dynare (version 5.4).
Calling Dynare with arguments: none
Starting preprocessing of the model file ...
Found 62 equation(s).
Evaluating expressions...done
Computing static model derivatives (order 1).
Computing dynamic model derivatives (order 1).
Processing outputs ...
done
Preprocessing completed.





Residuals of the static equations:

Equation number 1 : 0 : Labor composite
Equation number 2 : 0 : Labor leisure:C
Equation number 3 : 0 : Labor leisure:I
Equation number 4 : 0 : Shopping:C
Equation number 5 : 0 : Shopping:I
Equation number 6 : 0 : Composite utility term
Equation number 7 : 0 : Investment adjustment cost function
Equation number 8 : 0 : Investment adjustment cost function: derivative
Equation number 9 : 0 : Investment growth
Equation number 10 : 0 : Tobins Q
Equation number 11 : 0 : Euler equation: C
Equation number 12 : 0 : Euler equation: I
Equation number 13 : 0 : Utilization: C
Equation number 14 : 0 : Utilization: I
Equation number 15 : 0 : Depreciation rate: C
Equation number 16 : 0 : Depreciation rate: I
Equation number 17 : 0 : Depreciation rate derivative: C
Equation number 18 : 0 : Depreciation rate derivative: I
Equation number 19 : 0 : Consumption production
Equation number 20 : 0 : Investment production
Equation number 21 : 0 : Capital law of motion
Equation number 22 : 0 : Labor demand:C
Equation number 23 : 0 : Labor demand:I
Equation number 24 : 0 : Capital demand:C
Equation number 25 : 0 : Capital demand:I
Equation number 26 : 0 : Labor composition
Equation number 27 : 0 : Capital composition
Equation number 28 : 0 : Shopping composition
Equation number 29 : 0 : Output (base-year prices)
Equation number 30 : 0 : Capacity utilization
Equation number 31 : 0 : stochastic trend process
Equation number 32 : 0 : Stationary TFP process
Equation number 33 : 0 : Independent component of I-specific tech
Equation number 34 : 0 : Investment-specific TFP process
Equation number 35 : 0 : Labor supply process
Equation number 36 : 0 : Shopping effort process
Equation number 37 : 0 : Relative shopping effort process
Equation number 38 : 0 : Consumption preference process
Equation number 39 : 0 : Definition log output
Equation number 40 : 0 : Definition log consumption
Equation number 41 : 0 : Definition log investment
Equation number 42 : 0 : Definition log hours
Equation number 43 : 0 : log_NC
Equation number 44 : 0 : log_NI
Equation number 45 : 0 : log capital
Equation number 46 : 0 : Definition log labor productivity
Equation number 47 : 0 : Definition log shopping effort
Equation number 48 : 0 : Definition of log relative investment  price
Equation number 49 : 0 : Definition of log capacity utilization
Equation number 50 : 0 : Definition of log Solow residual
Equation number 51 : 0 : C_obs
Equation number 52 : 0 : I_obs
Equation number 53 : 0 : Y_obs
Equation number 54 : 0 : Y_N_obs
Equation number 55 : 0 : K_obs
Equation number 56 : 0 : SR_obs
Equation number 57 : 0 : p_I_obs
Equation number 58 : 0 : N_obs
Equation number 59 : 0 : NC_obs
Equation number 60 : 0 : NI_obs
Equation number 61 : 0 : util_obs
Equation number 62 : 0 : D_obs



STEADY-STATE RESULTS:

Y          		 1
C          		 0.8
I          		 0.2
K          		 11.0508
K_C        		 8.84068
K_I        		 2.21017
N          		 0.3
N_C        		 0.24
N_I        		 0.06
N_comp     		 0.3
Z_C        		 0
u_ZI       		 0
Z_I        		 0
theta_N    		 0
theta_D    		 0
theta_I    		 0
theta_C    		 0
R_C        		 0.0346663
R_I        		 0.0346663
W_C        		 2.23333
W_I        		 2.23333
h_C        		 1
h_I        		 1
delta_C    		 0.0135592
delta_I    		 0.0135592
delta_C_pr 		 0.0234126
delta_I_pr 		 0.0234126
S          		 0
S_pr       		 0
D          		 0.82902
D_C        		 0.663216
D_I        		 0.165804
Gam        		 0.476477
p_I        		 1
Q          		 1.48067
x          		 1.00462
log_SR     		 0
util       		 0.81
g          		 0.004612
log_Y      		 0
log_C      		 0
log_I      		 0
log_N      		 0
log_NC     		 0
log_NI     		 0
log_K      		 0
log_Y_N    		 0
log_D      		 0
log_p_I    		 0
log_util   		 0
C_obs      		 0
I_obs      		 0
Y_obs      		 0
Y_N_obs    		 0
p_I_obs    		 0
N_obs      		 0
NC_obs     		 0
NI_obs     		 0
util_obs   		 0
D_obs      		 0
K_obs      		 0
SR_obs     		 0

EIGENVALUES:
         Modulus             Real        Imaginary

               0                0                0
               0                0                0
               0                0                0
        1.69e-18         1.69e-18                0
       2.837e-17        2.837e-17                0
       3.898e-17        3.898e-17                0
         1.2e-16          1.2e-16                0
       2.232e-16       -2.232e-16                0
       5.922e-15       -5.922e-15                0
       6.723e-09        6.723e-09                0
       6.723e-09       -6.723e-09                0
       1.471e-08        6.885e-14        1.471e-08
       1.471e-08        6.885e-14       -1.471e-08
         0.07528          0.07528                0
             0.1              0.1                0
           0.486            0.486                0
             0.9              0.9                0
             0.9              0.9                0
             0.9              0.9                0
             0.9              0.9                0
             0.9              0.9                0
             0.9              0.9                0
          0.9934           0.9934                0
           1.014            1.014                0
           2.068            2.068                0
       4.794e+15       -4.794e+15                0
       1.269e+16       -1.269e+16                0
       3.166e+16        3.166e+16                0
       1.449e+17        1.449e+17                0
       2.622e+17       -2.622e+17                0
       3.388e+17        3.388e+17                0
       8.641e+17        8.641e+17                0
       8.881e+17        8.881e+17                0
       2.189e+18        2.189e+18                0
       3.997e+18        3.997e+18                0


There are 12 eigenvalue(s) larger than 1 in modulus 
for 12 forward-looking variable(s)

The rank condition is verified.

Initial value of the log posterior (or likelihood): -42741.9144
-----------------
f at the beginning of new iteration,     42741.9144081836
Predicted improvement: 1153279351.219161034
lambda =          1; f =        43213.6809474
lambda =    0.33333; f =        42783.5933505
lambda =    0.11111; f =        42743.9148253
lambda =   0.037037; f =        43038.3869269
lambda =   0.012346; f =        42771.0186483
lambda =  0.0041152; f =        42744.1187186
lambda =  0.0013717; f =        42741.9974875
lambda = 0.00045725; f =        42741.9144193
lambda = 0.00015242; f =         -630.7916054
lambda = 5.0805e-05; f =         5641.5325158
Norm of dx     480.27
----
Improvement on iteration 1 =    43372.706013629
-----------------
f at the beginning of new iteration,      -630.7916054451
Predicted improvement:   402444.946324549
lambda =          1; f =         -627.9578469
lambda =    0.33333; f =         -630.5178806
lambda =    0.11111; f =         -630.7726888
lambda =   0.037037; f =         -630.7915247
lambda =   0.012346; f =         -701.8624957
lambda =  0.0041152; f =        -1194.0572041
lambda =  0.0013717; f =        -1088.8778491
Norm of dx     8.9731
----
Improvement on iteration 2 =      563.265598694
-----------------
f at the beginning of new iteration,     -1194.0572041395
Predicted improvement:    27482.207989579
lambda =          1; f =        -1191.6910069
lambda =    0.33333; f =        -1193.8276580
lambda =    0.11111; f =        -1194.0411893
lambda =   0.037037; f =        -1194.0571041
lambda =   0.012346; f =        -1586.4816496
Norm of dx     2.4229
----
Improvement on iteration 3 =      392.424445484
-----------------
f at the beginning of new iteration,     -1586.4816496240
Predicted improvement:    25115.764255721
lambda =          1; f =        -1583.2155745
lambda =    0.33333; f =        -1586.1564912
lambda =    0.11111; f =        -1586.4560408
lambda =   0.037037; f =        -1586.4807361
lambda =   0.012346; f =        -1823.4268611
Norm of dx     3.1541
----
Improvement on iteration 4 =      236.945211439
-----------------
f at the beginning of new iteration,     -1823.4268610628
Predicted improvement:     8983.922493987
lambda =          1; f =        -1822.6743107
lambda =    0.33333; f =        -1823.3582864
lambda =    0.11111; f =        -1823.4221792
lambda =   0.037037; f =        -1823.4267951
lambda =   0.012346; f =        -2030.4516103
lambda =   0.023866; f =        -1889.6495096
lambda =    0.01607; f =        -2096.3571356
lambda =   0.020374; f =        -2155.7678341
lambda =   0.025831; f =        -1823.4268609
lambda =   0.022403; f =        -2117.5039312
lambda =   0.024401; f =        -1500.9438692
lambda =   0.023182; f =        -2046.7948624
Norm of dx     1.7445
----
Improvement on iteration 5 =      332.340973017
warning: possible inaccuracy in H matrix
-----------------
f at the beginning of new iteration,     -2155.7678340802
Predicted improvement:    33049.994658207
lambda =          1; f =        -2140.4888527
lambda =    0.33333; f =        -2154.1429851
lambda =    0.11111; f =        -2155.6098960
lambda =   0.037037; f =        -2155.7561478
lambda =   0.012346; f =        -2155.7670969
lambda =  0.0041152; f =        -2155.7678046
lambda =  0.0013717; f =        -1816.6451175
lambda = 0.00045725; f =        -2173.1238501
Norm of dx     6.9266
----
Improvement on iteration 6 =       17.356016020
-----------------
f at the beginning of new iteration,     -2173.1238501007
Predicted improvement:    13957.694831050
lambda =          1; f =        -2170.7638001
lambda =    0.33333; f =        -2172.8987229
lambda =    0.11111; f =        -2173.1085280
lambda =   0.037037; f =        -2173.1237194
lambda =   0.012346; f =        -2442.5279473
lambda =   0.023866; f =        -2488.2834094
Norm of dx     3.3212
----
Improvement on iteration 7 =      315.159559282
-----------------
f at the beginning of new iteration,     -2488.2834093831
Predicted improvement:   234308.134175675
lambda =          1; f =        -1779.2739054
lambda =    0.33333; f =        -2411.1110145
lambda =    0.11111; f =        -2479.8130779
lambda =   0.037037; f =        -2487.3672972
lambda =   0.012346; f =        -2488.1890487
lambda =  0.0041152; f =        -2488.2745256
lambda =  0.0013717; f =        -2488.2827479
lambda = 0.00045725; f =        -2488.2834010
lambda = 0.00015242; f =        -2544.6950476
lambda = 0.00029465; f =        -2562.9565954
Norm of dx     55.362
----
Improvement on iteration 8 =       74.673186000
-----------------
f at the beginning of new iteration,     -2562.9565953829
Predicted improvement:     2586.511496748
lambda =          1; f =        -2562.9306350
lambda =    0.33333; f =        -2562.9558649
lambda =    0.11111; f =        -2562.9559526
lambda =   0.037037; f =        -2562.9565519
lambda =   0.012346; f =        -2562.9565953
lambda =  0.0041152; f =        -2578.8311209
lambda =  0.0079555; f =        -2585.6553657
Norm of dx    0.81414
----
Improvement on iteration 9 =       22.698770324
-----------------
f at the beginning of new iteration,     -2585.6553657072
Predicted improvement:      429.217589506
lambda =          1; f =        -2585.6544678
lambda =    0.33333; f =        -2365.7528882
lambda =    0.11111; f =        -2584.1506664
lambda =   0.037037; f =        -2601.3846745
Norm of dx    0.26659
----
Improvement on iteration 10 =       15.729308834
-----------------
f at the beginning of new iteration,     -2601.3846745409
Predicted improvement:       72.123007515
lambda =          1; f =        -2612.3219146
lambda =    0.33333; f =        -2640.1823876
lambda =    0.64439; f =        -2653.2494154
Norm of dx   0.090472
----
Improvement on iteration 11 =       51.864740900
-----------------
f at the beginning of new iteration,     -2653.2494154414
Predicted improvement:     1824.405283378
lambda =          1; f =        -2651.4654507
lambda =    0.33333; f =        -2653.2290869
lambda =    0.11111; f =        -2653.2494081
lambda =   0.037037; f =        -2689.7943453
lambda =   0.012346; f =        -2693.3832454
lambda =   0.023866; f =        -2717.0994526
lambda =   0.046138; f =        -2500.7703012
lambda =   0.031067; f =        -2715.6891796
Norm of dx     2.3368
----
Improvement on iteration 12 =       63.850037173
-----------------
f at the beginning of new iteration,     -2717.0994526145
Predicted improvement:      345.333438474
lambda =          1; f =        -2717.0994525
lambda =    0.33333; f =        -2717.0994513
lambda =    0.11111; f =        -2777.1781256
lambda =     0.2148; f =        -2798.8008783
Norm of dx    0.46056
----
Improvement on iteration 13 =       81.701425654
-----------------
f at the beginning of new iteration,     -2798.8008782685
Predicted improvement:      154.432915618
lambda =          1; f =        -2798.7860239
lambda =    0.33333; f =        -2798.8004238
lambda =    0.11111; f =        -2798.8008783
lambda =   0.037037; f =        -2811.4222582
lambda =   0.071599; f =        -2798.8008783
lambda =   0.048211; f =        -2814.7443396
lambda =   0.061123; f =        -2798.8008783
lambda =   0.053011; f =        -2815.1109034
lambda =   0.057739; f =        -2798.8008783
lambda =   0.054854; f =        -2798.8008783
lambda =   0.053193; f =        -2815.0451086
lambda =   0.054183; f =        -2798.8008783
lambda =   0.053587; f =        -2814.8193785
Norm of dx    0.30581
Cliff.  Perturbing search direction.
Predicted improvement:      252.138547453
lambda =          1; f =        -2798.7487625
lambda =    0.33333; f =        -2798.7976574
lambda =    0.11111; f =        -2750.8127903
lambda =   0.037037; f =        -2819.3517043
lambda =   0.071599; f =        -2832.0627203
lambda =    0.13841; f =        -2798.8008343
lambda =     0.0932; f =        -2818.4529725
Norm of dx    0.41243
badg2 =
     0
----
Improvement on iteration 14 =       33.261842031
-----------------
f at the beginning of new iteration,     -2832.0627203000
Predicted improvement:       74.819635630
lambda =          1; f =        -2832.0612823
lambda =    0.33333; f =        -2850.6069227
Norm of dx    0.13658
----
Improvement on iteration 15 =       18.544202431
-----------------
f at the beginning of new iteration,     -2850.6069227309
Predicted improvement:      252.664676472
lambda =          1; f =        -2850.6067957
lambda =    0.33333; f =        -2850.6050751
lambda =    0.11111; f =        -2878.5797776
Norm of dx    0.35525
----
Improvement on iteration 16 =       27.972854845
-----------------
f at the beginning of new iteration,     -2878.5797775761
Predicted improvement:       61.774926835
lambda =          1; f =        -2821.4120917
lambda =    0.33333; f =        -2865.6449264
lambda =    0.11111; f =        -2880.2263034
lambda =   0.037037; f =        -2881.9791712
lambda =   0.071599; f =        -2881.9007659
Norm of dx   0.061295
----
Improvement on iteration 17 =        3.399393635
-----------------
f at the beginning of new iteration,     -2881.9791712107
Predicted improvement:       22.867280508
lambda =          1; f =        -2881.9791708
lambda =    0.33333; f =        -2881.9791712
lambda =    0.11111; f =        -2886.7959757
lambda =     0.2148; f =        -2890.5434057
lambda =    0.41524; f =        -2881.9791712
lambda =     0.2796; f =        -2890.8635644
Norm of dx   0.043804
----
Improvement on iteration 18 =        8.884393217
-----------------
f at the beginning of new iteration,     -2890.8635644278
Predicted improvement:      321.425371099
lambda =          1; f =        -2890.8472409
lambda =    0.33333; f =        -2890.8635610
lambda =    0.11111; f =        -2904.1742321
lambda =   0.037037; f =        -2907.9959535
lambda =   0.071599; f =        -2914.3036375
Norm of dx    0.61677
----
Improvement on iteration 19 =       23.440073026
-----------------
f at the beginning of new iteration,     -2914.3036374537
Predicted improvement:       80.082101865
lambda =          1; f =        -2914.3033579
lambda =    0.33333; f =        -2904.6316851
lambda =    0.11111; f =        -2924.5983741
Norm of dx    0.15805
----
Improvement on iteration 20 =       10.294736651
-----------------
f at the beginning of new iteration,     -2924.5983741046
Predicted improvement:       14.765786564
lambda =          1; f =        -2933.5124298
Norm of dx   0.053436
----
Improvement on iteration 21 =        8.914055726
-----------------
f at the beginning of new iteration,     -2933.5124298302
Predicted improvement:       34.068423140
lambda =          1; f =        -2960.1271580
Norm of dx    0.10512
----
Improvement on iteration 22 =       26.614728187
-----------------
f at the beginning of new iteration,     -2960.1271580170
Predicted improvement:       17.580832257
lambda =          1; f =        -2985.5127611
lambda =     1.9332; f =        -2992.0396822
Norm of dx    0.06974
----
Improvement on iteration 23 =       31.912524200
-----------------
f at the beginning of new iteration,     -2992.0396822165
Predicted improvement:       23.948377104
lambda =          1; f =        -2975.4462503
lambda =    0.33333; f =        -3003.7321006
lambda =    0.64439; f =        -3003.0431201
Norm of dx    0.12106
----
Improvement on iteration 24 =       11.692418403
-----------------
f at the beginning of new iteration,     -3003.7321006194
Predicted improvement:       42.988084153
lambda =          1; f =        -3003.7321006
lambda =    0.33333; f =        -3017.9230390
Norm of dx   0.089571
----
Improvement on iteration 25 =       14.190938350
-----------------
f at the beginning of new iteration,     -3017.9230389692
Predicted improvement:        5.560641841
lambda =          1; f =        -3027.8906160
lambda =     1.9332; f =        -3034.2821378
lambda =     3.7372; f =        -3028.3591696
lambda =     2.5164; f =        -3035.9553509
Norm of dx   0.018913
----
Improvement on iteration 26 =       18.032311979
-----------------
f at the beginning of new iteration,     -3035.9553509481
Predicted improvement:        6.736299580
lambda =          1; f =        -3045.2700551
Norm of dx   0.060992
----
Improvement on iteration 27 =        9.314704184
-----------------
f at the beginning of new iteration,     -3045.2700551320
Predicted improvement:       14.831617477
lambda =          1; f =        -3045.2699142
lambda =    0.33333; f =        -3053.2493601
lambda =    0.64439; f =        -3056.9004298
Norm of dx    0.17037
----
Improvement on iteration 28 =       11.630374697
-----------------
f at the beginning of new iteration,     -3056.9004298293
Predicted improvement:        9.848777703
lambda =          1; f =        -3056.8985877
lambda =    0.33333; f =        -3056.9004247
lambda =    0.11111; f =        -3058.8369194
lambda =     0.2148; f =        -3059.8136450
Norm of dx     0.1488
----
Improvement on iteration 29 =        2.913215206
-----------------
f at the beginning of new iteration,     -3059.8136450353
Predicted improvement:       10.035622563
lambda =          1; f =        -3065.1161424
lambda =    0.33333; f =        -3064.8762861
lambda =    0.64439; f =        -3066.7125359
Norm of dx   0.057626
----
Improvement on iteration 30 =        6.898890864
-----------------
f at the beginning of new iteration,     -3066.7125358990
Predicted improvement:        6.570785475
lambda =          1; f =        -3077.3100912
lambda =     1.9332; f =        -3081.2173063
Norm of dx   0.079636
----
Improvement on iteration 31 =       14.504770387
-----------------
f at the beginning of new iteration,     -3081.2173062865
Predicted improvement:       17.428894367
lambda =          1; f =        -3081.2060157
lambda =    0.33333; f =        -3081.2167813
lambda =    0.11111; f =        -3084.8652383
lambda =     0.2148; f =        -3081.2172408
lambda =    0.14463; f =        -3085.8782215
lambda =    0.18337; f =        -3081.2172889
lambda =    0.15903; f =        -3081.2173050
lambda =    0.14601; f =        -3085.9190436
lambda =    0.15369; f =        -3081.2173061
lambda =    0.14904; f =        -3086.0083152
lambda =    0.15181; f =        -3081.2173062
lambda =    0.15014; f =        -3081.2173063
Norm of dx    0.17953
Cliff.  Perturbing search direction.
Predicted improvement:       34.893734977
lambda =          1; f =        -3081.2172950
lambda =    0.33333; f =        -3081.2166994
lambda =    0.11111; f =        -3087.8422386
lambda =     0.2148; f =        -3081.2172216
lambda =    0.14463; f =        -3081.2173063
lambda =    0.11408; f =        -3087.9889664
lambda =    0.13154; f =        -3088.8206407
lambda =    0.15166; f =        -3081.2173053
lambda =    0.13924; f =        -3089.1710633
lambda =    0.14657; f =        -3081.2173062
lambda =    0.14213; f =        -3089.2995391
lambda =    0.14478; f =        -3081.2173063
lambda =    0.14318; f =        -3089.3460811
Norm of dx    0.20744
Cliff again.  Try traversing
Predicted improvement:   198798.736354581
lambda =          1; f =       327245.2031336
lambda =    0.33333; f =        33551.3679934
lambda =    0.11111; f =          967.6734506
lambda =   0.037037; f =        -2637.4732382
lambda =   0.012346; f =        -3033.3028351
lambda =  0.0041152; f =        -3076.2757117
lambda =  0.0013717; f =        -3080.7860962
lambda = 0.00045725; f =        -3081.1991784
lambda = 0.00015242; f =        -2955.6637415
lambda = 5.0805e-05; f =        -3087.3937381
Norm of dx     630.55
----
Improvement on iteration 32 =        8.128774806
back and forth on step length never finished
-----------------
f at the beginning of new iteration,     -3089.3460810921
Predicted improvement:       17.428894367
lambda =          1; f =        -3089.3304817
lambda =    0.33333; f =        -3089.3443545
lambda =    0.11111; f =        -3089.3458915
lambda =   0.037037; f =        -3089.3460607
lambda =   0.012346; f =        -3089.3460791
lambda =  0.0041152; f =        -3089.3460809
lambda =  0.0013717; f =        -3089.3460811
lambda = 0.00045725; f =        -3089.3572049
Norm of dx    0.17953
----
Improvement on iteration 33 =        0.011123769
-----------------
f at the beginning of new iteration,     -3089.3572048610
Predicted improvement:       10.392241187
lambda =          1; f =        -3089.3429016
lambda =    0.33333; f =        -3089.3556189
lambda =    0.11111; f =        -3089.3570298
lambda =   0.037037; f =        -3089.3571858
lambda =   0.012346; f =        -3089.3572029
lambda =  0.0041152; f =        -3089.3572047
lambda =  0.0013717; f =        -3089.3572049
lambda = 0.00045725; f =        -3089.3667094
lambda = 0.00088394; f =        -3089.3572049
lambda =  0.0005952; f =        -3089.3572049
lambda = 0.00046946; f =        -3089.3669633
lambda =  0.0005413; f =        -3089.3572049
lambda = 0.00049698; f =        -3089.3675351
lambda = 0.00052311; f =        -3089.3680784
lambda = 0.00055063; f =        -3089.3572049
lambda = 0.00053395; f =        -3089.3572049
lambda = 0.00052419; f =        -3089.3572049
Norm of dx    0.17473
Cliff.  Perturbing search direction.
Predicted improvement:       18.398116235
lambda =          1; f =        -3089.3381316
lambda =    0.33333; f =        -3089.3550895
lambda =    0.11111; f =        -3089.3569711
lambda =   0.037037; f =        -3089.3571793
lambda =   0.012346; f =        -3089.3572022
lambda =  0.0041152; f =        -3089.3572046
lambda =  0.0013717; f =        -3089.3572048
lambda = 0.00045725; f =        -3089.3572049
lambda = 0.00015242; f =        -3089.3628130
lambda = 0.00029465; f =        -3089.3680453
lambda = 0.00056961; f =        -3089.3572049
lambda = 0.00038354; f =        -3089.3713149
lambda = 0.00048626; f =        -3089.3572049
lambda = 0.00042173; f =        -3089.3727195
lambda = 0.00045934; f =        -3089.3572049
lambda = 0.00043639; f =        -3089.3732586
lambda = 0.00045002; f =        -3089.3737598
lambda = 0.00046407; f =        -3089.3572049
lambda = 0.00045559; f =        -3089.3572049
lambda = 0.00045057; f =        -3089.3737802
Norm of dx    0.20637
Cliff again.  Try traversing
Predicted improvement:   351187.646183224
lambda =          1; f =        91731.2205984
lambda =    0.33333; f =         7224.0542915
lambda =    0.11111; f =        -2013.9887980
lambda =   0.037037; f =        -2989.8906783
lambda =   0.012346; f =        -3082.7253150
lambda =  0.0041152; f =        -3089.2147154
lambda =  0.0013717; f =        -3089.3572033
lambda = 0.00045725; f =        -3089.3522022
lambda = 0.00015242; f =        -3089.3571490
lambda = 5.0805e-05; f =        -3047.4598545
lambda = 1.6935e-05; f =        -3091.5413630
lambda =  5.645e-06; f =        -3092.1631231
lambda = 1.0913e-05; f =        -3092.8421180
Norm of dx     838.08
----
Improvement on iteration 34 =        3.484913182
-----------------
f at the beginning of new iteration,     -3092.8421180425
Predicted improvement:       11.540481325
lambda =          1; f =        -3092.8259388
lambda =    0.33333; f =        -3092.8403496
lambda =    0.11111; f =        -3092.8419311
lambda =   0.037037; f =        -3092.8421003
lambda =   0.012346; f =        -3092.8421169
lambda =  0.0041152; f =        -3092.8421180
lambda =  0.0013717; f =        -3092.8737801
lambda =  0.0026518; f =        -3092.9033118
lambda =  0.0051265; f =        -3092.8421180
lambda =  0.0034519; f =        -3092.9217616
lambda =  0.0043764; f =        -3092.8421180
lambda =  0.0037956; f =        -3092.9296862
lambda =  0.0041341; f =        -3092.8421180
lambda =  0.0039275; f =        -3092.9327279
lambda =  0.0040502; f =        -3092.9355557
lambda =  0.0041767; f =        -3092.8421180
lambda =  0.0041003; f =        -3092.8421180
lambda =  0.0040552; f =        -3092.9356706
Norm of dx    0.18893
Cliff.  Perturbing search direction.
Predicted improvement:       16.916874185
lambda =          1; f =        -3092.8204854
lambda =    0.33333; f =        -3092.8397483
lambda =    0.11111; f =        -3092.8418659
lambda =   0.037037; f =        -3092.8420936
lambda =   0.012346; f =        -3092.8421163
lambda =  0.0041152; f =        -3092.8421180
lambda =  0.0013717; f =        -3092.8885190
lambda =  0.0026518; f =        -3092.9317838
lambda =  0.0051265; f =        -3092.8421180
lambda =  0.0034519; f =        -3092.9588063
lambda =  0.0043764; f =        -3092.8421180
lambda =  0.0037956; f =        -3092.8421180
lambda =  0.0034848; f =        -3092.9599180
lambda =  0.0036681; f =        -3092.8421180
lambda =   0.003557; f =        -3092.8421180
lambda =  0.0034919; f =        -3092.9601595
lambda =  0.0035308; f =        -3092.8421180
Norm of dx    0.20748
Cliff again.  Try traversing
Predicted improvement:    58483.105705024
lambda =          1; f =        19562.7218129
lambda =    0.33333; f =         -687.4840113
lambda =    0.11111; f =        -2858.7176391
lambda =   0.037037; f =        -3075.3069538
lambda =   0.012346; f =        -3092.5217346
lambda =  0.0041152; f =        -3092.8421177
lambda =  0.0013717; f =        -1000.0145023
lambda = 0.00045725; f =        -2963.9029052
lambda = 0.00015242; f =        -3084.8378655
lambda = 5.0805e-05; f =        -3095.3959193
Norm of dx        342
----
Improvement on iteration 35 =        2.553801234
-----------------
f at the beginning of new iteration,     -3095.3959192767
Predicted improvement:       14.883606728
lambda =          1; f =        -3095.3684316
lambda =    0.33333; f =        -3095.3929476
lambda =    0.11111; f =        -3095.3956158
lambda =   0.037037; f =        -3095.3958937
lambda =   0.012346; f =        -3095.3959184
lambda =  0.0041152; f =        -3095.5183456
lambda =  0.0079555; f =        -3095.3959192
lambda =  0.0053568; f =        -3095.5552468
lambda =  0.0067914; f =        -3095.3959193
lambda =  0.0058901; f =        -3095.5710950
lambda =  0.0064154; f =        -3095.5867004
lambda =  0.0069876; f =        -3095.3959193
lambda =  0.0066385; f =        -3095.5933247
lambda =  0.0068458; f =        -3095.3959193
lambda =  0.0067206; f =        -3095.5957653
lambda =  0.0067955; f =        -3095.3959193
Norm of dx    0.23242
Cliff.  Perturbing search direction.
Predicted improvement:       18.182688833
lambda =          1; f =        -3095.3583084
lambda =    0.33333; f =        -3095.3918369
lambda =    0.11111; f =        -3095.3954971
lambda =   0.037037; f =        -3095.3958821
lambda =   0.012346; f =        -3095.3959176
lambda =  0.0041152; f =        -3095.5454151
lambda =  0.0079555; f =        -3095.3959191
lambda =  0.0053568; f =        -3095.5904560
lambda =  0.0067914; f =        -3095.3959192
lambda =  0.0058901; f =        -3095.3959193
lambda =  0.0054079; f =        -3095.5923088
lambda =  0.0056923; f =        -3095.6026226
lambda =  0.0059916; f =        -3095.3959193
lambda =  0.0058102; f =        -3095.3959193
lambda =   0.005704; f =        -3095.6030463
lambda =  0.0057675; f =        -3095.6053488
lambda =  0.0058317; f =        -3095.3959193
Norm of dx    0.25883
Cliff again.  Try traversing
Predicted improvement:     3381.671768646
lambda =          1; f =          427.7159972
lambda =    0.33333; f =        -2733.9251640
lambda =    0.11111; f =        -3063.2219465
lambda =   0.037037; f =        -3093.7323086
lambda =   0.012346; f =        -3095.3959187
lambda =  0.0041152; f =        -3095.3946351
lambda =  0.0013717; f =        -3095.3959154
lambda = 0.00045725; f =        -3087.0852332
lambda = 0.00015242; f =        -3095.2333913
lambda = 5.0805e-05; f =        -3095.6103608
Norm of dx      82.24
----
Improvement on iteration 36 =        0.214441526
-----------------
f at the beginning of new iteration,     -3095.6103608031
Predicted improvement:       15.278935528
lambda =          1; f =        -3095.5810007
lambda =    0.33333; f =        -3095.6071752
lambda =    0.11111; f =        -3095.6100318
lambda =   0.037037; f =        -3095.6103320
lambda =   0.012346; f =        -3095.6103596
lambda =  0.0041152; f =        -3095.7360372
lambda =  0.0079555; f =        -3095.6103607
lambda =  0.0053568; f =        -3095.7739182
lambda =  0.0067914; f =        -3095.6103608
lambda =  0.0058901; f =        -3095.6103608
lambda =  0.0054079; f =        -3095.7754766
lambda =  0.0056923; f =        -3095.7841521
lambda =  0.0059916; f =        -3095.6103608
lambda =  0.0058102; f =        -3095.7877485
lambda =  0.0059184; f =        -3095.6103608
lambda =  0.0058532; f =        -3095.7890613
Norm of dx    0.23415
Cliff.  Perturbing search direction.
Predicted improvement:       18.329648603
lambda =          1; f =        -3095.5718829
lambda =    0.33333; f =        -3095.6061733
lambda =    0.11111; f =        -3095.6099242
lambda =   0.037037; f =        -3095.6103212
lambda =   0.012346; f =        -3095.6103588
lambda =  0.0041152; f =        -3095.7611018
lambda =  0.0079555; f =        -3095.6103605
lambda =  0.0053568; f =        -3095.6103608
lambda =  0.0042252; f =        -3095.7651256
lambda =  0.0048717; f =        -3095.7887829
lambda =  0.0056171; f =        -3095.6103608
lambda =  0.0051572; f =        -3095.6103608
lambda =  0.0048995; f =        -3095.7898009
lambda =  0.0050525; f =        -3095.7953993
lambda =  0.0052103; f =        -3095.6103608
lambda =  0.0051151; f =        -3095.7976872
lambda =   0.005172; f =        -3095.6103608
Norm of dx    0.27595
Cliff again.  Try traversing
Predicted improvement:     3319.805635421
lambda =          1; f =        -2926.4135390
lambda =    0.33333; f =        -3083.1712653
lambda =    0.11111; f =        -3095.2316902
lambda =   0.037037; f =        -3095.6097838
lambda =   0.012346; f =        -3095.2888553
lambda =  0.0041152; f =        -3095.6101160
lambda =  0.0013717; f =        -3076.4594378
lambda = 0.00045725; f =        -3096.5312348
Norm of dx     81.484
----
Improvement on iteration 37 =        0.920873984
-----------------
f at the beginning of new iteration,     -3096.5312347875
Predicted improvement:       15.689166236
lambda =          1; f =        -3096.5028821
lambda =    0.33333; f =        -3096.5281682
lambda =    0.11111; f =        -3096.5309212
lambda =   0.037037; f =        -3096.5312082
lambda =   0.012346; f =        -3096.5312339
lambda =  0.0041152; f =        -3096.6603126
lambda =  0.0079555; f =        -3096.5312347
lambda =  0.0053568; f =        -3096.6992294
lambda =  0.0067914; f =        -3096.5312348
lambda =  0.0058901; f =        -3096.7159448
lambda =  0.0064154; f =        -3096.7324050
lambda =  0.0069876; f =        -3096.5312348
lambda =  0.0066385; f =        -3096.7393925
lambda =  0.0068458; f =        -3096.5312348
lambda =  0.0067206; f =        -3096.5312348
lambda =  0.0066466; f =        -3096.5312348
Norm of dx    0.23585
Cliff.  Perturbing search direction.
Predicted improvement:       19.983006022
lambda =          1; f =        -3096.4918066
lambda =    0.33333; f =        -3096.5269527
lambda =    0.11111; f =        -3096.5307912
lambda =   0.037037; f =        -3096.5311955
lambda =   0.012346; f =        -3096.5312330
lambda =  0.0041152; f =        -3096.6955195
lambda =  0.0079555; f =        -3096.5312346
lambda =  0.0053568; f =        -3096.7450088
lambda =  0.0067914; f =        -3096.5312347
lambda =  0.0058901; f =        -3096.5312348
lambda =  0.0054079; f =        -3096.7470445
lambda =  0.0056923; f =        -3096.5312348
lambda =  0.0055199; f =        -3096.7515080
lambda =  0.0056227; f =        -3096.7556038
lambda =  0.0057274; f =        -3096.5312348
lambda =  0.0056643; f =        -3096.5312348
Norm of dx    0.26583
Cliff again.  Try traversing
Predicted improvement:     7366.870552889
lambda =          1; f =         1649.6277816
lambda =    0.33333; f =        -2616.0549052
lambda =    0.11111; f =        -3056.1768119
lambda =   0.037037; f =        -3095.0426163
lambda =   0.012346; f =        -3096.5259136
lambda =  0.0041152; f =        -2192.2277238
lambda =  0.0013717; f =        -3008.5157727
lambda = 0.00045725; f =        -3085.9250729
lambda = 0.00015242; f =        -3096.1475958
lambda = 5.0805e-05; f =        -3096.9461690
Norm of dx     121.38
----
Improvement on iteration 38 =        0.414934234
-----------------
f at the beginning of new iteration,     -3096.9461690212
Predicted improvement:       16.099515892
lambda =          1; f =        -3096.9168775
lambda =    0.33333; f =        -3096.9430081
lambda =    0.11111; f =        -3096.9458481
lambda =   0.037037; f =        -3096.9461426
lambda =   0.012346; f =        -3096.9461682
lambda =  0.0041152; f =        -3097.0786267
lambda =  0.0079555; f =        -3096.9461690
lambda =  0.0053568; f =        -3097.1185628
lambda =  0.0067914; f =        -3097.1646960
lambda =  0.0086103; f =        -3096.9461690
lambda =  0.0074677; f =        -3096.9461690
lambda =  0.0068562; f =        -3097.1667784
lambda =  0.0072168; f =        -3096.9461690
lambda =  0.0069982; f =        -3097.1713443
lambda =  0.0071286; f =        -3097.1755344
lambda =  0.0072613; f =        -3096.9461690
lambda =  0.0071814; f =        -3097.1772321
Norm of dx    0.24263
Cliff.  Perturbing search direction.
Predicted improvement:       18.782138818
lambda =          1; f =        -3096.9103646
lambda =    0.33333; f =        -3096.9422944
lambda =    0.11111; f =        -3096.9457721
lambda =   0.037037; f =        -3096.9461352
lambda =   0.012346; f =        -3096.9461678
lambda =  0.0041152; f =        -3097.1006771
lambda =  0.0079555; f =        -3096.9461689
lambda =  0.0053568; f =        -3097.1472589
lambda =  0.0067914; f =        -3096.9461690
lambda =  0.0058901; f =        -3097.1672664
lambda =  0.0064154; f =        -3097.1869681
lambda =  0.0069876; f =        -3096.9461690
lambda =  0.0066385; f =        -3096.9461690
lambda =  0.0064374; f =        -3097.1877917
lambda =  0.0065573; f =        -3096.9461690
lambda =  0.0064851; f =        -3097.1895802
Norm of dx    0.27603
Cliff again.  Try traversing
Predicted improvement:     4002.438460594
lambda =          1; f =        -2628.5023428
lambda =    0.33333; f =        -3052.0066365
lambda =    0.11111; f =        -3093.5414296
lambda =   0.037037; f =        -3096.8601980
lambda =   0.012346; f =        -3096.9460497
lambda =  0.0041152; f =        -2895.3719474
lambda =  0.0013717; f =        -3095.3884721
lambda = 0.00045725; f =        -3099.4030263
Norm of dx      89.47
----
Improvement on iteration 39 =        2.456857297
-----------------
f at the beginning of new iteration,     -3099.4030263182
Predicted improvement:       19.716230541
lambda =          1; f =        -3099.3689316
lambda =    0.33333; f =        -3099.3994066
lambda =    0.11111; f =        -3099.4026778
lambda =   0.037037; f =        -3099.4030029
lambda =   0.012346; f =        -3099.4030263
lambda =  0.0041152; f =        -3099.5651844
lambda =  0.0079555; f =        -3099.7163602
lambda =   0.015379; f =        -3099.4030257
lambda =   0.010356; f =        -3099.8107714
lambda =   0.013129; f =        -3099.4030262
lambda =   0.011387; f =        -3099.4030263
lambda =   0.010454; f =        -3099.8146552
lambda =   0.011004; f =        -3099.8362749
lambda =   0.011583; f =        -3099.4030263
lambda =   0.011232; f =        -3099.4030263
lambda =   0.011027; f =        -3099.8371628
lambda =    0.01115; f =        -3099.4030263
Norm of dx    0.30387
Cliff.  Perturbing search direction.
Predicted improvement:       22.518108747
lambda =          1; f =        -3099.3642182
lambda =    0.33333; f =        -3099.3988943
lambda =    0.11111; f =        -3099.4026246
lambda =   0.037037; f =        -3099.4029983
lambda =   0.012346; f =        -3099.4030262
lambda =  0.0041152; f =        -3099.5882118
lambda =  0.0079555; f =        -3099.7608205
lambda =   0.015379; f =        -3099.4030253
lambda =   0.010356; f =        -3099.8685996
lambda =   0.013129; f =        -3099.4030260
lambda =   0.011387; f =        -3099.4030263
lambda =   0.010454; f =        -3099.4030263
Norm of dx    0.34015
Cliff again.  Try traversing
Predicted improvement:     9857.965799628
lambda =          1; f =         1130.3785393
lambda =    0.33333; f =        -2636.8889417
lambda =    0.11111; f =        -3049.7526432
lambda =   0.037037; f =        -3094.3122775
lambda =   0.012346; f =        -3098.9679037
lambda =  0.0041152; f =        -3099.3867884
lambda =  0.0013717; f =        -3099.4030263
lambda = 0.00045725; f =        -3104.5267597
Norm of dx     140.41
----
Improvement on iteration 40 =        5.123733409
-----------------
f at the beginning of new iteration,     -3104.5267597273
Predicted improvement:       19.559570105
lambda =          1; f =        -3104.5266283
lambda =    0.33333; f =        -3104.5234235
lambda =    0.11111; f =        -3104.5264227
lambda =   0.037037; f =        -3104.5267324
lambda =   0.012346; f =        -3104.5267590
lambda =  0.0041152; f =        -3104.6876081
lambda =  0.0079555; f =        -3104.5267597
lambda =  0.0053568; f =        -3104.7360906
lambda =  0.0067914; f =        -3104.7920886
lambda =  0.0086103; f =        -3104.5267597
lambda =  0.0074677; f =        -3104.8184737
lambda =  0.0081336; f =        -3104.5267597
lambda =  0.0077272; f =        -3104.5267597
lambda =  0.0074932; f =        -3104.8194709
lambda =  0.0076328; f =        -3104.5267597
lambda =  0.0075487; f =        -3104.8216366
Norm of dx    0.31208
Cliff.  Perturbing search direction.
Predicted improvement:       29.107263531
lambda =          1; f =        -3104.5260664
lambda =    0.33333; f =        -3104.5213895
lambda =    0.11111; f =        -3104.5262059
lambda =   0.037037; f =        -3104.5267114
lambda =   0.012346; f =        -3104.5267577
lambda =  0.0041152; f =        -3104.7660947
lambda =  0.0079555; f =        -3104.5267595
lambda =  0.0053568; f =        -3104.8382074
lambda =  0.0067914; f =        -3104.5267597
lambda =  0.0058901; f =        -3104.8691744
lambda =  0.0064154; f =        -3104.5267597
lambda =  0.0060949; f =        -3104.5267597
lambda =  0.0059103; f =        -3104.8703448
lambda =  0.0060204; f =        -3104.5267597
lambda =  0.0059541; f =        -3104.8728865
Norm of dx    0.44754
Cliff again.  Try traversing
Predicted improvement:     5560.908343121
lambda =          1; f =        -2948.9631076
lambda =    0.33333; f =        -3091.2235807
lambda =    0.11111; f =        -3103.8883587
lambda =   0.037037; f =        -3104.5257159
lambda =   0.012346; f =        -3103.6100226
lambda =  0.0041152; f =        -3104.5114006
lambda =  0.0013717; f =        -3102.8456665
lambda = 0.00045725; f =        -3107.6050027
Norm of dx     105.46
----
Improvement on iteration 41 =        3.078243003
-----------------
f at the beginning of new iteration,     -3107.6050027303
Predicted improvement:       23.497311747
lambda =          1; f =        -3107.5663552
lambda =    0.33333; f =        -3107.6015692
lambda =    0.11111; f =        -3107.6046687
lambda =   0.037037; f =        -3107.6049793
lambda =   0.012346; f =        -3107.6050026
lambda =  0.0041152; f =        -3107.7982861
lambda =  0.0079555; f =        -3107.9784532
lambda =   0.015379; f =        -3107.6050019
lambda =   0.010356; f =        -3108.0909568
lambda =   0.013129; f =        -3107.6050025
lambda =   0.011387; f =        -3107.6050027
lambda =   0.010454; f =        -3107.6050027
Norm of dx    0.39522
Cliff.  Perturbing search direction.
Predicted improvement:       26.788904708
lambda =          1; f =        -3107.6049990
lambda =    0.33333; f =        -3107.6006914
lambda =    0.11111; f =        -3107.6045771
lambda =   0.037037; f =        -3107.6049711
lambda =   0.012346; f =        -3107.6050023
lambda =  0.0041152; f =        -3107.8253274
lambda =  0.0079555; f =        -3108.0306673
lambda =   0.015379; f =        -3107.6050012
lambda =   0.010356; f =        -3107.6050027
lambda =   0.008168; f =        -3108.0420250
lambda =  0.0094179; f =        -3107.6050027
lambda =  0.0086467; f =        -3108.0676009
lambda =  0.0091015; f =        -3108.0918947
lambda =  0.0095802; f =        -3107.6050027
lambda =    0.00929; f =        -3108.1019652
lambda =   0.009463; f =        -3107.6050027
lambda =  0.0093588; f =        -3107.6050027
Norm of dx    0.42956
Cliff again.  Try traversing
Predicted improvement:     3047.143406892
lambda =          1; f =         -222.5982558
lambda =    0.33333; f =        -2810.2076701
lambda =    0.11111; f =        -3081.3957990
lambda =   0.037037; f =        -3106.3195785
lambda =   0.012346; f =        -3107.5900130
lambda =  0.0041152; f =        -3107.6049909
lambda =  0.0013717; f =        -3107.6050021
lambda = 0.00045725; f =        -3102.7465834
lambda = 0.00015242; f =        -3107.7853465
lambda = 5.0805e-05; f =        -3107.8352824
lambda = 9.8216e-05; f =        -3107.8998370
Norm of dx     78.066
----
Improvement on iteration 42 =        0.496962486
back and forth on step length never finished
-----------------
f at the beginning of new iteration,     -3108.1019652163
Predicted improvement:       23.497311747
lambda =          1; f =        -3108.1019651
lambda =    0.33333; f =        -3108.0983075
lambda =    0.11111; f =        -3108.1015589
lambda =   0.037037; f =        -3108.1019201
lambda =   0.012346; f =        -3108.1019602
lambda =  0.0041152; f =        -3108.1019647
lambda =  0.0013717; f =        -3108.1019652
lambda = 0.00045725; f =        -3108.1019652
lambda = 0.00015242; f =        -3108.1019652
lambda = 5.0805e-05; f =        -3108.1019652
lambda = 1.6935e-05; f =        -3108.1019652
lambda =  5.645e-06; f =        -3108.1022298
Norm of dx    0.39522
----
Improvement on iteration 43 =        0.000264539
-----------------
f at the beginning of new iteration,     -3108.1022297556
Predicted improvement:       23.370712609
lambda =          1; f =        -3108.0626631
lambda =    0.33333; f =        -3108.0985850
lambda =    0.11111; f =        -3108.1018248
lambda =   0.037037; f =        -3108.1021848
lambda =   0.012346; f =        -3108.1022248
lambda =  0.0041152; f =        -3108.1022292
lambda =  0.0013717; f =        -3108.1022297
lambda = 0.00045725; f =        -3108.1022297
lambda = 0.00015242; f =        -3108.1022298
lambda = 5.0805e-05; f =        -3108.1022298
lambda = 1.6935e-05; f =        -3108.1022298
lambda =  5.645e-06; f =        -3108.1024936
lambda = 1.0913e-05; f =        -3108.1022298
lambda = 7.3481e-06; f =        -3108.1022298
lambda = 5.7958e-06; f =        -3108.1022298
lambda = 5.6899e-06; f =        -3108.1022298
Norm of dx    0.39408
Cliff.  Perturbing search direction.
Predicted improvement:       29.620723685
lambda =          1; f =        -3108.1021605
lambda =    0.33333; f =        -3108.0973482
lambda =    0.11111; f =        -3108.1016874
lambda =   0.037037; f =        -3108.1021695
lambda =   0.012346; f =        -3108.1022231
lambda =  0.0041152; f =        -3108.1022290
lambda =  0.0013717; f =        -3108.1022297
lambda = 0.00045725; f =        -3108.1022297
lambda = 0.00015242; f =        -3108.1022298
lambda = 5.0805e-05; f =        -3108.1022298
lambda = 1.6935e-05; f =        -3108.1022298
lambda =  5.645e-06; f =        -3108.1022298
lambda = 1.8817e-06; f =        -3108.1023412
lambda = 3.6376e-06; f =        -3108.1024452
lambda = 7.0322e-06; f =        -3108.1022298
lambda = 4.7351e-06; f =        -3108.1025103
lambda = 6.0032e-06; f =        -3108.1022298
lambda = 5.2066e-06; f =        -3108.1022298
lambda = 4.7802e-06; f =        -3108.1025129
lambda = 5.0316e-06; f =        -3108.1022298
lambda = 4.8793e-06; f =        -3108.1025188
lambda = 4.9701e-06; f =        -3108.1022298
lambda = 4.9154e-06; f =        -3108.1022298
Norm of dx    0.50716
Cliff again.  Try traversing
Predicted improvement:     3180.025421831
lambda =          1; f =        -3086.8772505
lambda =    0.33333; f =        -3106.8892191
lambda =    0.11111; f =        -3108.0833231
lambda =   0.037037; f =        -3101.1662446
lambda =   0.012346; f =        -3107.5898579
lambda =  0.0041152; f =        -3108.0963687
lambda =  0.0013717; f =        -3108.1022297
lambda = 0.00045725; f =        -3108.1022298
lambda = 0.00015242; f =        -3108.1022298
lambda = 5.0805e-05; f =        -3108.1022298
lambda = 1.6935e-05; f =        -3108.1022298
lambda =  5.645e-06; f =        -3108.1380991
lambda = 1.0913e-05; f =        -3108.1715222
lambda = 2.1097e-05; f =        -3108.1022298
lambda = 1.4205e-05; f =        -3108.1022298
lambda = 1.1204e-05; f =        -3108.1733707
lambda = 1.2919e-05; f =        -3108.1842373
lambda = 1.4896e-05; f =        -3108.1022298
lambda = 1.3676e-05; f =        -3108.1022298
lambda = 1.2993e-05; f =        -3108.1847049
lambda = 1.3398e-05; f =        -3108.1872760
lambda = 1.3817e-05; f =        -3108.1022298
lambda = 1.3564e-05; f =        -3108.1022298
lambda = 1.3415e-05; f =        -3108.1873805
Norm of dx      79.75
----
Improvement on iteration 44 =        0.085150768
back and forth on step length never finished
-----------------
f at the beginning of new iteration,     -3108.1873805241
Predicted improvement:       23.370712609
lambda =          1; f =        -3108.1476411
lambda =    0.33333; f =        -3108.1837356
lambda =    0.11111; f =        -3108.1869755
lambda =   0.037037; f =        -3108.1873355
lambda =   0.012346; f =        -3108.1873755
lambda =  0.0041152; f =        -3108.1873800
lambda =  0.0013717; f =        -3108.1873805
lambda = 0.00045725; f =        -3108.1873805
lambda = 0.00015242; f =        -3108.1873805
lambda = 5.0805e-05; f =        -3108.1873805
lambda = 1.6935e-05; f =        -3108.1873805
lambda =  5.645e-06; f =        -3108.1873805
lambda = 1.8817e-06; f =        -3108.1873805
Norm of dx    0.39408
----
Improvement on iteration 45 =        0.000000000
improvement < crit termination

Final value of minus the log posterior (or likelihood):-3108.187381 

POSTERIOR KERNEL OPTIMIZATION PROBLEM!
 (minus) the hessian matrix at the "mode" is not positive definite!
=> posterior variance of the estimated parameters are not positive.
You should try to change the initial values of the parameters using
the estimated_params_init block, or use another optimization routine.
[Warning: The results below are most likely wrong!] 
[> In <a href="matlab:matlab.internal.language.introspective.errorDocCallback('dynare_estimation_1', 'C:\dynare\5.4\matlab\dynare_estimation_1.m', 318)" style="font-weight:bold">dynare_estimation_1</a> (<a href="matlab: opentoline('C:\dynare\5.4\matlab\dynare_estimation_1.m',318,0)">line 318</a>)
In <a href="matlab:matlab.internal.language.introspective.errorDocCallback('dynare_estimation', 'C:\dynare\5.4\matlab\dynare_estimation.m', 118)" style="font-weight:bold">dynare_estimation</a> (<a href="matlab: opentoline('C:\dynare\5.4\matlab\dynare_estimation.m',118,0)">line 118</a>)
In <a href="matlab:matlab.internal.language.introspective.errorDocCallback('BRS_growth_util_sectoral_alt_habits_unr.driver', 'C:\Users\msilva913\Documents\GitHub\Shopping-effort-variable-capital-utilization-and-Solow-residual\Programs\Estimation BRS\+BRS_growth_util_sectoral_alt_habits_unr\driver.m', 692)" style="font-weight:bold">BRS_growth_util_sectoral_alt_habits_unr.driver</a> (<a href="matlab: opentoline('C:\Users\msilva913\Documents\GitHub\Shopping-effort-variable-capital-utilization-and-Solow-residual\Programs\Estimation BRS\+BRS_growth_util_sectoral_alt_habits_unr\driver.m',692,0)">line 692</a>)
In <a href="matlab:matlab.internal.language.introspective.errorDocCallback('dynare', 'C:\dynare\5.4\matlab\dynare.m', 278)" style="font-weight:bold">dynare</a> (<a href="matlab: opentoline('C:\dynare\5.4\matlab\dynare.m',278,0)">line 278</a>)] 

MODE CHECK

Fval obtained by the minimization routine (minus the posterior/likelihood)): -3108.187381
Most negative variance -9.351740 for parameter 19 (rho_N = 0.579743)
[Warning: Matrix is singular, close to singular or badly scaled. Results may be inaccurate. RCOND = NaN.] 
[> In <a href="matlab:matlab.internal.language.introspective.errorDocCallback('dynare_estimation_1', 'C:\dynare\5.4\matlab\dynare_estimation_1.m', 341)" style="font-weight:bold">dynare_estimation_1</a> (<a href="matlab: opentoline('C:\dynare\5.4\matlab\dynare_estimation_1.m',341,0)">line 341</a>)
In <a href="matlab:matlab.internal.language.introspective.errorDocCallback('dynare_estimation', 'C:\dynare\5.4\matlab\dynare_estimation.m', 118)" style="font-weight:bold">dynare_estimation</a> (<a href="matlab: opentoline('C:\dynare\5.4\matlab\dynare_estimation.m',118,0)">line 118</a>)
In <a href="matlab:matlab.internal.language.introspective.errorDocCallback('BRS_growth_util_sectoral_alt_habits_unr.driver', 'C:\Users\msilva913\Documents\GitHub\Shopping-effort-variable-capital-utilization-and-Solow-residual\Programs\Estimation BRS\+BRS_growth_util_sectoral_alt_habits_unr\driver.m', 692)" style="font-weight:bold">BRS_growth_util_sectoral_alt_habits_unr.driver</a> (<a href="matlab: opentoline('C:\Users\msilva913\Documents\GitHub\Shopping-effort-variable-capital-utilization-and-Solow-residual\Programs\Estimation BRS\+BRS_growth_util_sectoral_alt_habits_unr\driver.m',692,0)">line 692</a>)
In <a href="matlab:matlab.internal.language.introspective.errorDocCallback('dynare', 'C:\dynare\5.4\matlab\dynare.m', 278)" style="font-weight:bold">dynare</a> (<a href="matlab: opentoline('C:\dynare\5.4\matlab\dynare.m',278,0)">line 278</a>)
] 

RESULTS FROM POSTERIOR ESTIMATION
parameters
        prior mean     mode    s.d.  prior pstdev

gam         1.5000   1.8840     NaN   beta 0.2500 
ha          0.5000   0.0478     NaN   beta 0.2000 
m           0.2860   0.9500     NaN   gamm 0.2000 
nu          0.7200   0.7465     NaN   gamm 0.2500 
sigma_a     1.0000   0.5561     NaN   invg 1.0000 
Psi_K       4.0000   1.5295     NaN   gamm 1.0000 
eta         0.2000   0.0999     NaN   gamm 0.1500 
theta       1.0000   0.1184     NaN   gamm 0.5000 
rho_g       0.1000   0.1189     NaN   beta 0.0500 
rho_Z       0.6000   0.9999     NaN   beta 0.2000 
rho_ZI      0.6000   0.8383     NaN   beta 0.2000 
rho_N       0.6000   0.5797     NaN   beta 0.2000 
rho_D       0.6000   0.9908     NaN   beta 0.2000 
rho_DI      0.6000   0.9950     NaN   beta 0.2000 
rho_C       0.6000   0.9730     NaN   beta 0.2000 

standard deviation of shocks
        prior mean     mode    s.d.  prior pstdev

e_g         0.0100   0.0144     NaN   invg 0.1000 
e_Z         0.0100   0.0017     NaN   invg 0.1000 
e_ZI        0.0100   0.0026     NaN   invg 0.1000 
e_N         0.0100   0.0033     NaN   invg 0.1000 
e_D         0.0100   0.1725     NaN   invg 0.1000 
e_DI        0.0100   0.0171     NaN   invg 0.1000 
e_C         0.0100   0.0124     NaN   invg 0.1000 


Log data density [Laplace approximation] is NaN.

Estimation::mcmc: Multiple chains mode.
Estimation::mcmc: Searching for initial values...
Estimation::mcmc: Initial values found!

Estimation::mcmc: Write details about the MCMC... Ok!
Estimation::mcmc: Details about the MCMC are available in BRS_growth_util_sectoral_alt_habits_unr/metropolis\BRS_growth_util_sectoral_alt_habits_unr_mh_history_0.mat


Estimation::mcmc: Number of mh files: 1 per block.
Estimation::mcmc: Total number of generated files: 2.
Estimation::mcmc: Total number of iterations: 100000.
Estimation::mcmc: Current acceptance ratio per chain: 
                                                       Chain  1: 35.272%
                                                       Chain  2: 37.159%
Estimation::mcmc: Total number of MH draws per chain: 100000.
Estimation::mcmc: Total number of generated MH files: 1.
Estimation::mcmc: I'll use mh-files 1 to 1.
Estimation::mcmc: In MH-file number 1 I'll start at line 30001.
Estimation::mcmc: Finally I keep 70000 draws per chain.



MCMC Inefficiency factors per block
Parameter       Block 1     Block 2
SE_e_g          214.574     161.340
SE_e_Z          139.605     288.093
SE_e_ZI         221.655     273.735
SE_e_N          110.064     108.797
SE_e_D          741.277     740.588
SE_e_DI         401.356     320.689
SE_e_C          200.798     192.874
gam             729.656     740.839
ha              731.523     720.973
m               694.111     621.996
nu              724.060     742.122
sigma_a         738.378     738.710
Psi_K           739.124     731.581
eta             703.996     714.455
theta           694.507     705.511
rho_g           741.904     740.621
rho_Z            77.322     214.779
rho_ZI          731.158     734.676
rho_N           718.293     740.229
rho_D           242.072     261.640
rho_DI           94.293     214.827
rho_C           658.978     702.022

Estimation::mcmc::diagnostics: Univariate convergence diagnostic, Brooks and Gelman (1998):
    Parameter 1...  Done! 
    Parameter 2...  Done! 
    Parameter 3...  Done! 
    Parameter 4...  Done! 
    Parameter 5...  Done! 
    Parameter 6...  Done! 
    Parameter 7...  Done! 
    Parameter 8...  Done! 
    Parameter 9...  Done! 
    Parameter 10...  Done! 
    Parameter 11...  Done! 
    Parameter 12...  Done! 
    Parameter 13...  Done! 
    Parameter 14...  Done! 
    Parameter 15...  Done! 
    Parameter 16...  Done! 
    Parameter 17...  Done! 
    Parameter 18...  Done! 
    Parameter 19...  Done! 
    Parameter 20...  Done! 
    Parameter 21...  Done! 
    Parameter 22...  Done! 

Estimation::marginal density: I'm computing the posterior mean and covariance...  Done!
Estimation::marginal density: I'm computing the posterior log marginal density (modified harmonic mean)... Done!


ESTIMATION RESULTS

Log data density is 3111.678625.

parameters
          prior mean   post. mean        90% HPD interval    prior       pstdev

gam            1.500       2.0156      1.9453      2.0638     beta       0.2500
ha             0.500       0.0669      0.0212      0.1143     beta       0.2000
m              0.286       0.9426      0.9342      0.9500     gamm       0.2000
nu             0.720       0.7804      0.7292      0.8365     gamm       0.2500
sigma_a        1.000       0.7473      0.5046      0.9415     invg       1.0000
Psi_K          4.000       1.4971      1.0566      1.9090     gamm       1.0000
eta            0.200       0.0977      0.0791      0.1197     gamm       0.1500
theta          1.000       0.0623      0.0229      0.0961     gamm       0.5000
rho_g          0.100       0.1273      0.1089      0.1449     beta       0.0500
rho_Z          0.600       0.9994      0.9991      0.9998     beta       0.2000
rho_ZI         0.600       0.6108      0.5757      0.6471     beta       0.2000
rho_N          0.600       0.6155      0.5754      0.6460     beta       0.2000
rho_D          0.600       0.9973      0.9962      0.9984     beta       0.2000
rho_DI         0.600       0.9966      0.9953      0.9979     beta       0.2000
rho_C          0.600       0.9398      0.9272      0.9541     beta       0.2000

standard deviation of shocks
          prior mean   post. mean        90% HPD interval    prior       pstdev

e_g            0.010       0.0097      0.0087      0.0107     invg       0.1000
e_Z            0.010       0.0071      0.0063      0.0079     invg       0.1000
e_ZI           0.010       0.0072      0.0060      0.0083     invg       0.1000
e_N            0.010       0.0025      0.0019      0.0032     invg       0.1000
e_D            0.010       0.1711      0.1370      0.2032     invg       0.1000
e_DI           0.010       0.0118      0.0102      0.0135     invg       0.1000
e_C            0.010       0.0072      0.0063      0.0080     invg       0.1000

MODEL SUMMARY

  Number of variables:         62
  Number of stochastic shocks: 7
  Number of state variables:   23
  Number of jumpers:           12
  Number of static variables:  29


MATRIX OF COVARIANCE OF EXOGENOUS SHOCKS
Variables         e_g       e_Z      e_ZI       e_N       e_D      e_DI       e_C
e_g          0.000094  0.000000  0.000000  0.000000  0.000000  0.000000  0.000000
e_Z          0.000000  0.000050  0.000000  0.000000  0.000000  0.000000  0.000000
e_ZI         0.000000  0.000000  0.000051  0.000000  0.000000  0.000000  0.000000
e_N          0.000000  0.000000  0.000000  0.000006  0.000000  0.000000  0.000000
e_D          0.000000  0.000000  0.000000  0.000000  0.029287  0.000000  0.000000
e_DI         0.000000  0.000000  0.000000  0.000000  0.000000  0.000140  0.000000
e_C          0.000000  0.000000  0.000000  0.000000  0.000000  0.000000  0.000052



THEORETICAL MOMENTS
VARIABLE         MEAN  STD. DEV.   VARIANCE
Y_obs          0.0000     0.0233     0.0005
Y_N_obs        0.0000     0.0129     0.0002
SR_obs         0.0000     0.0135     0.0002
I_obs          0.0000     0.0374     0.0014
p_I_obs        0.0000     0.0170     0.0003
C_obs          0.0000     0.0242     0.0006
NC_obs         0.0000     0.0223     0.0005
NI_obs         0.0000     0.0292     0.0009
util_obs       0.0000     0.0177     0.0003
D_obs          0.0000     0.0169     0.0003
log_Y          0.0000     0.6805     0.4630
log_Y_N        0.0000     0.1703     0.0290
log_SR         0.0000     0.0805     0.0065
log_I          0.0000     0.9470     0.8967
log_p_I        0.0000     0.3908     0.1527
log_C          0.0000     0.6255     0.3912
log_N          0.0000     0.5295     0.2804
log_NC         0.0000     0.5470     0.2992
log_NI         0.0000     0.4997     0.2497
log_util       0.0000     0.2203     0.0485
log_D          0.0000     0.2390     0.0571



VARIANCE DECOMPOSITION (in percent)
               e_g     e_Z    e_ZI     e_N     e_D    e_DI     e_C
Y_obs        12.31   25.94    0.77    0.00   60.59    0.25    0.14
Y_N_obs      54.49    3.53    2.93    4.69    0.53    3.46   30.36
SR_obs       44.91   15.30    2.63    1.84   22.12    2.19   11.00
I_obs         5.75   20.34   11.50    0.00   44.76    9.29    8.35
p_I_obs       0.48   20.53   30.41    0.00    3.49   43.24    1.85
C_obs        12.72   33.23    0.26    0.00   52.91    0.39    0.48
NC_obs        0.51   28.93    0.28    1.66   59.92    0.51    8.20
NI_obs        2.83    8.04    3.07    1.04   56.65    3.39   24.98
util_obs      0.26    2.57    0.07    0.00   96.57    0.41    0.12
D_obs         0.01    0.39    0.00    0.00   99.42    0.00    0.17
log_Y         0.01   77.49    0.00    0.00   22.10    0.38    0.01
log_Y_N       0.01   93.34    0.03    0.03    1.31    4.12    1.15
log_SR        4.98   53.04    0.17    0.07   30.58    7.23    3.93
log_I         0.23   77.89    0.08    0.00   17.84    3.58    0.37
log_p_I       0.10   85.79    0.12    0.00    0.72   13.19    0.10
log_C         0.11   75.59    0.00    0.00   24.14    0.13    0.03
log_N         0.03   67.41    0.00    0.00   32.30    0.05    0.21
log_NC        0.11   71.21    0.00    0.00   28.45    0.12    0.10
log_NI        0.37   46.86    0.06    0.00   50.58    0.62    1.49
log_util      0.13    4.20    0.00    0.00   95.47    0.18    0.03
log_D         0.00    3.86    0.00    0.00   96.11    0.03    0.01

CONDITIONAL VARIANCE DECOMPOSITION (in percent)
Period 1:
               e_g     e_Z    e_ZI     e_N     e_D    e_DI     e_C
Y_obs        12.28   25.48    0.70    0.00   61.23    0.21    0.11
Y_N_obs      56.89    1.53    2.74    4.04    0.12    3.61   31.08
SR_obs       46.45   13.74    2.36    1.57   22.50    2.17   11.22
I_obs         4.98    1.32   17.13    0.01   56.39   10.79    9.37
p_I_obs       0.04    0.67   37.90    0.00    0.06   60.79    0.54
C_obs        12.93   33.32    0.03    0.00   53.33    0.15    0.23
NC_obs        0.17   29.19    0.04    1.38   61.07    0.26    7.88
NI_obs        1.38    1.66    0.18    1.18   63.26    0.73   31.60
util_obs      0.24    2.36    0.01    0.00   96.95    0.35    0.07
D_obs         0.01    0.39    0.00    0.00   99.43    0.00    0.17
log_Y         0.56   28.88    0.79    0.00   69.41    0.24    0.12
log_Y_N       0.14    3.54    6.35    9.36    0.27    8.36   71.98
log_SR        0.58   25.50    4.38    2.91   41.78    4.02   20.82
log_I         1.76    1.37   17.71    0.01   58.30   11.16    9.69
log_p_I       0.04    0.67   37.90    0.00    0.06   60.79    0.54
log_C         0.26   38.17    0.04    0.00   61.09    0.17    0.27
log_N         0.36   21.16    0.00    1.40   64.43    0.36   12.30
log_NC        0.17   29.19    0.04    1.38   61.07    0.26    7.88
log_NI        1.38    1.66    0.18    1.18   63.26    0.73   31.60
log_util      0.24    2.36    0.01    0.00   96.95    0.35    0.07
log_D         0.01    0.39    0.00    0.00   99.43    0.00    0.17
Period 4:
               e_g     e_Z    e_ZI     e_N     e_D    e_DI     e_C
Y_obs        12.34   25.85    0.74    0.00   60.69    0.25    0.13
Y_N_obs      55.05    3.21    2.87    4.69    0.51    3.49   30.17
SR_obs       45.48   14.96    2.56    1.85   21.94    2.13   11.08
I_obs         6.19   15.57   11.36    0.00   48.51   10.03    8.34
p_I_obs       0.46   18.08   31.03    0.00    3.41   45.30    1.73
C_obs        12.78   33.11    0.20    0.00   53.14    0.36    0.40
NC_obs        0.49   28.77    0.21    1.66   60.21    0.47    8.20
NI_obs        2.87    4.95    2.66    1.09   59.64    3.44   25.34
util_obs      0.26    2.49    0.05    0.00   96.70    0.40    0.10
D_obs         0.01    0.39    0.00    0.00   99.43    0.00    0.17
log_Y         0.49   32.66    0.42    0.00   65.80    0.41    0.23
log_Y_N       0.06   17.95    3.89    4.10    2.70   12.05   59.25
log_SR        5.29   36.28    1.75    0.88   40.17    4.13   11.48
log_I         0.63   14.20    7.08    0.00   56.43   11.95    9.71
log_p_I       0.39   17.72   15.62    0.00    5.14   57.87    3.26
log_C         1.45   39.70    0.35    0.00   56.46    0.98    1.06
log_N         0.49   22.05    0.00    0.55   66.45    0.29   10.17
log_NC        1.21   31.38    0.35    0.64   59.57    1.18    5.66
log_NI        0.50    5.07    2.06    0.25   68.53    1.14   22.46
log_util      0.33    3.16    0.06    0.00   95.69    0.58    0.18
log_D         0.01    0.43    0.00    0.00   99.41    0.01    0.14
Period 8:
               e_g     e_Z    e_ZI     e_N     e_D    e_DI     e_C
Y_obs        12.33   25.94    0.77    0.00   60.59    0.25    0.13
Y_N_obs      54.66    3.52    2.94    4.71    0.52    3.46   30.19
SR_obs       45.30   15.11    2.65    1.86   21.88    2.13   11.07
I_obs         5.85   20.23   11.64    0.00   45.14    9.35    7.78
p_I_obs       0.47   20.47   30.59    0.00    3.37   43.42    1.68
C_obs        12.74   33.24    0.26    0.00   52.99    0.36    0.42
NC_obs        0.49   28.90    0.27    1.67   59.99    0.47    8.21
NI_obs        2.87    7.83    3.06    1.06   57.36    3.40   24.42
util_obs      0.26    2.54    0.07    0.00   96.63    0.40    0.11
D_obs         0.01    0.39    0.00    0.00   99.43    0.00    0.17
log_Y         0.36   35.79    0.22    0.00   62.86    0.51    0.26
log_Y_N       0.06   33.56    2.07    2.07    4.36   13.40   44.48
log_SR        5.99   44.02    0.80    0.40   36.87    3.88    8.03
log_I         1.03   27.91    2.68    0.00   50.25   10.89    7.25
log_p_I       0.69   37.27    6.08    0.00    6.75   46.34    2.87
log_C         2.43   37.01    0.25    0.00   57.30    1.65    1.36
log_N         0.48   22.73    0.00    0.28   67.83    0.25    8.42
log_NC        2.12   29.03    0.26    0.38   61.70    1.97    4.54
log_NI        0.89   12.89    1.04    0.09   66.60    1.84   16.65
log_util      0.41    4.18    0.04    0.00   94.52    0.68    0.18
log_D         0.01    0.46    0.00    0.00   99.41    0.01    0.12
Period 40:
               e_g     e_Z    e_ZI     e_N     e_D    e_DI     e_C
Y_obs        12.32   25.95    0.77    0.00   60.57    0.25    0.14
Y_N_obs      54.50    3.52    2.93    4.70    0.52    3.46   30.37
SR_obs       45.03   15.23    2.64    1.85   22.06    2.18   11.03
I_obs         5.77   20.30   11.56    0.00   44.71    9.27    8.39
p_I_obs       0.48   20.51   30.47    0.00    3.45   43.24    1.85
C_obs        12.73   33.23    0.26    0.00   52.91    0.39    0.48
NC_obs        0.50   28.93    0.28    1.66   59.93    0.50    8.21
NI_obs        2.83    7.98    3.08    1.04   56.61    3.38   25.07
util_obs      0.26    2.56    0.07    0.00   96.58    0.41    0.12
D_obs         0.01    0.39    0.00    0.00   99.42    0.00    0.17
log_Y         0.16   41.35    0.04    0.00   57.58    0.72    0.14
log_Y_N       0.07   62.25    0.48    0.48    5.76   15.16   15.79
log_SR        6.38   55.85    0.27    0.11   29.40    2.62    5.37
log_I         1.02   44.48    0.47    0.00   42.59    9.31    2.11
log_p_I       0.64   56.06    1.04    0.00    5.14   36.30    0.80
log_C         2.06   34.35    0.06    0.00   62.08    1.03    0.42
log_N         0.30   26.80    0.00    0.06   69.81    0.09    2.95
log_NC        1.89   26.97    0.07    0.08   67.77    1.38    1.84
log_NI        1.03   25.14    0.22    0.02   66.17    1.86    5.55
log_util      0.36    4.90    0.01    0.00   94.13    0.54    0.06
log_D         0.01    0.60    0.00    0.00   99.34    0.01    0.05



MATRIX OF CORRELATIONS
Variables       Y_obs   Y_N_obs    SR_obs     I_obs   p_I_obs     C_obs    NC_obs    NI_obs  util_obs     D_obs     log_Y   log_Y_N    log_SR     log_I   log_p_I     log_C     log_N    log_NC    log_NI  log_util     log_D
Y_obs          1.0000    0.3677    0.7996    0.6462   -0.1128    0.9553    0.8411    0.6078    0.8675    0.8047    0.0139    0.0001    0.1359    0.0132   -0.0016    0.0140    0.0179    0.0162    0.0238    0.0564    0.0360
Y_N_obs        0.3677    1.0000    0.8439    0.2386   -0.2533    0.3509   -0.1588   -0.2559    0.0970    0.0132    0.0013    0.0158    0.0699    0.0036   -0.0073    0.0004   -0.0034   -0.0033   -0.0036    0.0155    0.0031
SR_obs         0.7996    0.8439    1.0000    0.5166   -0.2262    0.7639    0.3754    0.1797    0.5570    0.4659   -0.0099   -0.0073    0.0397   -0.0316    0.0224   -0.0015   -0.0104   -0.0036   -0.0391    0.0024   -0.0029
I_obs          0.6462    0.2386    0.5166    1.0000   -0.6541    0.3918    0.4081    0.8038    0.6430    0.5671    0.0066   -0.0046    0.1932    0.0183   -0.0165    0.0021    0.0100    0.0066    0.0238    0.0549    0.0263
p_I_obs       -0.1128   -0.2533   -0.2262   -0.6541    1.0000    0.1173    0.1015   -0.2005   -0.0917   -0.0252   -0.0026   -0.0064   -0.1252   -0.0109    0.0217    0.0006   -0.0013   -0.0008   -0.0034   -0.0198   -0.0027
C_obs          0.9553    0.3509    0.7639    0.3918    0.1173    1.0000    0.8560    0.4216    0.7968    0.7505    0.0142    0.0019    0.0890    0.0089    0.0045    0.0160    0.0177    0.0170    0.0194    0.0467    0.0333
NC_obs         0.8411   -0.1588    0.3754    0.4081    0.1015    0.8560    1.0000    0.6511    0.8244    0.8114    0.0151   -0.0063    0.0793    0.0096    0.0052    0.0169    0.0214    0.0204    0.0241    0.0455    0.0348
NI_obs         0.6078   -0.2559    0.1797    0.8038   -0.2005    0.4216    0.6511    1.0000    0.7278    0.7018    0.0067   -0.0154    0.1452    0.0156   -0.0062    0.0033    0.0136    0.0098    0.0293    0.0518    0.0306
util_obs       0.8675    0.0970    0.5570    0.6430   -0.0917    0.7968    0.8244    0.7278    1.0000    0.9886    0.0058   -0.0068    0.0873   -0.0015    0.0067    0.0084    0.0096    0.0106    0.0049    0.0402    0.0303
D_obs          0.8047    0.0132    0.4659    0.5671   -0.0252    0.7505    0.8114    0.7018    0.9886    1.0000    0.0101   -0.0023    0.0857    0.0077    0.0005    0.0108    0.0137    0.0130    0.0158    0.0451    0.0354
log_Y          0.0139    0.0013   -0.0099    0.0066   -0.0026    0.0142    0.0151    0.0067    0.0058    0.0101    1.0000    0.9131    0.3329    0.9642   -0.8474    0.9950    0.9914    0.9920    0.9091    0.6144    0.6343
log_Y_N        0.0001    0.0158   -0.0073   -0.0046   -0.0064    0.0019   -0.0063   -0.0154   -0.0068   -0.0023    0.9131    1.0000    0.4479    0.9274   -0.9705    0.8907    0.8517    0.8645    0.7275    0.2940    0.3017
log_SR         0.1359    0.0699    0.0397    0.1932   -0.1252    0.0890    0.0793    0.1452    0.0873    0.0857    0.3329    0.4479    1.0000    0.4960   -0.4604    0.2650    0.2838    0.2437    0.4365    0.1559    0.0329
log_I          0.0132    0.0036   -0.0316    0.0183   -0.0109    0.0089    0.0096    0.0156   -0.0015    0.0077    0.9642    0.9274    0.4960    1.0000   -0.9124    0.9327    0.9408    0.9273    0.9242    0.5835    0.5699
log_p_I       -0.0016   -0.0073    0.0224   -0.0165    0.0217    0.0045    0.0052   -0.0062    0.0067    0.0005   -0.8474   -0.9705   -0.4604   -0.9124    1.0000   -0.8071   -0.7769   -0.7824   -0.6903   -0.2291   -0.2224
log_C          0.0140    0.0004   -0.0015    0.0021    0.0006    0.0160    0.0169    0.0033    0.0084    0.0108    0.9950    0.8907    0.2650    0.9327   -0.8071    1.0000    0.9921    0.9980    0.8865    0.6147    0.6469
log_N          0.0179   -0.0034   -0.0104    0.0100   -0.0013    0.0177    0.0214    0.0136    0.0096    0.0137    0.9914    0.8517    0.2838    0.9408   -0.7769    0.9921    1.0000    0.9967    0.9343    0.6950    0.7181
log_NC         0.0162   -0.0033   -0.0036    0.0066   -0.0008    0.0170    0.0204    0.0098    0.0106    0.0130    0.9920    0.8645    0.2437    0.9273   -0.7824    0.9980    0.9967    1.0000    0.9022    0.6510    0.6836
log_NI         0.0238   -0.0036   -0.0391    0.0238   -0.0034    0.0194    0.0241    0.0293    0.0049    0.0158    0.9091    0.7275    0.4365    0.9242   -0.6903    0.8865    0.9343    0.9022    1.0000    0.8321    0.8116
log_util       0.0564    0.0155    0.0024    0.0549   -0.0198    0.0467    0.0455    0.0518    0.0402    0.0451    0.6144    0.2940    0.1559    0.5835   -0.2291    0.6147    0.6950    0.6510    0.8321    1.0000    0.9888
log_D          0.0360    0.0031   -0.0029    0.0263   -0.0027    0.0333    0.0348    0.0306    0.0303    0.0354    0.6343    0.3017    0.0329    0.5699   -0.2224    0.6469    0.7181    0.6836    0.8116    0.9888    1.0000



COEFFICIENTS OF AUTOCORRELATION
Order             1        2        3        4        5
Y_obs        0.0954   0.0483   0.0340   0.0246   0.0180
Y_N_obs      0.0784   0.0229   0.0096   0.0042   0.0010
SR_obs       0.1346   0.0608   0.0351   0.0201   0.0099
I_obs        0.6264   0.3998   0.2494   0.1501   0.0849
p_I_obs      0.2019   0.1189   0.0706   0.0400   0.0208
C_obs       -0.0193  -0.0490  -0.0397  -0.0284  -0.0186
NC_obs      -0.0409  -0.0537  -0.0417  -0.0297  -0.0197
NI_obs       0.3941   0.2579   0.1590   0.0933   0.0498
util_obs     0.0663   0.0276   0.0162   0.0088   0.0038
D_obs        0.0022  -0.0003  -0.0006  -0.0007  -0.0008
log_Y        0.9995   0.9989   0.9982   0.9975   0.9968
log_Y_N      0.9987   0.9974   0.9961   0.9947   0.9934
log_SR       0.9913   0.9807   0.9688   0.9560   0.9427
log_I        0.9992   0.9976   0.9953   0.9927   0.9898
log_p_I      0.9991   0.9977   0.9962   0.9945   0.9927
log_C        0.9993   0.9987   0.9981   0.9976   0.9971
log_N        0.9991   0.9982   0.9973   0.9964   0.9955
log_NC       0.9992   0.9984   0.9977   0.9971   0.9966
log_NI       0.9983   0.9952   0.9913   0.9868   0.9820
log_util     0.9968   0.9931   0.9893   0.9853   0.9813
log_D        0.9975   0.9950   0.9925   0.9900   0.9875
Total computing time : 0h17m15s
Note: warning(s) encountered in MATLAB/Octave code
