Starting Dynare (version 5.4).
Calling Dynare with arguments: none
Starting preprocessing of the model file ...
WARNING: in the 'steady_state_model' block, variable 'W_C' is not assigned a value
WARNING: in the 'steady_state_model' block, variable 'W_I' is not assigned a value
WARNING: in the 'steady_state_model' block, variable 'log_h' is not assigned a value
WARNING: in the 'steady_state_model' block, variable 'log_tech' is not assigned a value
WARNING: in the 'steady_state_model' block, variable 'tech_obs' is not assigned a value
WARNING: in the 'steady_state_model' block, variable 'h_obs' is not assigned a value
Found 104 equation(s).
Evaluating expressions...done
Computing static model derivatives (order 1).
Computing dynamic model derivatives (order 1).
Processing outputs ...
done
Preprocessing completed.





Residuals of the static equations:

Equation number 1 : 1.3206 : Labor leisure
Equation number 2 : 0 : Equality of worker wage rate
Equation number 3 : 0 : Marginal utility of wealth
Equation number 4 : 0 : Demand curve: mc
Equation number 5 : 0 : Demand curve: sc
Equation number 6 : 0 : Shopping:mc
Equation number 7 : 0 : Shopping:sc
Equation number 8 : 0 : Shopping:I
Equation number 9 : 0 : Composite utility term
Equation number 10 : 0 : Consumption CES aggregator
Equation number 11 : 0 : Investment adjustment cost function:mc
Equation number 12 : 0 : Investment adjustment cost function:mc
Equation number 13 : 0 : Investment adjustment cost function:I
Equation number 14 : 0 : Investment adjustment cost function: derivative mc
Equation number 15 : 0 : Investment adjustment cost function: derivative mc
Equation number 16 : 0 : Investment adjustment cost function: derivative I
Equation number 17 : 0 : Investment growth:mc
Equation number 18 : 0 : Investment growth:mc
Equation number 19 : 0 : Investment growth:I
Equation number 20 : 0 : Depreciation rate: mc
Equation number 21 : 0 : Depreciation rate: sc
Equation number 22 : 0 : Depreciation rate: I
Equation number 23 : 0 : Depreciation rate derivative: mc
Equation number 24 : 0 : Depreciation rate derivative: sc
Equation number 25 : 0 : Depreciation rate derivative: I
Equation number 26 : 0 : Tobins Q: mc
Equation number 27 : 0 : Tobins Q: sc
Equation number 28 : 0 : Tobins Q: I
Equation number 29 : 0 : Euler equation: mc
Equation number 30 : 0 : Euler equation: sc
Equation number 31 : 0 : Euler equation: I
Equation number 32 : 0 : Utilization: mc
Equation number 33 : 0 : Utilization: sc
Equation number 34 : 0 : Utilization: I
Equation number 35 : 0 : Non-durable goods production
Equation number 36 : 0 : Services production
Equation number 37 : 0 : Investment production
Equation number 38 : 0 : Capital law of motion:mc
Equation number 39 : 0 : Capital law of motion:sc
Equation number 40 : 0 : Capital law of motion:I
Equation number 41 : -1.5187 : Labor demand:mc
Equation number 42 : -1.5187 : Labor demand:sc
Equation number 43 : -1.5187 : Labor demand:I
Equation number 44 : 0 : Capital demand:mc
Equation number 45 : 0 : Capital demand:sc
Equation number 46 : 0 : Capital demand:I
Equation number 47 : 0 : Labor composition
Equation number 48 : 0 : Labor composition: C
Equation number 49 : 0 : Capital composition
Equation number 50 : 0 : Investment composition
Equation number 51 : 0 : Shopping composition
Equation number 52 : 0 : Capital utilization composition
Equation number 53 : 2.2333 : Aggregate wage
Equation number 54 : 0 : Output (base-year prices)
Equation number 55 : 0 : Solow residual
Equation number 56 : 0 : Capacity utilization
Equation number 57 : 0 : util_sc
Equation number 58 : 0 : util_D
Equation number 59 : 0 : util
Equation number 60 : 0 : General technology measure
Equation number 61 : 0 : stochastic trend process
Equation number 62 : 0 : Stationary TFP process
Equation number 63 : 0 : Independent component of I-specific tech
Equation number 64 : 0 : Investment-specific TFP process
Equation number 65 : 0 : Labor supply process
Equation number 66 : 0 : Shopping effort process
Equation number 67 : 0 : Relative shopping effort process
Equation number 68 : 0 : Consumption preference process
Equation number 69 : 0 : Wage-markup process: C
Equation number 70 : 0 : Wage-markup process: I
Equation number 71 : 0 : Definition log output
Equation number 72 : 0 : Definition log consumption
Equation number 73 : 0 : Definition log investment
Equation number 74 : 0 : Definition log hours
Equation number 75 : 0 : log_NC
Equation number 76 : 0 : log_NI
Equation number 77 : 0 : log capital
Equation number 78 : 0 : Definition log labor productivity
Equation number 79 : 0 : Definition log shopping effort
Equation number 80 : 0 : Definition log capital utilization
Equation number 81 : 0 : Definition of log relative investment  price
Equation number 82 : 0 : Definition of log capacity utilization
Equation number 83 : 0 : log_util_ND
Equation number 84 : 0 : log_util_D
Equation number 85 : 0 : Definition of log wages
Equation number 86 : 0 : Definition of log Solow residual
Equation number 87 : 0 : Definition of log technology
Equation number 88 : 0 : C_obs
Equation number 89 : 0 : I_obs
Equation number 90 : 0 : Y_obs
Equation number 91 : 0 : Y_N_obs
Equation number 92 : 0 : K_obs
Equation number 93 : 0 : w_obs
Equation number 94 : 0 : SR_obs
Equation number 95 : 0 : tech_obs
Equation number 96 : 0 : p_I_obs
Equation number 97 : 0 : N_obs
Equation number 98 : 0 : NC_obs
Equation number 99 : 0 : NI_obs
Equation number 100 : 0 : util_ND_obs
Equation number 101 : 0 : util_D_obs
Equation number 102 : 0 : util_obs
Equation number 103 : 0 : D_obs
Equation number 104 : 0 : h_obs






Residuals of the static equations:

Equation number 1 : 1.3206 : Labor leisure
Equation number 2 : 0 : Equality of worker wage rate
Equation number 3 : 0 : Marginal utility of wealth
Equation number 4 : 0 : Demand curve: mc
Equation number 5 : 0 : Demand curve: sc
Equation number 6 : 0 : Shopping:mc
Equation number 7 : 0 : Shopping:sc
Equation number 8 : 0 : Shopping:I
Equation number 9 : 0 : Composite utility term
Equation number 10 : 0 : Consumption CES aggregator
Equation number 11 : 0 : Investment adjustment cost function:mc
Equation number 12 : 0 : Investment adjustment cost function:mc
Equation number 13 : 0 : Investment adjustment cost function:I
Equation number 14 : 0 : Investment adjustment cost function: derivative mc
Equation number 15 : 0 : Investment adjustment cost function: derivative mc
Equation number 16 : 0 : Investment adjustment cost function: derivative I
Equation number 17 : 0 : Investment growth:mc
Equation number 18 : 0 : Investment growth:mc
Equation number 19 : 0 : Investment growth:I
Equation number 20 : 0 : Depreciation rate: mc
Equation number 21 : 0 : Depreciation rate: sc
Equation number 22 : 0 : Depreciation rate: I
Equation number 23 : 0 : Depreciation rate derivative: mc
Equation number 24 : 0 : Depreciation rate derivative: sc
Equation number 25 : 0 : Depreciation rate derivative: I
Equation number 26 : 0 : Tobins Q: mc
Equation number 27 : 0 : Tobins Q: sc
Equation number 28 : 0 : Tobins Q: I
Equation number 29 : 0 : Euler equation: mc
Equation number 30 : 0 : Euler equation: sc
Equation number 31 : 0 : Euler equation: I
Equation number 32 : 0 : Utilization: mc
Equation number 33 : 0 : Utilization: sc
Equation number 34 : 0 : Utilization: I
Equation number 35 : 0 : Non-durable goods production
Equation number 36 : 0 : Services production
Equation number 37 : 0 : Investment production
Equation number 38 : 0 : Capital law of motion:mc
Equation number 39 : 0 : Capital law of motion:sc
Equation number 40 : 0 : Capital law of motion:I
Equation number 41 : -1.5187 : Labor demand:mc
Equation number 42 : -1.5187 : Labor demand:sc
Equation number 43 : -1.5187 : Labor demand:I
Equation number 44 : 0 : Capital demand:mc
Equation number 45 : 0 : Capital demand:sc
Equation number 46 : 0 : Capital demand:I
Equation number 47 : 0 : Labor composition
Equation number 48 : 0 : Labor composition: C
Equation number 49 : 0 : Capital composition
Equation number 50 : 0 : Investment composition
Equation number 51 : 0 : Shopping composition
Equation number 52 : 0 : Capital utilization composition
Equation number 53 : 2.2333 : Aggregate wage
Equation number 54 : 0 : Output (base-year prices)
Equation number 55 : 0 : Solow residual
Equation number 56 : 0 : Capacity utilization
Equation number 57 : 0 : util_sc
Equation number 58 : 0 : util_D
Equation number 59 : 0 : util
Equation number 60 : 0 : General technology measure
Equation number 61 : 0 : stochastic trend process
Equation number 62 : 0 : Stationary TFP process
Equation number 63 : 0 : Independent component of I-specific tech
Equation number 64 : 0 : Investment-specific TFP process
Equation number 65 : 0 : Labor supply process
Equation number 66 : 0 : Shopping effort process
Equation number 67 : 0 : Relative shopping effort process
Equation number 68 : 0 : Consumption preference process
Equation number 69 : 0 : Wage-markup process: C
Equation number 70 : 0 : Wage-markup process: I
Equation number 71 : 0 : Definition log output
Equation number 72 : 0 : Definition log consumption
Equation number 73 : 0 : Definition log investment
Equation number 74 : 0 : Definition log hours
Equation number 75 : 0 : log_NC
Equation number 76 : 0 : log_NI
Equation number 77 : 0 : log capital
Equation number 78 : 0 : Definition log labor productivity
Equation number 79 : 0 : Definition log shopping effort
Equation number 80 : 0 : Definition log capital utilization
Equation number 81 : 0 : Definition of log relative investment  price
Equation number 82 : 0 : Definition of log capacity utilization
Equation number 83 : 0 : log_util_ND
Equation number 84 : 0 : log_util_D
Equation number 85 : 0 : Definition of log wages
Equation number 86 : 0 : Definition of log Solow residual
Equation number 87 : 0 : Definition of log technology
Equation number 88 : 0 : C_obs
Equation number 89 : 0 : I_obs
Equation number 90 : 0 : Y_obs
Equation number 91 : 0 : Y_N_obs
Equation number 92 : 0 : K_obs
Equation number 93 : 0 : w_obs
Equation number 94 : 0 : SR_obs
Equation number 95 : 0 : tech_obs
Equation number 96 : 0 : p_I_obs
Equation number 97 : 0 : N_obs
Equation number 98 : 0 : NC_obs
Equation number 99 : 0 : NI_obs
Equation number 100 : 0 : util_ND_obs
Equation number 101 : 0 : util_D_obs
Equation number 102 : 0 : util_obs
Equation number 103 : 0 : D_obs
Equation number 104 : 0 : h_obs


