Starting Dynare (version 5.4).
Calling Dynare with arguments: none
Starting preprocessing of the model file ...
WARNING: in the 'steady_state_model' block, variable 'log_h' is not assigned a value
WARNING: in the 'steady_state_model' block, variable 'log_tech' is not assigned a value
WARNING: in the 'steady_state_model' block, variable 'tech_obs' is not assigned a value
WARNING: in the 'steady_state_model' block, variable 'h_obs' is not assigned a value
Found 104 equation(s).
Evaluating expressions...done
Computing static model derivatives (order 1).
Computing dynamic model derivatives (order 1).
Processing outputs ...
done
Preprocessing completed.





Residuals of the static equations:

Equation number 1 : 0 : Labor leisure
Equation number 2 : 0 : Equality of worker wage rate
Equation number 3 : 0 : Marginal utility of wealth
Equation number 4 : 0 : Demand curve: mc
Equation number 5 : 0 : Demand curve: sc
Equation number 6 : 0 : Shopping:mc
Equation number 7 : 0 : Shopping:sc
Equation number 8 : 0 : Shopping:I
Equation number 9 : 0 : Composite utility term
Equation number 10 : 0 : Consumption CES aggregator
Equation number 11 : 0 : Investment adjustment cost function:mc
Equation number 12 : 0 : Investment adjustment cost function:mc
Equation number 13 : 0 : Investment adjustment cost function:I
Equation number 14 : 0 : Investment adjustment cost function: derivative mc
Equation number 15 : 0 : Investment adjustment cost function: derivative mc
Equation number 16 : 0 : Investment adjustment cost function: derivative I
Equation number 17 : 0 : Investment growth:mc
Equation number 18 : 0 : Investment growth:mc
Equation number 19 : 0 : Investment growth:I
Equation number 20 : 0 : Depreciation rate: mc
Equation number 21 : 0 : Depreciation rate: sc
Equation number 22 : 0 : Depreciation rate: I
Equation number 23 : 0 : Depreciation rate derivative: mc
Equation number 24 : 0 : Depreciation rate derivative: sc
Equation number 25 : 0 : Depreciation rate derivative: I
Equation number 26 : 0 : Tobins Q: mc
Equation number 27 : 0 : Tobins Q: sc
Equation number 28 : 0 : Tobins Q: I
Equation number 29 : 0 : Euler equation: mc
Equation number 30 : 0 : Euler equation: sc
Equation number 31 : 0 : Euler equation: I
Equation number 32 : 0 : Utilization: mc
Equation number 33 : 0 : Utilization: sc
Equation number 34 : 0 : Utilization: I
Equation number 35 : 0 : Non-durable goods production
Equation number 36 : 0 : Services production
Equation number 37 : 0 : Investment production
Equation number 38 : 0 : Capital law of motion:mc
Equation number 39 : 0 : Capital law of motion:sc
Equation number 40 : 0 : Capital law of motion:I
Equation number 41 : 0 : Labor demand:mc
Equation number 42 : 0 : Labor demand:sc
Equation number 43 : 0 : Labor demand:I
Equation number 44 : 0 : Capital demand:mc
Equation number 45 : 0 : Capital demand:sc
Equation number 46 : 0 : Capital demand:I
Equation number 47 : 0 : Labor composition
Equation number 48 : 0 : Labor composition: C
Equation number 49 : 0 : Capital composition
Equation number 50 : 0 : Investment composition
Equation number 51 : 0 : Shopping composition
Equation number 52 : 0 : Capital utilization composition
Equation number 53 : 0 : Aggregate wage
Equation number 54 : 0 : Output (base-year prices)
Equation number 55 : 0 : Solow residual
Equation number 56 : 0 : Capacity utilization
Equation number 57 : 0 : util_sc
Equation number 58 : 0 : util_D
Equation number 59 : 0 : util
Equation number 60 : 0 : General technology measure
Equation number 61 : 0 : stochastic trend process
Equation number 62 : 0 : Stationary TFP process
Equation number 63 : 0 : Independent component of I-specific tech
Equation number 64 : 0 : Investment-specific TFP process
Equation number 65 : 0 : Labor supply process
Equation number 66 : 0 : Shopping effort process
Equation number 67 : 0 : Relative shopping effort process
Equation number 68 : 0 : Consumption preference process
Equation number 69 : 0 : Wage-markup process: C
Equation number 70 : 0 : Wage-markup process: I
Equation number 71 : 0 : Definition log output
Equation number 72 : 0 : Definition log consumption
Equation number 73 : 0 : Definition log investment
Equation number 74 : 0 : Definition log hours
Equation number 75 : 0 : log_NC
Equation number 76 : 0 : log_NI
Equation number 77 : 0 : log capital
Equation number 78 : 0 : Definition log labor productivity
Equation number 79 : 0 : Definition log shopping effort
Equation number 80 : 0 : Definition log capital utilization
Equation number 81 : 0 : Definition of log relative investment  price
Equation number 82 : 0 : Definition of log capacity utilization
Equation number 83 : 0 : log_util_ND
Equation number 84 : 0 : log_util_D
Equation number 85 : 0 : Definition of log wages
Equation number 86 : 0 : Definition of log Solow residual
Equation number 87 : 0 : Definition of log technology
Equation number 88 : 0 : C_obs
Equation number 89 : 0 : I_obs
Equation number 90 : 0 : Y_obs
Equation number 91 : 0 : Y_N_obs
Equation number 92 : 0 : K_obs
Equation number 93 : 0 : w_obs
Equation number 94 : 0 : SR_obs
Equation number 95 : 0 : tech_obs
Equation number 96 : 0 : p_I_obs
Equation number 97 : 0 : N_obs
Equation number 98 : 0 : NC_obs
Equation number 99 : 0 : NI_obs
Equation number 100 : 0 : util_ND_obs
Equation number 101 : 0 : util_D_obs
Equation number 102 : 0 : util_obs
Equation number 103 : 0 : D_obs
Equation number 104 : 0 : h_obs



STEADY-STATE RESULTS:

Y           		 1
C           		 0.8
Y_mc        		 0.28
Y_sc        		 0.52
SR          		 1.01547
I           		 0.2
I_mc        		 0.056
I_sc        		 0.104
I_I         		 0.04
K           		 11.0496
K_mc        		 3.09389
K_sc        		 5.7458
K_I         		 2.20992
N           		 0.3
N_mc        		 0.084
N_sc        		 0.156
N_C         		 0.24
N_I         		 0.06
Z_C         		 0
u_ZI        		 0
Z_I         		 0
tech        		 1
theta_N     		 0
theta_D     		 0
theta_I     		 0
theta_b     		 0
mu_C        		 0
mu_I        		 0
R_mc        		 0.0483892
R_sc        		 0.0483892
R_I         		 0.0483892
W           		 2.23333
W_C         		 2.23333
W_I         		 2.23333
h_mc        		 1
h_sc        		 1
h_I         		 1
h           		 1
delta_mc    		 0.0136717
delta_sc    		 0.0136717
delta_I     		 0.0136717
delta_mc_pr 		 0.0329046
delta_sc_pr 		 0.0329046
delta_I_pr  		 0.0329046
Smc         		 0
Ssc         		 0
Si          		 0
Smc_pr      		 0
Ssc_pr      		 0
Si_pr       		 0
D           		 0.827037
D_mc        		 0.23157
D_sc        		 0.430059
D_I         		 0.165407
Gam         		 0.580826
p_mc        		 1
p_sc        		 1
p_I         		 1
lam         		 2.01565
Q_mc        		 1.47059
Q_sc        		 1.47059
Q_I         		 1.47059
x_mc        		 1.00451
x_sc        		 1.00451
x_I         		 1.00451
log_SR      		 0
util        		 0.81
util_ND     		 0.81
util_sc     		 0.81
util_D      		 0.81
g           		 0.0045
log_Y       		 0
log_C       		 0
log_I       		 0
log_N       		 0
log_NC      		 0
log_NI      		 0
log_K       		 0
log_Y_N     		 0
log_D       		 0
log_h       		 0
log_p_I     		 0
log_util    		 0
log_util_ND 		 0
log_util_D  		 0
log_W       		 0
log_tech    		 0
C_obs       		 0
I_obs       		 0
Y_obs       		 0
SR_obs      		 0
Y_N_obs     		 0
p_I_obs     		 0
N_obs       		 0
NC_obs      		 0
NI_obs      		 0
util_ND_obs 		 0
util_D_obs  		 0
util_obs    		 0
tech_obs    		 0
w_obs       		 0
D_obs       		 0
h_obs       		 0
K_obs       		 0

EIGENVALUES:
         Modulus             Real        Imaginary

               0                0                0
               0                0                0
       3.599e-19        3.599e-19                0
         4.3e-19         -4.3e-19                0
       2.377e-18        2.377e-18                0
       5.086e-18       -5.086e-18                0
       1.242e-17        1.242e-17                0
       1.984e-17       -1.984e-17                0
       3.643e-17        3.643e-17                0
       4.786e-17       -4.786e-17                0
       5.946e-17        5.946e-17                0
       6.667e-17       -6.667e-17                0
        7.55e-17         7.55e-17                0
       1.056e-16        1.056e-16                0
       1.213e-16       -1.213e-16                0
       1.625e-16       -1.625e-16                0
       3.727e-16        3.727e-16                0
       4.137e-16        4.137e-16                0
             0.1              0.1                0
          0.6388           0.6388                0
             0.9              0.9                0
             0.9              0.9                0
             0.9              0.9                0
             0.9              0.9                0
             0.9              0.9                0
             0.9              0.9                0
             0.9              0.9                0
             0.9              0.9                0
          0.9387           0.9364          0.06531
          0.9387           0.9364         -0.06531
          0.9411            0.939          0.06262
          0.9411            0.939         -0.06262
          0.9916           0.9916                0
           1.024            1.024                0
           1.078            1.076          0.07174
           1.078            1.076         -0.07174
           1.081            1.078           0.0752
           1.081            1.078          -0.0752
           1.588            1.588                0
       7.985e+16       -7.985e+16                0
       1.178e+17       -1.178e+17                0
       1.315e+17        1.315e+17                0
       1.796e+17       -1.796e+17                0
       2.353e+17        2.353e+17                0
       2.611e+17       -2.611e+17                0
       2.635e+17       -2.635e+17                0
       2.749e+17        2.749e+17                0
       3.125e+17       -3.125e+17                0
       3.829e+17       -3.829e+17                0
       4.373e+17        4.373e+17                0
       1.647e+47        1.647e+47                0
             Inf              Inf                0
             Inf              Inf                0


There are 20 eigenvalue(s) larger than 1 in modulus 
for 20 forward-looking variable(s)

The rank condition is verified.


Initial value of the log posterior (or likelihood): 4637.1641

MODE CHECK

Fval obtained by the minimization routine (minus the posterior/likelihood)): -4637.164104

RESULTS FROM POSTERIOR ESTIMATION
parameters
         prior mean     mode    s.d.  prior pstdev

sigma        1.5000   2.0058  0.2617   beta 0.2500 
ha           0.5000   0.3661  0.0244   beta 0.2000 
nu           0.7200   0.7677  0.0800   gamm 0.2500 
phi          0.3200   0.3927  0.0393   beta 0.2000 
eta          0.2000   0.7029  0.0871   gamm 0.1500 
xi           0.8500   0.7837  0.0569   gamm 0.1000 
nu_R         0.2000   0.4937  0.0135   beta 0.1000 
sigma_ac     1.0000   1.0472  0.2195   invg 1.0000 
sigma_ai     1.0000   0.5317  0.1050   invg 1.0000 
Psi_K        4.0000   1.9511  0.3780   gamm 1.0000 
rho_g        0.1000   0.2736  0.0390   beta 0.0500 
rho_Z        0.6000   0.6892  0.0437   beta 0.2000 
rho_ZI       0.6000   0.9017  0.0233   beta 0.2000 
rho_N        0.6000   0.9649  0.0083   beta 0.2000 
rho_D        0.6000   0.9063  0.0180   beta 0.2000 
rho_DI       0.6000   0.9927  0.0068   beta 0.2000 
rho_b        0.6000   0.9602  0.0194   beta 0.2000 
rho_muC      0.6000   0.9484  0.0097   beta 0.2000 
rho_muI      0.6000   0.9074  0.0245   beta 0.2000 

standard deviation of shocks
         prior mean     mode    s.d.  prior pstdev

e_g          0.0100   0.0104  0.0009   gamm 0.0100 
e_Z          0.0100   0.0057  0.0004   gamm 0.0100 
e_ZI         0.0100   0.0106  0.0006   gamm 0.0100 
e_N          0.0100   0.0101  0.0014   gamm 0.0100 
e_D          0.0100   0.0813  0.0080   gamm 0.0100 
e_DI         0.0100   0.0321  0.0034   gamm 0.0100 
e_b          0.0100   0.0009  0.0005   gamm 0.0100 
e_muC        0.0100   0.0002  0.0004   gamm 0.0100 
e_muI        0.0100   0.0106  0.0006   gamm 0.0100 


Log data density [Laplace approximation] is 4530.506423.

Estimation::mcmc: I am loading past Metropolis-Hastings simulations...
Estimation::mcmc: Recovering the previous proposal density.
Estimation::mcmc: I am writing a new mh-history file... Done.
Estimation::mcmc: Ok. I have loaded 400000 simulations.


Estimation::mcmc: Number of mh files: 2 per block.
Estimation::mcmc: Total number of generated files: 4.
Estimation::mcmc: Total number of iterations: 450000.
Estimation::mcmc: Current acceptance ratio per chain: 
                                                       Chain  1: 82.004%
                                                       Chain  2: 82.392%
Estimation::mcmc: Total number of MH draws per chain: 450000.
Estimation::mcmc: Total number of generated MH files: 2.
Estimation::mcmc: I'll use mh-files 1 to 2.
Estimation::mcmc: In MH-file number 1 I'll start at line 135001.
Estimation::mcmc: Finally I keep 315000 draws per chain.



MCMC Inefficiency factors per block
Parameter       Block 1     Block 2
SE_e_g          684.445     661.764
SE_e_Z          452.105     487.878
SE_e_ZI         605.523     600.259
SE_e_N          696.978     721.453
SE_e_D          746.547     747.807
SE_e_DI         738.938     745.204
SE_e_b          571.417     678.775
SE_e_muC        478.693     463.240
SE_e_muI        529.111     594.119
sigma           742.242     747.100
ha              720.440     690.644
nu              741.700     742.893
phi             729.785     734.972
eta             747.179     746.805
xi              744.677     746.100
nu_R            697.818     720.361
sigma_ac        737.253     732.856
sigma_ai        694.491     674.868
Psi_K           741.593     739.669
rho_g           747.944     747.999
rho_Z           735.502     735.114
rho_ZI          693.677     708.345
rho_N           484.192     548.277
rho_D           675.572     686.509
rho_DI          488.047     516.981
rho_b           557.203     716.900
rho_muC         545.897     600.349
rho_muI         667.508     722.014

Estimation::mcmc::diagnostics: Univariate convergence diagnostic, Brooks and Gelman (1998):
    Parameter 1...  Done! 
    Parameter 2...  Done! 
    Parameter 3...  Done! 
    Parameter 4...  Done! 
    Parameter 5...  Done! 
    Parameter 6...  Done! 
    Parameter 7...  Done! 
    Parameter 8...  Done! 
    Parameter 9...  Done! 
    Parameter 10...  Done! 
    Parameter 11...  Done! 
    Parameter 12...  Done! 
    Parameter 13...  Done! 
    Parameter 14...  Done! 
    Parameter 15...  Done! 
    Parameter 16...  Done! 
    Parameter 17...  Done! 
    Parameter 18...  Done! 
    Parameter 19...  Done! 
    Parameter 20...  Done! 
    Parameter 21...  Done! 
    Parameter 22...  Done! 
    Parameter 23...  Done! 
    Parameter 24...  Done! 
    Parameter 25...  Done! 
    Parameter 26...  Done! 
    Parameter 27...  Done! 
    Parameter 28...  Done! 

Estimation::marginal density: I'm computing the posterior mean and covariance...  Done!
Estimation::marginal density: I'm computing the posterior log marginal density (modified harmonic mean)... Done!


ESTIMATION RESULTS

Log data density is 4528.333034.

parameters
           prior mean   post. mean        90% HPD interval    prior       pstdev

sigma           1.500       2.0384      1.7175      2.4125     beta       0.2500
ha              0.500       0.3566      0.3098      0.3979     beta       0.2000
nu              0.720       0.6992      0.5626      0.8365     gamm       0.2500
phi             0.320       0.3945      0.3273      0.4561     beta       0.2000
eta             0.200       0.8227      0.6278      0.9473     gamm       0.1500
xi              0.850       0.8539      0.7626      0.9426     gamm       0.1000
nu_R            0.200       0.4839      0.4655      0.5000     beta       0.1000
sigma_ac        1.000       0.9306      0.5557      1.2592     invg       1.0000
sigma_ai        1.000       0.4595      0.3065      0.6273     invg       1.0000
Psi_K           4.000       2.3091      1.7420      2.8803     gamm       1.0000
rho_g           0.100       0.2189      0.1595      0.2905     beta       0.0500
rho_Z           0.600       0.6625      0.5807      0.7252     beta       0.2000
rho_ZI          0.600       0.8976      0.8620      0.9362     beta       0.2000
rho_N           0.600       0.9693      0.9563      0.9826     beta       0.2000
rho_D           0.600       0.9144      0.8850      0.9436     beta       0.2000
rho_DI          0.600       0.9907      0.9814      0.9995     beta       0.2000
rho_b           0.600       0.9525      0.9326      0.9786     beta       0.2000
rho_muC         0.600       0.9516      0.9358      0.9674     beta       0.2000
rho_muI         0.600       0.9138      0.8688      0.9489     beta       0.2000

standard deviation of shocks
           prior mean   post. mean        90% HPD interval    prior       pstdev

e_g             0.010       0.0116      0.0099      0.0130     gamm       0.0100
e_Z             0.010       0.0056      0.0050      0.0062     gamm       0.0100
e_ZI            0.010       0.0111      0.0101      0.0121     gamm       0.0100
e_N             0.010       0.0115      0.0093      0.0135     gamm       0.0100
e_D             0.010       0.0752      0.0611      0.0862     gamm       0.0100
e_DI            0.010       0.0319      0.0261      0.0384     gamm       0.0100
e_b             0.010       0.0012      0.0006      0.0018     gamm       0.0100
e_muC           0.010       0.0006      0.0001      0.0011     gamm       0.0100
e_muI           0.010       0.0106      0.0098      0.0115     gamm       0.0100

MODEL SUMMARY

  Number of variables:         104
  Number of stochastic shocks: 9
  Number of state variables:   33
  Number of jumpers:           20
  Number of static variables:  52


MATRIX OF COVARIANCE OF EXOGENOUS SHOCKS
Variables         e_g       e_Z      e_ZI       e_N       e_D      e_DI       e_b     e_muC     e_muI
e_g          0.000134  0.000000  0.000000  0.000000  0.000000  0.000000  0.000000  0.000000  0.000000
e_Z          0.000000  0.000031  0.000000  0.000000  0.000000  0.000000  0.000000  0.000000  0.000000
e_ZI         0.000000  0.000000  0.000123  0.000000  0.000000  0.000000  0.000000  0.000000  0.000000
e_N          0.000000  0.000000  0.000000  0.000132  0.000000  0.000000  0.000000  0.000000  0.000000
e_D          0.000000  0.000000  0.000000  0.000000  0.005652  0.000000  0.000000  0.000000  0.000000
e_DI         0.000000  0.000000  0.000000  0.000000  0.000000  0.001018  0.000000  0.000000  0.000000
e_b          0.000000  0.000000  0.000000  0.000000  0.000000  0.000000  0.000001  0.000000  0.000000
e_muC        0.000000  0.000000  0.000000  0.000000  0.000000  0.000000  0.000000  0.000000  0.000000
e_muI        0.000000  0.000000  0.000000  0.000000  0.000000  0.000000  0.000000  0.000000  0.000113



THEORETICAL MOMENTS
VARIABLE            MEAN  STD. DEV.   VARIANCE
Y_obs             0.0000     0.0202     0.0004
Y_N_obs           0.0000     0.0154     0.0002
SR_obs            0.0000     0.0166     0.0003
I_obs             0.0000     0.0419     0.0018
p_I_obs           0.0000     0.0213     0.0005
C_obs             0.0000     0.0165     0.0003
NC_obs            0.0000     0.0067     0.0000
NI_obs            0.0000     0.0276     0.0008
util_ND_obs       0.0000     0.0119     0.0001
util_D_obs        0.0000     0.0270     0.0007
util_obs          0.0000     0.0140     0.0002
D_obs             0.0000     0.0416     0.0017
h_obs             0.0000     0.0228     0.0005
tech_obs          0.0000     0.0134     0.0002



VARIANCE DECOMPOSITION (in percent)
                  e_g     e_Z    e_ZI     e_N     e_D    e_DI     e_b   e_muC   e_muI
Y_obs           15.22   18.09    2.69    1.10   59.19    3.39    0.26    0.00    0.06
Y_N_obs         35.16   15.62    4.69    5.22   34.50    4.47    0.26    0.01    0.06
SR_obs          27.69   17.43    3.99    1.19   45.29    4.15    0.24    0.00    0.02
I_obs            3.33   23.63   12.67    0.80   47.36   10.75    1.16    0.00    0.31
p_I_obs          0.14   15.59   42.76    0.03    1.81   36.14    0.21    0.01    3.31
C_obs           26.65   14.64    0.10    1.09   55.30    0.61    1.60    0.01    0.00
NC_obs           3.82    1.82    3.00   55.64   27.71    1.67    4.18    0.24    1.92
NI_obs           4.44   16.26    9.66    6.16   49.09    4.68    3.04    0.01    6.68
util_ND_obs      1.54   11.12    0.27    0.38   84.06    0.90    1.61    0.00    0.12
util_D_obs       1.47    6.28    6.37    0.32   60.74   23.58    0.97    0.00    0.27
util_obs         0.44    7.08    1.70    0.32   83.88    6.16    0.38    0.00    0.04
D_obs            0.21    0.88    0.06    0.06   98.73    0.06    0.01    0.00    0.00
h_obs            3.72   27.72    3.10    1.05   60.47    3.07    0.75    0.00    0.12
tech_obs        78.60   18.51    2.89    0.00    0.00    0.00    0.00    0.00    0.00



MATRIX OF CORRELATIONS
Variables            Y_obs      Y_N_obs       SR_obs        I_obs      p_I_obs        C_obs       NC_obs       NI_obs  util_ND_obs   util_D_obs     util_obs        D_obs        h_obs     tech_obs
Y_obs               1.0000       0.9036       0.9631       0.8974      -0.1061       0.9600       0.4664       0.6842       0.7165       0.7687       0.7795       0.7425      -0.1959       0.5319
Y_N_obs             0.9036       1.0000       0.9832       0.7929      -0.2221       0.8788       0.1202       0.4011       0.5940       0.6289       0.6430       0.5292      -0.0163       0.7025
SR_obs              0.9631       0.9832       1.0000       0.8512      -0.1785       0.9328       0.2649       0.5240       0.6550       0.6966       0.7103       0.6335      -0.1060       0.6549
I_obs               0.8974       0.7929       0.8512       1.0000      -0.3417       0.7378       0.3680       0.7134       0.6446       0.8544       0.7639       0.6565      -0.0867       0.3164
p_I_obs            -0.1061      -0.2221      -0.1785      -0.3417       1.0000       0.0547      -0.0305       0.2608      -0.0617      -0.1616      -0.1038       0.1375      -0.2654      -0.0722
C_obs               0.9600       0.8788       0.9328       0.7378       0.0547       1.0000       0.4798       0.5936       0.6868       0.6335       0.7075       0.7189      -0.2446       0.6127
NC_obs              0.4664       0.1202       0.2649       0.3680      -0.0305       0.4798       1.0000       0.3943       0.4424       0.3379       0.4288       0.5462      -0.3827      -0.0334
NI_obs              0.6842       0.4011       0.5240       0.7134       0.2608       0.5936       0.3943       1.0000       0.5334       0.7294       0.6407       0.7075      -0.2974       0.0204
util_ND_obs         0.7165       0.5940       0.6550       0.6446      -0.0617       0.6868       0.4424       0.5334       1.0000       0.7620       0.9685       0.8457      -0.0550      -0.0200
util_D_obs          0.7687       0.6289       0.6966       0.8544      -0.1616       0.6335       0.3379       0.7294       0.7620       1.0000       0.8992       0.7127      -0.0213       0.0139
util_obs            0.7795       0.6430       0.7103       0.7639      -0.1038       0.7075       0.4288       0.6407       0.9685       0.8992       1.0000       0.8453      -0.0454      -0.0082
D_obs               0.7425       0.5292       0.6335       0.6565       0.1375       0.7189       0.5462       0.7075       0.8457       0.7127       0.8453       1.0000      -0.5507      -0.0009
h_obs              -0.1959      -0.0163      -0.1060      -0.0867      -0.2654      -0.2446      -0.3827      -0.2974      -0.0550      -0.0213      -0.0454      -0.5507       1.0000      -0.0120
tech_obs            0.5319       0.7025       0.6549       0.3164      -0.0722       0.6127      -0.0334       0.0204      -0.0200       0.0139      -0.0082      -0.0009      -0.0120       1.0000



COEFFICIENTS OF AUTOCORRELATION
Order                1        2        3        4        5
Y_obs           0.3327   0.1051   0.0182  -0.0183  -0.0345
Y_N_obs         0.3113   0.1007   0.0251  -0.0069  -0.0220
SR_obs          0.3227   0.1020   0.0201  -0.0148  -0.0309
I_obs           0.5151   0.2585   0.1140   0.0297  -0.0197
p_I_obs         0.0145  -0.0039  -0.0149  -0.0210  -0.0240
C_obs           0.2256   0.0214  -0.0305  -0.0406  -0.0394
NC_obs          0.0815   0.0002  -0.0227  -0.0260  -0.0238
NI_obs          0.2128   0.1038   0.0402   0.0018  -0.0213
util_ND_obs     0.2548   0.0566  -0.0164  -0.0430  -0.0516
util_D_obs      0.4686   0.2197   0.0902   0.0197  -0.0195
util_obs        0.3578   0.1189   0.0176  -0.0270  -0.0467
D_obs           0.0199  -0.0167  -0.0297  -0.0335  -0.0336
h_obs          -0.1544  -0.0576  -0.0238  -0.0133  -0.0106
tech_obs        0.1537   0.0237  -0.0027  -0.0069  -0.0067
Total computing time : 0h17m56s
Note: 4 warning(s) encountered in the preprocessor
