Starting Dynare (version 5.4).
Calling Dynare with arguments: none
Starting preprocessing of the model file ...
WARNING: in the 'steady_state_model' block, variable 'log_NC' is not assigned a value
WARNING: in the 'steady_state_model' block, variable 'log_NI' is not assigned a value
WARNING: in the 'steady_state_model' block, variable 'log_SR' is not assigned a value
WARNING: in the 'steady_state_model' block, variable 'Y_N_obs' is not assigned a value
WARNING: in the 'steady_state_model' block, variable 'SR_obs' is not assigned a value
WARNING: in the 'steady_state_model' block, variable 'NC_obs' is not assigned a value
WARNING: in the 'steady_state_model' block, variable 'NI_obs' is not assigned a value
Found 38 equation(s).
Evaluating expressions...done
Computing static model derivatives (order 1).
Computing dynamic model derivatives (order 1).
Processing outputs ...
done
Preprocessing completed.





Residuals of the static equations:

Equation number 1 : 0 : Labor leisure
Equation number 2 : 0 : Composite utility term
Equation number 3 : 0 : Euler equation: C
Equation number 4 : 0 : Euler equation: I
Equation number 5 : 0 : Consumption production
Equation number 6 : 0 : Investment production
Equation number 7 : 0 : Capital law of motion
Equation number 8 : 0 : Labor demand:C
Equation number 9 : 0 : Capital demand:C
Equation number 10 : 0 : Labor demand:I
Equation number 11 : 0 : Capital demand:I
Equation number 12 : 0 : Labor composition
Equation number 13 : 0 : Capital composition
Equation number 14 : 0 : Output (base-year prices)
Equation number 15 : 0 : Solow residual
Equation number 16 : 0 : exogenous labor-augmenting growth process
Equation number 17 : 0 : Stationary TFP process
Equation number 18 : 0 : Independent component of I-specific tech
Equation number 19 : 0 : Investment-specific TFP process
Equation number 20 : 0 : Labor supply process
Equation number 21 : 0 : Definition log output
Equation number 22 : 0 : Definition log consumption
Equation number 23 : 0 : Definition log investment
Equation number 24 : 0 : Definition log hours
Equation number 25 : 0 : log_NC
Equation number 26 : 0 : log_NI
Equation number 27 : 0 : Definition log labor productivity
Equation number 28 : 0 : Definition of log Solow residual
Equation number 29 : 0 : Definition of log relative investment  price
Equation number 30 : 0 : C_obs
Equation number 31 : 0 : I_obs
Equation number 32 : 0 : Y_obs
Equation number 33 : 0 : Y_N_obs
Equation number 34 : 0 : SR_obs
Equation number 35 : 0 : p_I_obs
Equation number 36 : 0 : N_obs
Equation number 37 : 0 : NC_obs
Equation number 38 : 0 : NI_obs



STEADY-STATE RESULTS:

Y       		 1
C       		 0.8
I       		 0.2
SR      		 1.01547
K       		 11.0496
K_C     		 8.83969
K_I     		 2.20992
N       		 0.3
N_C     		 0.24
N_I     		 0.06
Z_C     		 0
u_ZI    		 0
Z_I     		 0
theta_N 		 0
R_C     		 0.0329046
R_I     		 0.0329046
W       		 2.23333
Gam     		 0.519535
p_I     		 1
g       		 0.0045
log_Y   		 0
log_C   		 0
log_I   		 0
log_N   		 0
log_NC  		 0
log_NI  		 0
log_Y_N 		 0
log_SR  		 0
log_p_I 		 0
C_obs   		 0
I_obs   		 0
Y_obs   		 0
Y_N_obs 		 0
SR_obs  		 0
p_I_obs 		 0
NC_obs  		 0
NI_obs  		 0
N_obs   		 0

EIGENVALUES:
         Modulus             Real        Imaginary

               0                0                0
               0                0                0
       7.875e-18        7.875e-18                0
       1.523e-17        1.523e-17                0
       3.383e-17       -3.383e-17                0
       4.319e-17       -4.319e-17                0
       1.504e-16        1.504e-16                0
        1.57e-16        -1.57e-16                0
       3.272e-09       -3.272e-09                0
       3.272e-09        3.272e-09                0
             0.1              0.1                0
             0.9              0.9                0
             0.9              0.9                0
             0.9              0.9                0
          0.9865           0.9865                0
           1.029            1.029                0
       9.155e+15       -9.155e+15                0
       1.771e+16        1.771e+16                0
       7.791e+16        7.791e+16                0
       2.722e+17        2.722e+17                0


There are 5 eigenvalue(s) larger than 1 in modulus 
for 5 forward-looking variable(s)

The rank condition is verified.


MODEL SUMMARY

  Number of variables:         38
  Number of stochastic shocks: 4
  Number of state variables:   15
  Number of jumpers:           5
  Number of static variables:  19


MATRIX OF COVARIANCE OF EXOGENOUS SHOCKS
Variables         e_g       e_Z      e_ZI       e_N
e_g          0.000001  0.000000  0.000000  0.000000
e_Z          0.000000  0.000052  0.000000  0.000000
e_ZI         0.000000  0.000000  0.000052  0.000000
e_N          0.000000  0.000000  0.000000  0.000052



THEORETICAL MOMENTS
VARIABLE         MEAN  STD. DEV.   VARIANCE
Y_obs          0.0000     0.0110     0.0001
Y_N_obs        0.0000     0.0063     0.0000
SR_obs         0.0000     0.0075     0.0001
I_obs          0.0000     0.0327     0.0011
p_I_obs        0.0000     0.0164     0.0003
C_obs          0.0000     0.0106     0.0001
NC_obs         0.0000     0.0058     0.0000
NI_obs         0.0000     0.0218     0.0005



VARIANCE DECOMPOSITION (in percent)
              e_g     e_Z    e_ZI     e_N
Y_obs        0.21   89.92    2.31    7.55
Y_N_obs      1.27   88.28    4.59    5.87
SR_obs       0.73   95.44    3.83    0.00
I_obs        0.04   81.69   14.07    4.21
p_I_obs      0.00   86.28   10.46    3.26
C_obs        0.21   92.94    1.84    5.01
NC_obs       0.17   60.47    6.47   32.88
NI_obs       0.01   71.13   10.03   18.84



MATRIX OF CORRELATIONS
Variables      Y_obs  Y_N_obs   SR_obs    I_obs  p_I_obs    C_obs   NC_obs   NI_obs
Y_obs         1.0000   0.8419   0.9404   0.6378   0.1833   0.8035   0.4456   0.8248
Y_N_obs       0.8419   1.0000   0.9449   0.6914  -0.0959   0.5571  -0.0150   0.6915
SR_obs        0.9404   0.9449   1.0000   0.6829   0.0636   0.6914   0.1983   0.7908
I_obs         0.6378   0.6914   0.6829   1.0000  -0.6275   0.0540  -0.2959   0.9244
p_I_obs       0.1833  -0.0959   0.0636  -0.6275   1.0000   0.7227   0.8526  -0.3130
C_obs         0.8035   0.5571   0.6914   0.0540   0.7227   1.0000   0.8065   0.3547
NC_obs        0.4456  -0.0150   0.1983  -0.2959   0.8526   0.8065   1.0000   0.0728
NI_obs        0.8248   0.6915   0.7908   0.9244  -0.3130   0.3547   0.0728   1.0000



COEFFICIENTS OF AUTOCORRELATION
Order            1        2        3        4        5
Y_obs       0.0093   0.0481   0.0434   0.0390   0.0349
Y_N_obs     0.2008   0.1491   0.1237   0.1018   0.0829
SR_obs      0.1091   0.0827   0.0604   0.0419   0.0264
I_obs       0.6846   0.4235   0.3283   0.2479   0.1803
p_I_obs     0.3356   0.2935   0.2263   0.1697   0.1221
C_obs      -0.1928  -0.0212  -0.0122  -0.0049   0.0009
NC_obs      0.0565   0.1250   0.0975   0.0743   0.0547
NI_obs      0.4332   0.2631   0.2010   0.1487   0.1048
Total computing time : 0h00m04s
Note: 7 warning(s) encountered in the preprocessor
