Starting Dynare (version 5.4).
Calling Dynare with arguments: none
Starting preprocessing of the model file ...
Found 55 equation(s).
Evaluating expressions...done
Computing static model derivatives (order 1).
Computing dynamic model derivatives (order 1).
Processing outputs ...
done
Preprocessing completed.





Residuals of the static equations:

Equation number 1 : 0 : Labor composite
Equation number 2 : 0 : Labor leisure:C
Equation number 3 : 0 : Labor leisure:I
Equation number 4 : 0 : Composite utility term
Equation number 5 : 0 : Investment adjustment cost function
Equation number 6 : 0 : Investment adjustment cost function: derivative
Equation number 7 : 0 : Investment growth
Equation number 8 : 0 : Tobins Q
Equation number 9 : 0 : Euler equation: C
Equation number 10 : 0 : Euler equation: I
Equation number 11 : 0 : Utilization: C
Equation number 12 : 0 : Utilization: I
Equation number 13 : 0 : Depreciation rate: C
Equation number 14 : 0 : Depreciation rate: I
Equation number 15 : 0 : Depreciation rate derivative: C
Equation number 16 : 0 : Depreciation rate derivative: I
Equation number 17 : 0 : Consumption production
Equation number 18 : 0 : Investment production
Equation number 19 : 0 : Capital law of motion
Equation number 20 : 0 : Labor demand:C
Equation number 21 : 0 : Labor demand:I
Equation number 22 : 0 : Capital demand:C
Equation number 23 : 0 : Capital demand:I
Equation number 24 : 0 : Labor composition
Equation number 25 : 0 : Capital composition
Equation number 26 : 0 : Output (base-year prices)
Equation number 27 : 0 : Capacity utilization
Equation number 28 : 0 : stochastic trend process
Equation number 29 : 0 : Stationary TFP process
Equation number 30 : 0 : Independent component of I-specific tech
Equation number 31 : 0 : Investment-specific TFP process
Equation number 32 : 0 : Labor supply process
Equation number 33 : 0 : Consumption preference process
Equation number 34 : 0 : Definition log output
Equation number 35 : 0 : Definition log consumption
Equation number 36 : 0 : Definition log investment
Equation number 37 : 0 : Definition log hours
Equation number 38 : 0 : log_NC
Equation number 39 : 0 : log_NI
Equation number 40 : 0 : log capital
Equation number 41 : 0 : Definition log labor productivity
Equation number 42 : 0 : Definition of log relative investment  price
Equation number 43 : 0 : Definition of log capacity utilization
Equation number 44 : 0 : Definition of log Solow residual
Equation number 45 : 0 : C_obs
Equation number 46 : 0 : I_obs
Equation number 47 : 0 : Y_obs
Equation number 48 : 0 : Y_N_obs
Equation number 49 : 0 : K_obs
Equation number 50 : 0 : SR_obs
Equation number 51 : 0 : p_I_obs
Equation number 52 : 0 : N_obs
Equation number 53 : 0 : NC_obs
Equation number 54 : 0 : NI_obs
Equation number 55 : 0 : util_obs



STEADY-STATE RESULTS:

Y          		 1
C          		 0.8
I          		 0.2
K          		 11.0496
K_C        		 8.83969
K_I        		 2.20992
N          		 0.3
N_C        		 0.24
N_I        		 0.06
N_comp     		 0.3
Z_C        		 0
u_ZI       		 0
Z_I        		 0
theta_N    		 0
theta_C    		 0
R_C        		 0.0235251
R_I        		 0.0235251
W_C        		 2.23333
W_I        		 2.23333
h_C        		 1
h_I        		 1
delta_C    		 0.0136717
delta_I    		 0.0136717
delta_C_pr 		 0.0235251
delta_I_pr 		 0.0235251
S          		 0
S_pr       		 0
Gam        		 0.439535
p_I        		 1
Q          		 1
x          		 1.00451
log_SR     		 0
util       		 1
g          		 0.0045
log_Y      		 0
log_C      		 0
log_I      		 0
log_N      		 0
log_NC     		 0
log_NI     		 0
log_K      		 0
log_Y_N    		 0
log_p_I    		 0
log_util   		 0
C_obs      		 0
I_obs      		 0
Y_obs      		 0
Y_N_obs    		 0
p_I_obs    		 0
N_obs      		 0
NC_obs     		 0
NI_obs     		 0
util_obs   		 0
K_obs      		 0
SR_obs     		 0

EIGENVALUES:
         Modulus             Real        Imaginary

               0                0                0
               0                0                0
               0                0                0
       4.138e-18        4.138e-18                0
        3.07e-17        -3.07e-17                0
       3.386e-17        3.386e-17                0
       5.368e-17        5.368e-17                0
       2.463e-16       -2.463e-16                0
       2.287e-08        2.278e-08        2.109e-09
       2.287e-08        2.278e-08       -2.109e-09
       2.287e-08       -2.278e-08        2.109e-09
       2.287e-08       -2.278e-08       -2.109e-09
          0.0643           0.0643                0
             0.1              0.1                0
          0.4661           0.4661                0
             0.9              0.9                0
             0.9              0.9                0
             0.9              0.9                0
             0.9              0.9                0
          0.9937           0.9937                0
           1.012            1.012                0
           2.156            2.156                0
       1.838e+15       -1.838e+15                0
        1.22e+16         1.22e+16                0
       5.134e+16        5.134e+16                0
       1.135e+17       -1.135e+17                0
       1.137e+17       -1.137e+17                0
       2.232e+17       -2.232e+17                0
           4e+17            4e+17                0
       4.126e+17       -4.126e+17                0
       7.121e+17        7.121e+17                0
       1.154e+20       -1.154e+20                0


There are 12 eigenvalue(s) larger than 1 in modulus 
for 12 forward-looking variable(s)

The rank condition is verified.


