% MH log file (Dynare).
% 05-Apr-2024 08:18:35.
 

% Session 1.
 
  Number of blocks...............: 2
  Number of simulations per block: 200000
 
  Initial values of the parameters:
    Blck 1:
      params:1: 1.0538e-05
      params:2: 0.010272
      params:3: 0.035005
      params:4: 0.036678
      params:5: 0.0045841
      params:6: 0.01427
      params:7: 0.002685
      params:8: 0.038371
      params:9: 0.040581
      params:10: 0.043795
      params:11: 0.065375
      params:12: 0.00010386
      params:13: 0.0026456
      params:14: 0.016232
      params:15: 0.01176
      params:16: 0.013844
      params:17: 0.021314
      params:18: 0.0098089
      params:19: 1.5014
      params:20: 0.51105
      params:21: 0.72345
      params:22: 0.50095
      params:23: 0.28804
      params:24: 0.85
      params:25: 0.19433
      params:26: 0.31811
      params:27: 0.3206
      params:28: 1.5023
      params:29: 1.5005
      params:30: 0.20875
      params:31: 0.5006
      params:32: 0.10051
      params:33: 0.91492
      params:34: 0.91473
      params:35: 0.60105
      params:36: 0.90296
      params:37: 0.90461
      params:38: 0.94538
      params:39: 0.95511
      params:40: 0.95291
      logpo2: 3479.4791
    Blck 2:
      params:1: 9.898e-06
      params:2: 0.01027
      params:3: 0.035008
      params:4: 0.036677
      params:5: 0.0045829
      params:6: 0.014271
      params:7: 0.0026852
      params:8: 0.038371
      params:9: 0.040578
      params:10: 0.043794
      params:11: 0.065376
      params:12: 0.0001009
      params:13: 0.0026436
      params:14: 0.016231
      params:15: 0.011759
      params:16: 0.013846
      params:17: 0.021313
      params:18: 0.0098078
      params:19: 1.5014
      params:20: 0.51104
      params:21: 0.7234
      params:22: 0.50098
      params:23: 0.28803
      params:24: 0.85
      params:25: 0.19435
      params:26: 0.31801
      params:27: 0.32037
      params:28: 1.5022
      params:29: 1.5003
      params:30: 0.2088
      params:31: 0.50052
      params:32: 0.10052
      params:33: 0.91494
      params:34: 0.91477
      params:35: 0.60109
      params:36: 0.9029
      params:37: 0.90457
      params:38: 0.9454
      params:39: 0.95508
      params:40: 0.95294
      logpo2: 3479.4468
 
 
  CREATION OF THE MH HISTORY FILE!

    Expected number of files per block.......: 1.
    Expected number of lines in the last file: 200000.

    Initial state of the Gaussian random number generator for chain number 1:
      1
      1812433254
      3713160357
      3109174145
      64984499
      3392658084
      446538473
      2629760756
      2453345558
      1394803949
      1021787430
      2063496713
      1304877364
      1713639158
      889001601
      1651239412
      1450863289
      745575081
      361057727
      2288771950
      1463387568
      2249488362
      26637982
      204036717
      1655702041
      1329048465
      2092351466
      1681619666
      3220660315
      1301783610
      626286181
      294669048
      3537128440
      3259518248
      2550101273
      1160881866
      308703547
      295714668
      35508674
      1599247281
      376272024
      3166459937
      1852735737
      3680868867
      612352556
      2760189833
      3816750341
      699140493
      1087846865
      394927937
      2063539671
      645417889
      2337669049
      3773167612
      678121169
      3006984620
      1163491294
      2559287860
      543155592
      3194181347
      2463543297
      3875146860
      475483913
      3707568076
      3881808875
      1264657097
      208126250
      1802809301
      367907560
      2433375693
      2851326449
      2380707878
      2911758972
      4243386879
      2229228726
      828161871
      2871116151
      990638198
      178193628
      1012573979
      1223581943
      3333023583
      1901888414
      3913876750
      3168662389
      656194888
      1553610174
      466840498
      686407570
      280737523
      2476489017
      1272981410
      3189431979
      3294710282
      1564477163
      4133221553
      823708826
      880616227
      1730254897
      335723347
      2123911971
      344194767
      119099153
      2915257116
      3339825470
      2524942970
      1191117250
      3403812186
      3988972937
      2575395295
      4072737183
      663832315
      808080503
      724042340
      2966189542
      2499643239
      3309205581
      1915303227
      72616536
      387525935
      2791701251
      2190905566
      3740328774
      831297460
      3750964864
      2190112044
      899144100
      2346558003
      3851695829
      2896963823
      1548614403
      3676707405
      2050891594
      4165893148
      1883017153
      2668787527
      50330561
      2063572142
      1853585557
      1716111087
      2937248370
      1650859709
      2682305722
      565243175
      3922227187
      3482032705
      2809081500
      2099376873
      230358556
      1065827745
      196966939
      3268845630
      3625508265
      1477799595
      4149453740
      2757835686
      3032697936
      2200108791
      3421680711
      4145382259
      3605253072
      1186485728
      3520482151
      3080733463
      3887314157
      4030447755
      1699987022
      1393253586
      1710066407
      710337383
      3754612557
      2741088369
      337455371
      1304761604
      3592681639
      3099385187
      4003676405
      317081535
      997754381
      480565460
      3806265432
      1068029852
      776179010
      470617537
      3653875421
      2273571919
      1055365147
      1317172834
      3414733003
      2835400613
      28845217
      631741764
      2334552212
      3565466095
      1225096926
      1277781438
      2416008223
      1268768054
      2750789241
      267768398
      2175383438
      268654341
      2550530755
      2971623408
      1666669894
      1934871760
      509782083
      2798468670
      2834016892
      2494149255
      1965005899
      2653045765
      2317194903
      1297426078
      916214929
      2967861004
      2236807006
      2476725285
      128488253
      4277714156
      3016192551
      1690883702
      1329810641
      593010415
      2341313579
      1754238478
      1242698701
      2152594527
      2103269013
      926178633
      647225267
      4243787142
      1489208161
      3188798921
      1327553793
      3644600811
      684513652
      2606555057
      2705329549
      2557469018
      1294205096
      70104222
      3020083528
      2015571237
      2768573480
      401698695
      2812362809
      328919870
      984940142
      1653817439
      471643152
      538942283
      2040555667
      1211982999
      1663497772
      2941793728
      3001026698
      313271977
      3644502703
      2423950047
      2629046069
      3450826936
      44600781
      2633869288
      4267014746
      4204914470
      1955987363
      2590608885
      2120168063
      1460034243
      258056600
      3693550087
      779446436
      902696389
      4228701387
      3165791227
      3478614865
      1500865135
      905884796
      3682046467
      2437847832
      2595888219
      4144484663
      1299603103
      648536946
      1762836247
      4265749196
      950840266
      2928992722
      2051369009
      2071186450
      1164619682
      210405235
      1296628868
      2425474719
      4083386904
      1978331343
      3190898799
      602128683
      2003319330
      1043377147
      756690484
      24776626
      1835824233
      1156421176
      2125448878
      1333136189
      607751135
      4255614767
      4238533009
      2583175632
      230472465
      3037259757
      1546348932
      2537279411
      110471952
      520621708
      63613561
      2843673595
      775036
      1899744556
      1168115970
      2685086321
      3410250658
      3151102153
      634647644
      3639125394
      3344624764
      1525171811
      1878800371
      3356530116
      3676542926
      602053165
      2686708238
      3703555082
      3754961372
      3970030923
      1749014201
      3391107050
      2478152000
      2121779806
      2636689360
      769835312
      4230539591
      1909812524
      417081626
      3096519324
      387659697
      3764499249
      3452925463
      3818277698
      3008920324
      15253694
      1479260759
      2421328720
      2220743357
      38831551
      1032912064
      3400956198
      2362808832
      3988706866
      1950464958
      3248573125
      1225815945
      1211036180
      346407094
      3867176764
      1257086026
      2725236231
      2843735658
      4147241082
      1729974832
      1256499145
      3765975901
      784776076
      4288277427
      3903532520
      3431522864
      2792589977
      2935989154
      3536596892
      3512984120
      605476293
      1774961976
      981422589
      822525778
      3343539932
      422954622
      1323482938
      2523465420
      2746609356
      1664448205
      272567300
      711582493
      3625722107
      3615865699
      950619756
      2864168489
      108006277
      3976313352
      680217319
      173747636
      291134870
      198587329
      595310009
      941470866
      2438488368
      1681923153
      1654783272
      3531789254
      4149541715
      2922706987
      684907209
      3116688362
      3288142886
      3953377592
      3332428007
      1400401813
      3745921798
      1701705628
      3744511893
      1838265811
      3314032512
      3894840150
      3810031409
      181324387
      983160249
      1444959400
      3836664153
      3032673327
      310789231
      3701565562
      1407580781
      2511575629
      3113822685
      1777261998
      2208898751
      106383174
      2961020500
      995776421
      3306087121
      2181030035
      2300064751
      1909543740
      4023156173
      1671619075
      2151956104
      237668401
      3204511253
      1303668692
      3868259787
      2737897899
      4091026033
      2877780671
      134376279
      398912026
      863520778
      3712468923
      3443213666
      2183809552
      2597379302
      349776833
      274697715
      4266593710
      4282186769
      3530757867
      520237914
      3369037397
      2285670338
      387086485
      618942879
      219892882
      2008897906
      2293749560
      2907436476
      3853296593
      327550390
      1558751403
      2125694704
      1822570484
      2409968265
      436622776
      2691124090
      1080819771
      2958107334
      2667158841
      2117901613
      440045635
      3861104471
      3574962701
      3210299248
      1368601573
      2434039520
      86704919
      3628108033
      1909858745
      227461000
      2530509465
      838433817
      730224848
      1060658180
      1318482825
      233266846
      2352800845
      2086493219
      3826355555
      3174377690
      1455208243
      1356597942
      663563056
      2501819374
      4213535259
      1585241464
      873997246
      2597898744
      427064229
      1587746589
      259660817
      1688808891
      4165834345
      1359025114
      2013923952
      2963511711
      2903220732
      356112706
      501549847
      1609412897
      1685128111
      2639303606
      700554261
      914150235
      2010650618
      2029243163
      3046509911
      715702687
      2206956754
      3045298216
      2922667179
      2497577415
      3001819604
      706666890
      2275923855
      3094184383
      2781697712
      3292952666
      4238614078
      278500659
      1440033346
      1552714131
      336554687
      2842580609
      2255044310
      2180071372
      99970159
      2078552309
      1172694639
      1359399314
      546452524
      349053834
      3072254369
      3043246719
      3314426498
      1594992663
      3582269665
      2114045278
      585873328
      840739494
      3475778485
      1506518790
      4008486652
      229989333
      3582278212
      363921215
      3592842520
      1833533669
      708173875
      564248927
      853943228
      2282731374
      2874158047
      3978663285
      2332696531
      1354524859
      58121641
      1445193461
      1936635021
      3374328198
      3465253060
      385589199
      1819596280
      912895627
      1877426726
      733280947
      2004202992
      3311780711
      3732053191
      309903272
      97290141
      2945419335
      3916477072
      1326195031
      3740938055
      3604745262
      3633308956
      3392929431
      1257547457
      251825182
      3318700085
      847033774
      137350663
      1716455973
      546850455
      4227574519
      3044214953
      2259874013
      2442748258
      2956971336
      2198772379
      1269686727
      2648116105
      1339159363
      1473334647
      2386671612
      2069268389
      624
    Initial state of the Uniform random number generator for chain number 1:
      1
      1812433254
      3713160357
      3109174145
      64984499
      3392658084
      446538473
      2629760756
      2453345558
      1394803949
      1021787430
      2063496713
      1304877364
      1713639158
      889001601
      1651239412
      1450863289
      745575081
      361057727
      2288771950
      1463387568
      2249488362
      26637982
      204036717
      1655702041
      1329048465
      2092351466
      1681619666
      3220660315
      1301783610
      626286181
      294669048
      3537128440
      3259518248
      2550101273
      1160881866
      308703547
      295714668
      35508674
      1599247281
      376272024
      3166459937
      1852735737
      3680868867
      612352556
      2760189833
      3816750341
      699140493
      1087846865
      394927937
      2063539671
      645417889
      2337669049
      3773167612
      678121169
      3006984620
      1163491294
      2559287860
      543155592
      3194181347
      2463543297
      3875146860
      475483913
      3707568076
      3881808875
      1264657097
      208126250
      1802809301
      367907560
      2433375693
      2851326449
      2380707878
      2911758972
      4243386879
      2229228726
      828161871
      2871116151
      990638198
      178193628
      1012573979
      1223581943
      3333023583
      1901888414
      3913876750
      3168662389
      656194888
      1553610174
      466840498
      686407570
      280737523
      2476489017
      1272981410
      3189431979
      3294710282
      1564477163
      4133221553
      823708826
      880616227
      1730254897
      335723347
      2123911971
      344194767
      119099153
      2915257116
      3339825470
      2524942970
      1191117250
      3403812186
      3988972937
      2575395295
      4072737183
      663832315
      808080503
      724042340
      2966189542
      2499643239
      3309205581
      1915303227
      72616536
      387525935
      2791701251
      2190905566
      3740328774
      831297460
      3750964864
      2190112044
      899144100
      2346558003
      3851695829
      2896963823
      1548614403
      3676707405
      2050891594
      4165893148
      1883017153
      2668787527
      50330561
      2063572142
      1853585557
      1716111087
      2937248370
      1650859709
      2682305722
      565243175
      3922227187
      3482032705
      2809081500
      2099376873
      230358556
      1065827745
      196966939
      3268845630
      3625508265
      1477799595
      4149453740
      2757835686
      3032697936
      2200108791
      3421680711
      4145382259
      3605253072
      1186485728
      3520482151
      3080733463
      3887314157
      4030447755
      1699987022
      1393253586
      1710066407
      710337383
      3754612557
      2741088369
      337455371
      1304761604
      3592681639
      3099385187
      4003676405
      317081535
      997754381
      480565460
      3806265432
      1068029852
      776179010
      470617537
      3653875421
      2273571919
      1055365147
      1317172834
      3414733003
      2835400613
      28845217
      631741764
      2334552212
      3565466095
      1225096926
      1277781438
      2416008223
      1268768054
      2750789241
      267768398
      2175383438
      268654341
      2550530755
      2971623408
      1666669894
      1934871760
      509782083
      2798468670
      2834016892
      2494149255
      1965005899
      2653045765
      2317194903
      1297426078
      916214929
      2967861004
      2236807006
      2476725285
      128488253
      4277714156
      3016192551
      1690883702
      1329810641
      593010415
      2341313579
      1754238478
      1242698701
      2152594527
      2103269013
      926178633
      647225267
      4243787142
      1489208161
      3188798921
      1327553793
      3644600811
      684513652
      2606555057
      2705329549
      2557469018
      1294205096
      70104222
      3020083528
      2015571237
      2768573480
      401698695
      2812362809
      328919870
      984940142
      1653817439
      471643152
      538942283
      2040555667
      1211982999
      1663497772
      2941793728
      3001026698
      313271977
      3644502703
      2423950047
      2629046069
      3450826936
      44600781
      2633869288
      4267014746
      4204914470
      1955987363
      2590608885
      2120168063
      1460034243
      258056600
      3693550087
      779446436
      902696389
      4228701387
      3165791227
      3478614865
      1500865135
      905884796
      3682046467
      2437847832
      2595888219
      4144484663
      1299603103
      648536946
      1762836247
      4265749196
      950840266
      2928992722
      2051369009
      2071186450
      1164619682
      210405235
      1296628868
      2425474719
      4083386904
      1978331343
      3190898799
      602128683
      2003319330
      1043377147
      756690484
      24776626
      1835824233
      1156421176
      2125448878
      1333136189
      607751135
      4255614767
      4238533009
      2583175632
      230472465
      3037259757
      1546348932
      2537279411
      110471952
      520621708
      63613561
      2843673595
      775036
      1899744556
      1168115970
      2685086321
      3410250658
      3151102153
      634647644
      3639125394
      3344624764
      1525171811
      1878800371
      3356530116
      3676542926
      602053165
      2686708238
      3703555082
      3754961372
      3970030923
      1749014201
      3391107050
      2478152000
      2121779806
      2636689360
      769835312
      4230539591
      1909812524
      417081626
      3096519324
      387659697
      3764499249
      3452925463
      3818277698
      3008920324
      15253694
      1479260759
      2421328720
      2220743357
      38831551
      1032912064
      3400956198
      2362808832
      3988706866
      1950464958
      3248573125
      1225815945
      1211036180
      346407094
      3867176764
      1257086026
      2725236231
      2843735658
      4147241082
      1729974832
      1256499145
      3765975901
      784776076
      4288277427
      3903532520
      3431522864
      2792589977
      2935989154
      3536596892
      3512984120
      605476293
      1774961976
      981422589
      822525778
      3343539932
      422954622
      1323482938
      2523465420
      2746609356
      1664448205
      272567300
      711582493
      3625722107
      3615865699
      950619756
      2864168489
      108006277
      3976313352
      680217319
      173747636
      291134870
      198587329
      595310009
      941470866
      2438488368
      1681923153
      1654783272
      3531789254
      4149541715
      2922706987
      684907209
      3116688362
      3288142886
      3953377592
      3332428007
      1400401813
      3745921798
      1701705628
      3744511893
      1838265811
      3314032512
      3894840150
      3810031409
      181324387
      983160249
      1444959400
      3836664153
      3032673327
      310789231
      3701565562
      1407580781
      2511575629
      3113822685
      1777261998
      2208898751
      106383174
      2961020500
      995776421
      3306087121
      2181030035
      2300064751
      1909543740
      4023156173
      1671619075
      2151956104
      237668401
      3204511253
      1303668692
      3868259787
      2737897899
      4091026033
      2877780671
      134376279
      398912026
      863520778
      3712468923
      3443213666
      2183809552
      2597379302
      349776833
      274697715
      4266593710
      4282186769
      3530757867
      520237914
      3369037397
      2285670338
      387086485
      618942879
      219892882
      2008897906
      2293749560
      2907436476
      3853296593
      327550390
      1558751403
      2125694704
      1822570484
      2409968265
      436622776
      2691124090
      1080819771
      2958107334
      2667158841
      2117901613
      440045635
      3861104471
      3574962701
      3210299248
      1368601573
      2434039520
      86704919
      3628108033
      1909858745
      227461000
      2530509465
      838433817
      730224848
      1060658180
      1318482825
      233266846
      2352800845
      2086493219
      3826355555
      3174377690
      1455208243
      1356597942
      663563056
      2501819374
      4213535259
      1585241464
      873997246
      2597898744
      427064229
      1587746589
      259660817
      1688808891
      4165834345
      1359025114
      2013923952
      2963511711
      2903220732
      356112706
      501549847
      1609412897
      1685128111
      2639303606
      700554261
      914150235
      2010650618
      2029243163
      3046509911
      715702687
      2206956754
      3045298216
      2922667179
      2497577415
      3001819604
      706666890
      2275923855
      3094184383
      2781697712
      3292952666
      4238614078
      278500659
      1440033346
      1552714131
      336554687
      2842580609
      2255044310
      2180071372
      99970159
      2078552309
      1172694639
      1359399314
      546452524
      349053834
      3072254369
      3043246719
      3314426498
      1594992663
      3582269665
      2114045278
      585873328
      840739494
      3475778485
      1506518790
      4008486652
      229989333
      3582278212
      363921215
      3592842520
      1833533669
      708173875
      564248927
      853943228
      2282731374
      2874158047
      3978663285
      2332696531
      1354524859
      58121641
      1445193461
      1936635021
      3374328198
      3465253060
      385589199
      1819596280
      912895627
      1877426726
      733280947
      2004202992
      3311780711
      3732053191
      309903272
      97290141
      2945419335
      3916477072
      1326195031
      3740938055
      3604745262
      3633308956
      3392929431
      1257547457
      251825182
      3318700085
      847033774
      137350663
      1716455973
      546850455
      4227574519
      3044214953
      2259874013
      2442748258
      2956971336
      2198772379
      1269686727
      2648116105
      1339159363
      1473334647
      2386671612
      2069268389
      624
    Initial state of the Gaussian random number generator for chain number 2:
      2
      3624866507
      846688490
      2733819477
      1447939927
      2751582963
      523383323
      3998955438
      1552125001
      468770929
      3174827423
      721042428
      3535242872
      3938247060
      2422198177
      2908759646
      3086638684
      3470362919
      4130561862
      1461945164
      1969357429
      3290893273
      2478135064
      2883471193
      442423807
      3020847284
      3712550376
      2942769362
      3450083884
      2131393448
      1760508619
      1079921617
      2926983472
      3248378587
      2176075610
      3115728347
      149850049
      1325979722
      2018146493
      3978444371
      1443587512
      3757974310
      4061506243
      3324845547
      103150772
      1574559537
      4189437470
      909936288
      4165778768
      954014960
      3460881122
      1208468472
      4206858865
      2349975855
      1139307511
      612263493
      4068230769
      836291891
      3502129241
      3858075069
      720214578
      1721800695
      1583913548
      3992130976
      1391510671
      3658451527
      3506172182
      3137165964
      3175921738
      668679341
      2981266823
      1736825536
      3777468269
      2427100335
      2783143307
      3066847320
      413674958
      3816771731
      3611810078
      2387881408
      1275125722
      4146169016
      4116607257
      1753188757
      2919070648
      642669239
      3128342921
      3505362734
      3299392025
      4041168539
      194806354
      2126204085
      1155372896
      3507921570
      4183642851
      390828735
      965876923
      2502060328
      3640719348
      500564950
      2958494162
      726085493
      3551417999
      1038946723
      2355966135
      2266502354
      2169734778
      103957955
      2239750491
      3497757066
      3960902779
      3919891399
      2708228292
      672443535
      3966344157
      3039186185
      3064219851
      3275966658
      1958870427
      3363207225
      1051359578
      1034488571
      4218333313
      3731099077
      826434970
      3066527807
      503397775
      2203570410
      1724486664
      1174354190
      379816557
      949285508
      1512592024
      4098586594
      4162106699
      1244073455
      4049526126
      149401994
      2486298108
      2645994433
      4048691067
      2760221413
      1429726385
      155150847
      263670059
      1839522184
      1971211423
      2988886249
      2906654795
      2763085410
      3184555126
      2428241499
      1912808117
      2344289693
      1914982229
      303251647
      3363291895
      1933606625
      4101500670
      3877744496
      2270413823
      1339668594
      2478854401
      2974781906
      1176295348
      1522792462
      3413763473
      1643164993
      1773585128
      600348566
      3831305432
      3739184658
      2927920737
      921239740
      2960516826
      653634535
      4282151379
      3899733953
      2848969276
      506667305
      2064254689
      2562889493
      1027730377
      2964297732
      1573662998
      1400221132
      604719003
      2600612834
      1086412828
      2839169326
      2237360922
      2533955895
      2173128617
      3585208888
      225649929
      3162402384
      2737400094
      945452241
      32174139
      4057815822
      3681149417
      538074139
      1665518193
      1290718971
      1204908910
      1752298136
      1576507435
      1950581601
      395392432
      3117768513
      1610510657
      582872851
      3882188371
      3486754405
      3612818708
      79522282
      3654222890
      554014214
      2795988792
      2699019453
      768333623
      1041848464
      1012203950
      3207710853
      2191875363
      2180736998
      3657761238
      2596779756
      1513261770
      298083836
      921966930
      2568544321
      480859735
      4268007484
      757985477
      442264484
      4253891744
      178333756
      3653303450
      2759887436
      1625051062
      2140496676
      2583817099
      109920000
      3849378804
      587135080
      3965692414
      3584128712
      2496889359
      4066788634
      3439502551
      1041005727
      2784445111
      4231212902
      3427909847
      306088099
      708846671
      1357224748
      81546947
      1013346034
      3328657534
      1140162390
      1617022297
      451026111
      4191194979
      2544038377
      3358406081
      2078869653
      1150523248
      3663542690
      2315642515
      380539204
      125351140
      2913559301
      3540242901
      1353142401
      2409055124
      3136483651
      3384539323
      2622200239
      1322006361
      60288721
      1836454543
      3378860321
      1028797830
      784192763
      3200015141
      4280866434
      3480136453
      1163505791
      1464340696
      39962560
      3132723172
      4035042531
      3968861574
      2859031456
      1997068818
      2914465192
      3299223356
      658977798
      2383986058
      3689451477
      1855211164
      613736992
      3399505872
      721916528
      1214953314
      1978881602
      1644160163
      868083487
      1886701425
      2430443623
      3238614545
      440178771
      4122051833
      168378845
      4075897453
      784209059
      2122211469
      1029375099
      3987445959
      1993353877
      3774218662
      259191900
      463709584
      3256509205
      2970214132
      32546389
      3103585745
      404744328
      1405060850
      3194833450
      2229644052
      1287997179
      1168559088
      4253642852
      456227059
      115590192
      959060034
      2523194717
      2921813711
      2660496694
      1661244122
      3949077694
      546088169
      3927753286
      758289299
      4076004698
      2818580089
      297327332
      391012690
      1698646201
      1827285496
      2057818526
      45927453
      4001566164
      1358792247
      340974259
      3667858693
      2116911813
      1716223164
      3870579962
      565768359
      1330729550
      1682620823
      640788379
      2642810005
      722202626
      3342124090
      1046670574
      1884608856
      926507664
      4048745540
      1013276792
      1474775246
      3319759394
      683213181
      3644095690
      4261137863
      1171395535
      1797066690
      2184942700
      3136450276
      2403915837
      19925339
      3530712424
      693454777
      4095102592
      2791708211
      2407398362
      191034814
      1405068157
      1635573108
      3002727858
      2503231482
      1877745251
      2971168822
      4095482385
      2810703016
      116218529
      663481365
      3424543450
      181543471
      2088477982
      3758013903
      4087811857
      2306315696
      1797804753
      3739876776
      1052678416
      2961962218
      530565411
      1084430187
      600176751
      2920770665
      1395657430
      2275563379
      1945041462
      2897291349
      3202120438
      2541033448
      3395594999
      1440745450
      554493022
      3604900030
      1693940026
      2048944369
      2776750171
      1064369609
      1004778234
      3631442000
      111252846
      2495206422
      1549492629
      1917957398
      2076623558
      2065193271
      3503495683
      305349558
      1064312453
      4180949297
      3969143923
      1187332586
      1837549170
      1199888411
      801451519
      878812761
      3366984668
      1132353467
      467740707
      1531220625
      1986847891
      3611709790
      97771638
      2599466580
      921040821
      3695024433
      598160515
      1067897977
      1070962312
      4203425140
      3330187456
      3176319421
      400150826
      1778712930
      1332512992
      356084631
      3210494822
      3878886472
      4217065068
      17324705
      1194519644
      169871241
      594168806
      4141353368
      2812067586
      1007574236
      3143655593
      1231988821
      990469891
      731912463
      3875269580
      3107901837
      3268884046
      51553093
      3265091870
      2827988823
      215460720
      1810208024
      235746758
      2640785160
      3542608605
      3212999042
      3019862381
      2776967609
      2566622134
      3136123892
      3329714175
      1537598558
      1111683694
      1831866047
      1527480555
      1374492744
      2861082564
      2283612438
      3725126365
      1934064016
      976785712
      1985214956
      1901883774
      3769548825
      1651881537
      3535350080
      2666996848
      287335676
      716617071
      1798766031
      2468831819
      2653018579
      2711800444
      2500416446
      1688315701
      3098398094
      2389050951
      259942469
      3096384070
      2434046690
      2292847
      2179858651
      860453038
      1112784056
      806844432
      2431840356
      3444142163
      491004326
      4117569173
      1468356934
      1230256668
      3558831243
      360563651
      1723242763
      2771827983
      555715903
      1690465018
      3642536487
      312708693
      2718279339
      3439997904
      3381092195
      269681413
      3040927775
      2538795672
      2982421226
      3983011761
      4012234084
      3807531726
      4152713741
      2675650483
      3522595843
      2603695663
      1139711729
      415442657
      821281271
      1153021862
      4196324887
      2034707481
      1146437550
      645908802
      3958160194
      1331866590
      3875612725
      2742273417
      2083607827
      1367028823
      3405229612
      926409162
      359084274
      428200891
      1580768777
      723559275
      390184571
      1966930892
      1114312487
      4049752645
      2713447910
      313516349
      1670939739
      2155242445
      415771127
      1060028352
      810510606
      1441723093
      3674555380
      1244922308
      1138369035
      2811021893
      4005351255
      1455276665
      3073897390
      1949184307
      4276825362
      3579699982
      501713787
      1784405218
      3987251947
      1460563941
      1372531538
      1479574814
      2050694811
      2867429155
      3373192039
      968223959
      1315340855
      563759027
      1277302533
      2564831995
      4174743461
      794844391
      1091389581
      3521416615
      779397152
      3672078093
      440563956
      765480627
      624
    Initial state of the Uniform random number generator for chain number 2:
      2
      3624866507
      846688490
      2733819477
      1447939927
      2751582963
      523383323
      3998955438
      1552125001
      468770929
      3174827423
      721042428
      3535242872
      3938247060
      2422198177
      2908759646
      3086638684
      3470362919
      4130561862
      1461945164
      1969357429
      3290893273
      2478135064
      2883471193
      442423807
      3020847284
      3712550376
      2942769362
      3450083884
      2131393448
      1760508619
      1079921617
      2926983472
      3248378587
      2176075610
      3115728347
      149850049
      1325979722
      2018146493
      3978444371
      1443587512
      3757974310
      4061506243
      3324845547
      103150772
      1574559537
      4189437470
      909936288
      4165778768
      954014960
      3460881122
      1208468472
      4206858865
      2349975855
      1139307511
      612263493
      4068230769
      836291891
      3502129241
      3858075069
      720214578
      1721800695
      1583913548
      3992130976
      1391510671
      3658451527
      3506172182
      3137165964
      3175921738
      668679341
      2981266823
      1736825536
      3777468269
      2427100335
      2783143307
      3066847320
      413674958
      3816771731
      3611810078
      2387881408
      1275125722
      4146169016
      4116607257
      1753188757
      2919070648
      642669239
      3128342921
      3505362734
      3299392025
      4041168539
      194806354
      2126204085
      1155372896
      3507921570
      4183642851
      390828735
      965876923
      2502060328
      3640719348
      500564950
      2958494162
      726085493
      3551417999
      1038946723
      2355966135
      2266502354
      2169734778
      103957955
      2239750491
      3497757066
      3960902779
      3919891399
      2708228292
      672443535
      3966344157
      3039186185
      3064219851
      3275966658
      1958870427
      3363207225
      1051359578
      1034488571
      4218333313
      3731099077
      826434970
      3066527807
      503397775
      2203570410
      1724486664
      1174354190
      379816557
      949285508
      1512592024
      4098586594
      4162106699
      1244073455
      4049526126
      149401994
      2486298108
      2645994433
      4048691067
      2760221413
      1429726385
      155150847
      263670059
      1839522184
      1971211423
      2988886249
      2906654795
      2763085410
      3184555126
      2428241499
      1912808117
      2344289693
      1914982229
      303251647
      3363291895
      1933606625
      4101500670
      3877744496
      2270413823
      1339668594
      2478854401
      2974781906
      1176295348
      1522792462
      3413763473
      1643164993
      1773585128
      600348566
      3831305432
      3739184658
      2927920737
      921239740
      2960516826
      653634535
      4282151379
      3899733953
      2848969276
      506667305
      2064254689
      2562889493
      1027730377
      2964297732
      1573662998
      1400221132
      604719003
      2600612834
      1086412828
      2839169326
      2237360922
      2533955895
      2173128617
      3585208888
      225649929
      3162402384
      2737400094
      945452241
      32174139
      4057815822
      3681149417
      538074139
      1665518193
      1290718971
      1204908910
      1752298136
      1576507435
      1950581601
      395392432
      3117768513
      1610510657
      582872851
      3882188371
      3486754405
      3612818708
      79522282
      3654222890
      554014214
      2795988792
      2699019453
      768333623
      1041848464
      1012203950
      3207710853
      2191875363
      2180736998
      3657761238
      2596779756
      1513261770
      298083836
      921966930
      2568544321
      480859735
      4268007484
      757985477
      442264484
      4253891744
      178333756
      3653303450
      2759887436
      1625051062
      2140496676
      2583817099
      109920000
      3849378804
      587135080
      3965692414
      3584128712
      2496889359
      4066788634
      3439502551
      1041005727
      2784445111
      4231212902
      3427909847
      306088099
      708846671
      1357224748
      81546947
      1013346034
      3328657534
      1140162390
      1617022297
      451026111
      4191194979
      2544038377
      3358406081
      2078869653
      1150523248
      3663542690
      2315642515
      380539204
      125351140
      2913559301
      3540242901
      1353142401
      2409055124
      3136483651
      3384539323
      2622200239
      1322006361
      60288721
      1836454543
      3378860321
      1028797830
      784192763
      3200015141
      4280866434
      3480136453
      1163505791
      1464340696
      39962560
      3132723172
      4035042531
      3968861574
      2859031456
      1997068818
      2914465192
      3299223356
      658977798
      2383986058
      3689451477
      1855211164
      613736992
      3399505872
      721916528
      1214953314
      1978881602
      1644160163
      868083487
      1886701425
      2430443623
      3238614545
      440178771
      4122051833
      168378845
      4075897453
      784209059
      2122211469
      1029375099
      3987445959
      1993353877
      3774218662
      259191900
      463709584
      3256509205
      2970214132
      32546389
      3103585745
      404744328
      1405060850
      3194833450
      2229644052
      1287997179
      1168559088
      4253642852
      456227059
      115590192
      959060034
      2523194717
      2921813711
      2660496694
      1661244122
      3949077694
      546088169
      3927753286
      758289299
      4076004698
      2818580089
      297327332
      391012690
      1698646201
      1827285496
      2057818526
      45927453
      4001566164
      1358792247
      340974259
      3667858693
      2116911813
      1716223164
      3870579962
      565768359
      1330729550
      1682620823
      640788379
      2642810005
      722202626
      3342124090
      1046670574
      1884608856
      926507664
      4048745540
      1013276792
      1474775246
      3319759394
      683213181
      3644095690
      4261137863
      1171395535
      1797066690
      2184942700
      3136450276
      2403915837
      19925339
      3530712424
      693454777
      4095102592
      2791708211
      2407398362
      191034814
      1405068157
      1635573108
      3002727858
      2503231482
      1877745251
      2971168822
      4095482385
      2810703016
      116218529
      663481365
      3424543450
      181543471
      2088477982
      3758013903
      4087811857
      2306315696
      1797804753
      3739876776
      1052678416
      2961962218
      530565411
      1084430187
      600176751
      2920770665
      1395657430
      2275563379
      1945041462
      2897291349
      3202120438
      2541033448
      3395594999
      1440745450
      554493022
      3604900030
      1693940026
      2048944369
      2776750171
      1064369609
      1004778234
      3631442000
      111252846
      2495206422
      1549492629
      1917957398
      2076623558
      2065193271
      3503495683
      305349558
      1064312453
      4180949297
      3969143923
      1187332586
      1837549170
      1199888411
      801451519
      878812761
      3366984668
      1132353467
      467740707
      1531220625
      1986847891
      3611709790
      97771638
      2599466580
      921040821
      3695024433
      598160515
      1067897977
      1070962312
      4203425140
      3330187456
      3176319421
      400150826
      1778712930
      1332512992
      356084631
      3210494822
      3878886472
      4217065068
      17324705
      1194519644
      169871241
      594168806
      4141353368
      2812067586
      1007574236
      3143655593
      1231988821
      990469891
      731912463
      3875269580
      3107901837
      3268884046
      51553093
      3265091870
      2827988823
      215460720
      1810208024
      235746758
      2640785160
      3542608605
      3212999042
      3019862381
      2776967609
      2566622134
      3136123892
      3329714175
      1537598558
      1111683694
      1831866047
      1527480555
      1374492744
      2861082564
      2283612438
      3725126365
      1934064016
      976785712
      1985214956
      1901883774
      3769548825
      1651881537
      3535350080
      2666996848
      287335676
      716617071
      1798766031
      2468831819
      2653018579
      2711800444
      2500416446
      1688315701
      3098398094
      2389050951
      259942469
      3096384070
      2434046690
      2292847
      2179858651
      860453038
      1112784056
      806844432
      2431840356
      3444142163
      491004326
      4117569173
      1468356934
      1230256668
      3558831243
      360563651
      1723242763
      2771827983
      555715903
      1690465018
      3642536487
      312708693
      2718279339
      3439997904
      3381092195
      269681413
      3040927775
      2538795672
      2982421226
      3983011761
      4012234084
      3807531726
      4152713741
      2675650483
      3522595843
      2603695663
      1139711729
      415442657
      821281271
      1153021862
      4196324887
      2034707481
      1146437550
      645908802
      3958160194
      1331866590
      3875612725
      2742273417
      2083607827
      1367028823
      3405229612
      926409162
      359084274
      428200891
      1580768777
      723559275
      390184571
      1966930892
      1114312487
      4049752645
      2713447910
      313516349
      1670939739
      2155242445
      415771127
      1060028352
      810510606
      1441723093
      3674555380
      1244922308
      1138369035
      2811021893
      4005351255
      1455276665
      3073897390
      1949184307
      4276825362
      3579699982
      501713787
      1784405218
      3987251947
      1460563941
      1372531538
      1479574814
      2050694811
      2867429155
      3373192039
      968223959
      1315340855
      563759027
      1277302533
      2564831995
      4174743461
      794844391
      1091389581
      3521416615
      779397152
      3672078093
      440563956
      765480627
      624
 

% Mh1Blck1 (05-Apr-2024 09:03:38)
 
  Number of simulations.: 200000
  Acceptance ratio......: 0.20673
  Feval per iteration...: 1
  Posterior mean........:
    params:1: 0.0022511
    params:2: 0.0025138
    params:3: 0.0035166
    params:4: 0.0039195
    params:5: 0.0014872
    params:6: 0.0011459
    params:7: 0.0045059
    params:8: 0.027202
    params:9: 0.03421
    params:10: 0.024491
    params:11: 0.026339
    params:12: 0.00087301
    params:13: 0.0027546
    params:14: 0.0046052
    params:15: 0.0029538
    params:16: 0.035699
    params:17: 0.0092372
    params:18: 0.0081405
    params:19: 1.2924
    params:20: 0.40713
    params:21: 1.436
    params:22: 0.7878
    params:23: 0.30218
    params:24: 0.9213
    params:25: 0.029654
    params:26: 0.49744
    params:27: 0.63908
    params:28: 0.4968
    params:29: 2.6855
    params:30: 0.16732
    params:31: 2.1595
    params:32: 0.13053
    params:33: 0.80681
    params:34: 0.53696
    params:35: 0.8509
    params:36: 0.79589
    params:37: 0.97266
    params:38: 0.91125
    params:39: 0.98584
    params:40: 0.99663
    log2po:4436.68
  Minimum value.........:
    params:1: 1.0153e-05
    params:2: 1.0309e-05
    params:3: 1.0178e-05
    params:4: 1.0198e-05
    params:5: 0.00010037
    params:6: 0.0001001
    params:7: 0.0001001
    params:8: 0.015721
    params:9: 0.016255
    params:10: 0.0040112
    params:11: 0.00010075
    params:12: 0.0001
    params:13: 0.00010077
    params:14: 0.00010018
    params:15: 0.00010002
    params:16: 0.011794
    params:17: 0.00010008
    params:18: 0.0068856
    params:19: 1.0384
    params:20: 0.14078
    params:21: 0.72104
    params:22: 0.48479
    params:23: 0.099682
    params:24: 0.82619
    params:25: 0.01
    params:26: 0.15428
    params:27: 0.23405
    params:28: 0.029853
    params:29: 1.3144
    params:30: 0.019732
    params:31: 0.49291
    params:32: 0.085713
    params:33: 0.62966
    params:34: 0.34727
    params:35: 0.55102
    params:36: 0.62357
    params:37: 0.87792
    params:38: 0.76138
    params:39: 0.93349
    params:40: 0.95095
    log2po:3479.4791
  Maximum value.........:
    params:1: 0.0054671
    params:2: 0.010674
    params:3: 0.035093
    params:4: 0.037033
    params:5: 0.0055985
    params:6: 0.014476
    params:7: 0.0098498
    params:8: 0.040632
    params:9: 0.044923
    params:10: 0.043944
    params:11: 0.066312
    params:12: 0.006107
    params:13: 0.010244
    params:14: 0.017047
    params:15: 0.01176
    params:16: 0.052036
    params:17: 0.022897
    params:18: 0.0099197
    params:19: 1.5765
    params:20: 0.63469
    params:21: 1.9062
    params:22: 0.99844
    params:23: 0.69565
    params:24: 0.99978
    params:25: 0.19506
    params:26: 1.0756
    params:27: 1.1663
    params:28: 2.1152
    params:29: 3.8896
    params:30: 0.29149
    params:31: 3.0798
    params:32: 0.17982
    params:33: 0.99931
    params:34: 0.93396
    params:35: 0.99985
    params:36: 0.98225
    params:37: 0.99964
    params:38: 0.99585
    params:39: 1
    params:40: 1
    log2po:4600.808
 

% Mh1Blck2 (05-Apr-2024 09:31:20)
 
  Number of simulations.: 200000
  Acceptance ratio......: 0.051385
  Feval per iteration...: 1
  Posterior mean........:
    params:1: 0.0013469
    params:2: 0.0014414
    params:3: 0.0090427
    params:4: 0.01066
    params:5: 0.00085858
    params:6: 0.0010236
    params:7: 0.0018901
    params:8: 0.044182
    params:9: 0.035752
    params:10: 0.043971
    params:11: 0.05337
    params:12: 0.0057846
    params:13: 0.0020171
    params:14: 0.0090841
    params:15: 0.001209
    params:16: 0.029628
    params:17: 0.014289
    params:18: 0.008119
    params:19: 1.6682
    params:20: 0.56201
    params:21: 1.239
    params:22: 0.68177
    params:23: 0.1214
    params:24: 0.76902
    params:25: 0.037418
    params:26: 0.25542
    params:27: 0.78728
    params:28: 1.8469
    params:29: 2.4522
    params:30: 0.23751
    params:31: 1.6433
    params:32: 0.078562
    params:33: 0.79449
    params:34: 0.30206
    params:35: 0.65632
    params:36: 0.76787
    params:37: 0.9802
    params:38: 0.92747
    params:39: 0.9995
    params:40: 0.99852
    log2po:4279.3813
  Minimum value.........:
    params:1: 9.898e-06
    params:2: 1.0645e-05
    params:3: 0.0010509
    params:4: 0.00048479
    params:5: 0.00010006
    params:6: 0.00010006
    params:7: 0.00010008
    params:8: 0.038024
    params:9: 0.031146
    params:10: 0.040904
    params:11: 0.04187
    params:12: 0.0001009
    params:13: 0.00010202
    params:14: 0.0059165
    params:15: 0.00010082
    params:16: 0.013726
    params:17: 0.0067676
    params:18: 0.0068735
    params:19: 1.4756
    params:20: 0.4042
    params:21: 0.70812
    params:22: 0.46668
    params:23: 0.092732
    params:24: 0.69177
    params:25: 0.01001
    params:26: 0.14526
    params:27: 0.25673
    params:28: 0.11445
    params:29: 1.4798
    params:30: 0.17069
    params:31: 0.49685
    params:32: 0.04975
    params:33: 0.70626
    params:34: 0.067213
    params:35: 0.54917
    params:36: 0.67776
    params:37: 0.85701
    params:38: 0.88518
    params:39: 0.9331
    params:40: 0.94807
    log2po:3479.4468
  Maximum value.........:
    params:1: 0.004037
    params:2: 0.010314
    params:3: 0.035032
    params:4: 0.036807
    params:5: 0.005012
    params:6: 0.014589
    params:7: 0.0060067
    params:8: 0.051018
    params:9: 0.042597
    params:10: 0.049957
    params:11: 0.067091
    params:12: 0.010239
    params:13: 0.0075269
    params:14: 0.016716
    params:15: 0.012146
    params:16: 0.043533
    params:17: 0.02459
    params:18: 0.0098815
    params:19: 1.9327
    params:20: 0.62955
    params:21: 1.496
    params:22: 0.86418
    params:23: 0.28803
    params:24: 0.86809
    params:25: 0.19452
    params:26: 0.47275
    params:27: 1.1768
    params:28: 2.6248
    params:29: 3.1977
    params:30: 0.31393
    params:31: 2.6586
    params:32: 0.10999
    params:33: 0.94699
    params:34: 0.91876
    params:35: 0.71971
    params:36: 0.904
    params:37: 0.99974
    params:38: 0.96332
    params:39: 1
    params:40: 1
    log2po:4450.4746
 

% Session 2.
 
  Number of blocks...............: 2
  Number of simulations per block: 100000
 

% Mh1Blck1 (05-Apr-2024 13:26:45)
 
  Number of simulations.: 297620
  Acceptance ratio......: 0.089944
  Feval per iteration...: 0.328
  Posterior mean........:
    params:1: 0.0019581
    params:2: 0.0026003
    params:3: 0.0026487
    params:4: 0.002868
    params:5: 0.0023033
    params:6: 0.0010286
    params:7: 0.0033997
    params:8: 0.023817
    params:9: 0.03121
    params:10: 0.017293
    params:11: 0.018089
    params:12: 0.0007094
    params:13: 0.0021227
    params:14: 0.003762
    params:15: 0.0038289
    params:16: 0.039012
    params:17: 0.0074726
    params:18: 0.0081335
    params:19: 1.351
    params:20: 0.44097
    params:21: 1.5646
    params:22: 0.7855
    params:23: 0.40655
    params:24: 0.9109
    params:25: 0.027416
    params:26: 0.49823
    params:27: 0.7113
    params:28: 0.40873
    params:29: 2.6623
    params:30: 0.19113
    params:31: 2.3746
    params:32: 0.12597
    params:33: 0.8388
    params:34: 0.66603
    params:35: 0.8622
    params:36: 0.84783
    params:37: 0.95582
    params:38: 0.92571
    params:39: 0.9881
    params:40: 0.99717
    log2po:4486.5734
  Minimum value.........:
    params:1: 1.0104e-05
    params:2: 1.0309e-05
    params:3: 1.004e-05
    params:4: 1.0064e-05
    params:5: 0.00010037
    params:6: 0.00010007
    params:7: 0.0001001
    params:8: 0.0076127
    params:9: 0.016255
    params:10: 0.00010059
    params:11: 0.00010004
    params:12: 0.0001
    params:13: 0.00010008
    params:14: 0.00010018
    params:15: 0.00010002
    params:16: 0.011794
    params:17: 0.00010008
    params:18: 0.0068856
    params:19: 1.0384
    params:20: 0.14078
    params:21: 0.72104
    params:22: 0.48479
    params:23: 0.099682
    params:24: 0.82283
    params:25: 0.01
    params:26: 0.15428
    params:27: 0.23405
    params:28: 0.029853
    params:29: 1.3144
    params:30: 0.019732
    params:31: 0.49291
    params:32: 0.075328
    params:33: 0.62966
    params:34: 0.34727
    params:35: 0.55102
    params:36: 0.62357
    params:37: 0.82186
    params:38: 0.76138
    params:39: 0.93349
    params:40: 0.95095
    log2po:3479.4791
  Maximum value.........:
    params:1: 0.0054671
    params:2: 0.010674
    params:3: 0.035093
    params:4: 0.037033
    params:5: 0.0056524
    params:6: 0.014476
    params:7: 0.0098498
    params:8: 0.040632
    params:9: 0.044923
    params:10: 0.043944
    params:11: 0.066312
    params:12: 0.006107
    params:13: 0.010244
    params:14: 0.017047
    params:15: 0.01176
    params:16: 0.052036
    params:17: 0.022897
    params:18: 0.0099197
    params:19: 1.864
    params:20: 0.63469
    params:21: 1.9999
    params:22: 0.99844
    params:23: 0.71332
    params:24: 0.99978
    params:25: 0.19506
    params:26: 1.0756
    params:27: 1.5307
    params:28: 2.1152
    params:29: 3.8896
    params:30: 0.30158
    params:31: 3.1454
    params:32: 0.17982
    params:33: 0.99987
    params:34: 0.99993
    params:35: 0.99985
    params:36: 0.99964
    params:37: 0.99964
    params:38: 0.99925
    params:39: 1
    params:40: 1
    log2po:4600.808
 

% Mh2Blck1 (05-Apr-2024 13:27:21)
 
  Number of simulations.: 2380
  Acceptance ratio......: 0.27269
  Feval per iteration...: 1
  Posterior mean........:
    params:1: 0.0021174
    params:2: 0.0024692
    params:3: 0.00063404
    params:4: 0.00095134
    params:5: 0.0030168
    params:6: 0.0012165
    params:7: 0.00073089
    params:8: 0.022907
    params:9: 0.028657
    params:10: 0.005573
    params:11: 0.00071144
    params:12: 0.00047301
    params:13: 0.00083361
    params:14: 0.002648
    params:15: 0.006074
    params:16: 0.050517
    params:17: 0.0012024
    params:18: 0.0081152
    params:19: 1.7937
    params:20: 0.51925
    params:21: 1.698
    params:22: 0.83881
    params:23: 0.60239
    params:24: 0.85052
    params:25: 0.031099
    params:26: 0.37686
    params:27: 0.91566
    params:28: 0.27027
    params:29: 2.7244
    params:30: 0.22307
    params:31: 3.0387
    params:32: 0.10636
    params:33: 0.74796
    params:34: 0.99018
    params:35: 0.86493
    params:36: 0.93176
    params:37: 0.92154
    params:38: 0.95855
    params:39: 0.99433
    params:40: 0.99876
    log2po:4590.8382
  Minimum value.........:
    params:1: 0.001273
    params:2: 0.0007737
    params:3: 1.2472e-05
    params:4: 1.0487e-05
    params:5: 0.0019381
    params:6: 0.00019613
    params:7: 0.00010056
    params:8: 0.022108
    params:9: 0.02719
    params:10: 0.0036995
    params:11: 0.00010333
    params:12: 0.0001026
    params:13: 0.00010778
    params:14: 0.00092635
    params:15: 0.0050096
    params:16: 0.049362
    params:17: 0.00010093
    params:18: 0.0069028
    params:19: 1.7496
    params:20: 0.50058
    params:21: 1.6801
    params:22: 0.8087
    params:23: 0.56423
    params:24: 0.83982
    params:25: 0.016633
    params:26: 0.3017
    params:27: 0.79434
    params:28: 0.20121
    params:29: 2.6166
    params:30: 0.19526
    params:31: 2.9634
    params:32: 0.10265
    params:33: 0.73457
    params:34: 0.96834
    params:35: 0.83169
    params:36: 0.91324
    params:37: 0.87746
    params:38: 0.93324
    params:39: 0.98171
    params:40: 0.99389
    log2po:4585.4154
  Maximum value.........:
    params:1: 0.0032489
    params:2: 0.0033767
    params:3: 0.0016718
    params:4: 0.0017001
    params:5: 0.004283
    params:6: 0.0024746
    params:7: 0.0016928
    params:8: 0.023675
    params:9: 0.031253
    params:10: 0.006889
    params:11: 0.0020367
    params:12: 0.0011162
    params:13: 0.0014169
    params:14: 0.0039996
    params:15: 0.0070538
    params:16: 0.051264
    params:17: 0.0023362
    params:18: 0.0089957
    params:19: 1.8342
    params:20: 0.54232
    params:21: 1.7137
    params:22: 0.87297
    params:23: 0.64192
    params:24: 0.86587
    params:25: 0.046393
    params:26: 0.49417
    params:27: 1.052
    params:28: 0.33826
    params:29: 2.8293
    params:30: 0.24016
    params:31: 3.1386
    params:32: 0.111
    params:33: 0.76185
    params:34: 0.99985
    params:35: 0.89625
    params:36: 0.95491
    params:37: 0.9732
    params:38: 0.97622
    params:39: 0.99991
    params:40: 0.99996
    log2po:4594.3912
 

% Mh1Blck2 (05-Apr-2024 13:42:55)
 
  Number of simulations.: 297620
  Acceptance ratio......: 0.028812
  Feval per iteration...: 0.328
  Posterior mean........:
    params:1: 0.001742
    params:2: 0.0015839
    params:3: 0.0067475
    params:4: 0.0073855
    params:5: 0.00099642
    params:6: 0.00093109
    params:7: 0.0015323
    params:8: 0.046081
    params:9: 0.036948
    params:10: 0.041653
    params:11: 0.049218
    params:12: 0.0039796
    params:13: 0.0017101
    params:14: 0.0080307
    params:15: 0.0015611
    params:16: 0.035053
    params:17: 0.011295
    params:18: 0.0081391
    params:19: 1.7139
    params:20: 0.48484
    params:21: 1.3507
    params:22: 0.75769
    params:23: 0.1378
    params:24: 0.73982
    params:25: 0.033495
    params:26: 0.31704
    params:27: 0.84487
    params:28: 1.2676
    params:29: 2.5845
    params:30: 0.21631
    params:31: 2.0813
    params:32: 0.073526
    params:33: 0.85754
    params:34: 0.28345
    params:35: 0.67253
    params:36: 0.82951
    params:37: 0.97723
    params:38: 0.93282
    params:39: 0.99873
    params:40: 0.99883
    log2po:4348.3583
  Minimum value.........:
    params:1: 9.898e-06
    params:2: 1.0645e-05
    params:3: 1.016e-05
    params:4: 1.059e-05
    params:5: 0.00010006
    params:6: 0.00010006
    params:7: 0.00010008
    params:8: 0.038024
    params:9: 0.031146
    params:10: 0.026537
    params:11: 0.034122
    params:12: 0.0001
    params:13: 0.00010202
    params:14: 0.0034063
    params:15: 0.00010082
    params:16: 0.013726
    params:17: 0.0015796
    params:18: 0.0068735
    params:19: 1.4756
    params:20: 0.24837
    params:21: 0.70812
    params:22: 0.46668
    params:23: 0.092732
    params:24: 0.63118
    params:25: 0.010002
    params:26: 0.14526
    params:27: 0.25673
    params:28: 0.025372
    params:29: 1.4798
    params:30: 0.029011
    params:31: 0.49685
    params:32: 0.043526
    params:33: 0.70626
    params:34: 0.067213
    params:35: 0.54917
    params:36: 0.67776
    params:37: 0.85701
    params:38: 0.88518
    params:39: 0.9331
    params:40: 0.94807
    log2po:3479.4468
  Maximum value.........:
    params:1: 0.0048125
    params:2: 0.010314
    params:3: 0.035032
    params:4: 0.036807
    params:5: 0.005012
    params:6: 0.014589
    params:7: 0.0060067
    params:8: 0.055178
    params:9: 0.042781
    params:10: 0.049957
    params:11: 0.067091
    params:12: 0.010239
    params:13: 0.0075269
    params:14: 0.016716
    params:15: 0.012146
    params:16: 0.05022
    params:17: 0.02459
    params:18: 0.0098815
    params:19: 1.9374
    params:20: 0.62955
    params:21: 1.6801
    params:22: 0.99474
    params:23: 0.28803
    params:24: 0.86809
    params:25: 0.19452
    params:26: 0.81098
    params:27: 1.5619
    params:28: 2.6248
    params:29: 3.2276
    params:30: 0.3338
    params:31: 3.2341
    params:32: 0.10999
    params:33: 0.99997
    params:34: 0.91876
    params:35: 0.83306
    params:36: 0.99972
    params:37: 0.99974
    params:38: 0.99881
    params:39: 1
    params:40: 1
    log2po:4520.6878
 

% Mh2Blck2 (05-Apr-2024 13:43:20)
 
  Number of simulations.: 2380
  Acceptance ratio......: 0.12269
  Feval per iteration...: 1
  Posterior mean........:
    params:1: 0.0030206
    params:2: 0.00033504
    params:3: 0.0029315
    params:4: 0.00038644
    params:5: 0.0012281
    params:6: 0.00036421
    params:7: 0.0010782
    params:8: 0.049067
    params:9: 0.036252
    params:10: 0.027582
    params:11: 0.036182
    params:12: 0.00025631
    params:13: 0.00084359
    params:14: 0.0034954
    params:15: 0.0049756
    params:16: 0.049415
    params:17: 0.0072864
    params:18: 0.0082095
    params:19: 1.6531
    params:20: 0.28595
    params:21: 1.6051
    params:22: 0.97987
    params:23: 0.22486
    params:24: 0.75684
    params:25: 0.018005
    params:26: 0.57367
    params:27: 1.6143
    params:28: 0.051829
    params:29: 2.9264
    params:30: 0.036953
    params:31: 3.1132
    params:32: 0.07219
    params:33: 0.99392
    params:34: 0.41763
    params:35: 0.83984
    params:36: 0.96035
    params:37: 0.97087
    params:38: 0.93998
    params:39: 0.99643
    params:40: 0.99912
    log2po:4516.1498
  Minimum value.........:
    params:1: 0.0024249
    params:2: 1.1029e-05
    params:3: 0.0023044
    params:4: 1.0108e-05
    params:5: 0.00055079
    params:6: 0.00010183
    params:7: 0.00053878
    params:8: 0.04804
    params:9: 0.034964
    params:10: 0.026555
    params:11: 0.035427
    params:12: 0.00010022
    params:13: 0.00052023
    params:14: 0.0030037
    params:15: 0.0043158
    params:16: 0.048262
    params:17: 0.0062965
    params:18: 0.0076935
    params:19: 1.6288
    params:20: 0.25421
    params:21: 1.5824
    params:22: 0.96422
    params:23: 0.21171
    params:24: 0.74747
    params:25: 0.010477
    params:26: 0.53899
    params:27: 1.5542
    params:28: 0.024565
    params:29: 2.8407
    params:30: 0.024989
    params:31: 3.0808
    params:32: 0.068519
    params:33: 0.97615
    params:34: 0.40578
    params:35: 0.82952
    params:36: 0.93638
    params:37: 0.96279
    params:38: 0.92815
    params:39: 0.98957
    params:40: 0.99512
    log2po:4507.9758
  Maximum value.........:
    params:1: 0.0037646
    params:2: 0.00073373
    params:3: 0.0035545
    params:4: 0.001169
    params:5: 0.0023096
    params:6: 0.0010507
    params:7: 0.0022062
    params:8: 0.049897
    params:9: 0.037743
    params:10: 0.028622
    params:11: 0.037042
    params:12: 0.00060443
    params:13: 0.0010803
    params:14: 0.0038945
    params:15: 0.0056047
    params:16: 0.050071
    params:17: 0.0087784
    params:18: 0.0088659
    params:19: 1.678
    params:20: 0.31413
    params:21: 1.6249
    params:22: 0.99668
    params:23: 0.2392
    params:24: 0.76561
    params:25: 0.024805
    params:26: 0.64918
    params:27: 1.6757
    params:28: 0.085644
    params:29: 3.0243
    params:30: 0.051572
    params:31: 3.1534
    params:32: 0.075745
    params:33: 0.99991
    params:34: 0.43135
    params:35: 0.84837
    params:36: 0.98717
    params:37: 0.98045
    params:38: 0.95069
    params:39: 0.99988
    params:40: 0.99999
    log2po:4521.8021
 

% Session 3.
 
  Number of blocks...............: 2
  Number of simulations per block: 100000
 

% Mh2Blck1 (05-Apr-2024 14:50:02)
 
  Number of simulations.: 102380
  Acceptance ratio......: 0.32319
  Feval per iteration...: 0.97675
  Posterior mean........:
    params:1: 0.0010722
    params:2: 0.0029777
    params:3: 0.0013294
    params:4: 0.0012669
    params:5: 0.0019501
    params:6: 0.00085047
    params:7: 0.0007139
    params:8: 0.03165
    params:9: 0.027695
    params:10: 0.0037499
    params:11: 0.00099675
    params:12: 0.0006899
    params:13: 0.0010421
    params:14: 0.0029858
    params:15: 0.0049353
    params:16: 0.048057
    params:17: 0.0025232
    params:18: 0.0080816
    params:19: 1.5489
    params:20: 0.58497
    params:21: 1.5124
    params:22: 0.5023
    params:23: 0.72574
    params:24: 0.84246
    params:25: 0.025357
    params:26: 0.49188
    params:27: 0.93526
    params:28: 0.59428
    params:29: 2.7462
    params:30: 0.20406
    params:31: 2.9323
    params:32: 0.082869
    params:33: 0.71254
    params:34: 0.98866
    params:35: 0.58729
    params:36: 0.95072
    params:37: 0.84845
    params:38: 0.94979
    params:39: 0.99343
    params:40: 0.99774
    log2po:4599.124
  Minimum value.........:
    params:1: 1.0087e-05
    params:2: 0.0007737
    params:3: 1.0072e-05
    params:4: 1.0006e-05
    params:5: 0.00010002
    params:6: 0.00010014
    params:7: 0.00010003
    params:8: 0.020324
    params:9: 0.020241
    params:10: 0.00010085
    params:11: 0.00010001
    params:12: 0.00010006
    params:13: 0.0001002
    params:14: 0.0001003
    params:15: 0.00010176
    params:16: 0.042143
    params:17: 0.00010043
    params:18: 0.0069028
    params:19: 1.2667
    params:20: 0.4556
    params:21: 1.1492
    params:22: 0.0008519
    params:23: 0.54328
    params:24: 0.76757
    params:25: 0.010001
    params:26: 0.22772
    params:27: 0.4473
    params:28: 0.18165
    params:29: 1.8593
    params:30: 0.12477
    params:31: 2.5554
    params:32: 0.044397
    params:33: 0.51434
    params:34: 0.94762
    params:35: 0.39256
    params:36: 0.87079
    params:37: 0.657
    params:38: 0.89818
    params:39: 0.95978
    params:40: 0.97245
    log2po:4574.5023
  Maximum value.........:
    params:1: 0.0037647
    params:2: 0.0045657
    params:3: 0.0039108
    params:4: 0.0043465
    params:5: 0.0046631
    params:6: 0.002913
    params:7: 0.0031271
    params:8: 0.045079
    params:9: 0.041044
    params:10: 0.0081203
    params:11: 0.0050587
    params:12: 0.0034686
    params:13: 0.0036735
    params:14: 0.0068431
    params:15: 0.0074556
    params:16: 0.054
    params:17: 0.0083885
    params:18: 0.0096978
    params:19: 1.8342
    params:20: 0.72485
    params:21: 1.8058
    params:22: 0.87297
    params:23: 0.87931
    params:24: 0.89971
    params:25: 0.062197
    params:26: 0.85056
    params:27: 1.7372
    params:28: 1.4713
    params:29: 4.0925
    params:30: 0.27409
    params:31: 3.3433
    params:32: 0.12039
    params:33: 0.88625
    params:34: 0.99996
    params:35: 0.91245
    params:36: 0.99937
    params:37: 0.99748
    params:38: 0.99668
    params:39: 0.99999
    params:40: 0.99999
    log2po:4626.27
 

% Mh2Blck2 (05-Apr-2024 15:15:25)
 
  Number of simulations.: 102380
  Acceptance ratio......: 0.13546
  Feval per iteration...: 0.97675
  Posterior mean........:
    params:1: 0.001537
    params:2: 0.0026526
    params:3: 0.0024416
    params:4: 0.00067639
    params:5: 0.0012331
    params:6: 0.00087831
    params:7: 0.00093294
    params:8: 0.047813
    params:9: 0.040609
    params:10: 0.013438
    params:11: 0.02295
    params:12: 0.00024299
    params:13: 0.00065754
    params:14: 0.0043119
    params:15: 0.0048183
    params:16: 0.053882
    params:17: 0.0045195
    params:18: 0.0081141
    params:19: 1.5946
    params:20: 0.40006
    params:21: 1.52
    params:22: 0.96367
    params:23: 0.33727
    params:24: 0.74677
    params:25: 0.031973
    params:26: 0.46846
    params:27: 1.1905
    params:28: 0.064177
    params:29: 2.7034
    params:30: 0.031014
    params:31: 3.3872
    params:32: 0.08846
    params:33: 0.98821
    params:34: 0.42166
    params:35: 0.83965
    params:36: 0.85406
    params:37: 0.97633
    params:38: 0.95624
    params:39: 0.9957
    params:40: 0.99912
    log2po:4536.319
  Minimum value.........:
    params:1: 1.0109e-05
    params:2: 1.1029e-05
    params:3: 2.8872e-05
    params:4: 1.0108e-05
    params:5: 0.00010058
    params:6: 0.00010008
    params:7: 0.00010001
    params:8: 0.038811
    params:9: 0.034964
    params:10: 0.0012293
    params:11: 0.0050655
    params:12: 0.00010004
    params:13: 0.00010153
    params:14: 0.0012443
    params:15: 0.0022505
    params:16: 0.047965
    params:17: 0.00010065
    params:18: 0.006935
    params:19: 1.4975
    params:20: 0.21307
    params:21: 1.3324
    params:22: 0.90366
    params:23: 0.19927
    params:24: 0.69926
    params:25: 0.010001
    params:26: 0.23346
    params:27: 0.35705
    params:28: 0.021896
    params:29: 1.899
    params:30: 0.00010658
    params:31: 3.0808
    params:32: 0.060884
    params:33: 0.89791
    params:34: 0.27388
    params:35: 0.7299
    params:36: 0.77907
    params:37: 0.93825
    params:38: 0.91788
    params:39: 0.97768
    params:40: 0.98796
    log2po:4507.0964
  Maximum value.........:
    params:1: 0.004229
    params:2: 0.0047539
    params:3: 0.0037816
    params:4: 0.0028511
    params:5: 0.004301
    params:6: 0.0028702
    params:7: 0.0033828
    params:8: 0.054394
    params:9: 0.044677
    params:10: 0.028622
    params:11: 0.037629
    params:12: 0.00089943
    params:13: 0.0012976
    params:14: 0.0065834
    params:15: 0.006942
    params:16: 0.05903
    params:17: 0.01057
    params:18: 0.0096983
    params:19: 1.8232
    params:20: 0.49712
    params:21: 1.6523
    params:22: 0.99847
    params:23: 0.52935
    params:24: 0.82902
    params:25: 0.070512
    params:26: 0.73188
    params:27: 1.7722
    params:28: 0.21037
    params:29: 3.0784
    params:30: 0.11787
    params:31: 3.6967
    params:32: 0.10471
    params:33: 0.99999
    params:34: 0.52626
    params:35: 0.91861
    params:36: 0.98717
    params:37: 0.99988
    params:38: 0.99406
    params:39: 0.99999
    params:40: 0.99999
    log2po:4568.6734
 
