
% Session 4.
 
  Number of blocks...............: 2
  Number of simulations per block: 100000
 

% Mh2Blck1 (12-Apr-2024 15:55:38)
 
  Number of simulations.: 144897
  Acceptance ratio......: 0.026881
  Feval per iteration...: 0.69015
  Posterior mean........:
    params:1: 0.0012825
    params:2: 0.0030771
    params:3: 0.019138
    params:4: 0.0015085
    params:5: 0.00061018
    params:6: 0.00066003
    params:7: 0.018354
    params:8: 0.0011523
    params:9: 0.0023017
    params:10: 0.00078643
    params:11: 0.00085364
    params:12: 0.0034353
    params:13: 0.0060384
    params:14: 0.015778
    params:15: 0.00087739
    params:16: 0.0032277
    params:17: 0.00038747
    params:18: 0.00050027
    params:19: 0.001896
    params:20: 0.0014612
    params:21: 0.0061243
    params:22: 0.0032354
    params:23: 0.042103
    params:24: 0.0091918
    params:25: 0.010518
    params:26: 3.7186
    params:27: 0.051343
    params:28: 1.0281
    params:29: 0.82071
    params:30: 0.86185
    params:31: 0.95615
    params:32: 0.016526
    params:33: 0.20553
    params:34: 0.61064
    params:35: 5.856
    params:36: 5.7095
    params:37: 1.1132
    params:38: 2.5963
    params:39: 0.40522
    params:40: 0.44367
    params:41: 0.99878
    params:42: 0.49851
    params:43: 0.968
    params:44: 0.9944
    params:45: 0.94946
    params:46: 0.99312
    params:47: 0.98673
    log2po:4763.1631
  Minimum value.........:
    params:1: 1.0384e-05
    params:2: 1.207e-05
    params:3: 0.016682
    params:4: 4.3256e-05
    params:5: 1.1207e-05
    params:6: 1.0426e-05
    params:7: 0.015703
    params:8: 0.000104
    params:9: 0.00010209
    params:10: 0.00010042
    params:11: 0.00010024
    params:12: 0.0014555
    params:13: 0.0038506
    params:14: 0.013445
    params:15: 0.0001007
    params:16: 0.00091
    params:17: 0.00010006
    params:18: 0.0001002
    params:19: 0.00011346
    params:20: 0.00010016
    params:21: 0.0023745
    params:22: 0.00010001
    params:23: 0.038325
    params:24: 0.0067356
    params:25: 0.0060069
    params:26: 3.6803
    params:27: 0.038309
    params:28: 0.92625
    params:29: 0.76546
    params:30: 0.81191
    params:31: 0.92663
    params:32: 0.010005
    params:33: 0.17701
    params:34: 0.46228
    params:35: 5.5892
    params:36: 5.1624
    params:37: 0.99679
    params:38: 2.3934
    params:39: 0.38504
    params:40: 0.36473
    params:41: 0.99412
    params:42: 0.43693
    params:43: 0.93549
    params:44: 0.98804
    params:45: 0.84893
    params:46: 0.97205
    params:47: 0.96061
    log2po:4722.5281
  Maximum value.........:
    params:1: 0.0034541
    params:2: 0.004857
    params:3: 0.021088
    params:4: 0.0030004
    params:5: 0.0017573
    params:6: 0.0022326
    params:7: 0.02112
    params:8: 0.0024278
    params:9: 0.0041779
    params:10: 0.002121
    params:11: 0.002586
    params:12: 0.0062032
    params:13: 0.010207
    params:14: 0.018172
    params:15: 0.0025042
    params:16: 0.0053778
    params:17: 0.0013958
    params:18: 0.0016798
    params:19: 0.005109
    params:20: 0.0046126
    params:21: 0.0084402
    params:22: 0.0081884
    params:23: 0.046997
    params:24: 0.012855
    params:25: 0.014759
    params:26: 3.7784
    params:27: 0.070937
    params:28: 1.1509
    params:29: 0.87112
    params:30: 0.91395
    params:31: 0.99472
    params:32: 0.040877
    params:33: 0.23312
    params:34: 0.77405
    params:35: 6.0511
    params:36: 6.0969
    params:37: 1.1733
    params:38: 2.7476
    params:39: 0.44159
    params:40: 0.55277
    params:41: 0.99999
    params:42: 0.56106
    params:43: 0.99898
    params:44: 0.9981
    params:45: 0.99374
    params:46: 0.99997
    params:47: 0.99993
    log2po:4778.8932
 

% Mh2Blck2 (12-Apr-2024 16:22:18)
 
  Number of simulations.: 144897
  Acceptance ratio......: 0.028358
  Feval per iteration...: 0.69015
  Posterior mean........:
    params:1: 0.001616
    params:2: 0.0042874
    params:3: 0.017722
    params:4: 0.0020822
    params:5: 0.00072972
    params:6: 0.0007935
    params:7: 0.017829
    params:8: 0.00045024
    params:9: 0.0020139
    params:10: 0.00086903
    params:11: 0.0012221
    params:12: 0.0033271
    params:13: 0.0095684
    params:14: 0.015969
    params:15: 0.00057016
    params:16: 0.002199
    params:17: 0.00044215
    params:18: 0.00079356
    params:19: 0.0015602
    params:20: 0.00128
    params:21: 0.0062521
    params:22: 0.0013583
    params:23: 0.036324
    params:24: 0.0029985
    params:25: 0.0035142
    params:26: 3.7109
    params:27: 0.06152
    params:28: 1.4287
    params:29: 0.82719
    params:30: 0.85797
    params:31: 0.82378
    params:32: 0.015473
    params:33: 0.18821
    params:34: 0.62831
    params:35: 6.8131
    params:36: 5.8937
    params:37: 1.0453
    params:38: 1.965
    params:39: 0.35945
    params:40: 0.47844
    params:41: 0.99888
    params:42: 0.73014
    params:43: 0.94854
    params:44: 0.99372
    params:45: 0.95358
    params:46: 0.99429
    params:47: 0.9773
    log2po:4759.9969
  Minimum value.........:
    params:1: 1.1505e-05
    params:2: 0.001687
    params:3: 0.015576
    params:4: 0.0008679
    params:5: 1.0937e-05
    params:6: 1.0041e-05
    params:7: 0.01491
    params:8: 0.00010009
    params:9: 0.00010235
    params:10: 0.00010064
    params:11: 0.00010066
    params:12: 0.00010187
    params:13: 0.0068349
    params:14: 0.013824
    params:15: 0.00010021
    params:16: 0.00010234
    params:17: 0.00010042
    params:18: 0.00010058
    params:19: 0.00034369
    params:20: 0.0001
    params:21: 0.005129
    params:22: 0.00010005
    params:23: 0.033418
    params:24: 0.00010153
    params:25: 0.00028615
    params:26: 3.5822
    params:27: 0.044255
    params:28: 1.3493
    params:29: 0.78506
    params:30: 0.78468
    params:31: 0.77533
    params:32: 0.010001
    params:33: 0.15439
    params:34: 0.4217
    params:35: 6.0593
    params:36: 5.3524
    params:37: 0.92962
    params:38: 1.8245
    params:39: 0.33682
    params:40: 0.35978
    params:41: 0.99402
    params:42: 0.63413
    params:43: 0.90935
    params:44: 0.98747
    params:45: 0.92388
    params:46: 0.97222
    params:47: 0.94871
    log2po:4729.6065
  Maximum value.........:
    params:1: 0.0039397
    params:2: 0.0072099
    params:3: 0.019804
    params:4: 0.0031016
    params:5: 0.0020553
    params:6: 0.0027774
    params:7: 0.020895
    params:8: 0.0016072
    params:9: 0.0042913
    params:10: 0.0027641
    params:11: 0.0036521
    params:12: 0.0068981
    params:13: 0.012951
    params:14: 0.018701
    params:15: 0.0023239
    params:16: 0.0047642
    params:17: 0.0014015
    params:18: 0.0021513
    params:19: 0.0027226
    params:20: 0.0034949
    params:21: 0.0074128
    params:22: 0.0037292
    params:23: 0.039297
    params:24: 0.0063683
    params:25: 0.0061693
    params:26: 3.8129
    params:27: 0.078199
    params:28: 1.4899
    params:29: 0.87446
    params:30: 0.91481
    params:31: 0.8515
    params:32: 0.038698
    params:33: 0.22983
    params:34: 0.78472
    params:35: 7.3588
    params:36: 6.531
    params:37: 1.1171
    params:38: 2.1669
    params:39: 0.37534
    params:40: 0.59393
    params:41: 0.99999
    params:42: 0.79461
    params:43: 0.98929
    params:44: 0.9976
    params:45: 0.98345
    params:46: 0.99999
    params:47: 0.99998
    log2po:4778.0089
 

% Session 5.
 
  Number of blocks...............: 2
  Number of simulations per block: 100000
 

% Session 5.
 
  Number of blocks...............: 2
  Number of simulations per block: 100000
 

% Mh2Blck1 (12-Apr-2024 17:05:21)
 
  Number of simulations.: 244897
  Acceptance ratio......: 0.012732
  Feval per iteration...: 0.40833
  Posterior mean........:
    params:1: 0.0015554
    params:2: 0.0027809
    params:3: 0.019136
    params:4: 0.0013298
    params:5: 0.00062462
    params:6: 0.0007977
    params:7: 0.018291
    params:8: 0.0011088
    params:9: 0.002765
    params:10: 0.00076088
    params:11: 0.00074748
    params:12: 0.0026031
    params:13: 0.0063562
    params:14: 0.016057
    params:15: 0.00080638
    params:16: 0.0022686
    params:17: 0.00039136
    params:18: 0.00054694
    params:19: 0.0017678
    params:20: 0.0016249
    params:21: 0.0067739
    params:22: 0.0024413
    params:23: 0.043824
    params:24: 0.010263
    params:25: 0.012443
    params:26: 3.7372
    params:27: 0.045867
    params:28: 0.99282
    params:29: 0.82995
    params:30: 0.84774
    params:31: 0.95727
    params:32: 0.015537
    params:33: 0.21158
    params:34: 0.62285
    params:35: 5.9408
    params:36: 5.9553
    params:37: 1.1519
    params:38: 2.6845
    params:39: 0.4021
    params:40: 0.42235
    params:41: 0.99868
    params:42: 0.52561
    params:43: 0.96326
    params:44: 0.99426
    params:45: 0.95195
    params:46: 0.99387
    params:47: 0.98722
    log2po:4768.8831
  Minimum value.........:
    params:1: 1.0384e-05
    params:2: 1.207e-05
    params:3: 0.016682
    params:4: 1.0066e-05
    params:5: 1.104e-05
    params:6: 1.0426e-05
    params:7: 0.015703
    params:8: 0.00010114
    params:9: 0.00010209
    params:10: 0.00010042
    params:11: 0.00010013
    params:12: 0.00010099
    params:13: 0.0038506
    params:14: 0.013445
    params:15: 0.0001003
    params:16: 0.00010085
    params:17: 0.00010006
    params:18: 0.0001002
    params:19: 0.00011346
    params:20: 0.00010016
    params:21: 0.0023745
    params:22: 0.00010001
    params:23: 0.038325
    params:24: 0.0067356
    params:25: 0.0060069
    params:26: 3.6803
    params:27: 0.031738
    params:28: 0.86532
    params:29: 0.76546
    params:30: 0.78458
    params:31: 0.91625
    params:32: 0.010004
    params:33: 0.17701
    params:34: 0.46228
    params:35: 5.5892
    params:36: 5.1624
    params:37: 0.99679
    params:38: 2.3934
    params:39: 0.38223
    params:40: 0.35776
    params:41: 0.9933
    params:42: 0.43693
    params:43: 0.93312
    params:44: 0.98769
    params:45: 0.84893
    params:46: 0.97205
    params:47: 0.94931
    log2po:4722.5281
  Maximum value.........:
    params:1: 0.0037544
    params:2: 0.0057031
    params:3: 0.021321
    params:4: 0.0030004
    params:5: 0.002032
    params:6: 0.0022326
    params:7: 0.02112
    params:8: 0.002484
    params:9: 0.0049391
    params:10: 0.0025234
    params:11: 0.002586
    params:12: 0.0062032
    params:13: 0.010207
    params:14: 0.018172
    params:15: 0.0025042
    params:16: 0.0053778
    params:17: 0.0014643
    params:18: 0.0016798
    params:19: 0.005109
    params:20: 0.0046126
    params:21: 0.0091302
    params:22: 0.0081884
    params:23: 0.048298
    params:24: 0.013779
    params:25: 0.018751
    params:26: 3.8216
    params:27: 0.070937
    params:28: 1.1509
    params:29: 0.90088
    params:30: 0.91395
    params:31: 0.99472
    params:32: 0.040877
    params:33: 0.24613
    params:34: 0.83429
    params:35: 6.337
    params:36: 6.7016
    params:37: 1.2536
    params:38: 2.9491
    params:39: 0.44159
    params:40: 0.55277
    params:41: 0.99999
    params:42: 0.62048
    params:43: 0.99898
    params:44: 0.9981
    params:45: 0.99374
    params:46: 0.99998
    params:47: 0.99993
    log2po:4789.6979
 

% Mh2Blck2 (12-Apr-2024 17:33:34)
 
  Number of simulations.: 244897
  Acceptance ratio......: 0.015835
  Feval per iteration...: 0.40833
  Posterior mean........:
    params:1: 0.0011753
    params:2: 0.0033893
    params:3: 0.017997
    params:4: 0.0019634
    params:5: 0.00078291
    params:6: 0.00095562
    params:7: 0.018002
    params:8: 0.00057821
    params:9: 0.0023892
    params:10: 0.00077716
    params:11: 0.0012863
    params:12: 0.0032626
    params:13: 0.0081333
    params:14: 0.015954
    params:15: 0.00061073
    params:16: 0.0020021
    params:17: 0.00042275
    params:18: 0.00069386
    params:19: 0.001699
    params:20: 0.0011744
    params:21: 0.006408
    params:22: 0.0014696
    params:23: 0.035051
    params:24: 0.0049249
    params:25: 0.0033947
    params:26: 3.7351
    params:27: 0.056572
    params:28: 1.3888
    params:29: 0.83576
    params:30: 0.84931
    params:31: 0.8394
    params:32: 0.015177
    params:33: 0.19626
    params:34: 0.61941
    params:35: 7.0514
    params:36: 6.1604
    params:37: 1.0734
    params:38: 1.9627
    params:39: 0.35389
    params:40: 0.42786
    params:41: 0.99887
    params:42: 0.7329
    params:43: 0.95425
    params:44: 0.99395
    params:45: 0.95121
    params:46: 0.99444
    params:47: 0.97423
    log2po:4766.4481
  Minimum value.........:
    params:1: 1.0779e-05
    params:2: 1.0543e-05
    params:3: 0.015576
    params:4: 0.00076198
    params:5: 1.0338e-05
    params:6: 1.0041e-05
    params:7: 0.01491
    params:8: 0.00010009
    params:9: 0.00010235
    params:10: 0.00010031
    params:11: 0.00010066
    params:12: 0.00010187
    params:13: 0.0024509
    params:14: 0.013824
    params:15: 0.00010015
    params:16: 0.00010234
    params:17: 0.0001002
    params:18: 0.00010058
    params:19: 0.00029983
    params:20: 0.0001
    params:21: 0.005129
    params:22: 0.00010005
    params:23: 0.030826
    params:24: 0.00010153
    params:25: 0.00028615
    params:26: 3.5822
    params:27: 0.041145
    params:28: 1.29
    params:29: 0.78506
    params:30: 0.77348
    params:31: 0.77533
    params:32: 0.010001
    params:33: 0.15439
    params:34: 0.4217
    params:35: 6.0593
    params:36: 5.3524
    params:37: 0.92962
    params:38: 1.8088
    params:39: 0.33214
    params:40: 0.2973
    params:41: 0.99402
    params:42: 0.63413
    params:43: 0.90935
    params:44: 0.98721
    params:45: 0.89894
    params:46: 0.97222
    params:47: 0.93753
    log2po:4729.6065
  Maximum value.........:
    params:1: 0.0039397
    params:2: 0.0072099
    params:3: 0.020105
    params:4: 0.0031016
    params:5: 0.0020553
    params:6: 0.0027774
    params:7: 0.020895
    params:8: 0.0027701
    params:9: 0.0044054
    params:10: 0.0027641
    params:11: 0.0036521
    params:12: 0.0068981
    params:13: 0.012951
    params:14: 0.018701
    params:15: 0.0023239
    params:16: 0.0047642
    params:17: 0.0014413
    params:18: 0.0021513
    params:19: 0.003473
    params:20: 0.0034949
    params:21: 0.0076819
    params:22: 0.0037292
    params:23: 0.039297
    params:24: 0.010365
    params:25: 0.0061693
    params:26: 3.8328
    params:27: 0.078199
    params:28: 1.4899
    params:29: 0.89455
    params:30: 0.91481
    params:31: 0.88651
    params:32: 0.038698
    params:33: 0.23274
    params:34: 0.78472
    params:35: 7.7368
    params:36: 6.7845
    params:37: 1.1462
    params:38: 2.1669
    params:39: 0.37534
    params:40: 0.59393
    params:41: 0.99999
    params:42: 0.79461
    params:43: 0.98929
    params:44: 0.9976
    params:45: 0.99284
    params:46: 0.99999
    params:47: 0.99998
    log2po:4785.4133
 
