Starting Dynare (version 6.3).
Calling Dynare with arguments: none
Starting preprocessing of the model file ... 
WARNING: in the 'steady_state_model' block, variable 'log_h' is not assigned a value 
WARNING: in the 'steady_state_model' block, variable 'log_tech' is not assigned a value 
WARNING: in the 'steady_state_model' block, variable 'tech_obs' is not assigned a value 
WARNING: in the 'steady_state_model' block, variable 'h_obs' is not assigned a value 
Found 105 equation(s). 
Evaluating expressions... 
Computing static model derivatives (order 1). 
Normalizing the static model... 
Finding the optimal block decomposition of the static model... 
12 block(s) found: 
  10 recursive block(s) and 2 simultaneous block(s). 
  the largest simultaneous block has 39 equation(s) 
                                 and 39 feedback variable(s). 
Computing dynamic model derivatives (order 1). 
Normalizing the dynamic model... 
Finding the optimal block decomposition of the dynamic model... 
4 block(s) found: 
  2 recursive block(s) and 2 simultaneous block(s). 
  the largest simultaneous block has 50 equation(s) 
                                 and 43 feedback variable(s). 
Preprocessing completed. 
Preprocessing time: 0h00m00s.


Residuals of the static equations:
Equation number   1: Labor composite                                    :       0.000000
Equation number   2: Labor leisure:C                                    :       0.000000
Equation number   3: Labor leisure:I                                    :       0.000000
Equation number   4: Marginal utility of wealth                         :       0.000000
Equation number   5: Demand curve: mc                                   :       0.000000
Equation number   6: Demand curve: sc                                   :       0.000000
Equation number   7: Shopping:mc                                        :       0.000000
Equation number   8: Shopping:sc                                        :       0.000000
Equation number   9: Shopping:I                                         :       0.000000
Equation number  10: Composite utility term                             :       0.000000
Equation number  11: Consumption CES aggregator                         :       0.000000
Equation number  12: Investment adjustment cost function:mc             :       0.000000
Equation number  13: Investment adjustment cost function:mc             :       0.000000
Equation number  14: Investment adjustment cost function:I              :       0.000000
Equation number  15: Investment adjustment cost function: derivative mc :       0.000000
Equation number  16: Investment adjustment cost function: derivative mc :       0.000000
Equation number  17: Investment adjustment cost function: derivative I  :       0.000000
Equation number  18: Investment growth:mc                               :       0.000000
Equation number  19: Investment growth:mc                               :       0.000000
Equation number  20: Investment growth:I                                :       0.000000
Equation number  21: Depreciation rate: mc                              :       0.000000
Equation number  22: Depreciation rate: sc                              :       0.000000
Equation number  23: Depreciation rate: I                               :       0.000000
Equation number  24: Depreciation rate derivative: mc                   :       0.000000
Equation number  25: Depreciation rate derivative: sc                   :       0.000000
Equation number  26: Depreciation rate derivative: I                    :       0.000000
Equation number  27: Tobins Q: mc                                       :       0.000000
Equation number  28: Tobins Q: sc                                       :       0.000000
Equation number  29: Tobins Q: I                                        :       0.000000
Equation number  30: Euler equation: mc                                 :       0.000000
Equation number  31: Euler equation: sc                                 :       0.000000
Equation number  32: Euler equation: I                                  :       0.000000
Equation number  33: Utilization: mc                                    :       0.000000
Equation number  34: Utilization: sc                                    :       0.000000
Equation number  35: Utilization: I                                     :       0.000000
Equation number  36: Non-durable goods production                       :       0.000000
Equation number  37: Services production                                :       0.000000
Equation number  38: Investment production                              :       0.000000
Equation number  39: Capital law of motion:mc                           :       0.000000
Equation number  40: Capital law of motion:sc                           :       0.000000
Equation number  41: Capital law of motion:I                            :       0.000000
Equation number  42: Labor demand:mc                                    :       0.000000
Equation number  43: Labor demand:sc                                    :       0.000000
Equation number  44: Labor demand:I                                     :       0.000000
Equation number  45: Capital demand:mc                                  :       0.000000
Equation number  46: Capital demand:sc                                  :       0.000000
Equation number  47: Capital demand:I                                   :       0.000000
Equation number  48: Labor composition                                  :       0.000000
Equation number  49: Labor composition: C                               :       0.000000
Equation number  50: Capital composition                                :       0.000000
Equation number  51: Investment composition                             :       0.000000
Equation number  52: Shopping composition                               :       0.000000
Equation number  53: Capital utilization composition                    :       0.000000
Equation number  54: Aggregate wage                                     :       0.000000
Equation number  55: Output (base-year prices)                          :       0.000000
Equation number  56: Solow residual                                     :       0.000000
Equation number  57: Capacity utilization                               :       0.000000
Equation number  58: util_sc                                            :       0.000000
Equation number  59: util_D                                             :       0.000000
Equation number  60: util                                               :       0.000000
Equation number  61: General technology measure                         :       0.000000
Equation number  62: stochastic trend process                           :       0.000000
Equation number  63: Stationary TFP process                             :       0.000000
Equation number  64: Independent component of I-specific tech           :       0.000000
Equation number  65: Investment-specific TFP process                    :       0.000000
Equation number  66: Labor supply process                               :       0.000000
Equation number  67: Shopping effort process                            :       0.000000
Equation number  68: Relative shopping effort process                   :       0.000000
Equation number  69: Consumption preference process                     :       0.000000
Equation number  70: Wage-markup process: C                             :       0.000000
Equation number  71: Wage-markup process: I                             :       0.000000
Equation number  72: Definition log output                              :       0.000000
Equation number  73: Definition log consumption                         :       0.000000
Equation number  74: Definition log investment                          :       0.000000
Equation number  75: Definition log hours                               :       0.000000
Equation number  76: log_NC                                             :       0.000000
Equation number  77: log_NI                                             :       0.000000
Equation number  78: log capital                                        :       0.000000
Equation number  79: Definition log labor productivity                  :       0.000000
Equation number  80: Definition log shopping effort                     :       0.000000
Equation number  81: Definition log capital utilization                 :       0.000000
Equation number  82: Definition of log relative investment  price       :       0.000000
Equation number  83: Definition of log capacity utilization             :       0.000000
Equation number  84: log_util_ND                                        :       0.000000
Equation number  85: log_util_D                                         :       0.000000
Equation number  86: Definition of log wages                            :       0.000000
Equation number  87: Definition of log Solow residual                   :       0.000000
Equation number  88: Definition of log technology                       :       0.000000
Equation number  89: C_obs                                              :       0.000000
Equation number  90: I_obs                                              :       0.000000
Equation number  91: Y_obs                                              :       0.000000
Equation number  92: Y_N_obs                                            :       0.000000
Equation number  93: K_obs                                              :       0.000000
Equation number  94: w_obs                                              :       0.000000
Equation number  95: SR_obs                                             :       0.000000
Equation number  96: tech_obs                                           :       0.000000
Equation number  97: p_I_obs                                            :       0.000000
Equation number  98: N_obs                                              :       0.000000
Equation number  99: NC_obs                                             :       0.000000
Equation number 100: NI_obs                                             :       0.000000
Equation number 101: util_ND_obs                                        :       0.000000
Equation number 102: util_D_obs                                         :       0.000000
Equation number 103: util_obs                                           :       0.000000
Equation number 104: D_obs                                              :       0.000000
Equation number 105: h_obs                                              :       0.000000



STEADY-STATE RESULTS:

Y           		 1
C           		 0.8
Y_mc        		 0.28
Y_sc        		 0.52
SR          		 1.01547
I           		 0.2
I_mc        		 0.056
I_sc        		 0.104
I_I         		 0.04
K           		 11.0496
K_mc        		 3.09389
K_sc        		 5.7458
K_I         		 2.20992
N           		 0.3
N_mc        		 0.084
N_sc        		 0.156
N_C         		 0.24
N_I         		 0.06
N_comp      		 0.3
Z_C         		 0
u_ZI        		 0
Z_I         		 0
tech        		 1
theta_N     		 0
theta_D     		 0
theta_I     		 0
theta_b     		 0
mu_C        		 0
mu_I        		 0
R_mc        		 0.0483892
R_sc        		 0.0483892
R_I         		 0.0483892
W_C         		 2.23333
W_I         		 2.23333
W           		 2.23333
h_mc        		 1
h_sc        		 1
h_I         		 1
h           		 1
delta_mc    		 0.0136717
delta_sc    		 0.0136717
delta_I     		 0.0136717
delta_mc_pr 		 0.0329046
delta_sc_pr 		 0.0329046
delta_I_pr  		 0.0329046
Smc         		 0
Ssc         		 0
Si          		 0
Smc_pr      		 0
Ssc_pr      		 0
Si_pr       		 0
D           		 0.827037
D_mc        		 0.23157
D_sc        		 0.430059
D_I         		 0.165407
Gam         		 0.580826
p_mc        		 1
p_sc        		 1
p_I         		 1
lam         		 2.01565
Q_mc        		 1.47059
Q_sc        		 1.47059
Q_I         		 1.47059
x_mc        		 1.00451
x_sc        		 1.00451
x_I         		 1.00451
log_SR      		 0
util        		 0.81
util_ND     		 0.81
util_sc     		 0.81
util_D      		 0.81
g           		 0.0045
log_Y       		 0
log_C       		 0
log_I       		 0
log_N       		 0
log_NC      		 0
log_NI      		 0
log_K       		 0
log_Y_N     		 0
log_D       		 0
log_h       		 0
log_p_I     		 0
log_util    		 0
log_util_ND 		 0
log_util_D  		 0
log_W       		 0
log_tech    		 0
C_obs       		 0
I_obs       		 0
Y_obs       		 0
SR_obs      		 0
Y_N_obs     		 0
p_I_obs     		 0
N_obs       		 0
NC_obs      		 0
NI_obs      		 0
util_ND_obs 		 0
util_D_obs  		 0
util_obs    		 0
tech_obs    		 0
w_obs       		 0
D_obs       		 0
h_obs       		 0
K_obs       		 0

EIGENVALUES:
         Modulus             Real        Imaginary
               0                0                0
               0                0                0
       2.001e-19       -2.001e-19                0
        9.79e-19        -9.79e-19                0
       1.658e-18       -1.658e-18                0
       2.664e-18        2.664e-18                0
       8.391e-18        8.391e-18                0
       1.533e-17       -1.533e-17                0
       1.821e-17       -1.821e-17                0
       3.201e-17        3.201e-17                0
       4.424e-17       -4.424e-17                0
       4.525e-17       -4.525e-17                0
       5.766e-17        5.766e-17                0
       1.204e-16        1.204e-16                0
       1.933e-16        1.933e-16                0
       2.808e-16       -2.808e-16                0
       4.891e-16       -4.891e-16                0
       1.417e-15        1.417e-15                0
             0.1              0.1                0
          0.5872           0.5872                0
             0.9              0.9                0
             0.9              0.9                0
             0.9              0.9                0
             0.9              0.9                0
             0.9              0.9                0
             0.9              0.9                0
             0.9              0.9                0
             0.9              0.9                0
          0.9387           0.9364          0.06531
          0.9387           0.9364         -0.06531
          0.9407           0.9386          0.06309
          0.9407           0.9386         -0.06309
          0.9932           0.9932                0
           1.022            1.022                0
           1.079            1.076          0.07234
           1.079            1.076         -0.07234
           1.081            1.078           0.0752
           1.081            1.078          -0.0752
           1.728            1.728                0
       1.698e+16        1.698e+16                0
       1.048e+17        1.048e+17                0
       1.296e+17        1.296e+17                0
       1.334e+17        1.334e+17                0
       1.408e+17        1.408e+17                0
       3.093e+17        3.093e+17                0
       3.649e+17        3.649e+17                0
       3.781e+17        3.781e+17                0
       2.521e+18       -2.521e+18                0
       3.168e+18        3.168e+18                0
       2.722e+19       -2.722e+19                0
       5.317e+45        5.317e+45                0
       2.058e+46       -2.058e+46                0
             Inf             -Inf                0

There are 20 eigenvalue(s) larger than 1 in modulus for 20 forward-looking variable(s)
The rank condition is verified.


[Warning: Exported image displays axes toolbar. To remove axes toolbar from image, export again.] 
Initial value of the log posterior (or likelihood): 4669.1515

MODE CHECK

Fval obtained by the optimization routine: -4669.151525

RESULTS FROM POSTERIOR ESTIMATION
parameters
         prior mean     mode    s.d.  prior pstdev

sigma        1.5000   1.9291  0.2402   beta 0.2500 
ha           0.5000   0.7801  0.0322   beta 0.2000 
nu           0.7200   1.4611  0.2152   gamm 0.2500 
phi          0.3200   0.9711  0.0531   beta 0.2000 
eta          0.2000   0.1741  0.0388   gamm 0.1500 
xi           0.8500   0.9038  0.0826   gamm 0.1000 
nu_R         0.2000   0.0333  0.0400   beta 0.1000 
sigma_ac     1.0000   1.4519  0.3281   invg 1.0000 
sigma_ai     1.0000   0.3931  0.0893   invg 1.0000 
Psi_K        4.0000  13.1765  1.6011   gamm 1.0000 
theta        1.0000   1.5315  0.2184   gamm 0.5000 
rho_g        0.1000   0.3651  0.0722   beta 0.0500 
rho_Z        0.6000   0.8133  0.0376   beta 0.2000 
rho_ZI       0.6000   0.8317  0.0300   beta 0.2000 
rho_N        0.6000   0.9864  0.0079   beta 0.2000 
rho_D        0.6000   0.8891  0.0257   beta 0.2000 
rho_DI       0.6000   0.9804  0.0084   beta 0.2000 
rho_b        0.6000   0.9099  0.0234   beta 0.2000 
rho_muC      0.6000   0.9877  0.2772   beta 0.2000 
rho_muI      0.6000   0.9771  0.0225   beta 0.2000 

standard deviation of shocks
         prior mean     mode    s.d.  prior pstdev

e_g          0.0100   0.0040  0.0005   gamm 0.0100 
e_Z          0.0100   0.0103  0.0007   gamm 0.0100 
e_ZI         0.0100   0.0223  0.0021   gamm 0.0100 
e_N          0.0100   0.0053  0.0009   gamm 0.0100 
e_D          0.0100   0.1733  0.0188   gamm 0.0100 
e_DI         0.0100   0.0149  0.0010   gamm 0.0100 
e_b          0.0100   0.0131  0.0059   gamm 0.0100 
e_muC        0.0100   0.0003  0.0006   gamm 0.0100 
e_muI        0.0100   0.0291  0.0030   gamm 0.0100 


Log data density [Laplace approximation] is 4573.580655.

Estimation::mcmc: Total number of MH draws per chain: 1800000.
Estimation::mcmc: Total number of generated MH files: 5.
Estimation::mcmc: I'll use mh-files 2 to 5.
Estimation::mcmc: In MH-file number 2 I'll start at line 136775.
Estimation::mcmc: Finally I keep 1260000 draws per chain.



MCMC Inefficiency factors per block
Parameter       Block 1     Block 2
SE_e_g          344.455     589.385
SE_e_Z          553.721     581.990
SE_e_ZI         714.308     711.459
SE_e_N          656.767     671.591
SE_e_D          748.968     748.943
SE_e_DI         613.809     614.145
SE_e_b          742.754     745.803
SE_e_muC        471.683     528.353
SE_e_muI        732.028     731.817
sigma           747.887     747.913
ha              727.062     734.239
nu              747.522     746.987
phi             727.531     727.917
eta             728.194     734.450
xi              745.549     747.938
nu_R            739.560     737.765
sigma_ac        732.124     735.888
sigma_ai        593.321     619.991
Psi_K           748.282     749.146
theta           740.199     740.844
rho_g           749.081     748.425
rho_Z           699.916     705.401
rho_ZI          675.804     675.512
rho_N           312.374     415.524
rho_D           656.164     666.065
rho_DI          305.426     317.316
rho_b           671.952     665.792
rho_muC         749.109     743.487
rho_muI         629.420     673.812



Convergence diagnostics results for chain 1.

Geweke (1992) Convergence Tests, based on means of draws 540000 to 792000 vs 1170000 to 1800000 for chain 1.
p-values are for Chi2-test for equality of means.
Parameter         Post. Mean        Post. Std   p-val No Taper   p-val 4% Taper   p-val 8% Taper  p-val 15% Taper
SE_e_g                 0.005            0.002            0.000            0.000            0.000            0.002
SE_e_Z                 0.009            0.001            0.000            0.000            0.000            0.000
SE_e_ZI                0.018            0.003            0.000            0.000            0.000            0.000
SE_e_N                 0.006            0.002            0.000            0.000            0.000            0.000
SE_e_D                 0.125            0.030            0.000            0.000            0.000            0.000
SE_e_DI                0.016            0.002            0.000            0.000            0.000            0.000
SE_e_b                 0.012            0.007            0.000            0.496            0.596            0.660
SE_e_muC               0.001            0.003            0.000            0.000            0.000            0.000
SE_e_muI               0.027            0.005            0.000            0.010            0.034            0.057
sigma                  1.696            0.284            0.000            0.000            0.000            0.000
ha                     0.687            0.109            0.000            0.000            0.000            0.000
nu                     1.172            0.302            0.000            0.000            0.000            0.000
phi                    0.852            0.112            0.000            0.000            0.000            0.000
eta                    0.260            0.097            0.000            0.000            0.000            0.000
xi                     0.886            0.066            0.000            0.000            0.000            0.000
nu_R                   0.145            0.102            0.000            0.000            0.000            0.000
sigma_ac               1.855            0.477            0.000            0.302            0.426            0.515
sigma_ai               0.451            0.108            0.000            0.173            0.249            0.302
Psi_K                 10.521            3.326            0.000            0.000            0.000            0.000
theta                  1.393            0.375            0.000            0.016            0.047            0.074
rho_g                  0.450            0.133            0.000            0.000            0.000            0.000
rho_Z                  0.786            0.045            0.000            0.000            0.000            0.000
rho_ZI                 0.851            0.034            0.000            0.000            0.000            0.000
rho_N                  0.955            0.106            0.000            0.030            0.066            0.092
rho_D                  0.911            0.025            0.000            0.000            0.002            0.008
rho_DI                 0.984            0.009            0.000            0.778            0.801            0.808
rho_b                  0.917            0.027            0.000            0.079            0.155            0.212
rho_muC                0.639            0.297            0.000            0.000            0.000            0.000
rho_muI                0.983            0.018            0.000            0.002            0.009            0.018




Convergence diagnostics results for chain 2.

Geweke (1992) Convergence Tests, based on means of draws 540000 to 792000 vs 1170000 to 1800000 for chain 2.
p-values are for Chi2-test for equality of means.
Parameter         Post. Mean        Post. Std   p-val No Taper   p-val 4% Taper   p-val 8% Taper  p-val 15% Taper
SE_e_g                 0.006            0.002            0.000            0.000            0.001            0.008
SE_e_Z                 0.009            0.002            0.000            0.000            0.000            0.000
SE_e_ZI                0.017            0.004            0.000            0.000            0.000            0.000
SE_e_N                 0.007            0.002            0.000            0.000            0.000            0.000
SE_e_D                 0.117            0.034            0.000            0.000            0.000            0.000
SE_e_DI                0.017            0.003            0.000            0.006            0.035            0.099
SE_e_b                 0.012            0.008            0.000            0.000            0.001            0.009
SE_e_muC               0.001            0.001            0.000            0.790            0.810            0.827
SE_e_muI               0.025            0.005            0.000            0.011            0.052            0.116
sigma                  1.698            0.335            0.000            0.000            0.001            0.008
ha                     0.664            0.124            0.000            0.000            0.002            0.017
nu                     1.072            0.283            0.000            0.000            0.000            0.000
phi                    0.831            0.150            0.000            0.001            0.017            0.061
eta                    0.316            0.151            0.000            0.000            0.003            0.018
xi                     0.878            0.088            0.000            0.000            0.002            0.012
nu_R                   0.166            0.134            0.000            0.000            0.000            0.000
sigma_ac               1.761            0.354            0.000            0.000            0.000            0.000
sigma_ai               0.449            0.095            0.000            0.619            0.669            0.690
Psi_K                 10.649            3.973            0.000            0.000            0.000            0.000
theta                  1.268            0.409            0.000            0.027            0.091            0.174
rho_g                  0.488            0.103            0.000            0.150            0.292            0.413
rho_Z                  0.768            0.055            0.000            0.000            0.003            0.008
rho_ZI                 0.859            0.034            0.000            0.011            0.032            0.063
rho_N                  0.984            0.025            0.000            0.000            0.001            0.003
rho_D                  0.908            0.026            0.000            0.000            0.000            0.000
rho_DI                 0.983            0.009            0.000            0.307            0.329            0.333
rho_b                  0.921            0.026            0.000            0.011            0.048            0.100
rho_muC                0.914            0.090            0.000            0.937            0.947            0.953
rho_muI                0.969            0.027            0.000            0.034            0.069            0.094


Univariate convergence diagnostic, Brooks and Gelman (1998):
    Parameter 1...  Done! 
    Parameter 2...  Done! 
    Parameter 3...  Done! 
    Parameter 4...  Done! 
    Parameter 5...  Done! 
    Parameter 6...  Done! 
    Parameter 7...  Done! 
    Parameter 8...  Done! 
    Parameter 9...  Done! 
    Parameter 10...  Done! 
    Parameter 11...  Done! 
    Parameter 12...  Done! 
    Parameter 13...  Done! 
    Parameter 14...  Done! 
    Parameter 15...  Done! 
    Parameter 16...  Done! 
    Parameter 17...  Done! 
    Parameter 18...  Done! 
    Parameter 19...  Done! 
    Parameter 20...  Done! 
    Parameter 21...  Done! 
    Parameter 22...  Done! 
    Parameter 23...  Done! 
    Parameter 24...  Done! 
    Parameter 25...  Done! 
    Parameter 26...  Done! 
    Parameter 27...  Done! 
    Parameter 28...  Done! 
    Parameter 29...  Done! 

marginal density: I'm computing the posterior mean and covariance...  Done!
marginal density: I'm computing the posterior log marginal density (modified harmonic mean)... Done!


ESTIMATION RESULTS

Log data density (Modified Harmonic Mean) is 4571.253171.
parameters
           prior mean   post. mean        90% HPD interval    prior       pstdev

sigma           1.500       1.5912      1.2294      1.9822     beta       0.2500
ha              0.500       0.7390      0.6915      0.7921     beta       0.2000
nu              0.720       1.2613      0.9470      1.5994     gamm       0.2500
phi             0.320       0.9165      0.8343      0.9911     beta       0.2000
eta             0.200       0.2207      0.1589      0.2770     gamm       0.1500
xi              0.850       0.8805      0.7532      1.0168     gamm       0.1000
nu_R            0.200       0.0903      0.0279      0.1520     beta       0.1000
sigma_ac        1.000       1.7443      1.1961      2.2307     invg       1.0000
sigma_ai        1.000       0.4399      0.2976      0.5798     invg       1.0000
Psi_K           4.000      12.6174     10.5188     15.4662     gamm       1.0000
theta           1.000       1.4563      1.1010      1.8219     gamm       0.5000
rho_g           0.100       0.5068      0.3851      0.6170     beta       0.0500
rho_Z           0.600       0.7944      0.7346      0.8562     beta       0.2000
rho_ZI          0.600       0.8469      0.7968      0.8958     beta       0.2000
rho_N           0.600       0.9889      0.9774      0.9999     beta       0.2000
rho_D           0.600       0.9045      0.8627      0.9474     beta       0.2000
rho_DI          0.600       0.9819      0.9688      0.9957     beta       0.2000
rho_b           0.600       0.9109      0.8729      0.9491     beta       0.2000
rho_muC         0.600       0.7427      0.2670      0.9982     beta       0.2000
rho_muI         0.600       0.9774      0.9426      1.0000     beta       0.2000

standard deviation of shocks
           prior mean   post. mean        90% HPD interval    prior       pstdev

e_g             0.010       0.0044      0.0037      0.0049     gamm       0.0100
e_Z             0.010       0.0095      0.0083      0.0107     gamm       0.0100
e_ZI            0.010       0.0196      0.0161      0.0230     gamm       0.0100
e_N             0.010       0.0060      0.0046      0.0075     gamm       0.0100
e_D             0.010       0.1383      0.1097      0.1706     gamm       0.0100
e_DI            0.010       0.0151      0.0135      0.0167     gamm       0.0100
e_b             0.010       0.0153      0.0056      0.0236     gamm       0.0100
e_muC           0.010       0.0007      0.0001      0.0015     gamm       0.0100
e_muI           0.010       0.0273      0.0226      0.0326     gamm       0.0100

MODEL SUMMARY

  Number of variables:         105
  Number of stochastic shocks: 9
  Number of state variables:   33
  Number of jumpers:           20
  Number of static variables:  53


MATRIX OF COVARIANCE OF EXOGENOUS SHOCKS
Variables         e_g       e_Z      e_ZI       e_N       e_D      e_DI       e_b     e_muC     e_muI
e_g          0.000019  0.000000  0.000000  0.000000  0.000000  0.000000  0.000000  0.000000  0.000000
e_Z          0.000000  0.000090  0.000000  0.000000  0.000000  0.000000  0.000000  0.000000  0.000000
e_ZI         0.000000  0.000000  0.000384  0.000000  0.000000  0.000000  0.000000  0.000000  0.000000
e_N          0.000000  0.000000  0.000000  0.000037  0.000000  0.000000  0.000000  0.000000  0.000000
e_D          0.000000  0.000000  0.000000  0.000000  0.019136  0.000000  0.000000  0.000000  0.000000
e_DI         0.000000  0.000000  0.000000  0.000000  0.000000  0.000227  0.000000  0.000000  0.000000
e_b          0.000000  0.000000  0.000000  0.000000  0.000000  0.000000  0.000235  0.000000  0.000000
e_muC        0.000000  0.000000  0.000000  0.000000  0.000000  0.000000  0.000000  0.000001  0.000000
e_muI        0.000000  0.000000  0.000000  0.000000  0.000000  0.000000  0.000000  0.000000  0.000746



MOMENTS OF SIMULATED VARIABLES
VARIABLE                 MEAN       STD. DEV.        VARIANCE        SKEWNESS        KURTOSIS
Y_obs                0.002397        0.012893        0.000166        0.370866       -0.155245
Y_N_obs              0.001133        0.009157        0.000084       -0.010232        0.006255
SR_obs               0.001151        0.009270        0.000086        0.079028        0.064168
I_obs                0.005223        0.040341        0.001627        0.319245       -0.255916
p_I_obs             -0.002059        0.027668        0.000766       -0.284676       -0.048415
C_obs                0.001690        0.008667        0.000075        0.024783       -0.150249
NC_obs               0.001336        0.006305        0.000040        0.534420        0.753485
NI_obs               0.000972        0.023550        0.000555        0.083232       -0.009391
util_ND_obs          0.001477        0.010863        0.000118        0.470009       -0.086045
util_D_obs           0.003208        0.040169        0.001614        0.077595       -0.440877
util_obs             0.001823        0.013487        0.000182        0.444873        0.255538
D_obs                0.002247        0.026331        0.000693        0.047096        0.015990
h_obs               -0.000896        0.056224        0.003161        0.017101       -0.086945
tech_obs             0.000027        0.010742        0.000115        0.008611       -0.362352


CORRELATION OF SIMULATED VARIABLES
VARIABLE             Y_obs      Y_N_obs       SR_obs        I_obs      p_I_obs        C_obs       NC_obs       NI_obs  util_ND_obs   util_D_obs     util_obs        D_obs        h_obs     tech_obs
Y_obs               1.0000       0.7191       0.8839       0.8808      -0.1625       0.8345       0.6888       0.6016       0.3028       0.7206       0.6243       0.5275      -0.2541       0.3266
Y_N_obs             0.7191       1.0000       0.9509       0.6164      -0.5425       0.6199       0.0654      -0.0458       0.1648       0.2935       0.2810       0.0920       0.0347       0.4554
SR_obs              0.8839       0.9509       1.0000       0.7807      -0.4047       0.7351       0.3145       0.2339       0.2020       0.4879       0.4208       0.3246      -0.1566       0.4689
I_obs               0.8808       0.6164       0.7807       1.0000      -0.2339       0.4742       0.5205       0.6553       0.1248       0.8218       0.5700       0.5548      -0.3367       0.2695
p_I_obs            -0.1625      -0.5425      -0.4047      -0.2339       1.0000      -0.0301       0.1976       0.3981      -0.1149       0.1641       0.0237       0.3878      -0.3967      -0.1983
C_obs               0.8345       0.6199       0.7351       0.4742      -0.0301       1.0000       0.6751       0.3562       0.4178       0.3837       0.4977       0.3354      -0.0808       0.2937
NC_obs              0.6888       0.0654       0.3145       0.5205       0.1976       0.6751       1.0000       0.6873       0.3719       0.5858       0.5885       0.5294      -0.2517       0.0045
NI_obs              0.6016      -0.0458       0.2339       0.6553       0.3981       0.3562       0.6873       1.0000       0.1101       0.7747       0.5324       0.6983      -0.4937       0.0036
util_ND_obs         0.3028       0.1648       0.2020       0.1248      -0.1149       0.4178       0.3719       0.1101       1.0000       0.2996       0.8228       0.3530       0.1226      -0.6629
util_D_obs          0.7206       0.2935       0.4879       0.8218       0.1641       0.3837       0.5858       0.7747       0.2996       1.0000       0.7887       0.6485      -0.2936      -0.1721
util_obs            0.6243       0.2810       0.4208       0.5700       0.0237       0.4977       0.5885       0.5324       0.8228       0.7887       1.0000       0.6138      -0.0959      -0.5297
D_obs               0.5275       0.0920       0.3246       0.5548       0.3878       0.3354       0.5294       0.6983       0.3530       0.6485       0.6138       1.0000      -0.8368      -0.1327
h_obs              -0.2541       0.0347      -0.1566      -0.3367      -0.3967      -0.0808      -0.2517      -0.4937       0.1226      -0.2936      -0.0959      -0.8368       1.0000      -0.2076
tech_obs            0.3266       0.4554       0.4689       0.2695      -0.1983       0.2937       0.0045       0.0036      -0.6629      -0.1721      -0.5297      -0.1327      -0.2076       1.0000


AUTOCORRELATION OF SIMULATED VARIABLES
VARIABLE             1        2        3        4        5
Y_obs           0.6935   0.3761   0.1516   0.0344  -0.0643
Y_N_obs         0.4640   0.2095   0.1493   0.0903   0.0639
SR_obs          0.6005   0.2948   0.1798   0.1256   0.0453
I_obs           0.7373   0.4898   0.2531   0.0957  -0.0784
p_I_obs         0.0059   0.0799   0.0156  -0.1091   0.0855
C_obs           0.6551   0.3278   0.1198  -0.0266  -0.0948
NC_obs          0.4152   0.2155   0.0089  -0.1281  -0.1074
NI_obs          0.2324   0.1449   0.0112  -0.1547  -0.0700
util_ND_obs     0.0814   0.1090  -0.0811  -0.0062   0.0930
util_D_obs      0.6203   0.3663   0.1462  -0.0239  -0.0742
util_obs        0.3872   0.1514  -0.0557  -0.0254   0.0272
D_obs           0.0921  -0.0781  -0.2397  -0.0095  -0.0471
h_obs          -0.0298  -0.0156  -0.2141   0.0249  -0.1158
tech_obs        0.0299  -0.0245  -0.1040  -0.0008   0.0128



VARIANCE DECOMPOSITION SIMULATING ONE SHOCK AT A TIME (in percent)
                            e_g               e_Z              e_ZI               e_N               e_D              e_DI               e_b             e_muC             e_muI  Tot. lin. contr.
Y_obs                      8.45             17.26              1.19              0.01             65.30              2.44              1.48              0.00              0.01             96.13
Y_N_obs                   23.95             15.09              6.26             12.66             26.53              4.83              0.82              0.19              8.96             99.29
SR_obs                    21.10             16.96              4.22              5.43             39.66              4.12              0.87              0.08              3.81             96.25
I_obs                      0.44             18.24              4.07              0.01             54.35              5.52              5.52              0.00              0.00             88.15
p_I_obs                    0.01             22.25             34.40              0.00             17.82             19.45              0.24              0.00              0.04             94.22
C_obs                     26.08              8.02              0.45              0.01             52.92              0.68             17.39              0.00              0.05            105.61
NC_obs                     0.92              5.39              0.72             27.41             48.28              0.54              6.53              0.60              1.67             92.06
NI_obs                     0.72              8.60              5.88              2.09             48.41              2.15              2.15              0.00             21.58             91.59
util_ND_obs                1.39             65.81              0.17              0.02             25.21              0.15             10.23              0.00              0.02            103.01
util_D_obs                 0.59              1.49             15.27              0.00             49.76              5.45              5.25              0.00              0.03             77.84
util_obs                   0.13             27.06              6.05              0.01             50.68              1.92              0.92              0.00              0.01             86.79
D_obs                      0.01              0.10              0.03              0.00            101.36              0.02              0.01              0.00              0.00            101.53
h_obs                      0.13             15.38              2.24              0.01             97.02              1.00              0.31              0.00              0.00            116.09
tech_obs                  10.76             66.45             11.70              0.00              0.00              0.00              0.00              0.00              0.00             88.91
Note: numbers do not add up to 100 due to non-zero correlation of simulated shocks in small samples

Total computing time : 0h19m41s
Note: 4 warning(s) encountered in the preprocessor
Note: warning(s) encountered in MATLAB/Octave code
