Starting Dynare (version 5.4).
Calling Dynare with arguments: none
Starting preprocessing of the model file ...
Substitution of endo lags >= 2: added 1 auxiliary variables and equations.
Found 46 equation(s).
Evaluating expressions...done
Computing static model derivatives (order 2).
Computing static model derivatives w.r.t. parameters (order 2).
Computing dynamic model derivatives (order 2).
Computing dynamic model derivatives w.r.t. parameters (order 2).
Processing outputs ...
done
Preprocessing completed.


======== Identification Analysis ========

Testing prior mean
WARNING: Komunjer and Ng (2011) failed:
       There are more shocks and measurement errors than observables, this is not implemented (yet).
       Skip identification analysis based on minimal state space system.
  
Note that differences in the criteria could be due to numerical settings,
numerical errors or the method used to find problematic parameter sets.
Settings:
    Derivation mode for Jacobians:                         Analytic using sylvester equations
    Method to find problematic parameters:                 Nullspace and multicorrelation coefficients
    Normalize Jacobians:                                   Yes
    Tolerance level for rank computations:                 robust
    Tolerance level for selecting nonzero columns:         1e-08
    Tolerance level for selecting nonzero singular values: 1e-03

REDUCED-FORM:
    All parameters are identified in the Jacobian of steady state and reduced-form solution matrices (rank(Tau) is full with tol = robust).

SPECTRUM (QU AND TKACHENKO, 2012):
    All parameters are identified in the Jacobian of mean and spectrum (rank(Gbar) is full with tol = robust).

MOMENTS (ISKREV, 2010):
    All parameters are identified in the Jacobian of first two moments (rank(J) is full with tol = robust).

==== Identification analysis completed ====





Residuals of the static equations:

Equation number 1 : 0 : Variety effect: household
Equation number 2 : 0 : Variety effect (investment)
Equation number 3 : 0 : Consumption aggregation
Equation number 4 : 0 : Markup (consumption)
Equation number 5 : 0 : Markup (investment)
Equation number 6 : 0 : Labor C
Equation number 7 : 0 : Labor in I
Equation number 8 : 0 : Capital in C
Equation number 9 : 0 : Capital in I
Equation number 10 : 0 : Labor intratemporal
Equation number 11 : 0 : Capital accumulation (consumption)
Equation number 12 : 0 : C shopping
Equation number 13 : 0 : I shopping
Equation number 14 : 0 : Consumption multiplier
Equation number 15 : 0 : Euler equation of capital (C))
Equation number 16 : 0 : Euler equation of capital (I)
Equation number 17 : 0 : Capital utilization (C)
Equation number 18 : 0 : Capital utilization (I)
Equation number 19 : 0 : Relative price of investment
Equation number 20 : 0 : Relative price of investment
Equation number 21 : 0 : C production
Equation number 22 : 0 : I production
Equation number 23 : 0 : C_util
Equation number 24 : 0 : Investment (utilization-adjusted)
Equation number 25 : 0 : Labor composition
Equation number 26 : 0 : Capital composition
Equation number 27 : 0 : cu
Equation number 28 : 0 : Aggregate accounting (income = expenditures)
Equation number 29 : 0 : Z
Equation number 30 : 0 : u_ZI
Equation number 31 : 0 : Z_I
Equation number 32 : 0 : kappa
Equation number 33 : 0 : zeta
Equation number 34 : 0 : chi
Equation number 35 : 0 : C_obs
Equation number 36 : 0 : TI_obs
Equation number 37 : 0 : Y_obs
Equation number 38 : 0 : w_obs
Equation number 39 : 0 : Y_util_obs
Equation number 40 : 0 : SR_obs
Equation number 41 : 0 : SR_util_obs
Equation number 42 : 0 : lab_prod_obs
Equation number 43 : 0 : labor_share
Equation number 44 : 0 : LC_obs
Equation number 45 : 0 : LI_obs



STEADY-STATE RESULTS:

p_C               		 0
p_I               		 0
P_C               		 0
q_C               		 0
q_I               		 0
Q                 		 0
C                 		 0
I                 		 0
Y                 		 0
Gamma_C           		 0
Gamma_I           		 0
c_A               		 0
C_util            		 0
I_util            		 0
r_I               		 0
r_C               		 0
w                 		 0
L_C               		 0
L_I               		 0
L                 		 0
K_C               		 0
K_I               		 0
K                 		 0
lam               		 0
u_C               		 0
u_I               		 0
cu                		 0
Z                 		 0
Z_I               		 0
u_ZI              		 0
chi               		 0
kappa             		 0
zeta              		 0
C_obs             		 0
TI_obs            		 0
LC_obs            		 0
LI_obs            		 0
Y_obs             		 0
p_I_obs           		 0
lab_prod_obs      		 0
labor_share       		 0
SR_obs            		 0
w_obs             		 0
SR_util_obs       		 0
Y_util_obs        		 0

EIGENVALUES:
         Modulus             Real        Imaginary

               0                0                0
       2.452e-16       -2.452e-16                0
       2.867e-16        2.867e-16                0
       3.774e-08        7.634e-15        3.774e-08
       3.774e-08        7.634e-15       -3.774e-08
          0.5232           0.5232                0
             0.6              0.6                0
             0.6              0.6                0
             0.6              0.6                0
             0.6              0.6                0
             0.6              0.6                0
          0.9627           0.9627                0
           1.026            1.026                0
       2.046e+17        2.046e+17                0
       1.346e+18        1.346e+18                0
       1.403e+20        1.403e+20                0


There are 4 eigenvalue(s) larger than 1 in modulus 
for 4 forward-looking variable(s)

The rank condition is verified.


Initial value of the log posterior (or likelihood): 2232.5467
-----------------
f at the beginning of new iteration,     -2232.5466610018
Predicted improvement:      545.828762969
lambda =          1; f =        -2232.4894108
lambda =    0.33333; f =        -2232.5413696
lambda =    0.11111; f =        -2232.5463640
lambda =   0.037037; f =        -1352.9616825
lambda =   0.012346; f =        -2216.8671359
lambda =  0.0041152; f =        -2234.3481226
Norm of dx     0.3304
----
Improvement on iteration 1 =        1.801461645
-----------------
f at the beginning of new iteration,     -2234.3481226468
Predicted improvement:      292.881648179
lambda =          1; f =        -2234.3479680
lambda =    0.33333; f =        -1937.3714036
lambda =    0.11111; f =        -2220.4883799
lambda =   0.037037; f =        -2248.7224640
Norm of dx    0.29982
----
Improvement on iteration 2 =       14.374341319
-----------------
f at the beginning of new iteration,     -2248.7224639655
Predicted improvement:      171.452034458
lambda =          1; f =        -2248.7165938
lambda =    0.33333; f =        -2248.7223384
lambda =    0.11111; f =        -2248.7224247
lambda =   0.037037; f =        -2248.7224638
lambda =   0.012346; f =        -2252.0630119
lambda =   0.023866; f =        -2252.8679583
Norm of dx    0.25652
----
Improvement on iteration 3 =        4.145494352
-----------------
f at the beginning of new iteration,     -2252.8679583176
Predicted improvement:      298.428257797
lambda =          1; f =        -2252.7793566
lambda =    0.33333; f =        -2252.8674085
lambda =    0.11111; f =        -2252.8678628
lambda =   0.037037; f =        -2262.6835192
Norm of dx    0.50773
----
Improvement on iteration 4 =        9.815560855
-----------------
f at the beginning of new iteration,     -2262.6835191729
Predicted improvement:       14.491872941
lambda =          1; f =        -2272.0494324
Norm of dx   0.037076
----
Improvement on iteration 5 =        9.365913223
-----------------
f at the beginning of new iteration,     -2272.0494323957
Predicted improvement:       56.750838978
lambda =          1; f =        -2272.0454294
lambda =    0.33333; f =        -2272.0493117
lambda =    0.11111; f =        -2280.7328258
Norm of dx    0.13576
----
Improvement on iteration 6 =        8.683393380
-----------------
f at the beginning of new iteration,     -2280.7328257757
Predicted improvement:       15.258069305
lambda =          1; f =        -2059.1491088
lambda =    0.33333; f =        -2278.5012298
lambda =    0.11111; f =        -2282.9810922
Norm of dx    0.04872
----
Improvement on iteration 7 =        2.248266417
-----------------
f at the beginning of new iteration,     -2282.9810921927
Predicted improvement:       33.344742185
lambda =          1; f =        -2282.9809502
lambda =    0.33333; f =        -2292.5016523
Norm of dx    0.10695
----
Improvement on iteration 8 =        9.520560079
-----------------
f at the beginning of new iteration,     -2292.5016522716
Predicted improvement:       17.063990961
lambda =          1; f =        -2292.1301669
lambda =    0.33333; f =        -2296.2059420
Norm of dx   0.071773
----
Improvement on iteration 9 =        3.704289703
-----------------
f at the beginning of new iteration,     -2296.2059419751
Predicted improvement:       17.882875021
lambda =          1; f =        -2308.0774867
Norm of dx   0.085915
----
Improvement on iteration 10 =       11.871544739
-----------------
f at the beginning of new iteration,     -2308.0774867145
Predicted improvement:       22.284149143
lambda =          1; f =        -2328.2091280
Norm of dx   0.078741
----
Improvement on iteration 11 =       20.131641324
-----------------
f at the beginning of new iteration,     -2328.2091280382
Predicted improvement:        6.459677469
lambda =          1; f =        -2328.2091032
lambda =    0.33333; f =        -2328.2091280
lambda =    0.11111; f =        -2329.5941218
lambda =     0.2148; f =        -2330.7712842
lambda =    0.41524; f =        -2328.2091276
lambda =     0.2796; f =        -2331.3869935
lambda =    0.35448; f =        -2328.2091280
lambda =    0.30744; f =        -2331.5372531
lambda =    0.33486; f =        -2328.2091280
lambda =    0.31813; f =        -2331.4894159
lambda =    0.32806; f =        -2328.2091280
lambda =    0.32207; f =        -2331.3871001
lambda =    0.32565; f =        -2328.2091280
Norm of dx   0.040652
Cliff.  Perturbing search direction.
Predicted improvement:       22.935541158
lambda =          1; f =        -2328.2080171
lambda =    0.33333; f =        -2340.2787928
lambda =    0.64439; f =        -2346.2902381
Norm of dx    0.11329
badg2 =
     0
----
Improvement on iteration 12 =       18.081110088
-----------------
f at the beginning of new iteration,     -2346.2902381266
Predicted improvement:       68.834275043
lambda =          1; f =        -2268.0079115
lambda =    0.33333; f =        -2330.4679623
lambda =    0.11111; f =        -2343.6406173
lambda =   0.037037; f =        -2347.2121921
lambda =   0.012346; f =        -2347.2876703
Norm of dx    0.11988
----
Improvement on iteration 13 =        0.997432197
-----------------
f at the beginning of new iteration,     -2347.2876703235
Predicted improvement:        6.046553648
lambda =          1; f =        -2347.2876591
lambda =    0.33333; f =        -2347.2876699
lambda =    0.11111; f =        -2348.3083409
lambda =     0.2148; f =        -2347.2876703
lambda =    0.14463; f =        -2348.4130891
Norm of dx   0.041689
----
Improvement on iteration 14 =        1.125418739
-----------------
f at the beginning of new iteration,     -2348.4130890620
Predicted improvement:       99.802796400
lambda =          1; f =        -2348.4122659
lambda =    0.33333; f =        -2348.3910120
lambda =    0.11111; f =        -2348.4123086
lambda =   0.037037; f =        -2339.6079853
lambda =   0.012346; f =        -2348.8989514
lambda =  0.0041152; f =        -2348.9077893
Norm of dx    0.69613
----
Improvement on iteration 15 =        0.494700210
-----------------
f at the beginning of new iteration,     -2348.9077892717
Predicted improvement:        0.933209052
lambda =          1; f =        -2349.9930186
Norm of dx  0.0085774
----
Improvement on iteration 16 =        1.085229287
-----------------
f at the beginning of new iteration,     -2349.9930185590
Predicted improvement:        0.757989090
lambda =          1; f =        -2351.0257488
Norm of dx   0.013853
----
Improvement on iteration 17 =        1.032730208
-----------------
f at the beginning of new iteration,     -2351.0257487665
Predicted improvement:        1.303554441
lambda =          1; f =        -2352.5041428
Norm of dx   0.031011
----
Improvement on iteration 18 =        1.478394034
-----------------
f at the beginning of new iteration,     -2352.5041428004
Predicted improvement:        0.890502871
lambda =          1; f =        -2353.7599585
lambda =     1.9332; f =        -2353.0663136
lambda =     1.3017; f =        -2353.8642451
Norm of dx   0.028961
----
Improvement on iteration 19 =        1.360102251
-----------------
f at the beginning of new iteration,     -2353.8642450519
Predicted improvement:        1.071915653
lambda =          1; f =        -2355.1179591
Norm of dx   0.019498
----
Improvement on iteration 20 =        1.253714033
-----------------
f at the beginning of new iteration,     -2355.1179590847
Predicted improvement:        0.690689122
lambda =          1; f =        -2356.0553851
Norm of dx   0.033557
----
Improvement on iteration 21 =        0.937426021
-----------------
f at the beginning of new iteration,     -2356.0553851056
Predicted improvement:        1.128201894
lambda =          1; f =        -2357.8411166
lambda =     1.9332; f =        -2358.7658314
Norm of dx   0.046418
----
Improvement on iteration 22 =        2.710446327
-----------------
f at the beginning of new iteration,     -2358.7658314327
Predicted improvement:        2.823849290
lambda =          1; f =        -2363.7106518
lambda =     1.9332; f =        -2367.1694969
lambda =     3.7372; f =        -2370.4391820
Norm of dx    0.16884
----
Improvement on iteration 23 =       11.673350584
-----------------
f at the beginning of new iteration,     -2370.4391820162
Predicted improvement:        1.794322799
lambda =          1; f =        -2373.0190164
lambda =     1.9332; f =        -2373.5889233
Norm of dx    0.12927
----
Improvement on iteration 24 =        3.149741298
-----------------
f at the beginning of new iteration,     -2373.5889233145
Predicted improvement:        1.342333950
lambda =          1; f =        -2375.8095074
lambda =     1.9332; f =        -2377.0067053
Norm of dx   0.016119
----
Improvement on iteration 25 =        3.417781993
-----------------
f at the beginning of new iteration,     -2377.0067053074
Predicted improvement:        2.766279115
lambda =          1; f =        -2381.3542334
lambda =     1.9332; f =        -2383.3310479
Norm of dx    0.13468
----
Improvement on iteration 26 =        6.324342618
-----------------
f at the beginning of new iteration,     -2383.3310479253
Predicted improvement:        1.292586760
lambda =          1; f =        -2384.6499151
Norm of dx    0.15416
----
Improvement on iteration 27 =        1.318867202
-----------------
f at the beginning of new iteration,     -2384.6499151268
Predicted improvement:        0.334076553
lambda =          1; f =        -2385.2232098
lambda =     1.9332; f =        -2385.5849944
lambda =     3.7372; f =        -2385.7764326
Norm of dx   0.019026
----
Improvement on iteration 28 =        1.126517462
-----------------
f at the beginning of new iteration,     -2385.7764325887
Predicted improvement:        1.046152993
lambda =          1; f =        -2386.5771964
Norm of dx    0.17455
----
Improvement on iteration 29 =        0.800763768
-----------------
f at the beginning of new iteration,     -2386.5771963563
Predicted improvement:        0.974356327
lambda =          1; f =        -2386.7250938
lambda =    0.33333; f =        -2386.8730341
Norm of dx   0.098602
----
Improvement on iteration 30 =        0.295837730
-----------------
f at the beginning of new iteration,     -2386.8730340865
Predicted improvement:        0.242910149
lambda =          1; f =        -2387.0312467
Norm of dx   0.010036
----
Improvement on iteration 31 =        0.158212618
-----------------
f at the beginning of new iteration,     -2387.0312467042
Predicted improvement:        0.090489677
lambda =          1; f =        -2387.1619608
lambda =     1.9332; f =        -2387.1886136
Norm of dx  0.0072258
----
Improvement on iteration 32 =        0.157366912
-----------------
f at the beginning of new iteration,     -2387.1886136164
Predicted improvement:        0.079799787
lambda =          1; f =        -2387.3093409
lambda =     1.9332; f =        -2387.3583384
Norm of dx  0.0049658
----
Improvement on iteration 33 =        0.169724788
-----------------
f at the beginning of new iteration,     -2387.3583384042
Predicted improvement:        0.071661409
lambda =          1; f =        -2387.4615173
lambda =     1.9332; f =        -2387.4860646
Norm of dx   0.014891
----
Improvement on iteration 34 =        0.127726173
-----------------
f at the beginning of new iteration,     -2387.4860645772
Predicted improvement:        0.029590343
lambda =          1; f =        -2387.5406503
lambda =     1.9332; f =        -2387.5833525
lambda =     3.7372; f =        -2387.6432896
lambda =     7.2247; f =        -2387.6740097
Norm of dx  0.0021538
----
Improvement on iteration 35 =        0.187945128
-----------------
f at the beginning of new iteration,     -2387.6740097055
Predicted improvement:        0.075041402
lambda =          1; f =        -2387.7841095
lambda =     1.9332; f =        -2387.8161496
Norm of dx  0.0073117
----
Improvement on iteration 36 =        0.142139871
-----------------
f at the beginning of new iteration,     -2387.8161495769
Predicted improvement:        0.015942012
lambda =          1; f =        -2387.8443940
lambda =     1.9332; f =        -2387.8643623
lambda =     3.7372; f =        -2387.8855783
Norm of dx  0.0031873
----
Improvement on iteration 37 =        0.069428699
-----------------
f at the beginning of new iteration,     -2387.8855782763
Predicted improvement:        0.040936610
lambda =          1; f =        -2387.9540307
lambda =     1.9332; f =        -2387.9938962
Norm of dx  0.0082221
----
Improvement on iteration 38 =        0.108317910
-----------------
f at the beginning of new iteration,     -2387.9938961862
Predicted improvement:        0.034855106
lambda =          1; f =        -2388.0404917
Norm of dx   0.010235
----
Improvement on iteration 39 =        0.046595553
-----------------
f at the beginning of new iteration,     -2388.0404917392
Predicted improvement:        0.019857940
lambda =          1; f =        -2388.0733175
lambda =     1.9332; f =        -2388.0914075
Norm of dx  0.0099153
----
Improvement on iteration 40 =        0.050915780
-----------------
f at the beginning of new iteration,     -2388.0914075190
Predicted improvement:        0.035264854
lambda =          1; f =        -2388.1510358
lambda =     1.9332; f =        -2388.1869113
lambda =     3.7372; f =        -2388.2009076
Norm of dx   0.020316
----
Improvement on iteration 41 =        0.109500092
-----------------
f at the beginning of new iteration,     -2388.2009076113
Predicted improvement:        0.040183283
lambda =          1; f =        -2388.2645605
lambda =     1.9332; f =        -2388.2936621
Norm of dx  0.0066311
----
Improvement on iteration 42 =        0.092754442
-----------------
f at the beginning of new iteration,     -2388.2936620534
Predicted improvement:        0.028021081
lambda =          1; f =        -2388.3412868
lambda =     1.9332; f =        -2388.3705704
lambda =     3.7372; f =        -2388.3850234
Norm of dx   0.012201
----
Improvement on iteration 43 =        0.091361388
-----------------
f at the beginning of new iteration,     -2388.3850234418
Predicted improvement:        0.051994971
lambda =          1; f =        -2388.4753845
lambda =     1.9332; f =        -2388.5367429
lambda =     3.7372; f =        -2388.6006482
Norm of dx   0.011025
----
Improvement on iteration 44 =        0.215624732
-----------------
f at the beginning of new iteration,     -2388.6006481740
Predicted improvement:        0.052985489
lambda =          1; f =        -2388.6853364
lambda =     1.9332; f =        -2388.7261854
Norm of dx   0.032984
----
Improvement on iteration 45 =        0.125537184
-----------------
f at the beginning of new iteration,     -2388.7261853583
Predicted improvement:        0.059220337
lambda =          1; f =        -2388.8257588
lambda =     1.9332; f =        -2388.8897962
lambda =     3.7372; f =        -2388.9454961
Norm of dx   0.030943
----
Improvement on iteration 46 =        0.219310758
-----------------
f at the beginning of new iteration,     -2388.9454961158
Predicted improvement:        0.128867854
lambda =          1; f =        -2389.1650932
lambda =     1.9332; f =        -2389.2866869
Norm of dx   0.048994
----
Improvement on iteration 47 =        0.341190740
-----------------
f at the beginning of new iteration,     -2389.2866868554
Predicted improvement:        0.442361378
lambda =          1; f =        -2389.6325146
Norm of dx   0.055383
----
Improvement on iteration 48 =        0.345827733
-----------------
f at the beginning of new iteration,     -2389.6325145880
Predicted improvement:        0.542924197
lambda =          1; f =        -2387.1694605
lambda =    0.33333; f =        -2389.8552516
Norm of dx    0.25134
----
Improvement on iteration 49 =        0.222737038
-----------------
f at the beginning of new iteration,     -2389.8552516258
Predicted improvement:        0.193654259
lambda =          1; f =        -2390.1663443
lambda =     1.9332; f =        -2390.3215838
Norm of dx   0.059824
----
Improvement on iteration 50 =        0.466332203
-----------------
f at the beginning of new iteration,     -2390.3215838288
Predicted improvement:        0.128162634
lambda =          1; f =        -2390.4826645
Norm of dx   0.066356
----
Improvement on iteration 51 =        0.161080698
-----------------
f at the beginning of new iteration,     -2390.4826645264
Predicted improvement:        0.147077173
lambda =          1; f =        -2390.5353850
lambda =    0.33333; f =        -2390.5610559
lambda =    0.64439; f =        -2390.5878940
Norm of dx    0.12397
----
Improvement on iteration 52 =        0.105229467
-----------------
f at the beginning of new iteration,     -2390.5878939935
Predicted improvement:        0.093671661
lambda =          1; f =        -2390.7310097
lambda =     1.9332; f =        -2390.7953420
Norm of dx   0.023354
----
Improvement on iteration 53 =        0.207448053
-----------------
f at the beginning of new iteration,     -2390.7953420462
Predicted improvement:        0.080786682
lambda =          1; f =        -2390.9108563
lambda =     1.9332; f =        -2390.8855577
lambda =     1.3017; f =        -2390.9211301
Norm of dx   0.041934
----
Improvement on iteration 54 =        0.125788066
-----------------
f at the beginning of new iteration,     -2390.9211301127
Predicted improvement:        0.136966819
lambda =          1; f =        -2391.1231815
lambda =     1.9332; f =        -2391.1935886
Norm of dx    0.03063
----
Improvement on iteration 55 =        0.272458483
-----------------
f at the beginning of new iteration,     -2391.1935885952
Predicted improvement:        0.196916346
lambda =          1; f =        -2391.4836163
lambda =     1.9332; f =        -2391.2886372
lambda =     1.3017; f =        -2391.4969451
Norm of dx   0.069413
----
Improvement on iteration 56 =        0.303356468
-----------------
f at the beginning of new iteration,     -2391.4969450635
Predicted improvement:        0.521311151
lambda =          1; f =        -2392.2763863
lambda =     1.9332; f =        -2392.5244554
Norm of dx   0.031003
----
Improvement on iteration 57 =        1.027510316
-----------------
f at the beginning of new iteration,     -2392.5244553795
Predicted improvement:        0.919500466
lambda =          1; f =        -2392.5244016
lambda =    0.33333; f =        -2392.7791145
Norm of dx    0.17782
----
Improvement on iteration 58 =        0.254659072
-----------------
f at the beginning of new iteration,     -2392.7791144519
Predicted improvement:        0.085553241
lambda =          1; f =        -2392.8685685
Norm of dx  0.0087363
----
Improvement on iteration 59 =        0.089454095
-----------------
f at the beginning of new iteration,     -2392.8685685465
Predicted improvement:        0.020555472
lambda =          1; f =        -2392.8761845
lambda =    0.33333; f =        -2392.8783502
lambda =    0.64439; f =        -2392.8807570
Norm of dx   0.018255
----
Improvement on iteration 60 =        0.012188499
-----------------
f at the beginning of new iteration,     -2392.8807570459
Predicted improvement:        0.014848842
lambda =          1; f =        -2392.9015775
lambda =     1.9332; f =        -2392.9046597
Norm of dx  0.0045193
----
Improvement on iteration 61 =        0.023902686
-----------------
f at the beginning of new iteration,     -2392.9046597321
Predicted improvement:        0.013039034
lambda =          1; f =        -2392.9260286
lambda =     1.9332; f =        -2392.9378554
Norm of dx  0.0038611
----
Improvement on iteration 62 =        0.033195645
-----------------
f at the beginning of new iteration,     -2392.9378553772
Predicted improvement:        0.026747580
lambda =          1; f =        -2392.9828726
lambda =     1.9332; f =        -2393.0093038
Norm of dx  0.0056416
----
Improvement on iteration 63 =        0.071448448
-----------------
f at the beginning of new iteration,     -2393.0093038250
Predicted improvement:        0.058489383
lambda =          1; f =        -2393.1059645
lambda =     1.9332; f =        -2393.1518066
Norm of dx   0.013928
----
Improvement on iteration 64 =        0.142502821
-----------------
f at the beginning of new iteration,     -2393.1518066465
Predicted improvement:        0.098297348
lambda =          1; f =        -2393.3121052
lambda =     1.9332; f =        -2393.3971773
Norm of dx    0.03469
----
Improvement on iteration 65 =        0.245370613
-----------------
f at the beginning of new iteration,     -2393.3971772600
Predicted improvement:        0.117578924
lambda =          1; f =        -2393.5608031
Norm of dx   0.047732
----
Improvement on iteration 66 =        0.163625859
-----------------
f at the beginning of new iteration,     -2393.5608031193
Predicted improvement:        0.055840290
lambda =          1; f =        -2393.5949565
Norm of dx   0.036489
----
Improvement on iteration 67 =        0.034153424
-----------------
f at the beginning of new iteration,     -2393.5949565435
Predicted improvement:        0.016754791
lambda =          1; f =        -2393.6097414
Norm of dx   0.014726
----
Improvement on iteration 68 =        0.014784830
-----------------
f at the beginning of new iteration,     -2393.6097413738
Predicted improvement:        0.002905668
lambda =          1; f =        -2393.6141586
lambda =     1.9332; f =        -2393.6157304
Norm of dx  0.0053678
----
Improvement on iteration 69 =        0.005989050
-----------------
f at the beginning of new iteration,     -2393.6157304237
Predicted improvement:        0.004488179
lambda =          1; f =        -2393.6211884
Norm of dx  0.0070543
----
Improvement on iteration 70 =        0.005458022
-----------------
f at the beginning of new iteration,     -2393.6211884456
Predicted improvement:        0.007292166
lambda =          1; f =        -2393.6316943
lambda =     1.9332; f =        -2393.6342375
Norm of dx  0.0096222
----
Improvement on iteration 71 =        0.013049087
-----------------
f at the beginning of new iteration,     -2393.6342375331
Predicted improvement:        0.016441430
lambda =          1; f =        -2393.6653602
lambda =     1.9332; f =        -2393.6912899
lambda =     3.7372; f =        -2393.7332644
lambda =     7.2247; f =        -2393.7853426
Norm of dx   0.011224
----
Improvement on iteration 72 =        0.151105066
-----------------
f at the beginning of new iteration,     -2393.7853425987
Predicted improvement:        0.146054691
lambda =          1; f =        -2394.0419125
lambda =     1.9332; f =        -2394.2128021
lambda =     3.7372; f =        -2394.2785171
Norm of dx    0.11999
----
Improvement on iteration 73 =        0.493174477
-----------------
f at the beginning of new iteration,     -2394.2785170762
Predicted improvement:        0.226161518
lambda =          1; f =        -2394.4735778
Norm of dx   0.032588
----
Improvement on iteration 74 =        0.195060683
-----------------
f at the beginning of new iteration,     -2394.4735777591
Predicted improvement:        0.066602556
lambda =          1; f =        -2394.5657933
Norm of dx   0.051342
----
Improvement on iteration 75 =        0.092215504
-----------------
f at the beginning of new iteration,     -2394.5657932635
Predicted improvement:        0.027906284
lambda =          1; f =        -2394.5973779
Norm of dx   0.021417
----
Improvement on iteration 76 =        0.031584686
-----------------
f at the beginning of new iteration,     -2394.5973779494
Predicted improvement:        0.009859894
lambda =          1; f =        -2394.6099825
Norm of dx    0.02958
----
Improvement on iteration 77 =        0.012604553
-----------------
f at the beginning of new iteration,     -2394.6099825023
Predicted improvement:        0.007699815
lambda =          1; f =        -2394.6130171
lambda =    0.33333; f =        -2394.6137815
lambda =    0.64439; f =        -2394.6148626
Norm of dx   0.013902
----
Improvement on iteration 78 =        0.004880112
-----------------
f at the beginning of new iteration,     -2394.6148626144
Predicted improvement:        0.001752184
lambda =          1; f =        -2394.6173535
lambda =     1.9332; f =        -2394.6178530
Norm of dx  0.0068929
----
Improvement on iteration 79 =        0.002990370
-----------------
f at the beginning of new iteration,     -2394.6178529839
Predicted improvement:        0.001571502
lambda =          1; f =        -2394.6208404
lambda =     1.9332; f =        -2394.6233576
lambda =     3.7372; f =        -2394.6274887
lambda =     7.2247; f =        -2394.6327574
Norm of dx 0.00059485
----
Improvement on iteration 80 =        0.014904407
-----------------
f at the beginning of new iteration,     -2394.6327573905
Predicted improvement:        0.014179670
lambda =          1; f =        -2394.6584780
lambda =     1.9332; f =        -2394.6778475
lambda =     3.7372; f =        -2394.7030167
Norm of dx   0.020093
----
Improvement on iteration 81 =        0.070259282
-----------------
f at the beginning of new iteration,     -2394.7030166721
Predicted improvement:        0.057404710
lambda =          1; f =        -2394.8014627
lambda =     1.9332; f =        -2394.8655445
lambda =     3.7372; f =        -2394.9210506
Norm of dx    0.11005
----
Improvement on iteration 82 =        0.218033959
-----------------
f at the beginning of new iteration,     -2394.9210506315
Predicted improvement:        0.055785807
lambda =          1; f =        -2395.0024734
lambda =     1.9332; f =        -2395.0260689
Norm of dx   0.065059
----
Improvement on iteration 83 =        0.105018267
-----------------
f at the beginning of new iteration,     -2395.0260688983
Predicted improvement:        0.001721866
lambda =          1; f =        -2395.0283403
Norm of dx  0.0045144
----
Improvement on iteration 84 =        0.002271420
-----------------
f at the beginning of new iteration,     -2395.0283403179
Predicted improvement:        0.000603506
lambda =          1; f =        -2395.0291865
lambda =     1.9332; f =        -2395.0293174
Norm of dx  0.0018809
----
Improvement on iteration 85 =        0.000977084
-----------------
f at the beginning of new iteration,     -2395.0293174022
Predicted improvement:        0.000383555
lambda =          1; f =        -2395.0300293
lambda =     1.9332; f =        -2395.0305891
lambda =     3.7372; f =        -2395.0313862
lambda =     7.2247; f =        -2395.0318669
Norm of dx  0.0031399
----
Improvement on iteration 86 =        0.002549494
-----------------
f at the beginning of new iteration,     -2395.0318668958
Predicted improvement:        0.001543125
lambda =          1; f =        -2395.0346892
lambda =     1.9332; f =        -2395.0368239
lambda =     3.7372; f =        -2395.0394923
Norm of dx  0.0074011
----
Improvement on iteration 87 =        0.007625425
-----------------
f at the beginning of new iteration,     -2395.0394923205
Predicted improvement:        0.004084308
lambda =          1; f =        -2395.0463951
lambda =     1.9332; f =        -2395.0504180
Norm of dx   0.019834
----
Improvement on iteration 88 =        0.010925660
-----------------
f at the beginning of new iteration,     -2395.0504179808
Predicted improvement:        0.010610327
lambda =          1; f =        -2395.0684765
lambda =     1.9332; f =        -2395.0798078
lambda =     3.7372; f =        -2395.0867898
Norm of dx   0.030016
----
Improvement on iteration 89 =        0.036371795
-----------------
f at the beginning of new iteration,     -2395.0867897759
Predicted improvement:        0.018063302
lambda =          1; f =        -2395.1124945
lambda =     1.9332; f =        -2395.1196223
Norm of dx   0.022705
----
Improvement on iteration 90 =        0.032832552
-----------------
f at the beginning of new iteration,     -2395.1196223282
Predicted improvement:        0.019350996
lambda =          1; f =        -2395.1463894
Norm of dx   0.030034
----
Improvement on iteration 91 =        0.026767077
-----------------
f at the beginning of new iteration,     -2395.1463894056
Predicted improvement:        0.007170846
lambda =          1; f =        -2395.1548453
Norm of dx   0.042584
----
Improvement on iteration 92 =        0.008455928
-----------------
f at the beginning of new iteration,     -2395.1548453332
Predicted improvement:        0.001797781
lambda =          1; f =        -2395.1575091
lambda =     1.9332; f =        -2395.1584016
Norm of dx   0.010808
----
Improvement on iteration 93 =        0.003556307
-----------------
f at the beginning of new iteration,     -2395.1584016405
Predicted improvement:        0.000666600
lambda =          1; f =        -2395.1595889
lambda =     1.9332; f =        -2395.1604337
lambda =     3.7372; f =        -2395.1613316
Norm of dx    0.00261
----
Improvement on iteration 94 =        0.002929955
-----------------
f at the beginning of new iteration,     -2395.1613315954
Predicted improvement:        0.001175656
lambda =          1; f =        -2395.1634817
lambda =     1.9332; f =        -2395.1651369
lambda =     3.7372; f =        -2395.1673229
Norm of dx   0.011325
----
Improvement on iteration 95 =        0.005991311
-----------------
f at the beginning of new iteration,     -2395.1673229067
Predicted improvement:        0.006553538
lambda =          1; f =        -2395.1791904
lambda =     1.9332; f =        -2395.1879626
lambda =     3.7372; f =        -2395.1980362
Norm of dx   0.027636
----
Improvement on iteration 96 =        0.030713316
-----------------
f at the beginning of new iteration,     -2395.1980362222
Predicted improvement:        0.032061502
lambda =          1; f =        -2395.2581475
lambda =     1.9332; f =        -2395.3069168
lambda =     3.7372; f =        -2395.3808700
lambda =     7.2247; f =        -2395.4454681
Norm of dx    0.06079
----
Improvement on iteration 97 =        0.247431927
-----------------
f at the beginning of new iteration,     -2395.4454681492
Correct for low angle: 0.00476239
Predicted improvement:        0.193729167
lambda =          1; f =        -2395.7432164
lambda =     1.9332; f =        -2395.8667619
Norm of dx    0.35207
----
Improvement on iteration 98 =        0.421293713
-----------------
f at the beginning of new iteration,     -2395.8667618622
Correct for low angle: 0.000683702
Predicted improvement:        1.800598913
lambda =          1; f =        -2356.3243258
lambda =    0.33333; f =        -2394.0203091
lambda =    0.11111; f =        -2395.9679699
lambda =   0.037037; f =        -2395.9679743
lambda =   0.071599; f =        -2396.0028565
Norm of dx    0.47414
----
Improvement on iteration 99 =        0.136094598
-----------------
f at the beginning of new iteration,     -2396.0028564600
Predicted improvement:        0.226788838
lambda =          1; f =        -2396.3121881
Norm of dx     0.5459
----
Improvement on iteration 100 =        0.309331608
-----------------
f at the beginning of new iteration,     -2396.3121880677
Predicted improvement:        0.139395803
lambda =          1; f =        -2396.3611290
lambda =    0.33333; f =        -2396.3759226
Norm of dx     0.4863
----
Improvement on iteration 101 =        0.063734543
-----------------
f at the beginning of new iteration,     -2396.3759226102
Predicted improvement:        0.063079937
lambda =          1; f =        -2396.4229456
Norm of dx    0.26912
----
Improvement on iteration 102 =        0.047022979
-----------------
f at the beginning of new iteration,     -2396.4229455893
Predicted improvement:        0.010586794
lambda =          1; f =        -2396.4350709
Norm of dx   0.033188
----
Improvement on iteration 103 =        0.012125323
-----------------
f at the beginning of new iteration,     -2396.4350709124
Predicted improvement:        0.002137228
lambda =          1; f =        -2396.4380851
lambda =     1.9332; f =        -2396.4386579
Norm of dx   0.016827
----
Improvement on iteration 104 =        0.003586955
-----------------
f at the beginning of new iteration,     -2396.4386578671
Predicted improvement:        0.000541318
lambda =          1; f =        -2396.4392904
Norm of dx   0.025052
----
Improvement on iteration 105 =        0.000632579
-----------------
f at the beginning of new iteration,     -2396.4392904456
Predicted improvement:        0.000123824
lambda =          1; f =        -2396.4394253
Norm of dx   0.003542
----
Improvement on iteration 106 =        0.000134857
-----------------
f at the beginning of new iteration,     -2396.4394253029
Predicted improvement:        0.000029573
lambda =          1; f =        -2396.4394763
lambda =     1.9332; f =        -2396.4395064
lambda =     3.7372; f =        -2396.4395167
Norm of dx   0.002766
----
Improvement on iteration 107 =        0.000091373
-----------------
f at the beginning of new iteration,     -2396.4395166760
Predicted improvement:        0.000051482
lambda =          1; f =        -2396.4396091
lambda =     1.9332; f =        -2396.4396794
lambda =     3.7372; f =        -2396.4397711
Norm of dx  0.0032272
----
Improvement on iteration 108 =        0.000254469
-----------------
f at the beginning of new iteration,     -2396.4397711445
Predicted improvement:        0.000243177
lambda =          1; f =        -2396.4402040
lambda =     1.9332; f =        -2396.4405163
lambda =     3.7372; f =        -2396.4408681
Norm of dx  0.0055443
----
Improvement on iteration 109 =        0.001096960
-----------------
f at the beginning of new iteration,     -2396.4408681045
Predicted improvement:        0.000827161
lambda =          1; f =        -2396.4423749
lambda =     1.9332; f =        -2396.4435153
lambda =     3.7372; f =        -2396.4450015
Norm of dx  0.0042332
----
Improvement on iteration 110 =        0.004133373
-----------------
f at the beginning of new iteration,     -2396.4450014771
Predicted improvement:        0.002188562
lambda =          1; f =        -2396.4480499
Norm of dx   0.027417
----
Improvement on iteration 111 =        0.003048409
-----------------
f at the beginning of new iteration,     -2396.4480498858
Predicted improvement:        0.000848469
lambda =          1; f =        -2396.4490276
Norm of dx   0.016504
----
Improvement on iteration 112 =        0.000977710
-----------------
f at the beginning of new iteration,     -2396.4490275955
Predicted improvement:        0.000065097
lambda =          1; f =        -2396.4491155
Norm of dx  0.0017079
----
Improvement on iteration 113 =        0.000087938
-----------------
f at the beginning of new iteration,     -2396.4491155338
Predicted improvement:        0.000013968
lambda =          1; f =        -2396.4491325
Norm of dx 0.00040721
----
Improvement on iteration 114 =        0.000016982
-----------------
f at the beginning of new iteration,     -2396.4491325162
Predicted improvement:        0.000000414
lambda =          1; f =        -2396.4491331
lambda =     1.9332; f =        -2396.4491330
Norm of dx 0.00019204
----
Improvement on iteration 115 =        0.000000584
-----------------
f at the beginning of new iteration,     -2396.4491331001
Predicted improvement:        0.000000022
lambda =          1; f =        -2396.4491331
Norm of dx 4.1821e-05
----
Improvement on iteration 116 =        0.000000018
improvement < crit termination

Final value of minus the log posterior (or likelihood):-2396.449133 

MODE CHECK

Fval obtained by the minimization routine (minus the posterior/likelihood)): -2396.449133

RESULTS FROM POSTERIOR ESTIMATION
parameters
          prior mean     mode    s.d.  prior pstdev

sigma         1.5000   1.6731  0.1877   gamm 0.2500 
iota          0.5000   0.0322  0.0361   beta 0.2500 
Psi           0.2000   0.1682  0.0437   beta 0.1000 
Gamma_bar     1.3000   1.0137  0.0072   beta 0.2000 
gam           0.4200   0.0423  0.0719   beta 0.3000 
Psi_K         1.5700   9.4206  1.4775   gamm 1.5000 
var_share     0.5000   0.7717  0.0632   beta 0.2000 
sigma_a       0.3200   2.6363  0.7163   gamm 0.3000 
rho_Z         0.6000   0.9912  0.0082   beta 0.2000 
rho_ZI        0.6000   0.8510  0.0293   beta 0.2000 
rho_kappa     0.6000   0.6972  0.2682   beta 0.2000 
rho_zeta      0.6000   0.8409  0.0367   beta 0.2000 
lambda_1      0.6000   0.8556  0.0287   beta 0.2000 

standard deviation of shocks
          prior mean     mode    s.d.  prior pstdev

e_ZI          0.0100   0.0293  0.0035   invg 0.0040 
e_Z           0.0100   0.0064  0.0003   invg 0.0040 
e_kappa       0.0100   0.0076  0.0020   invg 0.0040 
e_zeta        0.0100   0.2647  0.0860   invg 0.0040 
e_chi         0.0100   0.0479  0.0027   invg 0.0040 


Log data density [Laplace approximation] is 2345.314523.

Estimation::mcmc: Multiple chains mode.
Estimation::mcmc: Old metropolis.log file successfully erased!
Estimation::mcmc: Creation of a new metropolis.log file.
Estimation::mcmc: Searching for initial values...
Estimation::mcmc: Initial values found!

Estimation::mcmc: Write details about the MCMC... Ok!
Estimation::mcmc: Details about the MCMC are available in directed_search_est/metropolis\directed_search_est_mh_history_0.mat


Estimation::mcmc: Number of mh files: 1 per block.
Estimation::mcmc: Total number of generated files: 2.
Estimation::mcmc: Total number of iterations: 250000.
Estimation::mcmc: Current acceptance ratio per chain: 
                                                       Chain  1: 40.8624%
                                                       Chain  2: 41.0652%
Estimation::mcmc: Total number of MH draws per chain: 250000.
Estimation::mcmc: Total number of generated MH files: 1.
Estimation::mcmc: I'll use mh-files 1 to 1.
Estimation::mcmc: In MH-file number 1 I'll start at line 75001.
Estimation::mcmc: Finally I keep 175000 draws per chain.



MCMC Inefficiency factors per block
Parameter        Block 1     Block 2
SE_e_ZI          194.555     164.979
SE_e_Z           147.216     140.175
SE_e_kappa       276.702     249.219
SE_e_zeta        559.566     512.146
SE_e_chi         117.722     118.902
sigma            170.163     139.801
iota             164.742     192.345
Psi              446.214     411.104
Gamma_bar        410.543     337.140
gam              277.617     353.343
Psi_K            162.213     130.703
var_share        244.676     216.797
sigma_a          145.618     151.228
rho_Z            461.806     451.907
rho_ZI           115.983     125.693
rho_kappa         81.382      70.816
rho_zeta         122.734     133.725
lambda_1         115.085     135.236

Estimation::mcmc::diagnostics: Univariate convergence diagnostic, Brooks and Gelman (1998):
    Parameter 1...  Done! 
    Parameter 2...  Done! 
    Parameter 3...  Done! 
    Parameter 4...  Done! 
    Parameter 5...  Done! 
    Parameter 6...  Done! 
    Parameter 7...  Done! 
    Parameter 8...  Done! 
    Parameter 9...  Done! 
    Parameter 10...  Done! 
    Parameter 11...  Done! 
    Parameter 12...  Done! 
    Parameter 13...  Done! 
    Parameter 14...  Done! 
    Parameter 15...  Done! 
    Parameter 16...  Done! 
    Parameter 17...  Done! 
    Parameter 18...  Done! 

Estimation::marginal density: I'm computing the posterior mean and covariance...  Done!
Estimation::marginal density: I'm computing the posterior log marginal density (modified harmonic mean)... Done!


ESTIMATION RESULTS

Log data density is 2346.650023.

parameters
            prior mean   post. mean        90% HPD interval    prior       pstdev

sigma            1.500       1.6866      1.3927      1.9847     gamm       0.2500
iota             0.500       0.0595      0.0018      0.1135     beta       0.2500
Psi              0.200       0.1608      0.0850      0.2285     beta       0.1000
Gamma_bar        1.300       1.0277      1.0100      1.0468     beta       0.2000
gam              0.420       0.1344      0.0001      0.2863     beta       0.3000
Psi_K            1.570       9.9213      7.7544     12.1004     gamm       1.5000
var_share        0.500       0.8522      0.7572      0.9535     beta       0.2000
sigma_a          0.320       2.9567      1.7404      4.1347     gamm       0.3000
rho_Z            0.600       0.9761      0.9504      0.9992     beta       0.2000
rho_ZI           0.600       0.8532      0.8076      0.8999     beta       0.2000
rho_kappa        0.600       0.6220      0.3111      0.9479     beta       0.2000
rho_zeta         0.600       0.8431      0.7798      0.9060     beta       0.2000
lambda_1         0.600       0.8504      0.8051      0.8975     beta       0.2000

standard deviation of shocks
            prior mean   post. mean        90% HPD interval    prior       pstdev

e_ZI             0.010       0.0314      0.0268      0.0360     invg       0.0040
e_Z              0.010       0.0065      0.0060      0.0071     invg       0.0040
e_kappa          0.010       0.0092      0.0050      0.0132     invg       0.0040
e_zeta           0.010       0.3057      0.1473      0.4822     invg       0.0040
e_chi            0.010       0.0484      0.0441      0.0528     invg       0.0040
Estimation::mcmc: Posterior (dsge) IRFs...
Estimation::mcmc: Posterior IRFs, done!

MODEL SUMMARY

  Number of variables:         46
  Number of stochastic shocks: 5
  Number of state variables:   12
  Number of jumpers:           4
  Number of static variables:  30


MATRIX OF COVARIANCE OF EXOGENOUS SHOCKS
Variables        e_ZI       e_Z     e_chi   e_kappa    e_zeta
e_ZI         0.000986  0.000000  0.000000  0.000000  0.000000
e_Z          0.000000  0.000043  0.000000  0.000000  0.000000
e_chi        0.000000  0.000000  0.002346  0.000000  0.000000
e_kappa      0.000000  0.000000  0.000000  0.000084  0.000000
e_zeta       0.000000  0.000000  0.000000  0.000000  0.093470



THEORETICAL MOMENTS
VARIABLE             MEAN  STD. DEV.   VARIANCE
C_obs              0.0000     0.0412     0.0017
TI_obs             0.0000     0.1153     0.0133
Y_obs              0.0000     0.0516     0.0027
lab_prod_obs       0.0000     0.0487     0.0024
labor_share        0.0000     0.0504     0.0025
L_C                0.0000     0.0324     0.0010
L_I                0.0000     0.0779     0.0061
L                  0.0000     0.0383     0.0015
p_I_obs            0.0000     0.0590     0.0035



VARIANCE DECOMPOSITION (in percent)
                   e_ZI      e_Z    e_chi  e_kappa   e_zeta
C_obs              5.21    56.33    34.97     0.00     3.48
TI_obs            66.36    13.74    19.39     0.01     0.49
Y_obs             22.05    42.04    33.91     0.01     1.99
lab_prod_obs      18.59    71.14     3.84     0.04     6.38
labor_share       79.93     0.14     0.58     0.06    19.28
L_C                1.11     9.83    87.09     0.05     1.92
L_I               19.97     0.74    56.61     0.00    22.68
L                  3.51     4.12    90.60     0.02     1.74
p_I_obs           94.69     0.03     0.39     0.00     4.89

CONDITIONAL VARIANCE DECOMPOSITION (in percent)
Period 1:
                   e_ZI      e_Z    e_chi  e_kappa   e_zeta
C_obs              0.02    16.66    80.24     0.01     3.06
TI_obs            74.23     2.61    21.22     0.02     1.91
Y_obs             28.97    10.03    57.80     0.02     3.17
lab_prod_obs      29.58    34.78    17.45     0.35    17.84
labor_share       81.28     0.18     2.21     0.20    16.14
L_C                0.11     1.48    95.52     0.13     2.77
L_I               20.60     0.25    60.71     0.00    18.43
L                  3.35     0.31    95.55     0.04     0.74
p_I_obs           96.17     0.11     1.74     0.00     1.98
Period 4:
                   e_ZI      e_Z    e_chi  e_kappa   e_zeta
C_obs              0.11    21.82    73.09     0.01     4.96
TI_obs            73.91     3.64    21.71     0.01     0.72
Y_obs             29.27    13.34    54.79     0.02     2.59
lab_prod_obs      29.80    41.33    12.06     0.18    16.62
labor_share       79.71     0.07     0.77     0.09    19.35
L_C                0.17     1.81    95.64     0.08     2.30
L_I               20.91     0.33    58.23     0.00    20.53
L                  3.33     0.36    95.05     0.03     1.22
p_I_obs           94.68     0.04     0.55     0.00     4.72
Period 8:
                   e_ZI      e_Z    e_chi  e_kappa   e_zeta
C_obs              0.95    28.02    65.86     0.01     5.16
TI_obs            72.90     5.13    21.37     0.01     0.58
Y_obs             28.91    17.72    50.85     0.01     2.51
lab_prod_obs      29.57    48.09     7.89     0.12    14.34
labor_share       79.82     0.07     0.62     0.07    19.41
L_C                0.33     2.64    94.83     0.06     2.13
L_I               20.14     0.40    57.83     0.00    21.62
L                  2.99     0.58    94.98     0.02     1.43
p_I_obs           94.64     0.03     0.43     0.00     4.90
Period 40:
                   e_ZI      e_Z    e_chi  e_kappa   e_zeta
C_obs              5.41    49.83    40.77     0.00     3.99
TI_obs            67.76    11.93    19.80     0.01     0.50
Y_obs             24.09    36.36    37.37     0.01     2.17
lab_prod_obs      21.88    65.96     4.41     0.05     7.70
labor_share       79.95     0.13     0.58     0.06    19.28
L_C                1.05     7.72    89.23     0.05     1.95
L_I               19.85     0.49    56.87     0.00    22.78
L                  3.40     2.69    92.13     0.02     1.75
p_I_obs           94.69     0.03     0.39     0.00     4.89



MATRIX OF CORRELATIONS
Variables              C_obs        TI_obs         Y_obs  lab_prod_obs   labor_share           L_C           L_I             L       p_I_obs
C_obs                 1.0000        0.6030        0.9198        0.6976       -0.0659        0.2936        0.3525        0.3514       -0.0123
TI_obs                0.6030        1.0000        0.8677        0.5587        0.6639        0.2487        0.6565        0.4578       -0.7619
Y_obs                 0.9198        0.8677        1.0000        0.7096        0.2855        0.3053        0.5426        0.4442       -0.3825
lab_prod_obs          0.6976        0.5587        0.7096        1.0000        0.1981       -0.4129       -0.0979       -0.3161       -0.3020
labor_share          -0.0659        0.6639        0.2855        0.1981        1.0000       -0.1641        0.5380        0.1325       -0.9712
L_C                   0.2936        0.2487        0.3053       -0.4129       -0.1641        1.0000        0.6179        0.9361        0.1287
L_I                   0.3525        0.6565        0.5426       -0.0979        0.5380        0.6179        1.0000        0.8550       -0.4823
L                     0.3514        0.4578        0.4442       -0.3161        0.1325        0.9361        0.8550        1.0000       -0.1309
p_I_obs              -0.0123       -0.7619       -0.3825       -0.3020       -0.9712        0.1287       -0.4823       -0.1309        1.0000



COEFFICIENTS OF AUTOCORRELATION
Order                1       2       3       4       5
C_obs           0.9487  0.9035  0.8632  0.8268  0.7940
TI_obs          0.8878  0.7745  0.6774  0.5941  0.5227
Y_obs           0.9300  0.8652  0.8084  0.7584  0.7142
lab_prod_obs    0.9685  0.9393  0.9122  0.8868  0.8630
labor_share     0.8799  0.7488  0.6372  0.5423  0.4616
L_C             0.8644  0.7428  0.6395  0.5516  0.4768
L_I             0.8550  0.7169  0.5997  0.5003  0.4163
L               0.8564  0.7254  0.6144  0.5202  0.4404
p_I_obs         0.8795  0.7504  0.6403  0.5464  0.4663
Total computing time : 0h50m20s
