Starting Dynare (version 6.3).
Calling Dynare with arguments: none
Starting preprocessing of the model file ... 
WARNING: in the 'steady_state_model' block, variable 'log_tech' is not assigned a value 
WARNING: in the 'steady_state_model' block, variable 'tech_obs' is not assigned a value 
Found 93 equation(s). 
Evaluating expressions... 
Computing static model derivatives (order 1). 
Normalizing the static model... 
Finding the optimal block decomposition of the static model... 
12 block(s) found: 
  10 recursive block(s) and 2 simultaneous block(s). 
  the largest simultaneous block has 30 equation(s) 
                                 and 30 feedback variable(s). 
Computing dynamic model derivatives (order 1). 
Normalizing the dynamic model... 
Finding the optimal block decomposition of the dynamic model... 
4 block(s) found: 
  2 recursive block(s) and 2 simultaneous block(s). 
  the largest simultaneous block has 41 equation(s) 
                                 and 33 feedback variable(s). 
Preprocessing completed. 
Preprocessing time: 0h00m00s.


Residuals of the static equations:
Equation number  1: Labor composite                                    :       0.000000
Equation number  2: Labor leisure:C                                    :       0.000000
Equation number  3: Labor leisure:I                                    :       0.000000
Equation number  4: Marginal utility of wealth                         :       0.000000
Equation number  5: Demand curve: mc                                   :       0.000000
Equation number  6: Demand curve: sc                                   :       0.000000
Equation number  7: Shopping:mc                                        :       0.000000
Equation number  8: Shopping:sc                                        :       0.000000
Equation number  9: Shopping:I                                         :       0.000000
Equation number 10: Composite utility term                             :       0.000000
Equation number 11: Consumption CES aggregator                         :       0.000000
Equation number 12: Investment adjustment cost function:mc             :       0.000000
Equation number 13: Investment adjustment cost function:mc             :       0.000000
Equation number 14: Investment adjustment cost function:I              :       0.000000
Equation number 15: Investment adjustment cost function: derivative mc :       0.000000
Equation number 16: Investment adjustment cost function: derivative mc :       0.000000
Equation number 17: Investment adjustment cost function: derivative I  :       0.000000
Equation number 18: Investment growth:mc                               :       0.000000
Equation number 19: Investment growth:mc                               :       0.000000
Equation number 20: Investment growth:I                                :       0.000000
Equation number 21: Tobins Q: mc                                       :       0.000000
Equation number 22: Tobins Q: sc                                       :       0.000000
Equation number 23: Tobins Q: I                                        :       0.000000
Equation number 24: Euler equation: mc                                 :       0.000000
Equation number 25: Euler equation: sc                                 :       0.000000
Equation number 26: Euler equation: I                                  :       0.000000
Equation number 27: Non-durable goods production                       :       0.000000
Equation number 28: Services production                                :       0.000000
Equation number 29: Investment production                              :       0.000000
Equation number 30: Capital law of motion:mc                           :       0.000000
Equation number 31: Capital law of motion:sc                           :       0.000000
Equation number 32: Capital law of motion:I                            :       0.000000
Equation number 33: Labor demand:mc                                    :       0.000000
Equation number 34: Labor demand:sc                                    :       0.000000
Equation number 35: Labor demand:I                                     :       0.000000
Equation number 36: Capital demand:mc                                  :       0.000000
Equation number 37: Capital demand:sc                                  :       0.000000
Equation number 38: Capital demand:I                                   :       0.000000
Equation number 39: Labor composition                                  :       0.000000
Equation number 40: Labor composition: C                               :       0.000000
Equation number 41: Capital composition                                :       0.000000
Equation number 42: Investment composition                             :       0.000000
Equation number 43: Shopping composition                               :       0.000000
Equation number 44: Aggregate wage                                     :       0.000000
Equation number 45: Output (base-year prices)                          :       0.000000
Equation number 46: Solow residual                                     :       0.000000
Equation number 47: Capacity utilization                               :       0.000000
Equation number 48: util_D                                             :       0.000000
Equation number 49: util_sc                                            :       0.000000
Equation number 50: util                                               :       0.000000
Equation number 51: General technology measure                         :       0.000000
Equation number 52: stochastic trend process                           :       0.000000
Equation number 53: Stationary TFP process                             :       0.000000
Equation number 54: Independent component of I-specific tech           :       0.000000
Equation number 55: Investment-specific TFP process                    :       0.000000
Equation number 56: Labor supply process                               :       0.000000
Equation number 57: Shopping effort process                            :       0.000000
Equation number 58: Relative shopping effort process                   :       0.000000
Equation number 59: Consumption preference process                     :       0.000000
Equation number 60: Wage-markup process: C                             :       0.000000
Equation number 61: Wage-markup process: I                             :       0.000000
Equation number 62: Definition log output                              :       0.000000
Equation number 63: Definition log consumption                         :       0.000000
Equation number 64: Definition log investment                          :       0.000000
Equation number 65: Definition log hours                               :       0.000000
Equation number 66: log_NC                                             :       0.000000
Equation number 67: log_NI                                             :       0.000000
Equation number 68: log capital                                        :       0.000000
Equation number 69: Definition log labor productivity                  :       0.000000
Equation number 70: Definition log shopping effort                     :       0.000000
Equation number 71: Definition of log relative investment  price       :       0.000000
Equation number 72: Definition of log capacity utilization             :       0.000000
Equation number 73: log_util_ND                                        :       0.000000
Equation number 74: log_util_D                                         :       0.000000
Equation number 75: Definition of log wages                            :       0.000000
Equation number 76: Definition of log Solow residual                   :       0.000000
Equation number 77: Definition of log technology                       :       0.000000
Equation number 78: C_obs                                              :       0.000000
Equation number 79: I_obs                                              :       0.000000
Equation number 80: Y_obs                                              :       0.000000
Equation number 81: Y_N_obs                                            :       0.000000
Equation number 82: K_obs                                              :       0.000000
Equation number 83: w_obs                                              :       0.000000
Equation number 84: SR_obs                                             :       0.000000
Equation number 85: tech_obs                                           :       0.000000
Equation number 86: p_I_obs                                            :       0.000000
Equation number 87: N_obs                                              :       0.000000
Equation number 88: NC_obs                                             :       0.000000
Equation number 89: NI_obs                                             :       0.000000
Equation number 90: util_ND_obs                                        :       0.000000
Equation number 91: util_D_obs                                         :       0.000000
Equation number 92: util_obs                                           :       0.000000
Equation number 93: D_obs                                              :       0.000000



STEADY-STATE RESULTS:

Y           		 1
C           		 0.8
Y_mc        		 0.28
Y_sc        		 0.52
SR          		 1.01547
I           		 0.2
I_mc        		 0.056
I_sc        		 0.104
I_I         		 0.04
K           		 11.0496
K_mc        		 3.09389
K_sc        		 5.7458
K_I         		 2.20992
N           		 0.3
N_mc        		 0.084
N_sc        		 0.156
N_C         		 0.24
N_I         		 0.06
N_comp      		 0.3
Z_C         		 0
u_ZI        		 0
Z_I         		 0
tech        		 1
theta_N     		 0
theta_D     		 0
theta_I     		 0
theta_b     		 0
mu_C        		 0
mu_I        		 0
R_mc        		 0.0483892
R_sc        		 0.0483892
R_I         		 0.0483892
W_C         		 2.23333
W_I         		 2.23333
W           		 2.23333
Smc         		 0
Ssc         		 0
Si          		 0
Smc_pr      		 0
Ssc_pr      		 0
Si_pr       		 0
D           		 0.827037
D_mc        		 0.23157
D_sc        		 0.430059
D_I         		 0.165407
Gam         		 0.580826
p_mc        		 1
p_sc        		 1
p_I         		 1
lam         		 2.01565
Q_mc        		 1.47059
Q_sc        		 1.47059
Q_I         		 1.47059
x_mc        		 1.00451
x_sc        		 1.00451
x_I         		 1.00451
log_SR      		 0
util        		 0.81
util_ND     		 0.81
util_sc     		 0.81
util_D      		 0.81
g           		 0.0045
log_Y       		 0
log_C       		 0
log_I       		 0
log_N       		 0
log_NC      		 0
log_NI      		 0
log_K       		 0
log_Y_N     		 0
log_D       		 0
log_p_I     		 0
log_util    		 0
log_util_ND 		 0
log_util_D  		 0
log_W       		 0
log_tech    		 0
C_obs       		 0
I_obs       		 0
Y_obs       		 0
SR_obs      		 0
Y_N_obs     		 0
p_I_obs     		 0
N_obs       		 0
NC_obs      		 0
NI_obs      		 0
util_ND_obs 		 0
util_D_obs  		 0
util_obs    		 0
tech_obs    		 0
w_obs       		 0
D_obs       		 0
K_obs       		 0

EIGENVALUES:
         Modulus             Real        Imaginary
               0                0                0
               0                0                0
       7.874e-19        7.874e-19                0
       2.272e-18        2.272e-18                0
        5.81e-18        -5.81e-18                0
        7.25e-18         7.25e-18                0
       1.379e-17       -1.379e-17                0
       2.912e-17       -2.912e-17                0
       3.527e-17        3.527e-17                0
       4.725e-17       -4.725e-17                0
       6.225e-17        6.225e-17                0
         7.3e-17         -7.3e-17                0
       9.024e-17        9.024e-17                0
       1.194e-16       -1.194e-16                0
       1.487e-16       -1.487e-16                0
       3.484e-16       -3.484e-16                0
       3.902e-16        3.902e-16                0
             0.1              0.1                0
          0.3889           0.3889                0
             0.9              0.9                0
             0.9              0.9                0
             0.9              0.9                0
             0.9              0.9                0
             0.9              0.9                0
             0.9              0.9                0
             0.9              0.9                0
             0.9              0.9                0
          0.9083           0.9037          0.09204
          0.9083           0.9037         -0.09204
          0.9139           0.9097           0.0866
          0.9139           0.9097          -0.0866
          0.9846           0.9846                0
           1.031            1.031                0
            1.11            1.105           0.1052
            1.11            1.105          -0.1052
           1.117            1.111           0.1132
           1.117            1.111          -0.1132
           2.607            2.607                0
       2.759e+16        2.759e+16                0
       1.245e+17       -1.245e+17                0
       3.079e+17        3.079e+17                0
       9.662e+17       -9.662e+17                0
       3.894e+18        3.894e+18                0
       1.647e+47       -1.647e+47                0
       1.317e+48        1.317e+48                0
       1.317e+48        1.317e+48                0

There are 14 eigenvalue(s) larger than 1 in modulus for 14 forward-looking variable(s)
The rank condition is verified.


Initial value of the log posterior (or likelihood): 4677.1974

MODE CHECK

Fval obtained by the optimization routine: -4677.197395

RESULTS FROM POSTERIOR ESTIMATION
parameters
        prior mean     mode    s.d.  prior pstdev

sigma       1.5000   1.0723  0.2223   beta 0.2500 
ha          0.5000   0.0265  0.2770   beta 0.2000 
nu          0.7200   0.4762  0.1463   gamm 0.2500 
phi         0.3200   0.2639  0.1277   beta 0.2000 
eta         0.2000   0.6000  0.1448   gamm 0.1500 
xi          0.8500   0.8675  0.0904   gamm 0.1000 
nu_R        0.2000   0.4792  0.0124   beta 0.1000 
Psi_K       4.0000   0.1303  2.1762   gamm 1.0000 
theta       1.0000   0.6739  0.2047   gamm 0.5000 
rho_g       0.1000   0.3023  0.0452   beta 0.0500 
rho_Z       0.6000   0.7578  0.0454   beta 0.2000 
rho_ZI      0.6000   0.9097  0.0301   beta 0.2000 
rho_N       0.6000   0.9701  0.0091   beta 0.2000 
rho_D       0.6000   0.9786  0.0170   beta 0.2000 
rho_DI      0.6000   0.9435  0.0227   beta 0.2000 
rho_b       0.6000   0.9906  0.0338   beta 0.2000 
rho_muC     0.6000   0.5901  0.2016   beta 0.2000 
rho_muI     0.6000   0.9965  0.0252   beta 0.2000 

standard deviation of shocks
        prior mean     mode    s.d.  prior pstdev

e_g         0.0100   0.0163  0.0025   gamm 0.0100 
e_Z         0.0100   0.0030  0.0010   gamm 0.0100 
e_ZI        0.0100   0.0112  0.0007   gamm 0.0100 
e_N         0.0100   0.0141  0.0022   gamm 0.0100 
e_D         0.0100   0.1051  0.0212   gamm 0.0100 
e_DI        0.0100   0.0526  0.0093   gamm 0.0100 
e_b         0.0100   0.0002  0.0017   gamm 0.0100 
e_muC       0.0100   0.0003  0.0004   gamm 0.0100 
e_muI       0.0100   0.0163  0.0023   gamm 0.0100 


Log data density [Laplace approximation] is 4580.496546.

Estimation::mcmc: Total number of MH draws per chain: 300000.
Estimation::mcmc: Total number of generated MH files: 1.
Estimation::mcmc: I'll use mh-files 1 to 1.
Estimation::mcmc: In MH-file number 1 I'll start at line 90001.
Estimation::mcmc: Finally I keep 210000 draws per chain.

