Starting Dynare (version 6.3).
Calling Dynare with arguments: none
Starting preprocessing of the model file ... 
WARNING: in the 'steady_state_model' block, variable 'log_h' is not assigned a value 
WARNING: in the 'steady_state_model' block, variable 'h_obs' is not assigned a value 
Found 100 equation(s). 
Evaluating expressions... 
Computing static model derivatives (order 1). 
Normalizing the static model... 
Finding the optimal block decomposition of the static model... 
10 block(s) found: 
  8 recursive block(s) and 2 simultaneous block(s). 
  the largest simultaneous block has 39 equation(s) 
                                 and 39 feedback variable(s). 
Computing dynamic model derivatives (order 1). 
Normalizing the dynamic model... 
Finding the optimal block decomposition of the dynamic model... 
4 block(s) found: 
  2 recursive block(s) and 2 simultaneous block(s). 
  the largest simultaneous block has 50 equation(s) 
                                 and 42 feedback variable(s). 
Preprocessing completed. 
Preprocessing time: 0h00m00s.


Residuals of the static equations:
Equation number   1: Labor composite                                    :       0.000000
Equation number   2: Labor leisure:C                                    :       0.000000
Equation number   3: Labor leisure:I                                    :       0.000000
Equation number   4: Marginal utility of wealth                         :       0.000000
Equation number   5: Demand curve: mc                                   :       0.000000
Equation number   6: Demand curve: sc                                   :       0.000000
Equation number   7: Shopping:mc                                        :       0.000000
Equation number   8: Shopping:sc                                        :       0.000000
Equation number   9: Shopping:I                                         :       0.000000
Equation number  10: Composite utility term                             :       0.000000
Equation number  11: Consumption CES aggregator                         :       0.000000
Equation number  12: Investment adjustment cost function:mc             :       0.000000
Equation number  13: Investment adjustment cost function:mc             :       0.000000
Equation number  14: Investment adjustment cost function:I              :       0.000000
Equation number  15: Investment adjustment cost function: derivative mc :       0.000000
Equation number  16: Investment adjustment cost function: derivative mc :       0.000000
Equation number  17: Investment adjustment cost function: derivative I  :       0.000000
Equation number  18: Investment growth:mc                               :       0.000000
Equation number  19: Investment growth:mc                               :       0.000000
Equation number  20: Investment growth:I                                :       0.000000
Equation number  21: Depreciation rate: mc                              :       0.000000
Equation number  22: Depreciation rate: sc                              :       0.000000
Equation number  23: Depreciation rate: I                               :       0.000000
Equation number  24: Depreciation rate derivative: mc                   :       0.000000
Equation number  25: Depreciation rate derivative: sc                   :       0.000000
Equation number  26: Depreciation rate derivative: I                    :       0.000000
Equation number  27: Tobins Q: mc                                       :       0.000000
Equation number  28: Tobins Q: sc                                       :       0.000000
Equation number  29: Tobins Q: I                                        :       0.000000
Equation number  30: Euler equation: mc                                 :       0.000000
Equation number  31: Euler equation: sc                                 :       0.000000
Equation number  32: Euler equation: I                                  :       0.000000
Equation number  33: Utilization: mc                                    :       0.000000
Equation number  34: Utilization: sc                                    :       0.000000
Equation number  35: Utilization: I                                     :       0.000000
Equation number  36: Non-durable goods production                       :       0.000000
Equation number  37: Services production                                :       0.000000
Equation number  38: Investment production                              :       0.000000
Equation number  39: Capital law of motion:mc                           :       0.000000
Equation number  40: Capital law of motion:sc                           :       0.000000
Equation number  41: Capital law of motion:I                            :       0.000000
Equation number  42: Labor demand:mc                                    :       0.000000
Equation number  43: Labor demand:sc                                    :       0.000000
Equation number  44: Labor demand:I                                     :       0.000000
Equation number  45: Capital demand:mc                                  :       0.000000
Equation number  46: Capital demand:sc                                  :       0.000000
Equation number  47: Capital demand:I                                   :       0.000000
Equation number  48: Labor composition                                  :       0.000000
Equation number  49: Labor composition: C                               :       0.000000
Equation number  50: Capital composition                                :       0.000000
Equation number  51: Investment composition                             :       0.000000
Equation number  52: Shopping composition                               :       0.000000
Equation number  53: Capital utilization composition                    :       0.000000
Equation number  54: Aggregate wage                                     :       0.000000
Equation number  55: Output (base-year prices)                          :       0.000000
Equation number  56: Solow residual                                     :       0.000000
Equation number  57: Capacity utilization                               :       0.000000
Equation number  58: util_sc                                            :       0.000000
Equation number  59: util_D                                             :       0.000000
Equation number  60: util                                               :       0.000000
Equation number  61: stochastic trend process                           :       0.000000
Equation number  62: Stationary TFP process                             :       0.000000
Equation number  63: Independent component of I-specific tech           :       0.000000
Equation number  64: Investment-specific TFP process                    :       0.000000
Equation number  65: Labor supply process                               :       0.000000
Equation number  66: Consumption preference process                     :       0.000000
Equation number  67: Wage-markup process: C                             :       0.000000
Equation number  68: Wage-markup process: I                             :       0.000000
Equation number  69: Definition log output                              :       0.000000
Equation number  70: Definition log consumption                         :       0.000000
Equation number  71: Definition log investment                          :       0.000000
Equation number  72: Definition log hours                               :       0.000000
Equation number  73: log_NC                                             :       0.000000
Equation number  74: log_NI                                             :       0.000000
Equation number  75: log capital                                        :       0.000000
Equation number  76: Definition log labor productivity                  :       0.000000
Equation number  77: Definition log shopping effort                     :       0.000000
Equation number  78: Definition log capital utilization                 :       0.000000
Equation number  79: Definition of log relative investment  price       :       0.000000
Equation number  80: Definition of log capacity utilization             :       0.000000
Equation number  81: log_util_ND                                        :       0.000000
Equation number  82: log_util_D                                         :       0.000000
Equation number  83: Definition of log wages                            :       0.000000
Equation number  84: Definition of log Solow residual                   :       0.000000
Equation number  85: C_obs                                              :       0.000000
Equation number  86: I_obs                                              :       0.000000
Equation number  87: Y_obs                                              :       0.000000
Equation number  88: Y_N_obs                                            :       0.000000
Equation number  89: K_obs                                              :       0.000000
Equation number  90: w_obs                                              :       0.000000
Equation number  91: SR_obs                                             :       0.000000
Equation number  92: p_I_obs                                            :       0.000000
Equation number  93: N_obs                                              :       0.000000
Equation number  94: NC_obs                                             :       0.000000
Equation number  95: NI_obs                                             :       0.000000
Equation number  96: util_ND_obs                                        :       0.000000
Equation number  97: util_D_obs                                         :       0.000000
Equation number  98: util_obs                                           :       0.000000
Equation number  99: D_obs                                              :       0.000000
Equation number 100: h_obs                                              :       0.000000



STEADY-STATE RESULTS:

Y           		 1
C           		 0.8
Y_mc        		 0.28
Y_sc        		 0.52
SR          		 1.01547
I           		 0.2
I_mc        		 0.056
I_sc        		 0.104
I_I         		 0.04
K           		 11.0496
K_mc        		 3.09389
K_sc        		 5.7458
K_I         		 2.20992
N           		 0.3
N_mc        		 0.084
N_sc        		 0.156
N_C         		 0.24
N_I         		 0.06
N_comp      		 0.3
Z_C         		 0
u_ZI        		 0
Z_I         		 0
theta_N     		 0
theta_b     		 0
mu_C        		 0
mu_I        		 0
R_mc        		 0.0483892
R_sc        		 0.0483892
R_I         		 0.0483892
W_C         		 2.23333
W_I         		 2.23333
W           		 2.23333
h_mc        		 1
h_sc        		 1
h_I         		 1
h           		 1
delta_mc    		 0.0136717
delta_sc    		 0.0136717
delta_I     		 0.0136717
delta_mc_pr 		 0.0329046
delta_sc_pr 		 0.0329046
delta_I_pr  		 0.0329046
Smc         		 0
Ssc         		 0
Si          		 0
Smc_pr      		 0
Ssc_pr      		 0
Si_pr       		 0
D           		 0.827037
D_mc        		 0.23157
D_sc        		 0.430059
D_I         		 0.165407
Gam         		 0.500826
p_mc        		 1
p_sc        		 1
p_I         		 1
lam         		 2.71103
Q_mc        		 1.47059
Q_sc        		 1.47059
Q_I         		 1.47059
x_mc        		 1.00451
x_sc        		 1.00451
x_I         		 1.00451
log_SR      		 0
util        		 0.81
util_ND     		 0.81
util_sc     		 0.81
util_D      		 0.81
g           		 0.0045
log_Y       		 0
log_C       		 0
log_I       		 0
log_N       		 0
log_NC      		 0
log_NI      		 0
log_K       		 0
log_Y_N     		 0
log_D       		 0
log_h       		 0
log_p_I     		 0
log_util    		 0
log_util_ND 		 0
log_util_D  		 0
log_W       		 0
C_obs       		 0
I_obs       		 0
Y_obs       		 0
SR_obs      		 0
Y_N_obs     		 0
p_I_obs     		 0
N_obs       		 0
NC_obs      		 0
NI_obs      		 0
util_ND_obs 		 0
util_D_obs  		 0
util_obs    		 0
w_obs       		 0
D_obs       		 0
h_obs       		 0
K_obs       		 0

EIGENVALUES:
         Modulus             Real        Imaginary
               0                0                0
               0                0                0
       2.234e-18       -2.234e-18                0
        3.44e-18        -3.44e-18                0
       6.344e-18        6.344e-18                0
        1.04e-17        -1.04e-17                0
       1.238e-17        1.238e-17                0
       1.291e-17        1.291e-17                0
        9.28e-17        -9.28e-17                0
        1.14e-16         1.14e-16                0
       1.154e-16       -1.154e-16                0
       1.164e-16        1.164e-16                0
       2.457e-16       -2.457e-16                0
       2.635e-16       -2.635e-16                0
       2.708e-16        2.708e-16                0
       3.688e-16        3.688e-16                0
         0.07443          0.07443                0
             0.1              0.1                0
          0.5849           0.5849                0
             0.9              0.9                0
             0.9              0.9                0
             0.9              0.9                0
             0.9              0.9                0
             0.9              0.9                0
             0.9              0.9                0
          0.9387           0.9364          0.06531
          0.9387           0.9364         -0.06531
          0.9406           0.9385          0.06314
          0.9406           0.9385         -0.06314
          0.9933           0.9933                0
           1.022            1.022                0
           1.079            1.076          0.07244
           1.079            1.076         -0.07244
           1.081            1.078           0.0752
           1.081            1.078          -0.0752
            1.74             1.74                0
       5.804e+15       -5.804e+15                0
       1.569e+16       -1.569e+16                0
       2.316e+17       -2.316e+17                0
       2.472e+17        2.472e+17                0
       2.516e+17       -2.516e+17                0
       2.548e+17        2.548e+17                0
       1.416e+18       -1.416e+18                0
       1.605e+18        1.605e+18                0
        2.43e+18         2.43e+18                0
       5.012e+18        5.012e+18                0
       5.038e+19        5.038e+19                0
       1.287e+45       -1.287e+45                0
       1.398e+46        1.398e+46                0
             Inf              Inf                0

There are 20 eigenvalue(s) larger than 1 in modulus for 20 forward-looking variable(s)
The rank condition is verified.


Initial value of the log posterior (or likelihood): 3841.5675

MODE CHECK

Fval obtained by the optimization routine: -3841.567524

RESULTS FROM POSTERIOR ESTIMATION
parameters
         prior mean     mode    s.d.  prior pstdev

sigma        1.5000   1.4382  0.1492   beta 0.2500 
ha           0.5000   0.5979  0.0403   beta 0.2000 
nu           0.7200   1.0564  0.1264   gamm 0.2500 
phi          0.3200   0.5109  0.0338   beta 0.2000 
eta          0.2000   0.3128  0.0744   gamm 0.1500 
xi           0.8500   0.8261  0.1192   gamm 0.1000 
nu_R         0.2000   0.1711  0.0343   beta 0.1000 
sigma_ac     1.0000   0.2867  0.0506   invg 1.0000 
sigma_ai     1.0000   0.3500  0.0908   invg 1.0000 
Psi_K        4.0000   0.1697  0.0535   gamm 1.0000 
theta        1.0000   3.2624  0.2440   gamm 0.5000 
rho_g        0.1000   0.2555  0.0246   beta 0.0500 
rho_Z        0.6000   0.7225  0.0695   beta 0.2000 
rho_ZI       0.6000   0.9859  0.0086   beta 0.2000 
rho_N        0.6000   0.9938  0.0058   beta 0.2000 
rho_b        0.6000   0.9589  0.0161   beta 0.2000 
rho_muC      0.6000   0.8719  0.1640   beta 0.2000 
rho_muI      0.6000   0.9996  0.0004   beta 0.2000 

standard deviation of shocks
         prior mean     mode    s.d.  prior pstdev

e_g          0.0100   0.0042  0.0002   gamm 0.0100 
e_Z          0.0100   0.0017  0.0002   gamm 0.0100 
e_ZI         0.0100   0.0051  0.0004   gamm 0.0100 
e_N          0.0100   0.0068  0.0005   gamm 0.0100 
e_b          0.0100   0.0020  0.0016   gamm 0.0100 
e_muC        0.0100   0.0006  0.0005   gamm 0.0100 
e_muI        0.0100   0.0533  0.0035   gamm 0.0100 


Log data density [Laplace approximation] is 3747.067173.

Estimation::mcmc: Total number of MH draws per chain: 300000.
Estimation::mcmc: Total number of generated MH files: 1.
Estimation::mcmc: I'll use mh-files 1 to 1.
Estimation::mcmc: In MH-file number 1 I'll start at line 90001.
Estimation::mcmc: Finally I keep 210000 draws per chain.



MCMC Inefficiency factors per block
Parameter       Block 1     Block 2
SE_e_g          291.445     257.431
SE_e_Z          449.382     474.968
SE_e_ZI         523.386     491.216
SE_e_N          532.401     574.978
SE_e_b          724.841     728.606
SE_e_muC        530.594     447.049
SE_e_muI        742.270     739.273
sigma           744.476     745.069
ha              727.882     725.369
nu              744.020     744.965
phi             730.433     705.372
eta             746.001     742.400
xi              743.375     748.234
nu_R            738.422     744.552
sigma_ac        551.861     517.196
sigma_ai        687.364     643.854
Psi_K           576.421     568.903
theta           740.798     745.495
rho_g           746.185     743.957
rho_Z           744.115     739.116
rho_ZI          516.834     473.636
rho_N           341.721     327.720
rho_b           670.701     657.459
rho_muC         745.637     744.107
rho_muI          96.996      98.797



Convergence diagnostics results for chain 1.

Geweke (1992) Convergence Tests, based on means of draws 90000 to 132000 vs 195000 to 300000 for chain 1.
p-values are for Chi2-test for equality of means.
Parameter         Post. Mean        Post. Std   p-val No Taper   p-val 4% Taper   p-val 8% Taper  p-val 15% Taper
SE_e_g                 0.004            0.000            0.000            0.000            0.000            0.000
SE_e_Z                 0.002            0.000            0.000            0.000            0.000            0.000
SE_e_ZI                0.005            0.001            0.000            0.000            0.000            0.000
SE_e_N                 0.007            0.001            0.000            0.000            0.000            0.000
SE_e_b                 0.003            0.002            0.000            0.098            0.211            0.289
SE_e_muC               0.001            0.001            0.000            0.127            0.112            0.088
SE_e_muI               0.046            0.007            0.000            0.000            0.000            0.000
sigma                  1.271            0.099            0.000            0.000            0.000            0.000
ha                     0.612            0.062            0.000            0.138            0.267            0.371
nu                     1.155            0.108            0.000            0.000            0.000            0.000
phi                    0.512            0.047            0.000            0.000            0.000            0.000
eta                    0.290            0.093            0.000            0.010            0.062            0.147
xi                     0.839            0.040            0.000            0.000            0.001            0.014
nu_R                   0.157            0.044            0.975            1.000            1.000            1.000
sigma_ac               0.317            0.061            0.000            0.114            0.161            0.183
sigma_ai               0.441            0.098            0.000            0.027            0.080            0.127
Psi_K                  0.205            0.079            0.000            0.000            0.000            0.000
theta                  2.872            0.506            0.000            0.000            0.000            0.000
rho_g                  0.193            0.046            0.000            0.000            0.000            0.001
rho_Z                  0.716            0.068            0.000            0.000            0.000            0.000
rho_ZI                 0.983            0.010            0.000            0.000            0.000            0.000
rho_N                  0.989            0.006            0.005            0.894            0.908            0.917
rho_b                  0.955            0.018            0.000            0.004            0.018            0.030
rho_muC                0.887            0.077            0.000            0.000            0.000            0.000
rho_muI                0.998            0.009            0.000            0.003            0.017            0.033




Convergence diagnostics results for chain 2.

Geweke (1992) Convergence Tests, based on means of draws 90000 to 132000 vs 195000 to 300000 for chain 2.
p-values are for Chi2-test for equality of means.
Parameter         Post. Mean        Post. Std   p-val No Taper   p-val 4% Taper   p-val 8% Taper  p-val 15% Taper
SE_e_g                 0.004            0.000            0.000            0.612            0.636            0.642
SE_e_Z                 0.002            0.000            0.000            0.146            0.244            0.346
SE_e_ZI                0.005            0.000            0.000            0.255            0.344            0.407
SE_e_N                 0.006            0.001            0.000            0.000            0.000            0.000
SE_e_b                 0.003            0.002            0.000            0.000            0.000            0.000
SE_e_muC               0.001            0.000            0.000            0.344            0.394            0.428
SE_e_muI               0.043            0.008            0.000            0.000            0.000            0.000
sigma                  1.477            0.116            0.000            0.000            0.000            0.000
ha                     0.568            0.057            0.000            0.108            0.206            0.276
nu                     1.285            0.202            0.000            0.000            0.000            0.000
phi                    0.511            0.032            0.000            0.160            0.256            0.304
eta                    0.396            0.128            0.000            0.000            0.000            0.000
xi                     1.001            0.115            0.000            0.000            0.000            0.000
nu_R                   0.181            0.038            0.000            0.026            0.103            0.208
sigma_ac               0.311            0.060            0.000            0.003            0.010            0.018
sigma_ai               0.429            0.082            0.000            0.770            0.802            0.817
Psi_K                  0.226            0.085            0.000            0.021            0.045            0.082
theta                  2.570            0.598            0.000            0.000            0.000            0.000
rho_g                  0.215            0.027            0.000            0.000            0.000            0.000
rho_Z                  0.675            0.072            0.000            0.000            0.000            0.005
rho_ZI                 0.985            0.010            0.000            0.004            0.011            0.025
rho_N                  0.988            0.007            0.002            0.885            0.899            0.911
rho_b                  0.954            0.015            0.000            0.280            0.378            0.441
rho_muC                0.691            0.170            0.000            0.000            0.000            0.000
rho_muI                0.996            0.017            0.000            0.000            0.000            0.000


Univariate convergence diagnostic, Brooks and Gelman (1998):
    Parameter 1...  Done! 
    Parameter 2...  Done! 
    Parameter 3...  Done! 
    Parameter 4...  Done! 
    Parameter 5...  Done! 
    Parameter 6...  Done! 
    Parameter 7...  Done! 
    Parameter 8...  Done! 
    Parameter 9...  Done! 
    Parameter 10...  Done! 
    Parameter 11...  Done! 
    Parameter 12...  Done! 
    Parameter 13...  Done! 
    Parameter 14...  Done! 
    Parameter 15...  Done! 
    Parameter 16...  Done! 
    Parameter 17...  Done! 
    Parameter 18...  Done! 
    Parameter 19...  Done! 
    Parameter 20...  Done! 
    Parameter 21...  Done! 
    Parameter 22...  Done! 
    Parameter 23...  Done! 
    Parameter 24...  Done! 
    Parameter 25...  Done! 

marginal density: I'm computing the posterior mean and covariance...  Done!
marginal density: I'm computing the posterior log marginal density (modified harmonic mean)... Done!


ESTIMATION RESULTS

Log data density (Modified Harmonic Mean) is 3743.904872.
parameters
           prior mean   post. mean        90% HPD interval    prior       pstdev

sigma           1.500       1.3705      1.1226      1.5897     beta       0.2500
ha              0.500       0.6218      0.5597      0.6915     beta       0.2000
nu              0.720       1.1907      1.0051      1.4114     gamm       0.2500
phi             0.320       0.5193      0.4658      0.5785     beta       0.2000
eta             0.200       0.2867      0.1714      0.4084     gamm       0.1500
xi              0.850       0.9147      0.7870      1.1185     gamm       0.1000
nu_R            0.200       0.1832      0.1209      0.2386     beta       0.1000
sigma_ac        1.000       0.3018      0.2200      0.3813     invg       1.0000
sigma_ai        1.000       0.4304      0.2863      0.5765     invg       1.0000
Psi_K           4.000       0.2124      0.1289      0.2968     gamm       1.0000
theta           1.000       2.9899      2.5457      3.3364     gamm       0.5000
rho_g           0.100       0.2216      0.1811      0.2583     beta       0.0500
rho_Z           0.600       0.6823      0.5569      0.7888     beta       0.2000
rho_ZI          0.600       0.9855      0.9732      0.9990     beta       0.2000
rho_N           0.600       0.9898      0.9816      0.9995     beta       0.2000
rho_b           0.600       0.9513      0.9260      0.9784     beta       0.2000
rho_muC         0.600       0.7334      0.5205      0.9946     beta       0.2000
rho_muI         0.600       0.9995      0.9991      1.0000     beta       0.2000

standard deviation of shocks
           prior mean   post. mean        90% HPD interval    prior       pstdev

e_g             0.010       0.0042      0.0038      0.0046     gamm       0.0100
e_Z             0.010       0.0018      0.0015      0.0021     gamm       0.0100
e_ZI            0.010       0.0052      0.0046      0.0058     gamm       0.0100
e_N             0.010       0.0064      0.0056      0.0072     gamm       0.0100
e_b             0.010       0.0036      0.0012      0.0064     gamm       0.0100
e_muC           0.010       0.0007      0.0001      0.0013     gamm       0.0100
e_muI           0.010       0.0486      0.0426      0.0536     gamm       0.0100

MODEL SUMMARY

  Number of variables:         100
  Number of stochastic shocks: 7
  Number of state variables:   30
  Number of jumpers:           20
  Number of static variables:  51


MATRIX OF COVARIANCE OF EXOGENOUS SHOCKS
Variables         e_g       e_Z      e_ZI       e_N       e_b     e_muC     e_muI
e_g          0.000018  0.000000  0.000000  0.000000  0.000000  0.000000  0.000000
e_Z          0.000000  0.000003  0.000000  0.000000  0.000000  0.000000  0.000000
e_ZI         0.000000  0.000000  0.000027  0.000000  0.000000  0.000000  0.000000
e_N          0.000000  0.000000  0.000000  0.000041  0.000000  0.000000  0.000000
e_b          0.000000  0.000000  0.000000  0.000000  0.000013  0.000000  0.000000
e_muC        0.000000  0.000000  0.000000  0.000000  0.000000  0.000000  0.000000
e_muI        0.000000  0.000000  0.000000  0.000000  0.000000  0.000000  0.002363



THEORETICAL MOMENTS
VARIABLE            MEAN  STD. DEV.   VARIANCE
Y_obs             0.0000     0.0064     0.0000
Y_N_obs           0.0000     0.0065     0.0000
SR_obs            0.0000     0.0053     0.0000
I_obs             0.0000     0.0201     0.0004
p_I_obs           0.0000     0.0068     0.0000
C_obs             0.0000     0.0051     0.0000
NC_obs            0.0000     0.0056     0.0000
NI_obs            0.0000     0.0187     0.0004
util_ND_obs       0.0000     0.0035     0.0000
util_D_obs        0.0000     0.0114     0.0001
util_obs          0.0000     0.0023     0.0000
D_obs             0.0000     0.0011     0.0000
h_obs             0.0000     0.0063     0.0000



VARIANCE DECOMPOSITION (in percent)
                  e_g     e_Z    e_ZI     e_N     e_b   e_muC   e_muI
Y_obs           31.34   21.01   18.20    5.49    1.53    0.06   22.36
Y_N_obs         36.06    5.31    8.82   19.20    0.96    0.16   29.49
SR_obs          51.96   13.37   17.20    7.69    1.56    0.06    8.15
I_obs            2.38   21.81   32.05    5.59    9.93    0.02   28.23
p_I_obs          0.24   29.36   47.09    2.01    9.12    0.02   12.16
C_obs           54.94    7.63    2.45    2.96   23.98    0.13    7.92
NC_obs           0.31    3.53    1.01   51.27    1.30    0.61   41.96
NI_obs           0.13    3.45    0.96    7.79    1.09    0.02   86.56
util_ND_obs      8.69   34.42    3.00    6.04   41.16    0.09    6.60
util_D_obs       0.99   28.83   17.49    7.43   24.64    0.04   20.58
util_obs        12.04   23.90   31.09    2.32    9.00    0.04   21.61
D_obs            2.40   42.69   14.60   11.67    0.71    0.12   27.80
h_obs           18.07   28.32   26.37    2.48    9.98    0.03   14.74



MATRIX OF CORRELATIONS
Variables            Y_obs      Y_N_obs       SR_obs        I_obs      p_I_obs        C_obs       NC_obs       NI_obs  util_ND_obs   util_D_obs     util_obs        D_obs        h_obs
Y_obs               1.0000       0.2477       0.5961       0.7830      -0.3859       0.7892       0.5754       0.5744       0.1450       0.6021       0.7703       0.7057       0.6612
Y_N_obs             0.2477       1.0000       0.9219      -0.0655      -0.1148       0.4516      -0.6075      -0.5887       0.3846      -0.1758       0.2917      -0.2389       0.3867
SR_obs              0.5961       0.9219       1.0000       0.2591      -0.2381       0.6754      -0.2780      -0.2578       0.3623       0.1024       0.5395       0.0760       0.5757
I_obs               0.7830      -0.0655       0.2591       1.0000      -0.3243       0.2361       0.5979       0.7238      -0.3460       0.9402       0.5103       0.8111       0.3455
p_I_obs            -0.3859      -0.1148      -0.2381      -0.3243       1.0000      -0.2828      -0.1785      -0.2406      -0.5895      -0.0315      -0.7443      -0.2153      -0.7645
C_obs               0.7892       0.4516       0.6754       0.2361      -0.2828       1.0000       0.3086       0.1827       0.5682       0.0124       0.6996       0.3017       0.6919
NC_obs              0.5754      -0.6075      -0.2780       0.5979      -0.1785       0.3086       1.0000       0.8305      -0.1355       0.5421       0.3717       0.7509       0.2085
NI_obs              0.5744      -0.5887      -0.2578       0.7238      -0.2406       0.1827       0.8305       1.0000      -0.2600       0.6756       0.3528       0.7102       0.1987
util_ND_obs         0.1450       0.3846       0.3623      -0.3460      -0.5895       0.5682      -0.1355      -0.2600       1.0000      -0.6022       0.6148      -0.2231       0.7395
util_D_obs          0.6021      -0.1758       0.1024       0.9402      -0.0315       0.0124       0.5421       0.6756      -0.6022       1.0000       0.2593       0.7726       0.0785
util_obs            0.7703       0.2917       0.5395       0.5103      -0.7443       0.6996       0.3717       0.3528       0.6148       0.2593       1.0000       0.4934       0.9722
D_obs               0.7057      -0.2389       0.0760       0.8111      -0.2153       0.3017       0.7509       0.7102      -0.2231       0.7726       0.4934       1.0000       0.2760
h_obs               0.6612       0.3867       0.5757       0.3455      -0.7645       0.6919       0.2085       0.1987       0.7395       0.0785       0.9722       0.2760       1.0000



COEFFICIENTS OF AUTOCORRELATION
Order                1        2        3        4        5
Y_obs           0.2700   0.0823   0.0296   0.0123   0.0054
Y_N_obs         0.0770   0.0167   0.0027  -0.0007  -0.0016
SR_obs          0.1731   0.0483   0.0156   0.0055   0.0017
I_obs           0.1852   0.0135  -0.0136  -0.0123  -0.0081
p_I_obs         0.0861   0.0870   0.0588   0.0342   0.0173
C_obs           0.3648   0.1570   0.0713   0.0294   0.0072
NC_obs          0.0930   0.0399   0.0184   0.0081   0.0027
NI_obs          0.0319  -0.0138  -0.0168  -0.0125  -0.0085
util_ND_obs     0.2742   0.1364   0.0629   0.0205  -0.0046
util_D_obs      0.2621   0.0139  -0.0326  -0.0370  -0.0347
util_obs        0.4847   0.1887   0.0885   0.0466   0.0254
D_obs           0.2448   0.0419  -0.0031  -0.0109  -0.0105
h_obs           0.3887   0.1588   0.0783   0.0433   0.0251
Total computing time : 0h02m51s
Note: 2 warning(s) encountered in the preprocessor
