Starting Dynare (version 6.3).
Calling Dynare with arguments: none
Starting preprocessing of the model file ... 
WARNING: in the 'steady_state_model' block, variable 'log_h' is not assigned a value 
WARNING: in the 'steady_state_model' block, variable 'log_tech' is not assigned a value 
WARNING: in the 'steady_state_model' block, variable 'tech_obs' is not assigned a value 
WARNING: in the 'steady_state_model' block, variable 'h_obs' is not assigned a value 
Found 104 equation(s). 
Evaluating expressions... 
Computing static model derivatives (order 1). 
Normalizing the static model... 
Finding the optimal block decomposition of the static model... 
11 block(s) found: 
  9 recursive block(s) and 2 simultaneous block(s). 
  the largest simultaneous block has 39 equation(s) 
                                 and 39 feedback variable(s). 
Computing dynamic model derivatives (order 1). 
Normalizing the dynamic model... 
Finding the optimal block decomposition of the dynamic model... 
4 block(s) found: 
  2 recursive block(s) and 2 simultaneous block(s). 
  the largest simultaneous block has 50 equation(s) 
                                 and 40 feedback variable(s). 
Preprocessing completed. 
Preprocessing time: 0h00m00s.


Residuals of the static equations:
Equation number   1: Labor composite                                    :       0.000000
Equation number   2: Labor leisure:C                                    :       0.000000
Equation number   3: Labor leisure:I                                    :       0.000000
Equation number   4: Marginal utility of wealth                         :       0.000000
Equation number   5: Demand curve: mc                                   :       0.000000
Equation number   6: Demand curve: sc                                   :       0.000000
Equation number   7: Shopping:mc                                        :       0.000000
Equation number   8: Shopping:sc                                        :       0.000000
Equation number   9: Shopping:I                                         :       0.000000
Equation number  10: Composite utility term                             :       0.000000
Equation number  11: Consumption CES aggregator                         :       0.000000
Equation number  12: Investment adjustment cost function:mc             :       0.000000
Equation number  13: Investment adjustment cost function:mc             :       0.000000
Equation number  14: Investment adjustment cost function:I              :       0.000000
Equation number  15: Investment adjustment cost function: derivative mc :       0.000000
Equation number  16: Investment adjustment cost function: derivative mc :       0.000000
Equation number  17: Investment adjustment cost function: derivative I  :       0.000000
Equation number  18: Investment growth:mc                               :       0.000000
Equation number  19: Investment growth:mc                               :       0.000000
Equation number  20: Investment growth:I                                :       0.000000
Equation number  21: Depreciation rate: mc                              :       0.000000
Equation number  22: Depreciation rate: sc                              :       0.000000
Equation number  23: Depreciation rate: I                               :       0.000000
Equation number  24: Depreciation rate derivative: mc                   :       0.000000
Equation number  25: Depreciation rate derivative: sc                   :       0.000000
Equation number  26: Depreciation rate derivative: I                    :       0.000000
Equation number  27: Tobins Q: mc                                       :       0.000000
Equation number  28: Tobins Q: sc                                       :       0.000000
Equation number  29: Tobins Q: I                                        :       0.000000
Equation number  30: Euler equation: mc                                 :       0.000000
Equation number  31: Euler equation: sc                                 :       0.000000
Equation number  32: Euler equation: I                                  :       0.000000
Equation number  33: Utilization: mc                                    :       0.000000
Equation number  34: Utilization: sc                                    :       0.000000
Equation number  35: Utilization: I                                     :       0.000000
Equation number  36: Non-durable goods production                       :       0.000000
Equation number  37: Services production                                :       0.000000
Equation number  38: Investment production                              :       0.000000
Equation number  39: Capital law of motion:mc                           :       0.000000
Equation number  40: Capital law of motion:sc                           :       0.000000
Equation number  41: Capital law of motion:I                            :       0.000000
Equation number  42: Labor demand:mc                                    :       0.000000
Equation number  43: Labor demand:sc                                    :       0.000000
Equation number  44: Labor demand:I                                     :       0.000000
Equation number  45: Capital demand:mc                                  :       0.000000
Equation number  46: Capital demand:sc                                  :       0.000000
Equation number  47: Capital demand:I                                   :       0.000000
Equation number  48: Labor composition                                  :       0.000000
Equation number  49: Labor composition: C                               :       0.000000
Equation number  50: Capital composition                                :       0.000000
Equation number  51: Investment composition                             :       0.000000
Equation number  52: Shopping composition                               :       0.000000
Equation number  53: Capital utilization composition                    :       0.000000
Equation number  54: Aggregate wage                                     :       0.000000
Equation number  55: Output (base-year prices)                          :       0.000000
Equation number  56: Solow residual                                     :       0.000000
Equation number  57: Capacity utilization                               :       0.000000
Equation number  58: util_sc                                            :       0.000000
Equation number  59: util_D                                             :       0.000000
Equation number  60: util                                               :       0.000000
Equation number  61: General technology measure                         :       0.000000
Equation number  62: stochastic trend process                           :       0.000000
Equation number  63: Stationary TFP process                             :       0.000000
Equation number  64: Independent component of I-specific tech           :       0.000000
Equation number  65: Investment-specific TFP process                    :       0.000000
Equation number  66: Labor supply process                               :       0.000000
Equation number  67: Shopping effort process                            :       0.000000
Equation number  68: Relative shopping effort process                   :       0.000000
Equation number  69: Consumption preference process                     :       0.000000
Equation number  70: Wage-markup process                                :       0.000000
Equation number  71: Definition log output                              :       0.000000
Equation number  72: Definition log consumption                         :       0.000000
Equation number  73: Definition log investment                          :       0.000000
Equation number  74: Definition log hours                               :       0.000000
Equation number  75: log_NC                                             :       0.000000
Equation number  76: log_NI                                             :       0.000000
Equation number  77: log capital                                        :       0.000000
Equation number  78: Definition log labor productivity                  :       0.000000
Equation number  79: Definition log shopping effort                     :       0.000000
Equation number  80: Definition log capital utilization                 :       0.000000
Equation number  81: Definition of log relative investment  price       :       0.000000
Equation number  82: Definition of log capacity utilization             :       0.000000
Equation number  83: log_util_ND                                        :       0.000000
Equation number  84: log_util_D                                         :       0.000000
Equation number  85: Definition of log wages                            :       0.000000
Equation number  86: Definition of log Solow residual                   :       0.000000
Equation number  87: Definition of log technology                       :       0.000000
Equation number  88: C_obs                                              :       0.000000
Equation number  89: I_obs                                              :       0.000000
Equation number  90: Y_obs                                              :       0.000000
Equation number  91: Y_N_obs                                            :       0.000000
Equation number  92: K_obs                                              :       0.000000
Equation number  93: w_obs                                              :       0.000000
Equation number  94: SR_obs                                             :       0.000000
Equation number  95: tech_obs                                           :       0.000000
Equation number  96: p_I_obs                                            :       0.000000
Equation number  97: N_obs                                              :       0.000000
Equation number  98: NC_obs                                             :       0.000000
Equation number  99: NI_obs                                             :       0.000000
Equation number 100: util_ND_obs                                        :       0.000000
Equation number 101: util_D_obs                                         :       0.000000
Equation number 102: util_obs                                           :       0.000000
Equation number 103: D_obs                                              :       0.000000
Equation number 104: h_obs                                              :       0.000000



STEADY-STATE RESULTS:

Y           		 1
C           		 0.8
Y_mc        		 0.28
Y_sc        		 0.52
SR          		 1.01547
I           		 0.2
I_mc        		 0.056
I_sc        		 0.104
I_I         		 0.04
K           		 11.0496
K_mc        		 3.09389
K_sc        		 5.7458
K_I         		 2.20992
N           		 0.3
N_mc        		 0.084
N_sc        		 0.156
N_C         		 0.24
N_I         		 0.06
N_comp      		 0.3
Z_C         		 0
u_ZI        		 0
Z_I         		 0
tech        		 1
theta_N     		 0
theta_D     		 0
theta_I     		 0
theta_b     		 0
mu          		 0
R_mc        		 0.0483892
R_sc        		 0.0483892
R_I         		 0.0483892
W_C         		 2.23333
W_I         		 2.23333
W           		 2.23333
h_mc        		 1
h_sc        		 1
h_I         		 1
h           		 1
delta_mc    		 0.0136717
delta_sc    		 0.0136717
delta_I     		 0.0136717
delta_mc_pr 		 0.0329046
delta_sc_pr 		 0.0329046
delta_I_pr  		 0.0329046
Smc         		 0
Ssc         		 0
Si          		 0
Smc_pr      		 0
Ssc_pr      		 0
Si_pr       		 0
D           		 0.827037
D_mc        		 0.23157
D_sc        		 0.430059
D_I         		 0.165407
Gam         		 0.580826
p_mc        		 1
p_sc        		 1
p_I         		 1
lam         		 2.01565
Q_mc        		 1.47059
Q_sc        		 1.47059
Q_I         		 1.47059
x_mc        		 1.00451
x_sc        		 1.00451
x_I         		 1.00451
log_SR      		 0
util        		 0.81
util_ND     		 0.81
util_sc     		 0.81
util_D      		 0.81
g           		 0.0045
log_Y       		 0
log_C       		 0
log_I       		 0
log_N       		 0
log_NC      		 0
log_NI      		 0
log_K       		 0
log_Y_N     		 0
log_D       		 0
log_h       		 0
log_p_I     		 0
log_util    		 0
log_util_ND 		 0
log_util_D  		 0
log_W       		 0
log_tech    		 0
C_obs       		 0
I_obs       		 0
Y_obs       		 0
SR_obs      		 0
Y_N_obs     		 0
p_I_obs     		 0
N_obs       		 0
NC_obs      		 0
NI_obs      		 0
util_ND_obs 		 0
util_D_obs  		 0
util_obs    		 0
tech_obs    		 0
w_obs       		 0
D_obs       		 0
h_obs       		 0
K_obs       		 0

EIGENVALUES:
         Modulus             Real        Imaginary
               0                0                0
               0                0                0
        4.24e-19         4.24e-19                0
       1.728e-18       -1.728e-18                0
        2.67e-18         2.67e-18                0
       5.814e-18       -5.814e-18                0
       7.195e-18        7.195e-18                0
       1.407e-17       -1.407e-17                0
        1.94e-17        -1.94e-17                0
       2.131e-17        2.131e-17                0
        2.95e-17        -2.95e-17                0
       5.444e-17       -5.444e-17                0
        6.71e-17        -6.71e-17                0
       6.862e-17       -6.862e-17                0
       2.245e-16       -2.245e-16                0
       2.479e-16       -2.479e-16                0
       4.758e-16       -4.758e-16                0
       7.148e-16       -7.148e-16                0
             0.1              0.1                0
          0.5872           0.5872                0
             0.9              0.9                0
             0.9              0.9                0
             0.9              0.9                0
             0.9              0.9                0
             0.9              0.9                0
             0.9              0.9                0
             0.9              0.9                0
          0.9387           0.9364          0.06531
          0.9387           0.9364         -0.06531
          0.9407           0.9386          0.06309
          0.9407           0.9386         -0.06309
          0.9932           0.9932                0
           1.022            1.022                0
           1.079            1.076          0.07234
           1.079            1.076         -0.07234
           1.081            1.078           0.0752
           1.081            1.078          -0.0752
           1.728            1.728                0
       8.095e+15       -8.095e+15                0
        6.59e+16        -6.59e+16                0
       1.294e+17        1.294e+17                0
       1.552e+17        1.552e+17                0
       1.589e+17       -1.589e+17                0
       1.712e+17       -1.712e+17                0
       3.775e+17        3.775e+17                0
       4.841e+17       -4.841e+17                0
       6.184e+17       -6.184e+17                0
        8.34e+17         8.34e+17                0
       2.748e+18       -2.748e+18                0
       2.573e+45       -2.573e+45                0
       1.033e+46        1.033e+46                0
       1.634e+47        1.634e+47                0

There are 20 eigenvalue(s) larger than 1 in modulus for 20 forward-looking variable(s)
The rank condition is verified.


Initial value of the log posterior (or likelihood): 3357.9564

MODE CHECK

Fval obtained by the optimization routine: -3357.956403

RESULTS FROM POSTERIOR ESTIMATION
parameters
         prior mean     mode    s.d.  prior pstdev

sigma        1.5000   1.6488  0.0644   beta 0.2500 
ha           0.5000   0.6648  0.0270   beta 0.2000 
nu           0.7200   0.1622  0.0109   gamm 0.2500 
phi          0.3200   0.9488  0.0316   beta 0.2000 
eta          0.2000   0.3721  0.0591   gamm 0.1500 
xi           0.8500   0.8470  0.0184   gamm 0.1000 
nu_R         0.2000   0.4998  0.0023   beta 0.1000 
sigma_ac     1.0000   0.2102  0.0243   invg 1.0000 
sigma_ai     1.0000   4.9728  0.4479   invg 1.0000 
Psi_K        4.0000   9.1789  0.8071   gamm 1.0000 
theta        1.0000   0.0114  0.0070   gamm 0.5000 
rho_g        0.1000   0.1319  0.0150   beta 0.0500 
rho_Z        0.6000   0.9310  0.0194   beta 0.2000 
rho_ZI       0.6000   0.9487  0.0639   beta 0.2000 
rho_N        0.6000   0.9507  0.0724   beta 0.2000 
rho_D        0.6000   0.7767  0.0328   beta 0.2000 
rho_DI       0.6000   0.9984  0.0032   beta 0.2000 
rho_b        0.6000   0.9996  0.0012   beta 0.2000 
rho_mu       0.6000   0.9953  0.0138   beta 0.2000 

standard deviation of shocks
         prior mean     mode    s.d.  prior pstdev

e_g          0.0100   0.0651  0.0092   gamm 0.0100 
e_Z          0.0100   0.0143  0.0062   gamm 0.0100 
e_ZI         0.0100   0.0550  0.0093   gamm 0.0100 
e_N          0.0100   0.0356  0.0040   gamm 0.0100 
e_D          0.0100   0.1469  0.0027   gamm 0.0100 
e_DI         0.0100   0.0423  0.0018   gamm 0.0100 
e_b          0.0100   0.0255  0.0025   gamm 0.0100 
e_mu         0.0100   0.0402  0.0030   gamm 0.0100 


Log data density [Laplace approximation] is 3246.982177.

Estimation::mcmc: I am loading past Metropolis-Hastings simulations...
Estimation::mcmc: Recovering the previous proposal density.
Estimation::mcmc: I am writing a new mh-history file... Done.
Estimation::mcmc: Ok. I have loaded 850000 simulations.


Estimation::mcmc: Number of mh files: 3 per block.
Estimation::mcmc: Total number of generated files: 6.
Estimation::mcmc: Total number of iterations: 1150000.
Estimation::mcmc: Current acceptance ratio per chain:
                                                       Chain  1: 69.3383%
                                                       Chain  2: 70.5603%
Estimation::mcmc: Total number of MH draws per chain: 1150000.
Estimation::mcmc: Total number of generated MH files: 3.
Estimation::mcmc: I'll use mh-files 1 to 3.
Estimation::mcmc: In MH-file number 1 I'll start at line 345001.
Estimation::mcmc: Finally I keep 805000 draws per chain.



MCMC Inefficiency factors per block
Parameter       Block 1     Block 2
SE_e_g          749.519     749.416
SE_e_Z          741.911     743.352
SE_e_ZI         749.455     749.412
SE_e_N          748.341     748.987
SE_e_D          749.301     749.085
SE_e_DI         747.518     749.063
SE_e_b          748.192     747.135
SE_e_mu         748.350     748.892
sigma           749.660     749.108
ha              748.490     748.535
nu              729.311     713.809
phi             737.481     747.337
eta             748.992     749.134
xi              749.204     747.868
nu_R            623.874     660.078
sigma_ac        712.530     683.122
sigma_ai        749.115     748.991
Psi_K           749.339     748.950
theta           540.667     523.044
rho_g           748.202     749.375
rho_Z           745.407     746.048
rho_ZI          741.106     747.701
rho_N           738.185     741.933
rho_D           746.076     746.895
rho_DI          641.423     616.708
rho_b           341.951     310.383
rho_mu          739.875     740.499



Convergence diagnostics results for chain 1.

Geweke (1992) Convergence Tests, based on means of draws 345000 to 506000 vs 747500 to 1150000 for chain 1.
p-values are for Chi2-test for equality of means.
Parameter         Post. Mean        Post. Std   p-val No Taper   p-val 4% Taper   p-val 8% Taper  p-val 15% Taper
SE_e_g                 0.061            0.026            0.000            0.000            0.000            0.000
SE_e_Z                 0.021            0.014            0.000            0.000            0.000            0.000
SE_e_ZI                0.054            0.023            0.000            0.000            0.000            0.000
SE_e_N                 0.040            0.004            0.000            0.000            0.000            0.000
SE_e_D                 0.147            0.010            0.000            0.000            0.000            0.000
SE_e_DI                0.043            0.003            0.000            0.286            0.436            0.546
SE_e_b                 0.027            0.002            0.000            0.000            0.000            0.000
SE_e_mu                0.039            0.003            0.000            0.000            0.000            0.000
sigma                  1.761            0.122            0.000            0.000            0.000            0.000
ha                     0.642            0.048            0.000            0.000            0.000            0.000
nu                     0.198            0.116            0.000            0.000            0.000            0.000
phi                    0.966            0.025            0.000            0.553            0.643            0.683
eta                    0.398            0.075            0.000            0.000            0.000            0.000
xi                     0.890            0.056            0.000            0.000            0.000            0.000
nu_R                   0.493            0.028            0.000            0.001            0.001            0.000
sigma_ac               0.217            0.051            0.000            0.000            0.000            0.000
sigma_ai               4.536            1.054            0.000            0.000            0.000            0.000
Psi_K                  8.794            2.750            0.000            0.000            0.000            0.000
theta                  0.018            0.039            0.000            0.000            0.000            0.000
rho_g                  0.126            0.026            0.000            0.000            0.000            0.000
rho_Z                  0.946            0.025            0.000            0.000            0.000            0.000
rho_ZI                 0.930            0.045            0.000            0.889            0.912            0.922
rho_N                  0.910            0.122            0.000            0.075            0.171            0.252
rho_D                  0.755            0.041            0.000            0.000            0.000            0.000
rho_DI                 0.995            0.011            0.000            0.000            0.000            0.001
rho_b                  0.999            0.001            0.000            0.000            0.000            0.000
rho_mu                 0.975            0.015            0.000            0.428            0.538            0.597




Convergence diagnostics results for chain 2.

Geweke (1992) Convergence Tests, based on means of draws 345000 to 506000 vs 747500 to 1150000 for chain 2.
p-values are for Chi2-test for equality of means.
Parameter         Post. Mean        Post. Std   p-val No Taper   p-val 4% Taper   p-val 8% Taper  p-val 15% Taper
SE_e_g                 0.065            0.028            0.000            0.000            0.000            0.000
SE_e_Z                 0.020            0.012            0.000            0.000            0.000            0.000
SE_e_ZI                0.057            0.024            0.000            0.000            0.000            0.000
SE_e_N                 0.048            0.003            0.000            0.567            0.680            0.754
SE_e_D                 0.143            0.008            0.000            0.000            0.000            0.000
SE_e_DI                0.046            0.004            0.000            0.000            0.001            0.009
SE_e_b                 0.029            0.003            0.000            0.835            0.876            0.900
SE_e_mu                0.039            0.003            0.000            0.000            0.000            0.000
sigma                  1.894            0.173            0.000            0.000            0.000            0.000
ha                     0.610            0.043            0.000            0.000            0.000            0.000
nu                     0.173            0.104            0.000            0.098            0.206            0.309
phi                    0.933            0.032            0.000            0.000            0.001            0.009
eta                    0.470            0.079            0.000            0.000            0.000            0.000
xi                     0.803            0.021            0.000            0.056            0.164            0.287
nu_R                   0.493            0.027            0.000            0.470            0.541            0.577
sigma_ac               0.219            0.046            0.000            0.000            0.000            0.000
sigma_ai               4.865            1.107            0.000            0.000            0.000            0.000
Psi_K                  7.463            1.943            0.000            0.000            0.000            0.000
theta                  0.017            0.039            0.000            0.000            0.000            0.000
rho_g                  0.137            0.023            0.000            0.000            0.000            0.000
rho_Z                  0.959            0.023            0.000            0.012            0.062            0.142
rho_ZI                 0.886            0.059            0.000            0.000            0.001            0.009
rho_N                  0.905            0.120            0.000            0.508            0.583            0.605
rho_D                  0.716            0.037            0.000            0.000            0.000            0.000
rho_DI                 0.995            0.011            0.000            0.309            0.354            0.364
rho_b                  0.999            0.001            0.000            0.000            0.000            0.000
rho_mu                 0.970            0.016            0.000            0.871            0.904            0.924


Univariate convergence diagnostic, Brooks and Gelman (1998):
    Parameter 1...  Done! 
    Parameter 2...  Done! 
    Parameter 3...  Done! 
    Parameter 4...  Done! 
    Parameter 5...  Done! 
    Parameter 6...  Done! 
    Parameter 7...  Done! 
    Parameter 8...  Done! 
    Parameter 9...  Done! 
    Parameter 10...  Done! 
    Parameter 11...  Done! 
    Parameter 12...  Done! 
    Parameter 13...  Done! 
    Parameter 14...  Done! 
    Parameter 15...  Done! 
    Parameter 16...  Done! 
    Parameter 17...  Done! 
    Parameter 18...  Done! 
    Parameter 19...  Done! 
    Parameter 20...  Done! 
    Parameter 21...  Done! 
    Parameter 22...  Done! 
    Parameter 23...  Done! 
    Parameter 24...  Done! 
    Parameter 25...  Done! 
    Parameter 26...  Done! 
    Parameter 27...  Done! 

marginal density: I'm computing the posterior mean and covariance...  Done!
marginal density: I'm computing the posterior log marginal density (modified harmonic mean)... Done!


ESTIMATION RESULTS

Log data density (Modified Harmonic Mean) is 3136.490913.
parameters
           prior mean   post. mean        90% HPD interval    prior       pstdev

sigma           1.500       1.8885      1.6408      2.1066     beta       0.2500
ha              0.500       0.6482      0.5957      0.7148     beta       0.2000
nu              0.720       0.1569      0.1291      0.1860     gamm       0.2500
phi             0.320       0.9550      0.9049      0.9960     beta       0.2000
eta             0.200       0.3985      0.2874      0.5104     gamm       0.1500
xi              0.850       0.8551      0.7737      0.9618     gamm       0.1000
nu_R            0.200       0.4979      0.4952      0.5000     beta       0.1000
sigma_ac        1.000       0.2401      0.1860      0.2949     invg       1.0000
sigma_ai        1.000       5.2554      4.2565      5.9018     invg       1.0000
Psi_K           4.000       9.3740      7.4959     12.2518     gamm       1.0000
theta           1.000       0.0126      0.0026      0.0221     gamm       0.5000
rho_g           0.100       0.1435      0.1152      0.1646     beta       0.0500
rho_Z           0.600       0.9458      0.9058      0.9905     beta       0.2000
rho_ZI          0.600       0.9289      0.8639      0.9852     beta       0.2000
rho_N           0.600       0.9696      0.9439      0.9943     beta       0.2000
rho_D           0.600       0.7468      0.6901      0.8097     beta       0.2000
rho_DI          0.600       0.9957      0.9912      0.9999     beta       0.2000
rho_b           0.600       0.9988      0.9977      1.0000     beta       0.2000
rho_mu          0.600       0.9705      0.9431      0.9964     beta       0.2000

standard deviation of shocks
           prior mean   post. mean        90% HPD interval    prior       pstdev

e_g             0.010       0.0494      0.0262      0.0792     gamm       0.0100
e_Z             0.010       0.0137      0.0118      0.0152     gamm       0.0100
e_ZI            0.010       0.0426      0.0215      0.0645     gamm       0.0100
e_N             0.010       0.0426      0.0324      0.0507     gamm       0.0100
e_D             0.010       0.1493      0.1392      0.1629     gamm       0.0100
e_DI            0.010       0.0456      0.0409      0.0493     gamm       0.0100
e_b             0.010       0.0287      0.0247      0.0325     gamm       0.0100
e_mu            0.010       0.0394      0.0352      0.0438     gamm       0.0100

MODEL SUMMARY

  Number of variables:         104
  Number of stochastic shocks: 8
  Number of state variables:   32
  Number of jumpers:           20
  Number of static variables:  53


MATRIX OF COVARIANCE OF EXOGENOUS SHOCKS
Variables         e_g       e_Z      e_ZI       e_N       e_D      e_DI       e_b      e_mu
e_g          0.002439  0.000000  0.000000  0.000000  0.000000  0.000000  0.000000  0.000000
e_Z          0.000000  0.000187  0.000000  0.000000  0.000000  0.000000  0.000000  0.000000
e_ZI         0.000000  0.000000  0.001814  0.000000  0.000000  0.000000  0.000000  0.000000
e_N          0.000000  0.000000  0.000000  0.001819  0.000000  0.000000  0.000000  0.000000
e_D          0.000000  0.000000  0.000000  0.000000  0.022291  0.000000  0.000000  0.000000
e_DI         0.000000  0.000000  0.000000  0.000000  0.000000  0.002078  0.000000  0.000000
e_b          0.000000  0.000000  0.000000  0.000000  0.000000  0.000000  0.000821  0.000000
e_mu         0.000000  0.000000  0.000000  0.000000  0.000000  0.000000  0.000000  0.001556



THEORETICAL MOMENTS
VARIABLE            MEAN  STD. DEV.   VARIANCE
Y_obs             0.0000     0.0511     0.0026
Y_N_obs           0.0000     0.0506     0.0026
SR_obs            0.0000     0.0495     0.0025
I_obs             0.0000     0.1177     0.0139
p_I_obs           0.0000     0.0952     0.0091
C_obs             0.0000     0.0553     0.0031
NC_obs            0.0000     0.0227     0.0005
NI_obs            0.0000     0.0899     0.0081
util_ND_obs       0.0000     0.0388     0.0015
util_D_obs        0.0000     0.0972     0.0095
util_obs          0.0000     0.0312     0.0010
D_obs             0.0000     0.0462     0.0021
h_obs             0.0000     0.1273     0.0162
tech_obs          0.0000     0.0526     0.0028



VARIANCE DECOMPOSITION (in percent)
                  e_g     e_Z    e_ZI     e_N     e_D    e_DI     e_b    e_mu
Y_obs           53.17   30.78    2.72    0.00    5.53    2.91    4.89    0.00
Y_N_obs         57.20   27.11    2.69    1.31    4.10    2.57    3.93    1.09
SR_obs          58.62   26.02    2.34    0.61    3.86    2.31    5.74    0.50
I_obs            3.60   39.22   12.14    0.00   13.13    9.66   22.25    0.00
p_I_obs          1.16   10.62   50.57    0.00   13.42   22.91    1.30    0.00
C_obs           63.44   12.22    1.72    0.00    2.44    1.54   18.64    0.00
NC_obs           4.95    7.07   24.58    6.58    8.73    6.30   36.00    5.79
NI_obs           6.32    8.24   36.32    0.42    8.93    9.11   30.32    0.33
util_ND_obs     11.17   46.35    3.04    0.00    3.14    2.87   33.43    0.00
util_D_obs       7.35   10.90   22.07    0.00   18.91   13.66   27.11    0.00
util_obs         3.36   45.44   16.03    0.00   12.12    6.31   16.73    0.00
D_obs            0.49    1.87    0.75    0.00   95.89    0.43    0.57    0.00
h_obs            3.28   15.40    3.65    0.00   68.32    2.00    7.34    0.00
tech_obs        89.92    7.37    2.72   -0.00   -0.00    0.00   -0.00   -0.00



MATRIX OF CORRELATIONS
Variables            Y_obs      Y_N_obs       SR_obs        I_obs      p_I_obs        C_obs       NC_obs       NI_obs  util_ND_obs   util_D_obs     util_obs        D_obs        h_obs     tech_obs
Y_obs               1.0000       0.9847       0.9538       0.5019      -0.1784       0.8877       0.1578      -0.0887       0.4985       0.0578       0.5331       0.1762       0.1839       0.7886
Y_N_obs             0.9847       1.0000       0.9649       0.4850      -0.1892       0.8791       0.1126      -0.1293       0.4779       0.0232       0.4910       0.1333       0.1940       0.8149
SR_obs              0.9538       0.9649       1.0000       0.5054      -0.2000       0.8325       0.0907      -0.0963       0.5157       0.0553       0.5487       0.1421       0.2257       0.8245
I_obs               0.5019       0.4850       0.5054       1.0000      -0.5812       0.0473      -0.3300       0.3949      -0.1374       0.6992       0.2994       0.3199      -0.1466       0.2610
p_I_obs            -0.1784      -0.1892      -0.2000      -0.5812       1.0000       0.1034      -0.3757       0.4052       0.0871      -0.1144       0.0154      -0.3262       0.4196      -0.0746
C_obs               0.8877       0.8791       0.8325       0.0473       0.1034       1.0000       0.3579      -0.3127       0.6489      -0.3054       0.4563       0.0332       0.2904       0.7718
NC_obs              0.1578       0.1126       0.0907      -0.3300      -0.3757       0.3579       1.0000      -0.8790       0.4168      -0.6797      -0.0087       0.1532      -0.1795       0.1425
NI_obs             -0.0887      -0.1293      -0.0963       0.3949       0.4052      -0.3127      -0.8790       1.0000      -0.3492       0.7857       0.1422      -0.0294       0.1581      -0.1960
util_ND_obs         0.4985       0.4779       0.5157      -0.1374       0.0871       0.6489       0.4168      -0.3492       1.0000      -0.3082       0.8046       0.0685       0.4997       0.1755
util_D_obs          0.0578       0.0232       0.0553       0.6992      -0.1144      -0.3054      -0.6797       0.7857      -0.3082       1.0000       0.3169       0.3891      -0.2116      -0.1874
util_obs            0.5331       0.4910       0.5487       0.2994       0.0154       0.4563      -0.0087       0.1422       0.8046       0.3169       1.0000       0.3112       0.3661       0.0581
D_obs               0.1762       0.1333       0.1421       0.3199      -0.3262       0.0332       0.1532      -0.0294       0.0685       0.3891       0.3112       1.0000      -0.7517      -0.0522
h_obs               0.1839       0.1940       0.2257      -0.1466       0.4196       0.2904      -0.1795       0.1581       0.4997      -0.2116       0.3661      -0.7517       1.0000       0.0907
tech_obs            0.7886       0.8149       0.8245       0.2610      -0.0746       0.7718       0.1425      -0.1960       0.1755      -0.1874       0.0581      -0.0522       0.0907       1.0000



COEFFICIENTS OF AUTOCORRELATION
Order                1        2        3        4        5
Y_obs           0.4681   0.3551   0.3020   0.2588   0.2196
Y_N_obs         0.4177   0.3082   0.2620   0.2258   0.1928
SR_obs          0.4154   0.3064   0.2626   0.2289   0.1985
I_obs           0.7763   0.5934   0.4466   0.3311   0.2420
p_I_obs         0.0688   0.0539   0.0445   0.0383   0.0341
C_obs           0.3505   0.2293   0.1854   0.1548   0.1291
NC_obs          0.3330   0.2670   0.2111   0.1633   0.1235
NI_obs          0.3107   0.2316   0.1712   0.1233   0.0857
util_ND_obs     0.5330   0.4164   0.3264   0.2518   0.1905
util_D_obs      0.5100   0.3525   0.2367   0.1505   0.0877
util_obs        0.5529   0.4583   0.3793   0.3127   0.2576
D_obs          -0.0731  -0.0512  -0.0369  -0.0277  -0.0218
h_obs           0.0249   0.0308   0.0389   0.0457   0.0511
tech_obs        0.1426   0.0302   0.0126   0.0088   0.0071
[Warning: Exported image displays axes toolbar. To remove axes toolbar from image, export again.] 
Total computing time : 4h10m47s
Note: 4 warning(s) encountered in the preprocessor
Note: warning(s) encountered in MATLAB/Octave code
