Starting Dynare (version 6.3).
Calling Dynare with arguments: none
Starting preprocessing of the model file ... 
WARNING: in the 'steady_state_model' block, variable 'log_h' is not assigned a value 
WARNING: in the 'steady_state_model' block, variable 'log_tech' is not assigned a value 
WARNING: in the 'steady_state_model' block, variable 'tech_obs' is not assigned a value 
WARNING: in the 'steady_state_model' block, variable 'h_obs' is not assigned a value 
Found 105 equation(s). 
Evaluating expressions... 
Computing static model derivatives (order 1). 
Normalizing the static model... 
Finding the optimal block decomposition of the static model... 
12 block(s) found: 
  10 recursive block(s) and 2 simultaneous block(s). 
  the largest simultaneous block has 39 equation(s) 
                                 and 39 feedback variable(s). 
Computing dynamic model derivatives (order 1). 
Normalizing the dynamic model... 
Finding the optimal block decomposition of the dynamic model... 
4 block(s) found: 
  2 recursive block(s) and 2 simultaneous block(s). 
  the largest simultaneous block has 50 equation(s) 
                                 and 43 feedback variable(s). 
Preprocessing completed. 
Preprocessing time: 0h00m00s.


Residuals of the static equations:
Equation number   1: Labor composite                                    :       0.000000
Equation number   2: Labor leisure:C                                    :       0.000000
Equation number   3: Labor leisure:I                                    :       0.000000
Equation number   4: Marginal utility of wealth                         :       0.000000
Equation number   5: Demand curve: mc                                   :       0.000000
Equation number   6: Demand curve: sc                                   :       0.000000
Equation number   7: Shopping:mc                                        :       0.000000
Equation number   8: Shopping:sc                                        :       0.000000
Equation number   9: Shopping:I                                         :       0.000000
Equation number  10: Composite utility term                             :       0.000000
Equation number  11: Consumption CES aggregator                         :       0.000000
Equation number  12: Investment adjustment cost function:mc             :       0.000000
Equation number  13: Investment adjustment cost function:mc             :       0.000000
Equation number  14: Investment adjustment cost function:I              :       0.000000
Equation number  15: Investment adjustment cost function: derivative mc :       0.000000
Equation number  16: Investment adjustment cost function: derivative mc :       0.000000
Equation number  17: Investment adjustment cost function: derivative I  :       0.000000
Equation number  18: Investment growth:mc                               :       0.000000
Equation number  19: Investment growth:mc                               :       0.000000
Equation number  20: Investment growth:I                                :       0.000000
Equation number  21: Depreciation rate: mc                              :       0.000000
Equation number  22: Depreciation rate: sc                              :       0.000000
Equation number  23: Depreciation rate: I                               :       0.000000
Equation number  24: Depreciation rate derivative: mc                   :       0.000000
Equation number  25: Depreciation rate derivative: sc                   :       0.000000
Equation number  26: Depreciation rate derivative: I                    :       0.000000
Equation number  27: Tobins Q: mc                                       :       0.000000
Equation number  28: Tobins Q: sc                                       :       0.000000
Equation number  29: Tobins Q: I                                        :       0.000000
Equation number  30: Euler equation: mc                                 :       0.000000
Equation number  31: Euler equation: sc                                 :       0.000000
Equation number  32: Euler equation: I                                  :       0.000000
Equation number  33: Utilization: mc                                    :       0.000000
Equation number  34: Utilization: sc                                    :       0.000000
Equation number  35: Utilization: I                                     :       0.000000
Equation number  36: Non-durable goods production                       :       0.000000
Equation number  37: Services production                                :       0.000000
Equation number  38: Investment production                              :       0.000000
Equation number  39: Capital law of motion:mc                           :       0.000000
Equation number  40: Capital law of motion:sc                           :       0.000000
Equation number  41: Capital law of motion:I                            :       0.000000
Equation number  42: Labor demand:mc                                    :       0.000000
Equation number  43: Labor demand:sc                                    :       0.000000
Equation number  44: Labor demand:I                                     :       0.000000
Equation number  45: Capital demand:mc                                  :       0.000000
Equation number  46: Capital demand:sc                                  :       0.000000
Equation number  47: Capital demand:I                                   :       0.000000
Equation number  48: Labor composition                                  :       0.000000
Equation number  49: Labor composition: C                               :       0.000000
Equation number  50: Capital composition                                :       0.000000
Equation number  51: Investment composition                             :       0.000000
Equation number  52: Shopping composition                               :       0.000000
Equation number  53: Capital utilization composition                    :       0.000000
Equation number  54: Aggregate wage                                     :       0.000000
Equation number  55: Output (base-year prices)                          :       0.000000
Equation number  56: Solow residual                                     :       0.000000
Equation number  57: Capacity utilization                               :       0.000000
Equation number  58: util_sc                                            :       0.000000
Equation number  59: util_D                                             :       0.000000
Equation number  60: util                                               :       0.000000
Equation number  61: General technology measure                         :       0.000000
Equation number  62: stochastic trend process                           :       0.000000
Equation number  63: Stationary TFP process                             :       0.000000
Equation number  64: Independent component of I-specific tech           :       0.000000
Equation number  65: Investment-specific TFP process                    :       0.000000
Equation number  66: Labor supply process                               :       0.000000
Equation number  67: Shopping effort process                            :       0.000000
Equation number  68: Relative shopping effort process                   :       0.000000
Equation number  69: Consumption preference process                     :       0.000000
Equation number  70: Wage-markup process: C                             :       0.000000
Equation number  71: Wage-markup process: I                             :       0.000000
Equation number  72: Definition log output                              :       0.000000
Equation number  73: Definition log consumption                         :       0.000000
Equation number  74: Definition log investment                          :       0.000000
Equation number  75: Definition log hours                               :       0.000000
Equation number  76: log_NC                                             :       0.000000
Equation number  77: log_NI                                             :       0.000000
Equation number  78: log capital                                        :       0.000000
Equation number  79: Definition log labor productivity                  :       0.000000
Equation number  80: Definition log shopping effort                     :       0.000000
Equation number  81: Definition log capital utilization                 :       0.000000
Equation number  82: Definition of log relative investment  price       :       0.000000
Equation number  83: Definition of log capacity utilization             :       0.000000
Equation number  84: log_util_ND                                        :       0.000000
Equation number  85: log_util_D                                         :       0.000000
Equation number  86: Definition of log wages                            :       0.000000
Equation number  87: Definition of log Solow residual                   :       0.000000
Equation number  88: Definition of log technology                       :       0.000000
Equation number  89: C_obs                                              :       0.000000
Equation number  90: I_obs                                              :       0.000000
Equation number  91: Y_obs                                              :       0.000000
Equation number  92: Y_N_obs                                            :       0.000000
Equation number  93: K_obs                                              :       0.000000
Equation number  94: w_obs                                              :       0.000000
Equation number  95: SR_obs                                             :       0.000000
Equation number  96: tech_obs                                           :       0.000000
Equation number  97: p_I_obs                                            :       0.000000
Equation number  98: N_obs                                              :       0.000000
Equation number  99: NC_obs                                             :       0.000000
Equation number 100: NI_obs                                             :       0.000000
Equation number 101: util_ND_obs                                        :       0.000000
Equation number 102: util_D_obs                                         :       0.000000
Equation number 103: util_obs                                           :       0.000000
Equation number 104: D_obs                                              :       0.000000
Equation number 105: h_obs                                              :       0.000000



STEADY-STATE RESULTS:

Y           		 1
C           		 0.8
Y_mc        		 0.28
Y_sc        		 0.52
SR          		 1.01547
I           		 0.2
I_mc        		 0.056
I_sc        		 0.104
I_I         		 0.04
K           		 11.0496
K_mc        		 3.09389
K_sc        		 5.7458
K_I         		 2.20992
N           		 0.3
N_mc        		 0.084
N_sc        		 0.156
N_C         		 0.24
N_I         		 0.06
N_comp      		 0.3
Z_C         		 0
u_ZI        		 0
Z_I         		 0
tech        		 1
theta_N     		 0
theta_D     		 0
theta_I     		 0
theta_b     		 0
mu_C        		 0
mu_I        		 0
R_mc        		 0.0483892
R_sc        		 0.0483892
R_I         		 0.0483892
W_C         		 2.23333
W_I         		 2.23333
W           		 2.23333
h_mc        		 1
h_sc        		 1
h_I         		 1
h           		 1
delta_mc    		 0.0136717
delta_sc    		 0.0136717
delta_I     		 0.0136717
delta_mc_pr 		 0.0329046
delta_sc_pr 		 0.0329046
delta_I_pr  		 0.0329046
Smc         		 0
Ssc         		 0
Si          		 0
Smc_pr      		 0
Ssc_pr      		 0
Si_pr       		 0
D           		 0.827037
D_mc        		 0.23157
D_sc        		 0.430059
D_I         		 0.165407
Gam         		 0.580826
p_mc        		 1
p_sc        		 1
p_I         		 1
lam         		 2.01565
Q_mc        		 1.47059
Q_sc        		 1.47059
Q_I         		 1.47059
x_mc        		 1.00451
x_sc        		 1.00451
x_I         		 1.00451
log_SR      		 0
util        		 0.81
util_ND     		 0.81
util_sc     		 0.81
util_D      		 0.81
g           		 0.0045
log_Y       		 0
log_C       		 0
log_I       		 0
log_N       		 0
log_NC      		 0
log_NI      		 0
log_K       		 0
log_Y_N     		 0
log_D       		 0
log_h       		 0
log_p_I     		 0
log_util    		 0
log_util_ND 		 0
log_util_D  		 0
log_W       		 0
log_tech    		 0
C_obs       		 0
I_obs       		 0
Y_obs       		 0
SR_obs      		 0
Y_N_obs     		 0
p_I_obs     		 0
N_obs       		 0
NC_obs      		 0
NI_obs      		 0
util_ND_obs 		 0
util_D_obs  		 0
util_obs    		 0
tech_obs    		 0
w_obs       		 0
D_obs       		 0
h_obs       		 0
K_obs       		 0

EIGENVALUES:
         Modulus             Real        Imaginary
               0                0                0
               0                0                0
       2.001e-19       -2.001e-19                0
        9.79e-19        -9.79e-19                0
       1.658e-18       -1.658e-18                0
       2.664e-18        2.664e-18                0
       8.391e-18        8.391e-18                0
       1.533e-17       -1.533e-17                0
       1.821e-17       -1.821e-17                0
       3.201e-17        3.201e-17                0
       4.424e-17       -4.424e-17                0
       4.525e-17       -4.525e-17                0
       5.766e-17        5.766e-17                0
       1.204e-16        1.204e-16                0
       1.933e-16        1.933e-16                0
       2.808e-16       -2.808e-16                0
       4.891e-16       -4.891e-16                0
       1.417e-15        1.417e-15                0
             0.1              0.1                0
          0.5872           0.5872                0
             0.9              0.9                0
             0.9              0.9                0
             0.9              0.9                0
             0.9              0.9                0
             0.9              0.9                0
             0.9              0.9                0
             0.9              0.9                0
             0.9              0.9                0
          0.9387           0.9364          0.06531
          0.9387           0.9364         -0.06531
          0.9407           0.9386          0.06309
          0.9407           0.9386         -0.06309
          0.9932           0.9932                0
           1.022            1.022                0
           1.079            1.076          0.07234
           1.079            1.076         -0.07234
           1.081            1.078           0.0752
           1.081            1.078          -0.0752
           1.728            1.728                0
       1.698e+16        1.698e+16                0
       1.048e+17        1.048e+17                0
       1.296e+17        1.296e+17                0
       1.334e+17        1.334e+17                0
       1.408e+17        1.408e+17                0
       3.093e+17        3.093e+17                0
       3.649e+17        3.649e+17                0
       3.781e+17        3.781e+17                0
       2.521e+18       -2.521e+18                0
       3.168e+18        3.168e+18                0
       2.722e+19       -2.722e+19                0
       5.317e+45        5.317e+45                0
       2.058e+46       -2.058e+46                0
             Inf             -Inf                0

There are 20 eigenvalue(s) larger than 1 in modulus for 20 forward-looking variable(s)
The rank condition is verified.


Initial value of the log posterior (or likelihood): 4781.1554

MODE CHECK

Fval obtained by the optimization routine: -4781.155390

RESULTS FROM POSTERIOR ESTIMATION
parameters
         prior mean     mode    s.d.  prior pstdev

sigma        1.5000   1.8535  0.2014   beta 0.2500 
ha           0.5000   0.6894  0.0178   beta 0.2000 
nu           0.7200   1.2736  0.1286   gamm 0.2500 
phi          0.3200   0.9077  0.0249   beta 0.2000 
eta          0.2000   0.2715  0.0229   gamm 0.1500 
xi           0.8500   0.7261  0.0525   gamm 0.1000 
nu_R         0.2000   0.1211  0.0435   beta 0.1000 
sigma_ac     1.0000   1.8959  0.2315   invg 1.0000 
sigma_ai     1.0000   0.2936  0.0503   invg 1.0000 
Psi_K        4.0000   7.8831  0.3221   gamm 1.0000 
theta        1.0000   1.5562  0.0946   gamm 0.5000 
rho_g        0.1000   0.2472  0.0537   beta 0.0500 
rho_Z        0.6000   0.7475  0.0655   beta 0.2000 
rho_ZI       0.6000   0.8086  0.0312   beta 0.2000 
rho_N        0.6000   0.9000  0.0365   beta 0.2000 
rho_D        0.6000   0.8809  0.0261   beta 0.2000 
rho_DI       0.6000   0.9374  0.0307   beta 0.2000 
rho_b        0.6000   0.9182  0.0249   beta 0.2000 
rho_muC      0.6000   0.9151  0.0473   beta 0.2000 
rho_muI      0.6000   0.9453  0.0155   beta 0.2000 

standard deviation of shocks
         prior mean     mode    s.d.  prior pstdev

e_g          0.0100   0.0039  0.0003   gamm 0.0100 
e_Z          0.0100   0.0083  0.0005   gamm 0.0100 
e_ZI         0.0100   0.0189  0.0012   gamm 0.0100 
e_N          0.0100   0.0063  0.0009   gamm 0.0100 
e_D          0.0100   0.0960  0.0068   gamm 0.0100 
e_DI         0.0100   0.0141  0.0008   gamm 0.0100 
e_b          0.0100   0.0113  0.0033   gamm 0.0100 
e_muC        0.0100   0.0015  0.0013   gamm 0.0100 
e_muI        0.0100   0.0268  0.0015   gamm 0.0100 


Log data density [Laplace approximation] is 4678.866120.

Estimation::mcmc: Total number of MH draws per chain: 400000.
Estimation::mcmc: Total number of generated MH files: 1.
Estimation::mcmc: I'll use mh-files 1 to 1.
Estimation::mcmc: In MH-file number 1 I'll start at line 120001.
Estimation::mcmc: Finally I keep 280000 draws per chain.



MCMC Inefficiency factors per block
Parameter       Block 1     Block 2
SE_e_g          239.927     262.383
SE_e_Z          494.399     536.995
SE_e_ZI         661.513     686.680
SE_e_N          691.165     618.287
SE_e_D          747.020     745.824
SE_e_DI         593.807     606.140
SE_e_b          739.813     734.498
SE_e_muC        703.604     681.323
SE_e_muI        698.136     705.294
sigma           747.242     737.960
ha              706.077     683.723
nu              745.603     743.383
phi             672.066     698.217
eta             715.889     704.005
xi              741.329     746.749
nu_R            741.334     745.690
sigma_ac        724.414     729.941
sigma_ai        529.440     482.915
Psi_K           740.406     736.144
theta           720.263     716.015
rho_g           743.274     748.745
rho_Z           743.277     723.533
rho_ZI          712.632     696.354
rho_N           726.239     707.405
rho_D           696.566     684.333
rho_DI          692.783     711.129
rho_b           702.987     695.218
rho_muC         736.921     694.306
rho_muI         595.452     609.714



Convergence diagnostics results for chain 1.

Geweke (1992) Convergence Tests, based on means of draws 120000 to 176000 vs 260000 to 400000 for chain 1.
p-values are for Chi2-test for equality of means.
Parameter         Post. Mean        Post. Std   p-val No Taper   p-val 4% Taper   p-val 8% Taper  p-val 15% Taper
SE_e_g                 0.004            0.000            0.000            0.367            0.430            0.450
SE_e_Z                 0.008            0.001            0.000            0.183            0.283            0.381
SE_e_ZI                0.018            0.001            0.000            0.000            0.000            0.000
SE_e_N                 0.006            0.001            0.000            0.002            0.015            0.048
SE_e_D                 0.100            0.010            0.000            0.000            0.000            0.000
SE_e_DI                0.014            0.001            0.000            0.062            0.110            0.090
SE_e_b                 0.011            0.003            0.000            0.301            0.443            0.545
SE_e_muC               0.002            0.001            0.000            0.850            0.883            0.900
SE_e_muI               0.027            0.002            0.000            0.124            0.208            0.269
sigma                  1.579            0.212            0.000            0.000            0.000            0.000
ha                     0.713            0.024            0.000            0.000            0.000            0.000
nu                     1.263            0.135            0.000            0.000            0.000            0.000
phi                    0.909            0.026            0.000            0.748            0.779            0.781
eta                    0.246            0.032            0.000            0.000            0.000            0.000
xi                     0.797            0.048            0.000            0.000            0.000            0.001
nu_R                   0.137            0.041            0.000            0.000            0.000            0.003
sigma_ac               2.080            0.236            0.000            0.663            0.726            0.758
sigma_ai               0.296            0.051            0.000            0.123            0.215            0.269
Psi_K                  7.569            0.474            0.000            0.000            0.000            0.000
theta                  1.555            0.104            0.000            0.204            0.303            0.342
rho_g                  0.336            0.026            0.000            0.670            0.752            0.798
rho_Z                  0.711            0.072            0.000            0.000            0.006            0.022
rho_ZI                 0.827            0.031            0.000            0.001            0.011            0.036
rho_N                  0.925            0.039            0.000            0.043            0.119            0.188
rho_D                  0.880            0.027            0.000            0.713            0.771            0.808
rho_DI                 0.936            0.027            0.000            0.040            0.103            0.136
rho_b                  0.916            0.025            0.000            0.054            0.142            0.231
rho_muC                0.884            0.071            0.000            0.895            0.917            0.929
rho_muI                0.960            0.016            0.582            0.988            0.988            0.987




Convergence diagnostics results for chain 2.

Geweke (1992) Convergence Tests, based on means of draws 120000 to 176000 vs 260000 to 400000 for chain 2.
p-values are for Chi2-test for equality of means.
Parameter         Post. Mean        Post. Std   p-val No Taper   p-val 4% Taper   p-val 8% Taper  p-val 15% Taper
SE_e_g                 0.004            0.000            0.000            0.391            0.397            0.338
SE_e_Z                 0.008            0.001            0.000            0.000            0.003            0.014
SE_e_ZI                0.018            0.001            0.000            0.000            0.000            0.000
SE_e_N                 0.006            0.001            0.000            0.436            0.512            0.536
SE_e_D                 0.096            0.007            0.000            0.000            0.001            0.009
SE_e_DI                0.015            0.001            0.000            0.106            0.132            0.132
SE_e_b                 0.012            0.005            0.000            0.571            0.671            0.729
SE_e_muC               0.002            0.001            0.000            0.070            0.122            0.136
SE_e_muI               0.027            0.002            0.000            0.018            0.051            0.067
sigma                  1.773            0.121            0.000            0.422            0.549            0.633
ha                     0.700            0.017            0.000            0.007            0.045            0.116
nu                     1.275            0.112            0.000            0.000            0.000            0.001
phi                    0.909            0.028            0.000            0.197            0.304            0.380
eta                    0.262            0.026            0.000            0.002            0.021            0.070
xi                     0.805            0.054            0.000            0.000            0.000            0.000
nu_R                   0.135            0.051            0.000            0.001            0.013            0.056
sigma_ac               1.992            0.213            0.000            0.623            0.703            0.745
sigma_ai               0.291            0.047            0.000            0.063            0.124            0.191
Psi_K                  7.821            0.441            0.000            0.002            0.021            0.071
theta                  1.530            0.105            0.000            0.000            0.000            0.001
rho_g                  0.298            0.053            0.000            0.000            0.000            0.000
rho_Z                  0.744            0.046            0.000            0.651            0.711            0.725
rho_ZI                 0.820            0.030            0.000            0.742            0.782            0.801
rho_N                  0.922            0.036            0.000            0.026            0.087            0.160
rho_D                  0.884            0.026            0.000            0.259            0.375            0.459
rho_DI                 0.924            0.033            0.000            0.005            0.028            0.067
rho_b                  0.919            0.024            0.000            0.382            0.513            0.601
rho_muC                0.884            0.092            0.000            0.048            0.127            0.200
rho_muI                0.961            0.016            0.000            0.139            0.170            0.150


Univariate convergence diagnostic, Brooks and Gelman (1998):
    Parameter 1...  Done! 
    Parameter 2...  Done! 
    Parameter 3...  Done! 
    Parameter 4...  Done! 
    Parameter 5...  Done! 
    Parameter 6...  Done! 
    Parameter 7...  Done! 
    Parameter 8...  Done! 
    Parameter 9...  Done! 
    Parameter 10...  Done! 
    Parameter 11...  Done! 
    Parameter 12...  Done! 
    Parameter 13...  Done! 
    Parameter 14...  Done! 
    Parameter 15...  Done! 
    Parameter 16...  Done! 
    Parameter 17...  Done! 
    Parameter 18...  Done! 
    Parameter 19...  Done! 
    Parameter 20...  Done! 
    Parameter 21...  Done! 
    Parameter 22...  Done! 
    Parameter 23...  Done! 
    Parameter 24...  Done! 
    Parameter 25...  Done! 
    Parameter 26...  Done! 
    Parameter 27...  Done! 
    Parameter 28...  Done! 
    Parameter 29...  Done! 

marginal density: I'm computing the posterior mean and covariance...  Done!
marginal density: I'm computing the posterior log marginal density (modified harmonic mean)... Done!


ESTIMATION RESULTS

Log data density (Modified Harmonic Mean) is 4678.006376.
parameters
           prior mean   post. mean        90% HPD interval    prior       pstdev

sigma           1.500       1.6308      1.2400      1.8545     beta       0.2500
ha              0.500       0.7154      0.6887      0.7456     beta       0.2000
nu              0.720       1.2964      1.0907      1.4985     gamm       0.2500
phi             0.320       0.9117      0.8720      0.9545     beta       0.2000
eta             0.200       0.2409      0.2027      0.2760     gamm       0.1500
xi              0.850       0.8041      0.7166      0.8924     gamm       0.1000
nu_R            0.200       0.1274      0.0694      0.2100     beta       0.1000
sigma_ac        1.000       2.0585      1.6854      2.4734     invg       1.0000
sigma_ai        1.000       0.2959      0.2162      0.3740     invg       1.0000
Psi_K           4.000       7.7848      7.2581      8.3043     gamm       1.0000
theta           1.000       1.5383      1.3801      1.6858     gamm       0.5000
rho_g           0.100       0.3158      0.2206      0.3865     beta       0.0500
rho_Z           0.600       0.7399      0.6478      0.8502     beta       0.2000
rho_ZI          0.600       0.8201      0.7688      0.8703     beta       0.2000
rho_N           0.600       0.9111      0.8514      0.9687     beta       0.2000
rho_D           0.600       0.8851      0.8438      0.9273     beta       0.2000
rho_DI          0.600       0.9300      0.8831      0.9828     beta       0.2000
rho_b           0.600       0.9183      0.8779      0.9575     beta       0.2000
rho_muC         0.600       0.9160      0.8345      0.9786     beta       0.2000
rho_muI         0.600       0.9593      0.9355      0.9864     beta       0.2000

standard deviation of shocks
           prior mean   post. mean        90% HPD interval    prior       pstdev

e_g             0.010       0.0041      0.0036      0.0046     gamm       0.0100
e_Z             0.010       0.0083      0.0074      0.0091     gamm       0.0100
e_ZI            0.010       0.0185      0.0165      0.0203     gamm       0.0100
e_N             0.010       0.0059      0.0046      0.0073     gamm       0.0100
e_D             0.010       0.1021      0.0895      0.1116     gamm       0.0100
e_DI            0.010       0.0145      0.0132      0.0158     gamm       0.0100
e_b             0.010       0.0106      0.0053      0.0156     gamm       0.0100
e_muC           0.010       0.0019      0.0001      0.0038     gamm       0.0100
e_muI           0.010       0.0268      0.0242      0.0292     gamm       0.0100

MODEL SUMMARY

  Number of variables:         105
  Number of stochastic shocks: 9
  Number of state variables:   33
  Number of jumpers:           20
  Number of static variables:  53


MATRIX OF COVARIANCE OF EXOGENOUS SHOCKS
Variables         e_g       e_Z      e_ZI       e_N       e_D      e_DI       e_b     e_muC     e_muI
e_g          0.000017  0.000000  0.000000  0.000000  0.000000  0.000000  0.000000  0.000000  0.000000
e_Z          0.000000  0.000069  0.000000  0.000000  0.000000  0.000000  0.000000  0.000000  0.000000
e_ZI         0.000000  0.000000  0.000343  0.000000  0.000000  0.000000  0.000000  0.000000  0.000000
e_N          0.000000  0.000000  0.000000  0.000035  0.000000  0.000000  0.000000  0.000000  0.000000
e_D          0.000000  0.000000  0.000000  0.000000  0.010430  0.000000  0.000000  0.000000  0.000000
e_DI         0.000000  0.000000  0.000000  0.000000  0.000000  0.000211  0.000000  0.000000  0.000000
e_b          0.000000  0.000000  0.000000  0.000000  0.000000  0.000000  0.000112  0.000000  0.000000
e_muC        0.000000  0.000000  0.000000  0.000000  0.000000  0.000000  0.000000  0.000004  0.000000
e_muI        0.000000  0.000000  0.000000  0.000000  0.000000  0.000000  0.000000  0.000000  0.000717



THEORETICAL MOMENTS
VARIABLE            MEAN  STD. DEV.   VARIANCE
Y_obs             0.0000     0.0130     0.0002
Y_N_obs           0.0000     0.0091     0.0001
SR_obs            0.0000     0.0093     0.0001
I_obs             0.0000     0.0383     0.0015
p_I_obs           0.0000     0.0280     0.0008
C_obs             0.0000     0.0088     0.0001
NC_obs            0.0000     0.0065     0.0000
NI_obs            0.0000     0.0228     0.0005
util_ND_obs       0.0000     0.0109     0.0001
util_D_obs        0.0000     0.0351     0.0012
util_obs          0.0000     0.0126     0.0002
D_obs             0.0000     0.0223     0.0005
h_obs             0.0000     0.0478     0.0023
tech_obs          0.0000     0.0103     0.0001



VARIANCE DECOMPOSITION (in percent)
                  e_g     e_Z    e_ZI     e_N     e_D    e_DI     e_b   e_muC   e_muI
Y_obs            5.85   20.85    2.45    0.01   67.92    2.17    0.74    0.00    0.02
Y_N_obs         16.93   17.18    9.31   13.61   26.70    4.65    0.48    0.91   10.22
SR_obs          14.78   20.67    7.04    5.82   42.46    4.11    0.44    0.38    4.29
I_obs            0.30   22.81    8.19    0.01   56.51    6.13    6.04    0.00    0.01
p_I_obs          0.02   24.55   39.00    0.00   18.49   17.65    0.25    0.00    0.04
C_obs           18.01   10.36    0.37    0.01   59.95    0.30   10.89    0.01    0.09
NC_obs           0.53    7.02    0.67   27.82   54.98    0.28    3.62    2.74    2.34
NI_obs           0.60   12.55    5.80    2.44   50.25    1.58    2.00    0.02   24.76
util_ND_obs      1.01   61.40    0.11    0.02   30.75    0.06    6.60    0.00    0.04
util_D_obs       0.60    2.92   20.75    0.00   61.53    7.16    6.98    0.00    0.05
util_obs         0.10   27.69    7.09    0.01   62.49    2.12    0.49    0.00    0.01
D_obs            0.01    0.23    0.05    0.00   99.68    0.02    0.01    0.00    0.00
h_obs            0.13   19.64    3.11    0.01   75.80    1.11    0.19    0.00    0.00
tech_obs        17.27   68.62   14.10    0.00   -0.00    0.00   -0.00    0.00    0.00



MATRIX OF CORRELATIONS
Variables            Y_obs      Y_N_obs       SR_obs        I_obs      p_I_obs        C_obs       NC_obs       NI_obs  util_ND_obs   util_D_obs     util_obs        D_obs        h_obs     tech_obs
Y_obs               1.0000       0.7190       0.8918       0.8892      -0.1450       0.8685       0.7155       0.5860       0.3385       0.7008       0.6273       0.6198      -0.3031       0.4079
Y_N_obs             0.7190       1.0000       0.9484       0.6168      -0.4882       0.6489       0.0947      -0.0682       0.2991       0.3251       0.3898       0.1719       0.0542       0.4126
SR_obs              0.8918       0.9484       1.0000       0.7930      -0.3563       0.7746       0.3590       0.2252       0.3053       0.5135       0.4995       0.4112      -0.1556       0.4732
I_obs               0.8892       0.6168       0.7930       1.0000      -0.2232       0.5455       0.5841       0.6258       0.1447       0.7713       0.5321       0.6302      -0.4023       0.3683
p_I_obs            -0.1450      -0.4882      -0.3563      -0.2232       1.0000      -0.0239       0.1375       0.4096      -0.2395       0.1944      -0.0577       0.3536      -0.4148      -0.0862
C_obs               0.8685       0.6489       0.7746       0.5455      -0.0239       1.0000       0.6778       0.3955       0.4634       0.4481       0.5728       0.4525      -0.1193       0.3481
NC_obs              0.7155       0.0947       0.3590       0.5841       0.1375       0.6778       1.0000       0.7041       0.3236       0.5631       0.5400       0.6201      -0.3506       0.1329
NI_obs              0.5860      -0.0682       0.2252       0.6258       0.4096       0.3955       0.7041       1.0000      -0.0063       0.6988       0.3866       0.7104      -0.5708       0.1809
util_ND_obs         0.3385       0.2991       0.3053       0.1447      -0.2395       0.4634       0.3236      -0.0063       1.0000       0.2621       0.8417       0.3192       0.2506      -0.5651
util_D_obs          0.7008       0.3251       0.5135       0.7713       0.1944       0.4481       0.5631       0.6988       0.2621       1.0000       0.7416       0.6612      -0.2835      -0.0809
util_obs            0.6273       0.3898       0.4995       0.5321      -0.0577       0.5728       0.5400       0.3866       0.8417       0.7416       1.0000       0.5918       0.0156      -0.4381
D_obs               0.6198       0.1719       0.4112       0.6302       0.3536       0.4525       0.6201       0.7104       0.3192       0.6612       0.5918       1.0000      -0.7860       0.0263
h_obs              -0.3031       0.0542      -0.1556      -0.4023      -0.4148      -0.1193      -0.3506      -0.5708       0.2506      -0.2835       0.0156      -0.7860       1.0000      -0.3681
tech_obs            0.4079       0.4126       0.4732       0.3683      -0.0862       0.3481       0.1329       0.1809      -0.5651      -0.0809      -0.4381       0.0263      -0.3681       1.0000



COEFFICIENTS OF AUTOCORRELATION
Order                1        2        3        4        5
Y_obs           0.6083   0.3460   0.1675   0.0472  -0.0316
Y_N_obs         0.4226   0.2216   0.0974   0.0183  -0.0315
SR_obs          0.5376   0.2881   0.1286   0.0254  -0.0400
I_obs           0.5945   0.3138   0.1248   0.0023  -0.0729
p_I_obs         0.0666   0.0201  -0.0103  -0.0292  -0.0401
C_obs           0.6402   0.4177   0.2611   0.1448   0.0579
NC_obs          0.3209   0.2131   0.1281   0.0628   0.0141
NI_obs          0.0918   0.0284  -0.0116  -0.0352  -0.0477
util_ND_obs     0.1747   0.1207   0.0744   0.0361   0.0057
util_D_obs      0.4330   0.2189   0.0770  -0.0132  -0.0670
util_obs        0.3583   0.1957   0.0829   0.0070  -0.0417
D_obs          -0.0234  -0.0294  -0.0327  -0.0341  -0.0341
h_obs          -0.1553  -0.1133  -0.0813  -0.0573  -0.0395
tech_obs        0.0207  -0.0211  -0.0338  -0.0362  -0.0349
Total computing time : 0h05m26s
Note: 4 warning(s) encountered in the preprocessor
