Starting Dynare (version 6.3).
Calling Dynare with arguments: none
Starting preprocessing of the model file ... 
WARNING: in the 'steady_state_model' block, variable 'log_h' is not assigned a value 
WARNING: in the 'steady_state_model' block, variable 'log_tech' is not assigned a value 
WARNING: in the 'steady_state_model' block, variable 'tech_obs' is not assigned a value 
WARNING: in the 'steady_state_model' block, variable 'h_obs' is not assigned a value 
Found 105 equation(s). 
Evaluating expressions... 
Computing static model derivatives (order 1). 
Normalizing the static model... 
Finding the optimal block decomposition of the static model... 
12 block(s) found: 
  10 recursive block(s) and 2 simultaneous block(s). 
  the largest simultaneous block has 39 equation(s) 
                                 and 39 feedback variable(s). 
Computing dynamic model derivatives (order 1). 
Normalizing the dynamic model... 
Finding the optimal block decomposition of the dynamic model... 
4 block(s) found: 
  2 recursive block(s) and 2 simultaneous block(s). 
  the largest simultaneous block has 50 equation(s) 
                                 and 43 feedback variable(s). 
Preprocessing completed. 
Preprocessing time: 0h00m00s.


Residuals of the static equations:
Equation number   1: Labor composite                                    :       0.000000
Equation number   2: Labor leisure:C                                    :       0.000000
Equation number   3: Labor leisure:I                                    :       0.000000
Equation number   4: Marginal utility of wealth                         :       0.000000
Equation number   5: Demand curve: mc                                   :       0.000000
Equation number   6: Demand curve: sc                                   :       0.000000
Equation number   7: Shopping:mc                                        :       0.000000
Equation number   8: Shopping:sc                                        :       0.000000
Equation number   9: Shopping:I                                         :       0.000000
Equation number  10: Composite utility term                             :       0.000000
Equation number  11: Consumption CES aggregator                         :       0.000000
Equation number  12: Investment adjustment cost function:mc             :       0.000000
Equation number  13: Investment adjustment cost function:mc             :       0.000000
Equation number  14: Investment adjustment cost function:I              :       0.000000
Equation number  15: Investment adjustment cost function: derivative mc :       0.000000
Equation number  16: Investment adjustment cost function: derivative mc :       0.000000
Equation number  17: Investment adjustment cost function: derivative I  :       0.000000
Equation number  18: Investment growth:mc                               :       0.000000
Equation number  19: Investment growth:mc                               :       0.000000
Equation number  20: Investment growth:I                                :       0.000000
Equation number  21: Depreciation rate: mc                              :       0.000000
Equation number  22: Depreciation rate: sc                              :       0.000000
Equation number  23: Depreciation rate: I                               :       0.000000
Equation number  24: Depreciation rate derivative: mc                   :       0.000000
Equation number  25: Depreciation rate derivative: sc                   :       0.000000
Equation number  26: Depreciation rate derivative: I                    :       0.000000
Equation number  27: Tobins Q: mc                                       :       0.000000
Equation number  28: Tobins Q: sc                                       :       0.000000
Equation number  29: Tobins Q: I                                        :       0.000000
Equation number  30: Euler equation: mc                                 :       0.000000
Equation number  31: Euler equation: sc                                 :       0.000000
Equation number  32: Euler equation: I                                  :       0.000000
Equation number  33: Utilization: mc                                    :       0.000000
Equation number  34: Utilization: sc                                    :       0.000000
Equation number  35: Utilization: I                                     :       0.000000
Equation number  36: Non-durable goods production                       :       0.000000
Equation number  37: Services production                                :       0.000000
Equation number  38: Investment production                              :       0.000000
Equation number  39: Capital law of motion:mc                           :       0.000000
Equation number  40: Capital law of motion:sc                           :       0.000000
Equation number  41: Capital law of motion:I                            :       0.000000
Equation number  42: Labor demand:mc                                    :       0.000000
Equation number  43: Labor demand:sc                                    :       0.000000
Equation number  44: Labor demand:I                                     :       0.000000
Equation number  45: Capital demand:mc                                  :       0.000000
Equation number  46: Capital demand:sc                                  :       0.000000
Equation number  47: Capital demand:I                                   :       0.000000
Equation number  48: Labor composition                                  :       0.000000
Equation number  49: Labor composition: C                               :       0.000000
Equation number  50: Capital composition                                :       0.000000
Equation number  51: Investment composition                             :       0.000000
Equation number  52: Shopping composition                               :       0.000000
Equation number  53: Capital utilization composition                    :       0.000000
Equation number  54: Aggregate wage                                     :       0.000000
Equation number  55: Output (base-year prices)                          :       0.000000
Equation number  56: Solow residual                                     :       0.000000
Equation number  57: Capacity utilization                               :       0.000000
Equation number  58: util_sc                                            :       0.000000
Equation number  59: util_D                                             :       0.000000
Equation number  60: util                                               :       0.000000
Equation number  61: General technology measure                         :       0.000000
Equation number  62: stochastic trend process                           :       0.000000
Equation number  63: Stationary TFP process                             :       0.000000
Equation number  64: Independent component of I-specific tech           :       0.000000
Equation number  65: Investment-specific TFP process                    :       0.000000
Equation number  66: Labor supply process                               :       0.000000
Equation number  67: Shopping effort process                            :       0.000000
Equation number  68: Relative shopping effort process                   :       0.000000
Equation number  69: Consumption preference process                     :       0.000000
Equation number  70: Wage-markup process: C                             :       0.000000
Equation number  71: Wage-markup process: I                             :       0.000000
Equation number  72: Definition log output                              :       0.000000
Equation number  73: Definition log consumption                         :       0.000000
Equation number  74: Definition log investment                          :       0.000000
Equation number  75: Definition log hours                               :       0.000000
Equation number  76: log_NC                                             :       0.000000
Equation number  77: log_NI                                             :       0.000000
Equation number  78: log capital                                        :       0.000000
Equation number  79: Definition log labor productivity                  :       0.000000
Equation number  80: Definition log shopping effort                     :       0.000000
Equation number  81: Definition log capital utilization                 :       0.000000
Equation number  82: Definition of log relative investment  price       :       0.000000
Equation number  83: Definition of log capacity utilization             :       0.000000
Equation number  84: log_util_ND                                        :       0.000000
Equation number  85: log_util_D                                         :       0.000000
Equation number  86: Definition of log wages                            :       0.000000
Equation number  87: Definition of log Solow residual                   :       0.000000
Equation number  88: Definition of log technology                       :       0.000000
Equation number  89: C_obs                                              :       0.000000
Equation number  90: I_obs                                              :       0.000000
Equation number  91: Y_obs                                              :       0.000000
Equation number  92: Y_N_obs                                            :       0.000000
Equation number  93: K_obs                                              :       0.000000
Equation number  94: w_obs                                              :       0.000000
Equation number  95: SR_obs                                             :       0.000000
Equation number  96: tech_obs                                           :       0.000000
Equation number  97: p_I_obs                                            :       0.000000
Equation number  98: N_obs                                              :       0.000000
Equation number  99: NC_obs                                             :       0.000000
Equation number 100: NI_obs                                             :       0.000000
Equation number 101: util_ND_obs                                        :       0.000000
Equation number 102: util_D_obs                                         :       0.000000
Equation number 103: util_obs                                           :       0.000000
Equation number 104: D_obs                                              :       0.000000
Equation number 105: h_obs                                              :       0.000000



STEADY-STATE RESULTS:

Y           		 1
C           		 0.8
Y_mc        		 0.28
Y_sc        		 0.52
SR          		 1.01547
I           		 0.2
I_mc        		 0.056
I_sc        		 0.104
I_I         		 0.04
K           		 11.0496
K_mc        		 3.09389
K_sc        		 5.7458
K_I         		 2.20992
N           		 0.3
N_mc        		 0.084
N_sc        		 0.156
N_C         		 0.24
N_I         		 0.06
N_comp      		 0.3
Z_C         		 0
u_ZI        		 0
Z_I         		 0
tech        		 1
theta_N     		 0
theta_D     		 0
theta_I     		 0
theta_b     		 0
mu_C        		 0
mu_I        		 0
R_mc        		 0.0483892
R_sc        		 0.0483892
R_I         		 0.0483892
W_C         		 2.23333
W_I         		 2.23333
W           		 2.23333
h_mc        		 1
h_sc        		 1
h_I         		 1
h           		 1
delta_mc    		 0.0136717
delta_sc    		 0.0136717
delta_I     		 0.0136717
delta_mc_pr 		 0.0329046
delta_sc_pr 		 0.0329046
delta_I_pr  		 0.0329046
Smc         		 0
Ssc         		 0
Si          		 0
Smc_pr      		 0
Ssc_pr      		 0
Si_pr       		 0
D           		 0.827037
D_mc        		 0.23157
D_sc        		 0.430059
D_I         		 0.165407
Gam         		 0.580826
p_mc        		 1
p_sc        		 1
p_I         		 1
lam         		 2.01565
Q_mc        		 1.47059
Q_sc        		 1.47059
Q_I         		 1.47059
x_mc        		 1.00451
x_sc        		 1.00451
x_I         		 1.00451
log_SR      		 0
util        		 0.81
util_ND     		 0.81
util_sc     		 0.81
util_D      		 0.81
g           		 0.0045
log_Y       		 0
log_C       		 0
log_I       		 0
log_N       		 0
log_NC      		 0
log_NI      		 0
log_K       		 0
log_Y_N     		 0
log_D       		 0
log_h       		 0
log_p_I     		 0
log_util    		 0
log_util_ND 		 0
log_util_D  		 0
log_W       		 0
log_tech    		 0
C_obs       		 0
I_obs       		 0
Y_obs       		 0
SR_obs      		 0
Y_N_obs     		 0
p_I_obs     		 0
N_obs       		 0
NC_obs      		 0
NI_obs      		 0
util_ND_obs 		 0
util_D_obs  		 0
util_obs    		 0
tech_obs    		 0
w_obs       		 0
D_obs       		 0
h_obs       		 0
K_obs       		 0

EIGENVALUES:
         Modulus             Real        Imaginary
               0                0                0
               0                0                0
       3.579e-19        3.579e-19                0
       4.154e-19        4.154e-19                0
       1.477e-18        1.477e-18                0
       3.373e-18        3.373e-18                0
       3.513e-18       -3.513e-18                0
       1.397e-17       -1.397e-17                0
       2.961e-17        2.961e-17                0
       3.313e-17       -3.313e-17                0
       4.484e-17        4.484e-17                0
       4.983e-17       -4.983e-17                0
       1.165e-16       -1.165e-16                0
       1.344e-16        1.344e-16                0
       1.736e-16       -1.736e-16                0
       2.073e-16       -2.073e-16                0
       2.959e-16       -2.959e-16                0
       1.047e-15       -1.047e-15                0
             0.1              0.1                0
          0.6166           0.6166                0
             0.9              0.9                0
             0.9              0.9                0
             0.9              0.9                0
             0.9              0.9                0
             0.9              0.9                0
             0.9              0.9                0
             0.9              0.9                0
             0.9              0.9                0
          0.9389           0.9366          0.06515
          0.9389           0.9366         -0.06515
          0.9416           0.9396          0.06201
          0.9416           0.9396         -0.06201
          0.9928           0.9928                0
           1.022            1.022                0
           1.078            1.075          0.07096
           1.078            1.075         -0.07096
           1.081            1.078          0.07499
           1.081            1.078         -0.07499
           1.645            1.645                0
       1.875e+16        1.875e+16                0
       1.015e+17        1.015e+17                0
       1.068e+17       -1.068e+17                0
        1.43e+17         1.43e+17                0
       1.594e+17       -1.594e+17                0
       1.604e+17        1.604e+17                0
       3.625e+17       -3.625e+17                0
       3.837e+17        3.837e+17                0
       4.435e+17       -4.435e+17                0
       8.948e+17       -8.948e+17                0
       1.518e+18       -1.518e+18                0
       2.196e+46       -2.196e+46                0
             Inf             -Inf                0
             Inf             -Inf                0

There are 20 eigenvalue(s) larger than 1 in modulus for 20 forward-looking variable(s)
The rank condition is verified.


Initial value of the log posterior (or likelihood): 4668.1719

MODE CHECK

Fval obtained by the optimization routine: -4668.171913
[Warning: Matrix is close to singular or badly scaled. Results may be inaccurate. RCOND =
5.625390e-18.] 
[> In <a href="matlab:matlab.lang.internal.introspective.errorDocCallback('dyn_first_order_solver', 'C:\dynare\6.3\matlab\stochastic_solver\dyn_first_order_solver.m', 283)" style="font-weight:bold">dyn_first_order_solver</a> (<a href="matlab: opentoline('C:\dynare\6.3\matlab\stochastic_solver\dyn_first_order_solver.m',283,0)">line 283</a>)
In <a href="matlab:matlab.lang.internal.introspective.errorDocCallback('stochastic_solvers', 'C:\dynare\6.3\matlab\stochastic_solver\stochastic_solvers.m', 248)" style="font-weight:bold">stochastic_solvers</a> (<a href="matlab: opentoline('C:\dynare\6.3\matlab\stochastic_solver\stochastic_solvers.m',248,0)">line 248</a>)
In <a href="matlab:matlab.lang.internal.introspective.errorDocCallback('resol', 'C:\dynare\6.3\matlab\stochastic_solver\resol.m', 115)" style="font-weight:bold">resol</a> (<a href="matlab: opentoline('C:\dynare\6.3\matlab\stochastic_solver\resol.m',115,0)">line 115</a>)
In <a href="matlab:matlab.lang.internal.introspective.errorDocCallback('compute_decision_rules', 'C:\dynare\6.3\matlab\stochastic_solver\compute_decision_rules.m', 36)" style="font-weight:bold">compute_decision_rules</a> (<a href="matlab: opentoline('C:\dynare\6.3\matlab\stochastic_solver\compute_decision_rules.m',36,0)">line 36</a>)
In <a href="matlab:matlab.lang.internal.introspective.errorDocCallback('dynare_resolve', 'C:\dynare\6.3\matlab\stochastic_solver\dynare_resolve.m', 39)" style="font-weight:bold">dynare_resolve</a> (<a href="matlab: opentoline('C:\dynare\6.3\matlab\stochastic_solver\dynare_resolve.m',39,0)">line 39</a>)
In <a href="matlab:matlab.lang.internal.introspective.errorDocCallback('dsge_likelihood', 'C:\dynare\6.3\matlab\estimation\dsge_likelihood.m', 138)" style="font-weight:bold">dsge_likelihood</a> (<a href="matlab: opentoline('C:\dynare\6.3\matlab\estimation\dsge_likelihood.m',138,0)">line 138</a>)
In <a href="matlab:matlab.lang.internal.introspective.errorDocCallback('mode_check', 'C:\dynare\6.3\matlab\estimation\mode_check.m', 147)" style="font-weight:bold">mode_check</a> (<a href="matlab: opentoline('C:\dynare\6.3\matlab\estimation\mode_check.m',147,0)">line 147</a>)
In <a href="matlab:matlab.lang.internal.introspective.errorDocCallback('dynare_estimation_1', 'C:\dynare\6.3\matlab\estimation\dynare_estimation_1.m', 334)" style="font-weight:bold">dynare_estimation_1</a> (<a href="matlab: opentoline('C:\dynare\6.3\matlab\estimation\dynare_estimation_1.m',334,0)">line 334</a>)
In <a href="matlab:matlab.lang.internal.introspective.errorDocCallback('dynare_estimation', 'C:\dynare\6.3\matlab\estimation\dynare_estimation.m', 105)" style="font-weight:bold">dynare_estimation</a> (<a href="matlab: opentoline('C:\dynare\6.3\matlab\estimation\dynare_estimation.m',105,0)">line 105</a>)
In <a href="matlab:matlab.lang.internal.introspective.errorDocCallback('SU_sectoral_wo_fixed_cost.driver', 'C:\Users\msilv\Documents\GitHub\Shopping-effort-variable-capital-utilization-and-Solow-residual\Programs\Estimation\+SU_sectoral_wo_fixed_cost\driver.m', 2113)" style="font-weight:bold">SU_sectoral_wo_fixed_cost.driver</a> (<a href="matlab: opentoline('C:\Users\msilv\Documents\GitHub\Shopping-effort-variable-capital-utilization-and-Solow-residual\Programs\Estimation\+SU_sectoral_wo_fixed_cost\driver.m',2113,0)">line 2113</a>)
In <a href="matlab:matlab.lang.internal.introspective.errorDocCallback('dynare', 'C:\dynare\6.3\matlab\dynare.m', 308)" style="font-weight:bold">dynare</a> (<a href="matlab: opentoline('C:\dynare\6.3\matlab\dynare.m',308,0)">line 308</a>)
] 

RESULTS FROM POSTERIOR ESTIMATION
parameters
         prior mean     mode    s.d.  prior pstdev

sigma        1.5000   2.0269  0.3376   beta 0.2500 
ha           0.5000   0.7421  0.0327   beta 0.2000 
nu           0.7200   1.7014  0.2149   gamm 0.2500 
phi          0.3200   0.9748  0.0270   beta 0.2000 
eta          0.2000   0.2269  0.0411   gamm 0.1500 
xi           0.8500   0.8792  0.1042   gamm 0.1000 
sigma_ac     1.0000   1.3049  0.2528   invg 1.0000 
sigma_ai     1.0000   0.4031  0.0815   invg 1.0000 
Psi_K        4.0000  15.5559  1.4803   gamm 1.0000 
theta        1.0000   1.3828  0.1951   gamm 0.5000 
rho_g        0.1000   0.3614  0.0807   beta 0.0500 
rho_Z        0.6000   0.8306  0.0295   beta 0.2000 
rho_ZI       0.6000   0.8126  0.0268   beta 0.2000 
rho_N        0.6000   0.9709  0.0104   beta 0.2000 
rho_D        0.6000   0.8797  0.0290   beta 0.2000 
rho_DI       0.6000   0.9817  0.0075   beta 0.2000 
rho_b        0.6000   0.9028  0.0237   beta 0.2000 
rho_muC      0.6000   0.9763  0.2067   beta 0.2000 
rho_muI      0.6000   0.9508  0.0269   beta 0.2000 

standard deviation of shocks
         prior mean     mode    s.d.  prior pstdev

e_g          0.0100   0.0040  0.0003   gamm 0.0100 
e_Z          0.0100   0.0101  0.0006   gamm 0.0100 
e_ZI         0.0100   0.0237  0.0016   gamm 0.0100 
e_N          0.0100   0.0047  0.0006   gamm 0.0100 
e_D          0.0100   0.1574  0.0416   gamm 0.0100 
e_DI         0.0100   0.0144  0.0008   gamm 0.0100 
e_b          0.0100   0.0206  0.0057   gamm 0.0100 
e_muC        0.0100   0.0011  0.0006   gamm 0.0100 
e_muI        0.0100   0.0260  0.0028   gamm 0.0100 


Log data density [Laplace approximation] is 4574.945046.

Estimation::mcmc: Total number of MH draws per chain: 200000.
Estimation::mcmc: Total number of generated MH files: 1.
Estimation::mcmc: I'll use mh-files 1 to 1.
Estimation::mcmc: In MH-file number 1 I'll start at line 60001.
Estimation::mcmc: Finally I keep 140000 draws per chain.

