Starting Dynare (version 6.3).
Calling Dynare with arguments: none
Starting preprocessing of the model file ... 
WARNING: in the 'steady_state_model' block, variable 'log_NC' is not assigned a value 
WARNING: in the 'steady_state_model' block, variable 'log_NI' is not assigned a value 
WARNING: in the 'steady_state_model' block, variable 'log_SR' is not assigned a value 
WARNING: in the 'steady_state_model' block, variable 'log_util_C' is not assigned a value 
WARNING: in the 'steady_state_model' block, variable 'log_util_I' is not assigned a value 
WARNING: in the 'steady_state_model' block, variable 'Y_N_obs' is not assigned a value 
WARNING: in the 'steady_state_model' block, variable 'SR_obs' is not assigned a value 
WARNING: in the 'steady_state_model' block, variable 'NC_obs' is not assigned a value 
WARNING: in the 'steady_state_model' block, variable 'NI_obs' is not assigned a value 
WARNING: in the 'steady_state_model' block, variable 'D_obs' is not assigned a value 
WARNING: in the 'steady_state_model' block, variable 'util_obs' is not assigned a value 
WARNING: in the 'steady_state_model' block, variable 'util_C_obs' is not assigned a value 
WARNING: in the 'steady_state_model' block, variable 'util_I_obs' is not assigned a value 
Found 53 equation(s). 
Evaluating expressions... 
Computing static model derivatives (order 1). 
Normalizing the static model... 
Finding the optimal block decomposition of the static model... 
8 block(s) found: 
  6 recursive block(s) and 2 simultaneous block(s). 
  the largest simultaneous block has 15 equation(s) 
                                 and 15 feedback variable(s). 
Computing dynamic model derivatives (order 1). 
Normalizing the dynamic model... 
Normalization failed with cutoff, trying symbolic normalization... 
Could not normalize the dynamic model. Variable K_I is not in the maximum cardinality matching. 
Preprocessing completed. 
Preprocessing time: 0h00m00s.


Residuals of the static equations:
Equation number  1: Labor leisure                                :       0.000000
Equation number  2: Shopping:C                                   :       0.000000
Equation number  3: Shopping:I                                   :       0.000000
Equation number  4: Composite utility term                       :       0.000000
Equation number  5: Euler equation: C                            :       0.000000
Equation number  6: Euler equation: I                            :       0.000000
Equation number  7: Consumption production                       :       0.000000
Equation number  8: Investment production                        :       0.000000
Equation number  9: Capital law of motion                        :       0.000000
Equation number 10: Labor demand:C                               :       0.000000
Equation number 11: Capital demand:C                             :       0.000000
Equation number 12: Labor demand:I                               :       0.000000
Equation number 13: Capital demand:I                             :       0.000000
Equation number 14: Labor composition                            :       0.000000
Equation number 15: Capital composition                          :       0.000000
Equation number 16: Shopping composition                         :       0.000000
Equation number 17: Output (base-year prices)                    :       0.000000
Equation number 18: Solow residual                               :       0.000000
Equation number 19: util_C                                       :       0.000000
Equation number 20: util_I                                       :       0.000000
Equation number 21: util                                         :       0.000000
Equation number 22: exogenous labor-augmenting growth process    :       0.000000
Equation number 23: Stationary TFP process                       :       0.000000
Equation number 24: Independent component of I-specific tech     :       0.000000
Equation number 25: Investment-specific TFP process              :       0.000000
Equation number 26: Labor supply process                         :       0.000000
Equation number 27: Shopping effort process                      :       0.000000
Equation number 28: Definition log output                        :       0.000000
Equation number 29: Definition log consumption                   :       0.000000
Equation number 30: Definition log investment                    :       0.000000
Equation number 31: Definition log hours                         :       0.000000
Equation number 32: log_NC                                       :       0.000000
Equation number 33: log_NI                                       :       0.000000
Equation number 34: Definition log labor productivity            :       0.000000
Equation number 35: Definition of log Solow residual             :       0.000000
Equation number 36: Definition log shopping effort               :       0.000000
Equation number 37: Definition of log relative investment  price :       0.000000
Equation number 38: Definition log util                          :       0.000000
Equation number 39: log_util_C                                   :       0.000000
Equation number 40: log_util_I                                   :       0.000000
Equation number 41: C_obs                                        :       0.000000
Equation number 42: I_obs                                        :       0.000000
Equation number 43: Y_obs                                        :       0.000000
Equation number 44: Y_N_obs                                      :       0.000000
Equation number 45: SR_obs                                       :       0.000000
Equation number 46: p_I_obs                                      :       0.000000
Equation number 47: N_obs                                        :       0.000000
Equation number 48: NC_obs                                       :       0.000000
Equation number 49: NI_obs                                       :       0.000000
Equation number 50: D_obs                                        :       0.000000
Equation number 51: util_obs                                     :       0.000000
Equation number 52: util_C_obs                                   :       0.000000
Equation number 53: util_I_obs                                   :       0.000000



STEADY-STATE RESULTS:

Y          		 1
C          		 0.8
I          		 0.2
SR         		 1.01547
K          		 11.0496
K_C        		 8.83969
K_I        		 2.20992
N          		 0.3
N_C        		 0.24
N_I        		 0.06
Z_C        		 0
u_ZI       		 0
Z_I        		 0
theta_N    		 0
theta_D    		 0
R_C        		 0.0483892
R_I        		 0.0483892
W          		 2.23333
D          		 0.827037
D_C        		 0.66163
D_I        		 0.165407
Gam        		 0.55595
p_I        		 1
g          		 0.0045
util_C     		 0.81
util_I     		 0.81
util       		 0.81
log_Y      		 0
log_C      		 0
log_I      		 0
log_N      		 0
log_NC     		 0
log_NI     		 0
log_Y_N    		 0
log_SR     		 0
log_D      		 0
log_p_I    		 0
log_util   		 0
log_util_C 		 0
log_util_I 		 0
C_obs      		 0
I_obs      		 0
Y_obs      		 0
Y_N_obs    		 0
SR_obs     		 0
p_I_obs    		 0
NC_obs     		 0
NI_obs     		 0
N_obs      		 0
D_obs      		 0
util_obs   		 0
util_C_obs 		 0
util_I_obs 		 0

EIGENVALUES:
         Modulus             Real        Imaginary
               0                0                0
               0                0                0
        2.54e-20        -2.54e-20                0
        3.81e-19        -3.81e-19                0
       4.522e-18        4.522e-18                0
       5.948e-18        5.948e-18                0
       8.196e-18        8.196e-18                0
        8.22e-18         8.22e-18                0
       1.471e-17       -1.471e-17                0
       1.537e-17        1.537e-17                0
       1.319e-16        1.319e-16                0
       4.816e-15        4.816e-15                0
       3.396e-09       -1.455e-16        3.396e-09
       3.396e-09       -1.455e-16       -3.396e-09
             0.1              0.1                0
             0.9              0.9                0
             0.9              0.9                0
             0.9              0.9                0
             0.9              0.9                0
          0.9845           0.9845                0
           1.031            1.031                0
       5.147e+16        5.147e+16                0
       6.446e+17        6.446e+17                0
        1.59e+18         1.59e+18                0
       7.786e+18       -7.786e+18                0

There are 5 eigenvalue(s) larger than 1 in modulus for 5 forward-looking variable(s)
The rank condition is verified.


Initial value of the log posterior (or likelihood): 3587.1467

MODE CHECK

Fval obtained by the optimization routine: -3587.146705

RESULTS FROM POSTERIOR ESTIMATION
parameters
       prior mean     mode    s.d.  prior pstdev

phi        0.3200   0.8752  0.0137   beta 0.2000 
eta        0.2000   1.8841  0.0134   gamm 0.1500 
rho_g      0.1000   0.2210  0.0067   beta 0.0500 
rho_Z      0.6000   0.9711  0.0039   beta 0.2000 
rho_ZI     0.6000   0.9995  0.0011   beta 0.2000 
rho_N      0.6000   0.9821  0.0054   beta 0.2000 
rho_D      0.6000   0.9275  0.0090   beta 0.2000 

standard deviation of shocks
       prior mean     mode    s.d.  prior pstdev

e_g        0.0100   0.0165  0.0007   invg 0.1000 
e_ZI       0.0100   0.0078  0.0004   invg 0.1000 
e_Z        0.0100   0.0009  0.0001   invg 0.1000 
e_N        0.0100   0.0136  0.0007   invg 0.1000 
e_D        0.0100   0.0074  0.0004   invg 0.1000 


Log data density [Laplace approximation] is 3520.787325.

Estimation::mcmc: Total number of MH draws per chain: 250000.
Estimation::mcmc: Total number of generated MH files: 1.
Estimation::mcmc: I'll use mh-files 1 to 1.
Estimation::mcmc: In MH-file number 1 I'll start at line 75001.
Estimation::mcmc: Finally I keep 175000 draws per chain.



MCMC Inefficiency factors per block
Parameter       Block 1     Block 2
SE_e_g          555.483     559.562
SE_e_ZI         303.552     310.181
SE_e_Z          237.682     277.491
SE_e_N          490.432     508.176
SE_e_D          330.313     347.109
phi             743.460     745.255
eta             745.602     743.083
rho_g           740.614     743.790
rho_Z           684.882     721.195
rho_ZI          396.274     635.785
rho_N           730.380     731.053
rho_D           739.091     742.063



Convergence diagnostics results for chain 1.

Geweke (1992) Convergence Tests, based on means of draws 75000 to 110000 vs 162500 to 250000 for chain 1.
p-values are for Chi2-test for equality of means.
Parameter         Post. Mean        Post. Std   p-val No Taper   p-val 4% Taper   p-val 8% Taper  p-val 15% Taper
SE_e_g                 0.017            0.001            0.000            0.906            0.918            0.920
SE_e_ZI                0.008            0.000            0.000            0.047            0.064            0.081
SE_e_Z                 0.001            0.000            0.000            0.030            0.063            0.069
SE_e_N                 0.014            0.001            0.000            0.334            0.378            0.414
SE_e_D                 0.008            0.000            0.000            0.001            0.007            0.022
phi                    0.875            0.011            0.000            0.000            0.000            0.000
eta                    1.868            0.011            0.000            0.000            0.000            0.004
rho_g                  0.230            0.006            0.000            0.000            0.000            0.005
rho_Z                  0.971            0.003            0.000            0.110            0.161            0.173
rho_ZI                 0.999            0.001            0.000            0.696            0.717            0.736
rho_N                  0.979            0.005            0.000            0.180            0.290            0.343
rho_D                  0.931            0.007            0.000            0.722            0.795            0.841




Convergence diagnostics results for chain 2.

Geweke (1992) Convergence Tests, based on means of draws 75000 to 110000 vs 162500 to 250000 for chain 2.
p-values are for Chi2-test for equality of means.
Parameter         Post. Mean        Post. Std   p-val No Taper   p-val 4% Taper   p-val 8% Taper  p-val 15% Taper
SE_e_g                 0.017            0.001            0.000            0.499            0.573            0.595
SE_e_ZI                0.008            0.000            0.000            0.688            0.719            0.728
SE_e_Z                 0.001            0.000            0.000            0.323            0.456            0.562
SE_e_N                 0.014            0.001            0.063            0.946            0.949            0.947
SE_e_D                 0.007            0.000            0.000            0.164            0.267            0.380
phi                    0.883            0.015            0.000            0.066            0.186            0.316
eta                    1.883            0.008            0.000            0.000            0.001            0.010
rho_g                  0.222            0.002            0.000            0.000            0.000            0.000
rho_Z                  0.971            0.004            0.000            0.012            0.064            0.153
rho_ZI                 0.999            0.001            0.000            0.011            0.063            0.148
rho_N                  0.977            0.006            0.000            0.002            0.022            0.066
rho_D                  0.924            0.008            0.000            0.000            0.000            0.000


Univariate convergence diagnostic, Brooks and Gelman (1998):
    Parameter 1...  Done! 
    Parameter 2...  Done! 
    Parameter 3...  Done! 
    Parameter 4...  Done! 
    Parameter 5...  Done! 
    Parameter 6...  Done! 
    Parameter 7...  Done! 
    Parameter 8...  Done! 
    Parameter 9...  Done! 
    Parameter 10...  Done! 
    Parameter 11...  Done! 
    Parameter 12...  Done! 

marginal density: I'm computing the posterior mean and covariance...  Done!
marginal density: I'm computing the posterior log marginal density (modified harmonic mean)... Done!


ESTIMATION RESULTS

Log data density (Modified Harmonic Mean) is 3521.206366.
parameters
         prior mean   post. mean        90% HPD interval    prior       pstdev

phi           0.320       0.8832      0.8628      0.9059     beta       0.2000
eta           0.200       1.8737      1.8575      1.8985     gamm       0.1500
rho_g         0.100       0.2280      0.2199      0.2399     beta       0.0500
rho_Z         0.600       0.9716      0.9649      0.9770     beta       0.2000
rho_ZI        0.600       0.9988      0.9976      1.0000     beta       0.2000
rho_N         0.600       0.9794      0.9708      0.9883     beta       0.2000
rho_D         0.600       0.9281      0.9142      0.9408     beta       0.2000

standard deviation of shocks
         prior mean   post. mean        90% HPD interval    prior       pstdev

e_g           0.010       0.0165      0.0153      0.0177     invg       0.1000
e_ZI          0.010       0.0080      0.0073      0.0086     invg       0.1000
e_Z           0.010       0.0009      0.0008      0.0010     invg       0.1000
e_N           0.010       0.0138      0.0127      0.0148     invg       0.1000
e_D           0.010       0.0075      0.0068      0.0081     invg       0.1000

MODEL SUMMARY

  Number of variables:         53
  Number of stochastic shocks: 5
  Number of state variables:   20
  Number of jumpers:           5
  Number of static variables:  29


MATRIX OF COVARIANCE OF EXOGENOUS SHOCKS
Variables         e_g       e_Z      e_ZI       e_N       e_D
e_g          0.000273  0.000000  0.000000  0.000000  0.000000
e_Z          0.000000  0.000001  0.000000  0.000000  0.000000
e_ZI         0.000000  0.000000  0.000063  0.000000  0.000000
e_N          0.000000  0.000000  0.000000  0.000189  0.000000
e_D          0.000000  0.000000  0.000000  0.000000  0.000056



THEORETICAL MOMENTS
VARIABLE           MEAN  STD. DEV.   VARIANCE
Y_obs            0.0000     0.0141     0.0002
Y_N_obs          0.0000     0.0125     0.0002
SR_obs           0.0000     0.0110     0.0001
I_obs            0.0000     0.0238     0.0006
p_I_obs          0.0000     0.0101     0.0001
C_obs            0.0000     0.0130     0.0002
NC_obs           0.0000     0.0103     0.0001
NI_obs           0.0000     0.0185     0.0003
theta_D          0.0000     0.0200     0.0004
D_obs            0.0000     0.0169     0.0003
util_obs         0.0000     0.0149     0.0002
util_C_obs       0.0000     0.0139     0.0002
util_I_obs       0.0000     0.0221     0.0005



VARIANCE DECOMPOSITION (in percent)
                 e_g     e_Z    e_ZI     e_N     e_D
Y_obs           0.95   31.76    3.02    0.68   63.59
Y_N_obs        39.77   14.00    2.37   16.89   26.97
SR_obs         26.70    9.14    2.45    7.66   54.05
I_obs           0.23   21.38   11.70    0.53   66.16
p_I_obs         0.01   24.95   62.24    0.07   12.74
C_obs           1.24   44.83    2.09    0.62   51.22
NC_obs         39.53   17.93    0.58   35.14    6.82
NI_obs         13.97   20.33    0.18   13.81   51.70
theta_D        -0.00    0.00    0.00   -0.00  100.00
D_obs          36.59    9.37    0.53    0.20   53.31
util_obs       36.59    9.37    0.53    0.20   53.31
util_C_obs     41.83   14.95    0.61    0.16   42.46
util_I_obs     17.78   12.31    0.24    0.29   69.38



MATRIX OF CORRELATIONS
Variables          Y_obs     Y_N_obs      SR_obs       I_obs     p_I_obs       C_obs      NC_obs      NI_obs     theta_D       D_obs    util_obs  util_C_obs  util_I_obs
Y_obs             1.0000      0.6741      0.7987      0.8388     -0.0371      0.9685      0.4161      0.6108     -0.1983      0.7121      0.7121      0.6784      0.7039
Y_N_obs           0.6741      1.0000      0.9535      0.5641     -0.0938      0.6535     -0.3635      0.0121     -0.1341      0.0978      0.0978      0.0547      0.1930
SR_obs            0.7987      0.9535      1.0000      0.6980     -0.0748      0.7608     -0.1757      0.2244     -0.1581      0.3043      0.3043      0.2521      0.3958
I_obs             0.8388      0.5641      0.6980      1.0000     -0.3393      0.6769      0.2399      0.7609     -0.2034      0.6391      0.6391      0.5413      0.8012
p_I_obs          -0.0371     -0.0938     -0.0748     -0.3393      1.0000      0.1049      0.0502      0.0624      0.0545      0.0734      0.0734      0.0710      0.0698
C_obs             0.9685      0.6535      0.7608      0.6769      0.1049      1.0000      0.4529      0.4779     -0.1752      0.6706      0.6706      0.6698      0.5854
NC_obs            0.4161     -0.3635     -0.1757      0.2399      0.0502      0.4529      1.0000      0.5762     -0.0698      0.7138      0.7138      0.7651      0.4922
NI_obs            0.6108      0.0121      0.2244      0.7609      0.0624      0.4779      0.5762      1.0000     -0.1480      0.7901      0.7901      0.6919      0.9334
theta_D          -0.1983     -0.1341     -0.1581     -0.2034      0.0545     -0.1752     -0.0698     -0.1480      1.0000     -0.1589     -0.1589     -0.1456     -0.1715
D_obs             0.7121      0.0978      0.3043      0.6391      0.0734      0.6706      0.7138      0.7901     -0.1589      1.0000      1.0000      0.9856      0.9060
util_obs          0.7121      0.0978      0.3043      0.6391      0.0734      0.6706      0.7138      0.7901     -0.1589      1.0000      1.0000      0.9856      0.9060
util_C_obs        0.6784      0.0547      0.2521      0.5413      0.0710      0.6698      0.7651      0.6919     -0.1456      0.9856      0.9856      1.0000      0.8214
util_I_obs        0.7039      0.1930      0.3958      0.8012      0.0698      0.5854      0.4922      0.9334     -0.1715      0.9060      0.9060      0.8214      1.0000



COEFFICIENTS OF AUTOCORRELATION
Order               1        2        3        4        5
Y_obs          0.2383   0.2915   0.2923   0.2932   0.2941
Y_N_obs        0.2077   0.1497   0.1344   0.1312   0.1308
SR_obs         0.0832   0.0690   0.0595   0.0581   0.0585
I_obs          0.1997   0.1229   0.1237   0.1246   0.1254
p_I_obs        0.1108   0.1370   0.1331   0.1292   0.1255
C_obs          0.2755   0.3294   0.3300   0.3308   0.3315
NC_obs         0.1805   0.1078   0.0910   0.0874   0.0868
NI_obs        -0.0137   0.0234   0.0199   0.0198   0.0204
theta_D        0.9281   0.8614   0.7994   0.7419   0.6886
D_obs          0.1067   0.0920   0.0781   0.0756   0.0756
util_obs       0.1067   0.0920   0.0781   0.0756   0.0756
util_C_obs     0.1504   0.1092   0.0923   0.0891   0.0889
util_I_obs    -0.0026   0.0316   0.0267   0.0265   0.0273
Total computing time : 0h01m25s
Note: 13 warning(s) encountered in the preprocessor
