Starting Dynare (version 5.4).
Calling Dynare with arguments: none
Starting preprocessing of the model file ...
Substitution of endo lags >= 2: added 1 auxiliary variables and equations.
Found 34 equation(s).
Evaluating expressions...done
Computing static model derivatives (order 2).
Computing static model derivatives w.r.t. parameters (order 2).
Computing dynamic model derivatives (order 2).
Computing dynamic model derivatives w.r.t. parameters (order 2).
Processing outputs ...
done
Preprocessing completed.


======== Identification Analysis ========

Testing prior mean
  
Note that differences in the criteria could be due to numerical settings,
numerical errors or the method used to find problematic parameter sets.
Settings:
    Derivation mode for Jacobians:                         Analytic using sylvester equations
    Method to find problematic parameters:                 Nullspace and multicorrelation coefficients
    Normalize Jacobians:                                   Yes
    Tolerance level for rank computations:                 robust
    Tolerance level for selecting nonzero columns:         1e-08
    Tolerance level for selecting nonzero singular values: 1e-03

REDUCED-FORM:
    All parameters are identified in the Jacobian of steady state and reduced-form solution matrices (rank(Tau) is full with tol = robust).

MINIMAL SYSTEM (KOMUNJER AND NG, 2011):
    All parameters are identified in the Jacobian of steady state and minimal system (rank(Deltabar) is full with tol = robust).

SPECTRUM (QU AND TKACHENKO, 2012):
    All parameters are identified in the Jacobian of mean and spectrum (rank(Gbar) is full with tol = robust).

MOMENTS (ISKREV, 2010):
    All parameters are identified in the Jacobian of first two moments (rank(J) is full with tol = robust).

==== Identification analysis completed ====





Residuals of the static equations:

Equation number 1 : 0 : Variety effect: household
Equation number 2 : 0 : Variety effect (investment)
Equation number 3 : 0 : Consumption aggregation
Equation number 4 : 0 : Labor C
Equation number 5 : 0 : Labor in I
Equation number 6 : 0 : Capital in C
Equation number 7 : 0 : Capital in I
Equation number 8 : 0 : Labor intratemporal
Equation number 9 : 0 : Capital accumulation (consumption)
Equation number 10 : 0 : Consumption multiplier
Equation number 11 : 0 : Euler equation of capital (C))
Equation number 12 : 0 : Euler equation of capital (I)
Equation number 13 : 0 : Capital utilization (C)
Equation number 14 : 0 : Capital utilization (I)
Equation number 15 : 0 : Relative price of capital good
Equation number 16 : 0 : Relative price of investment
Equation number 17 : 0 : C production
Equation number 18 : 0 : I production
Equation number 19 : 0 : Labor composition
Equation number 20 : 0 : Capital composition
Equation number 21 : 0 : Aggregate accounting (income = expenditures)
Equation number 22 : 0 : Z
Equation number 23 : 0 : u_ZI
Equation number 24 : 0 : Z_I
Equation number 25 : 0 : chi
Equation number 26 : 0 : C_obs
Equation number 27 : 0 : TI_obs
Equation number 28 : 0 : Y_obs
Equation number 29 : 0 : SR_obs
Equation number 30 : 0 : lab_prod_obs
Equation number 31 : 0 : labor_share
Equation number 32 : 0 : LC_obs
Equation number 33 : 0 : LI_obs



STEADY-STATE RESULTS:

p_C               		 0
p_I               		 0
P_C               		 0
Q                 		 0
C                 		 0
I                 		 0
Y                 		 0
c_A               		 0
r_I               		 0
r_C               		 0
w                 		 0
L_C               		 0
L_I               		 0
L                 		 0
K_C               		 0
K_I               		 0
K                 		 0
lam               		 0
u_C               		 0
u_I               		 0
Z                 		 0
Z_I               		 0
u_ZI              		 0
chi               		 0
Y_obs             		 0
C_obs             		 0
TI_obs            		 0
LC_obs            		 0
LI_obs            		 0
p_I_obs           		 0
lab_prod_obs      		 0
labor_share       		 0
SR_obs            		 0

EIGENVALUES:
         Modulus             Real        Imaginary

               0                0                0
        1.87e-17         1.87e-17                0
       4.771e-14       -4.771e-14                0
          0.4698           0.4698                0
             0.6              0.6                0
             0.6              0.6                0
             0.6              0.6                0
          0.9612           0.9612                0
           1.049            1.049                0
       3.919e+16       -3.919e+16                0
        4.17e+17         4.17e+17                0
       1.029e+19       -1.029e+19                0


There are 4 eigenvalue(s) larger than 1 in modulus 
for 4 forward-looking variable(s)

The rank condition is verified.

Initial value of the log posterior (or likelihood): -2020.4878
-----------------
f at the beginning of new iteration,      2020.4878280199
Predicted improvement: 17941035.503664605
lambda =          1; f =         2026.7730225
lambda =    0.33333; f =         2020.5248434
lambda =    0.11111; f =         2061.2548626
lambda =   0.037037; f =         2024.3965826
lambda =   0.012346; f =         2020.7706608
lambda =  0.0041152; f =         2020.4903891
lambda =  0.0013717; f =        -1303.4479773
lambda = 0.00045725; f =         -981.4334465
lambda = 0.00015242; f =         -234.3676544
Norm of dx     59.902
----
Improvement on iteration 1 =     3323.935805335
-----------------
f at the beginning of new iteration,     -1303.4479773146
Predicted improvement:    11304.049978591
lambda =          1; f =        -1303.4116940
lambda =    0.33333; f =        -1303.4479611
lambda =    0.11111; f =        -1307.8487762
lambda =   0.037037; f =        -1435.0011201
lambda =   0.012346; f =        -1432.8549181
Norm of dx     1.5041
----
Improvement on iteration 2 =      131.553142835
-----------------
f at the beginning of new iteration,     -1435.0011201499
Predicted improvement:      889.685570359
lambda =          1; f =        -1434.8412795
lambda =    0.33333; f =        -1434.9856102
lambda =    0.11111; f =        -1435.0000453
lambda =   0.037037; f =        -1435.0011153
lambda =   0.012346; f =        -1415.4011656
lambda =  0.0041152; f =        -1439.7706612
Norm of dx    0.43672
----
Improvement on iteration 3 =        4.769541086
-----------------
f at the beginning of new iteration,     -1439.7706612362
Predicted improvement:       30.048498141
lambda =          1; f =        -1484.9373005
lambda =     1.9332; f =        -1419.3121387
lambda =     1.3017; f =        -1486.8367490
Norm of dx   0.076682
----
Improvement on iteration 4 =       47.066087770
-----------------
f at the beginning of new iteration,     -1486.8367490061
Predicted improvement:       81.053779063
lambda =          1; f =        -1486.8349018
lambda =    0.33333; f =        -1530.8494106
lambda =    0.64439; f =        -1486.8366951
lambda =     0.4339; f =        -1538.6804618
lambda =    0.55011; f =        -1539.6861964
Norm of dx    0.19757
----
Improvement on iteration 5 =       52.849447415
-----------------
f at the beginning of new iteration,     -1539.6861964214
Predicted improvement:       61.684783889
lambda =          1; f =        -1544.5326407
lambda =    0.33333; f =        -1553.7441975
Norm of dx   0.082429
----
Improvement on iteration 6 =       14.058001054
-----------------
f at the beginning of new iteration,     -1553.7441974756
Predicted improvement:       13.657746936
lambda =          1; f =        -1578.9178554
lambda =     1.9332; f =        -1596.1930189
lambda =     3.7372; f =        -1571.3887355
lambda =     2.5164; f =        -1600.8966712
Norm of dx   0.087113
----
Improvement on iteration 7 =       47.152473676
-----------------
f at the beginning of new iteration,     -1600.8966711518
Predicted improvement:       11.605964301
lambda =          1; f =        -1620.9312652
lambda =     1.9332; f =        -1630.2706281
Norm of dx   0.093673
----
Improvement on iteration 8 =       29.373956907
-----------------
f at the beginning of new iteration,     -1630.2706280590
Predicted improvement:       48.795711599
lambda =          1; f =        -1630.2405839
lambda =    0.33333; f =        -1630.2688256
lambda =    0.11111; f =        -1639.9513327
lambda =     0.2148; f =        -1630.2702600
lambda =    0.14463; f =        -1630.2705988
lambda =    0.11408; f =        -1639.9017374
lambda =    0.13154; f =        -1630.2706200
lambda =    0.12077; f =        -1630.2706275
lambda =    0.11473; f =        -1639.8436500
lambda =    0.11831; f =        -1630.2706280
lambda =    0.11615; f =        -1639.5178420
lambda =    0.11744; f =        -1630.2706281
Norm of dx    0.29924
Cliff.  Perturbing search direction.
Predicted improvement:       88.054645072
lambda =          1; f =        -1630.2402896
lambda =    0.33333; f =        -1630.2688015
lambda =    0.11111; f =        -1647.4237822
lambda =     0.2148; f =        -1630.2702530
lambda =    0.14463; f =        -1630.2705974
lambda =    0.11408; f =        -1647.4988142
lambda =    0.13154; f =        -1630.2706194
lambda =    0.12077; f =        -1630.2706274
lambda =    0.11473; f =        -1647.4494818
lambda =    0.11831; f =        -1630.2706279
lambda =    0.11615; f =        -1646.9309344
lambda =    0.11744; f =        -1630.2706280
Norm of dx    0.36769
Cliff again.  Try traversing
Predicted improvement:   256033.956584952
lambda =          1; f =         3916.5143472
lambda =    0.33333; f =        -1032.3363384
lambda =    0.11111; f =        -1569.4443910
lambda =   0.037037; f =        -1624.8683149
lambda =   0.012346; f =        -1629.7731686
lambda =  0.0041152; f =        -1630.2316731
lambda =  0.0013717; f =        -1630.2690082
lambda = 0.00045725; f =        -1630.2704853
lambda = 0.00015242; f =        -1683.2213438
Norm of dx     715.59
----
Improvement on iteration 9 =       52.950715724
-----------------
f at the beginning of new iteration,     -1683.2213437828
Predicted improvement:      157.453143739
lambda =          1; f =        -1682.9990365
lambda =    0.33333; f =        -1683.1998737
lambda =    0.11111; f =        -1683.2198842
lambda =   0.037037; f =        -1683.2213394
lambda =   0.012346; f =        -1687.1193780
lambda =   0.023866; f =        -1690.6732768
lambda =   0.046138; f =        -1683.2213011
lambda =   0.031067; f =        -1692.3782301
lambda =   0.039387; f =        -1683.2213333
lambda =    0.03416; f =        -1683.2213433
lambda =   0.031363; f =        -1692.3860633
lambda =   0.033013; f =        -1683.2213438
lambda =   0.032013; f =        -1692.2973097
lambda =   0.032609; f =        -1691.6410217
lambda =   0.033216; f =        -1683.2213437
lambda =   0.032851; f =        -1683.2213438
lambda =   0.032489; f =        -1691.9306391
Norm of dx    0.89039
Cliff.  Perturbing search direction.
Predicted improvement:      226.211056162
lambda =          1; f =        -1683.0054760
lambda =    0.33333; f =        -1683.2005404
lambda =    0.11111; f =        -1683.2199421
lambda =   0.037037; f =        -1683.2213404
lambda =   0.012346; f =        -1688.8873194
lambda =   0.023866; f =        -1694.2346430
lambda =   0.046138; f =        -1683.2213052
lambda =   0.031067; f =        -1697.2208112
lambda =   0.039387; f =        -1683.2213350
lambda =    0.03416; f =        -1683.2213436
lambda =   0.031363; f =        -1697.3016770
lambda =   0.033013; f =        -1697.0403182
lambda =   0.034749; f =        -1683.2213432
lambda =   0.033696; f =        -1683.2213437
lambda =   0.032676; f =        -1697.3687785
lambda =   0.033284; f =        -1683.2213438
lambda =   0.032918; f =        -1697.1905579
Norm of dx     1.0183
Cliff again.  Try traversing
Predicted improvement:   315620.803569623
lambda =          1; f =         4126.5872087
lambda =    0.33333; f =        -1044.8267049
lambda =    0.11111; f =        -1613.7647323
lambda =   0.037037; f =        -1675.7312021
lambda =   0.012346; f =        -1682.4573286
lambda =  0.0041152; f =        -1683.1552716
lambda =  0.0013717; f =        -1683.2179707
lambda = 0.00045725; f =        -1683.2212783
lambda = 0.00015242; f =        -1683.2212633
lambda = 5.0805e-05; f =        -1718.7479112
lambda = 9.8216e-05; f =        -1752.7663017
lambda = 0.00018987; f =        -1683.2205738
lambda = 0.00012785; f =        -1679.2568282
lambda = 0.00010084; f =        -1753.4046379
lambda = 0.00011627; f =        -1741.9861101
lambda = 0.00013406; f =        -1571.2222442
lambda = 0.00012308; f =        -1716.6579799
Norm of dx     794.51
----
Improvement on iteration 10 =       70.183294071
warning: possible inaccuracy in H matrix
-----------------
f at the beginning of new iteration,     -1753.4046378536
Predicted improvement:      104.609079849
lambda =          1; f =        -1753.3830902
lambda =    0.33333; f =        -1753.4028883
lambda =    0.11111; f =        -1753.4045911
lambda =   0.037037; f =        -1759.4293758
lambda =   0.071599; f =        -1753.4046375
lambda =   0.048211; f =        -1760.2760162
Norm of dx     0.3708
----
Improvement on iteration 11 =        6.871378382
-----------------
f at the beginning of new iteration,     -1760.2760162359
Predicted improvement:      129.053895031
lambda =          1; f =        -1760.2757738
lambda =    0.33333; f =        -1760.2760063
lambda =    0.11111; f =        -1785.2683808
lambda =     0.2148; f =        -1760.2760154
lambda =    0.14463; f =        -1791.2509742
lambda =    0.18337; f =        -1760.2760161
lambda =    0.15903; f =        -1793.2229968
lambda =    0.17322; f =        -1760.2760162
lambda =    0.16456; f =        -1760.2760162
lambda =    0.15958; f =        -1793.2667727
lambda =    0.16255; f =        -1793.3149078
lambda =    0.16558; f =        -1760.2760162
lambda =    0.16375; f =        -1792.9949751
Norm of dx    0.20394
Cliff.  Perturbing search direction.
Predicted improvement:      217.567909423
lambda =          1; f =        -1760.2714484
lambda =    0.33333; f =        -1760.2755965
lambda =    0.11111; f =        -1760.2759933
lambda =   0.037037; f =        -1774.3607968
lambda =   0.071599; f =        -1760.2760123
lambda =   0.048211; f =        -1760.2760161
lambda =   0.038027; f =        -1774.6393593
lambda =   0.043845; f =        -1760.2760162
lambda =   0.040255; f =        -1775.1810183
lambda =   0.042372; f =        -1775.3708725
lambda =   0.044601; f =        -1760.2760162
lambda =    0.04325; f =        -1774.5810876
lambda =   0.044055; f =        -1760.2760162
lambda =    0.04357; f =        -1760.2760162
lambda =   0.043091; f =        -1774.9760794
Norm of dx    0.29332
Cliff again.  Try traversing
Predicted improvement:   366247.501394583
lambda =          1; f =        24232.8870190
lambda =    0.33333; f =         1103.4852224
lambda =    0.11111; f =        -1449.6740435
lambda =   0.037037; f =        -1727.7669841
lambda =   0.012346; f =        -1756.9302700
lambda =  0.0041152; f =        -1759.9650809
lambda =  0.0013717; f =        -1760.2580762
lambda = 0.00045725; f =        -1760.2760035
lambda = 0.00015242; f =        -1824.6037606
Norm of dx     855.86
----
Improvement on iteration 12 =       64.327744381
-----------------
f at the beginning of new iteration,     -1824.6037606174
Predicted improvement:       70.812645376
lambda =          1; f =        -1824.5496528
lambda =    0.33333; f =        -1824.5980389
lambda =    0.11111; f =        -1824.6032168
lambda =   0.037037; f =        -1824.6037261
lambda =   0.012346; f =        -1824.6037606
lambda =  0.0041152; f =        -1825.1427292
lambda =  0.0079555; f =        -1825.5004142
lambda =   0.015379; f =        -1824.6037600
lambda =   0.010356; f =        -1825.4876680
Norm of dx    0.36168
----
Improvement on iteration 13 =        0.896653590
-----------------
f at the beginning of new iteration,     -1825.5004142077
Predicted improvement:       83.007610291
lambda =          1; f =        -1825.5001001
lambda =    0.33333; f =        -1858.1267148
Norm of dx     0.1464
----
Improvement on iteration 14 =       32.626300627
-----------------
f at the beginning of new iteration,     -1858.1267148343
Predicted improvement:       34.238912031
lambda =          1; f =        -1858.1227913
lambda =    0.33333; f =        -1858.1267109
lambda =    0.11111; f =        -1865.6796491
lambda =     0.2148; f =        -1872.2259726
lambda =    0.41524; f =        -1858.1266258
lambda =     0.2796; f =        -1875.1054490
lambda =    0.35448; f =        -1858.1266996
lambda =    0.30744; f =        -1873.8771876
lambda =    0.33486; f =        -1858.1267103
lambda =    0.31813; f =        -1858.1267145
lambda =    0.30223; f =        -1874.7562548
lambda =    0.31167; f =        -1858.1267148
lambda =    0.30597; f =        -1874.2343931
lambda =    0.30938; f =        -1873.0668768
lambda =    0.31283; f =        -1858.1267148
Norm of dx    0.17199
Cliff.  Perturbing search direction.
Predicted improvement:       41.600208881
lambda =          1; f =        -1858.1199940
lambda =    0.33333; f =        -1858.1266437
lambda =    0.11111; f =        -1867.3197857
lambda =     0.2148; f =        -1874.7544197
lambda =    0.41524; f =        -1858.1264097
lambda =     0.2796; f =        -1858.1267086
lambda =    0.22054; f =        -1875.0270416
lambda =    0.25428; f =        -1873.9198653
lambda =    0.29319; f =        -1858.1266988
lambda =    0.26918; f =        -1858.1267130
lambda =    0.24714; f =        -1875.2819657
lambda =    0.26014; f =        -1858.1267147
lambda =    0.25226; f =        -1874.5942120
lambda =    0.25696; f =        -1858.1267148
lambda =    0.25413; f =        -1873.9890291
Norm of dx    0.19267
Cliff again.  Try traversing
Predicted improvement:     2036.784990032
lambda =          1; f =          -37.8649677
lambda =    0.33333; f =        -1675.0465211
lambda =    0.11111; f =        -1842.7768928
lambda =   0.037037; f =        -1857.6156495
lambda =   0.012346; f =        -1858.1264949
lambda =  0.0041152; f =        -1858.1047067
lambda =  0.0013717; f =        -1858.1258442
lambda = 0.00045725; f =        -1871.6756145
lambda = 0.00088394; f =        -1858.1266350
lambda =  0.0005952; f =        -1874.2849025
lambda =  0.0007546; f =        -1858.1267027
lambda = 0.00065446; f =        -1873.7472651
lambda = 0.00071283; f =        -1858.1267119
lambda = 0.00067721; f =        -1858.1267148
lambda = 0.00064337; f =        -1874.1692733
lambda = 0.00066347; f =        -1872.9360110
lambda = 0.00068419; f =        -1858.1267146
lambda = 0.00067168; f =        -1869.1582231
lambda = 0.00067916; f =        -1858.1267147
Norm of dx     63.825
----
Improvement on iteration 15 =       17.155250838
back and forth on step length never finished
-----------------
f at the beginning of new iteration,     -1875.2819656725
Predicted improvement:       34.238912031
lambda =          1; f =        -1875.2738830
lambda =    0.33333; f =        -1875.2811101
lambda =    0.11111; f =        -1875.2818841
lambda =   0.037037; f =        -1875.2819604
lambda =   0.012346; f =        -1875.2819657
lambda =  0.0041152; f =        -1874.9181600
lambda =  0.0013717; f =        -1875.1891945
lambda = 0.00045725; f =        -1875.2535177
lambda = 0.00015242; f =        -1875.2727391
lambda = 5.0805e-05; f =        -1875.2789180
lambda = 1.6935e-05; f =        -1875.2809528
lambda =  5.645e-06; f =        -1875.2816284
lambda = 1.8817e-06; f =        -1875.2818533
lambda = 6.2723e-07; f =        -1875.2819282
lambda = 2.0908e-07; f =        -1875.2819532
lambda = 6.9692e-08; f =        -1875.2819615
lambda = 2.3231e-08; f =        -1875.2819643
lambda = 7.7435e-09; f =        -1875.2819652
lambda = 2.5812e-09; f =        -1875.2819655
lambda =
  -6.2723e-07
lambda = -6.2723e-07; f =        -1875.2820031
Norm of dx    0.17199
----
Improvement on iteration 16 =        0.000037454
-----------------
f at the beginning of new iteration,     -1875.2820031261
Predicted improvement:       70.286717224
lambda =          1; f =        -1827.6374382
lambda =    0.33333; f =        -1858.4812649
lambda =    0.11111; f =        -1871.9393502
lambda =   0.037037; f =        -1875.6677526
lambda =   0.012346; f =        -1876.0126128
Norm of dx    0.16274
----
Improvement on iteration 17 =        0.730609655
-----------------
f at the beginning of new iteration,     -1876.0126127807
Predicted improvement:       10.798130483
lambda =          1; f =        -1892.8751084
lambda =     1.9332; f =        -1883.1176623
lambda =     1.3017; f =        -1894.2976036
Norm of dx   0.059835
----
Improvement on iteration 18 =       18.284990824
-----------------
f at the beginning of new iteration,     -1894.2976036045
Predicted improvement:       11.445944641
lambda =          1; f =        -1904.4573055
Norm of dx   0.019875
----
Improvement on iteration 19 =       10.159701879
-----------------
f at the beginning of new iteration,     -1904.4573054837
Predicted improvement:        7.939762847
lambda =          1; f =        -1906.3339263
lambda =    0.33333; f =        -1907.8726383
Norm of dx   0.038061
----
Improvement on iteration 20 =        3.415332791
-----------------
f at the beginning of new iteration,     -1907.8726382751
Predicted improvement:        2.581325630
lambda =          1; f =        -1911.1468318
Norm of dx  0.0086698
----
Improvement on iteration 21 =        3.274193554
-----------------
f at the beginning of new iteration,     -1911.1468318293
Predicted improvement:        1.502560302
lambda =          1; f =        -1913.6002499
lambda =     1.9332; f =        -1915.0471345
Norm of dx  0.0076137
----
Improvement on iteration 22 =        3.900302666
-----------------
f at the beginning of new iteration,     -1915.0471344954
Predicted improvement:        2.753379973
lambda =          1; f =        -1919.0986574
lambda =     1.9332; f =        -1920.0292824
Norm of dx   0.018743
----
Improvement on iteration 23 =        4.982147887
-----------------
f at the beginning of new iteration,     -1920.0292823824
Predicted improvement:        3.318774636
lambda =          1; f =        -1924.5434657
Norm of dx   0.015913
----
Improvement on iteration 24 =        4.514183323
-----------------
f at the beginning of new iteration,     -1924.5434657059
Predicted improvement:        3.909211195
lambda =          1; f =        -1929.3006361
Norm of dx    0.03944
----
Improvement on iteration 25 =        4.757170429
-----------------
f at the beginning of new iteration,     -1929.3006361351
Predicted improvement:        1.416251432
lambda =          1; f =        -1931.3597078
lambda =     1.9332; f =        -1931.9423716
Norm of dx    0.02498
----
Improvement on iteration 26 =        2.641735456
-----------------
f at the beginning of new iteration,     -1931.9423715909
Predicted improvement:        1.707992771
lambda =          1; f =        -1934.0033252
Norm of dx   0.021578
----
Improvement on iteration 27 =        2.060953607
-----------------
f at the beginning of new iteration,     -1934.0033251975
Predicted improvement:        1.887467276
lambda =          1; f =        -1936.6458876
lambda =     1.9332; f =        -1936.8431798
Norm of dx   0.055343
----
Improvement on iteration 28 =        2.839854593
-----------------
f at the beginning of new iteration,     -1936.8431797905
Predicted improvement:        0.759412764
lambda =          1; f =        -1937.5946690
Norm of dx  0.0047416
----
Improvement on iteration 29 =        0.751489228
-----------------
f at the beginning of new iteration,     -1937.5946690184
Predicted improvement:        0.124778620
lambda =          1; f =        -1937.7532855
Norm of dx   0.013565
----
Improvement on iteration 30 =        0.158616475
-----------------
f at the beginning of new iteration,     -1937.7532854938
Predicted improvement:        0.038999274
lambda =          1; f =        -1937.8121522
lambda =     1.9332; f =        -1937.8312358
Norm of dx    0.00926
----
Improvement on iteration 31 =        0.077950355
-----------------
f at the beginning of new iteration,     -1937.8312358488
Predicted improvement:        0.056453828
lambda =          1; f =        -1937.9335763
lambda =     1.9332; f =        -1938.0109455
lambda =     3.7372; f =        -1938.1147007
Norm of dx  0.0047924
----
Improvement on iteration 32 =        0.283464860
-----------------
f at the beginning of new iteration,     -1938.1147007083
Predicted improvement:        0.271331320
lambda =          1; f =        -1938.5519841
lambda =     1.9332; f =        -1938.7851484
Norm of dx   0.025683
----
Improvement on iteration 33 =        0.670447655
-----------------
f at the beginning of new iteration,     -1938.7851483635
Predicted improvement:        0.338800712
lambda =          1; f =        -1939.3334121
lambda =     1.9332; f =        -1939.6162076
Norm of dx   0.035926
----
Improvement on iteration 34 =        0.831059231
-----------------
f at the beginning of new iteration,     -1939.6162075949
Predicted improvement:        0.293872796
lambda =          1; f =        -1940.0406321
lambda =     1.9332; f =        -1940.1002954
Norm of dx   0.033462
----
Improvement on iteration 35 =        0.484087849
-----------------
f at the beginning of new iteration,     -1940.1002954443
Predicted improvement:        0.154294951
lambda =          1; f =        -1940.2970999
Norm of dx   0.025241
----
Improvement on iteration 36 =        0.196804462
-----------------
f at the beginning of new iteration,     -1940.2970999058
Predicted improvement:        0.058481702
lambda =          1; f =        -1940.3558053
Norm of dx  0.0034638
----
Improvement on iteration 37 =        0.058705409
-----------------
f at the beginning of new iteration,     -1940.3558053150
Predicted improvement:        0.006951026
lambda =          1; f =        -1940.3658423
lambda =     1.9332; f =        -1940.3682108
Norm of dx  0.0065194
----
Improvement on iteration 38 =        0.012405438
-----------------
f at the beginning of new iteration,     -1940.3682107531
Predicted improvement:        0.002615535
lambda =          1; f =        -1940.3726148
lambda =     1.9332; f =        -1940.3751736
Norm of dx  0.0011438
----
Improvement on iteration 39 =        0.006962878
-----------------
f at the beginning of new iteration,     -1940.3751736307
Predicted improvement:        0.007625279
lambda =          1; f =        -1940.3891761
lambda =     1.9332; f =        -1940.3998920
lambda =     3.7372; f =        -1940.4140728
Norm of dx  0.0032229
----
Improvement on iteration 40 =        0.038899122
-----------------
f at the beginning of new iteration,     -1940.4140727531
Predicted improvement:        0.042982675
lambda =          1; f =        -1940.4931762
lambda =     1.9332; f =        -1940.5543796
lambda =     3.7372; f =        -1940.6386813
Norm of dx   0.021238
----
Improvement on iteration 41 =        0.224608565
-----------------
f at the beginning of new iteration,     -1940.6386813180
Predicted improvement:        0.240500688
lambda =          1; f =        -1941.0524617
lambda =     1.9332; f =        -1941.3201380
lambda =     3.7372; f =        -1941.5316063
Norm of dx    0.13046
----
Improvement on iteration 42 =        0.892925003
-----------------
f at the beginning of new iteration,     -1941.5316063208
Predicted improvement:        0.384221548
lambda =          1; f =        -1942.0564896
Norm of dx    0.13492
----
Improvement on iteration 43 =        0.524883273
-----------------
f at the beginning of new iteration,     -1942.0564895936
Predicted improvement:        0.366139084
lambda =          1; f =        -1942.3806665
Norm of dx    0.17373
----
Improvement on iteration 44 =        0.324176863
-----------------
f at the beginning of new iteration,     -1942.3806664571
Predicted improvement:        0.024870629
lambda =          1; f =        -1942.4102251
Norm of dx   0.026028
----
Improvement on iteration 45 =        0.029558629
-----------------
f at the beginning of new iteration,     -1942.4102250860
Predicted improvement:        0.003263782
lambda =          1; f =        -1942.4153774
lambda =     1.9332; f =        -1942.4176733
Norm of dx   0.009835
----
Improvement on iteration 46 =        0.007448189
-----------------
f at the beginning of new iteration,     -1942.4176732750
Predicted improvement:        0.004590879
lambda =          1; f =        -1942.4263946
lambda =     1.9332; f =        -1942.4336938
lambda =     3.7372; f =        -1942.4455121
lambda =     7.2247; f =        -1942.4598233
Norm of dx  0.0068249
----
Improvement on iteration 47 =        0.042150066
-----------------
f at the beginning of new iteration,     -1942.4598233408
Predicted improvement:        0.040427310
lambda =          1; f =        -1942.5360949
lambda =     1.9332; f =        -1942.5989314
lambda =     3.7372; f =        -1942.6977467
lambda =     7.2247; f =        -1942.8049316
Norm of dx   0.039756
----
Improvement on iteration 48 =        0.345108294
-----------------
f at the beginning of new iteration,     -1942.8049316345
Correct for low angle: 0.00338474
Predicted improvement:        0.451554474
lambda =          1; f =        -1943.5394184
lambda =     1.9332; f =        -1943.9560513
Norm of dx    0.23963
----
Improvement on iteration 49 =        1.151119656
-----------------
f at the beginning of new iteration,     -1943.9560512904
Correct for low angle: 0.00336276
Predicted improvement:        1.499462624
lambda =          1; f =        -1942.6041361
lambda =    0.33333; f =        -1944.5077129
Norm of dx      0.866
----
Improvement on iteration 50 =        0.551661605
-----------------
f at the beginning of new iteration,     -1944.5077128953
Correct for low angle: 0.000937047
Predicted improvement:        6.129124625
lambda =          1; f =        -1905.7644520
lambda =    0.33333; f =        -1939.3251543
lambda =    0.11111; f =        -1944.6028433
lambda =   0.037037; f =        -1944.8104763
Norm of dx    0.97136
----
Improvement on iteration 51 =        0.302763396
-----------------
f at the beginning of new iteration,     -1944.8104762911
Correct for low angle: 0.00397182
Predicted improvement:        1.510579476
lambda =          1; f =        -1941.3127377
lambda =    0.33333; f =        -1944.9994429
lambda =    0.11111; f =        -1945.0512236
lambda =     0.2148; f =        -1945.1113852
Norm of dx     1.0757
----
Improvement on iteration 52 =        0.300908896
-----------------
f at the beginning of new iteration,     -1945.1113851867
Correct for low angle: 0.00101503
Predicted improvement:        4.861019014
lambda =          1; f =        -1618.3068988
lambda =    0.33333; f =        -1936.3455954
lambda =    0.11111; f =        -1945.1542397
lambda =   0.037037; f =        -1945.3641930
lambda =   0.071599; f =        -1945.3935807
Norm of dx    0.91175
----
Improvement on iteration 53 =        0.282195472
-----------------
f at the beginning of new iteration,     -1945.3935806586
Correct for low angle: 0.00177749
Predicted improvement:        2.445096491
lambda =          1; f =        -1919.0767872
lambda =    0.33333; f =        -1941.8818849
lambda =    0.11111; f =        -1945.2683137
lambda =   0.037037; f =        -1945.4965350
Norm of dx    0.92129
----
Improvement on iteration 54 =        0.102954337
-----------------
f at the beginning of new iteration,     -1945.4965349951
Correct for low angle: 0.0043781
Predicted improvement:        0.915375585
lambda =          1; f =        -1944.8154255
lambda =    0.33333; f =        -1945.8575294
Norm of dx    0.90854
----
Improvement on iteration 55 =        0.360994418
-----------------
f at the beginning of new iteration,     -1945.8575294133
Correct for low angle: 0.000913423
Predicted improvement:        3.381289192
lambda =          1; f =        -1917.9953334
lambda =    0.33333; f =        -1942.2904603
lambda =    0.11111; f =        -1945.8452187
lambda =   0.037037; f =        -1946.0183910
Norm of dx    0.74732
----
Improvement on iteration 56 =        0.160861570
-----------------
f at the beginning of new iteration,     -1946.0183909836
Correct for low angle: 0.00433078
Predicted improvement:        0.639910484
lambda =          1; f =        -1945.7407986
lambda =    0.33333; f =        -1946.2654848
Norm of dx    0.76183
----
Improvement on iteration 57 =        0.247093827
-----------------
f at the beginning of new iteration,     -1946.2654848102
Correct for low angle: 0.000943651
Predicted improvement:        2.228271826
lambda =          1; f =        -1872.3103345
lambda =    0.33333; f =        -1942.9617830
lambda =    0.11111; f =        -1946.3057318
lambda =   0.037037; f =        -1946.3821200
lambda =   0.071599; f =        -1946.4003007
Norm of dx    0.59668
----
Improvement on iteration 58 =        0.134815932
-----------------
f at the beginning of new iteration,     -1946.4003007421
Correct for low angle: 0.00211657
Predicted improvement:        0.959748833
lambda =          1; f =        -1935.6471692
lambda =    0.33333; f =        -1945.2233260
lambda =    0.11111; f =        -1946.3922000
lambda =   0.037037; f =        -1946.4462444
Norm of dx    0.60019
----
Improvement on iteration 59 =        0.045943641
-----------------
f at the beginning of new iteration,     -1946.4462443832
Predicted improvement:        0.393027270
lambda =          1; f =        -1947.0164690
lambda =     1.9332; f =        -1947.1006164
Norm of dx    0.59706
----
Improvement on iteration 60 =        0.654372062
-----------------
f at the beginning of new iteration,     -1947.1006164456
Predicted improvement:        0.444734924
lambda =          1; f =        -1947.6835331
Norm of dx   0.078489
----
Improvement on iteration 61 =        0.582916618
-----------------
f at the beginning of new iteration,     -1947.6835330631
Predicted improvement:        0.497498700
lambda =          1; f =        -1948.4044615
lambda =     1.9332; f =        -1948.6649032
Norm of dx    0.17639
----
Improvement on iteration 62 =        0.981370164
-----------------
f at the beginning of new iteration,     -1948.6649032276
Correct for low angle: 0.00398141
Predicted improvement:        0.584277779
lambda =          1; f =        -1949.3035486
Norm of dx    0.48005
----
Improvement on iteration 63 =        0.638645376
-----------------
f at the beginning of new iteration,     -1949.3035486039
Correct for low angle: 0.0044024
Predicted improvement:        0.423887261
lambda =          1; f =        -1949.8789694
Norm of dx   0.098183
----
Improvement on iteration 64 =        0.575420817
-----------------
f at the beginning of new iteration,     -1949.8789694214
Predicted improvement:        0.232431416
lambda =          1; f =        -1950.1521340
Norm of dx    0.30785
----
Improvement on iteration 65 =        0.273164540
-----------------
f at the beginning of new iteration,     -1950.1521339618
Predicted improvement:        0.090055257
lambda =          1; f =        -1950.1951362
lambda =    0.33333; f =        -1950.1977350
lambda =    0.64439; f =        -1950.2128751
Norm of dx   0.084585
----
Improvement on iteration 66 =        0.060741148
-----------------
f at the beginning of new iteration,     -1950.2128751101
Predicted improvement:        0.026695266
lambda =          1; f =        -1950.2421782
Norm of dx   0.040012
----
Improvement on iteration 67 =        0.029303130
-----------------
f at the beginning of new iteration,     -1950.2421782402
Predicted improvement:        0.003630998
lambda =          1; f =        -1950.2484617
lambda =     1.9332; f =        -1950.2525550
lambda =     3.7372; f =        -1950.2555714
Norm of dx   0.014178
----
Improvement on iteration 68 =        0.013393166
-----------------
f at the beginning of new iteration,     -1950.2555714064
Predicted improvement:        0.007451311
lambda =          1; f =        -1950.2690531
lambda =     1.9332; f =        -1950.2790136
lambda =     3.7372; f =        -1950.2904739
Norm of dx   0.016234
----
Improvement on iteration 69 =        0.034902528
-----------------
f at the beginning of new iteration,     -1950.2904739348
Predicted improvement:        0.010321252
lambda =          1; f =        -1950.3049265
lambda =     1.9332; f =        -1950.3063100
Norm of dx  0.0063558
----
Improvement on iteration 70 =        0.015836078
-----------------
f at the beginning of new iteration,     -1950.3063100129
Predicted improvement:        0.007130857
lambda =          1; f =        -1950.3161703
Norm of dx   0.029454
----
Improvement on iteration 71 =        0.009860270
-----------------
f at the beginning of new iteration,     -1950.3161702827
Predicted improvement:        0.004882722
lambda =          1; f =        -1950.3234946
lambda =     1.9332; f =        -1950.3258074
Norm of dx   0.039307
----
Improvement on iteration 72 =        0.009637088
-----------------
f at the beginning of new iteration,     -1950.3258073708
Predicted improvement:        0.004076963
lambda =          1; f =        -1950.3339149
lambda =     1.9332; f =        -1950.3413691
lambda =     3.7372; f =        -1950.3554745
lambda =     7.2247; f =        -1950.3816096
lambda =     13.967; f =        -1950.4279369
lambda =         27; f =        -1950.5020523
lambda =     52.196; f =        -1950.5887673
Norm of dx  0.0053322
----
Improvement on iteration 73 =        0.262959896
-----------------
f at the beginning of new iteration,     -1950.5887672663
Predicted improvement:        0.252697361
lambda =          1; f =        -1951.0598427
lambda =     1.9332; f =        -1951.4327582
lambda =     3.7372; f =        -1951.9387676
lambda =     7.2247; f =        -1951.7126228
Norm of dx    0.20662
----
Improvement on iteration 74 =        1.350000355
-----------------
f at the beginning of new iteration,     -1951.9387676214
Correct for low angle: 0.00212424
Predicted improvement:        2.737034694
lambda =          1; f =        -1880.2959329
lambda =    0.33333; f =        -1948.8371258
lambda =    0.11111; f =        -1952.0720632
lambda =   0.037037; f =        -1952.0906885
lambda =   0.071599; f =        -1952.1378000
Norm of dx     1.0665
----
Improvement on iteration 75 =        0.199032397
-----------------
f at the beginning of new iteration,     -1952.1378000180
Correct for low angle: 0.00150112
Predicted improvement:        3.766046076
lambda =          1; f =        -1920.2415478
lambda =    0.33333; f =        -1947.8943834
lambda =    0.11111; f =        -1952.0786270
lambda =   0.037037; f =        -1952.3110767
Norm of dx     1.0447
----
Improvement on iteration 76 =        0.173276727
-----------------
f at the beginning of new iteration,     -1952.3110767446
Correct for low angle: 0.00345712
Predicted improvement:        1.525869850
lambda =          1; f =        -1949.8429259
lambda =    0.33333; f =        -1952.7850243
Norm of dx     1.0186
----
Improvement on iteration 77 =        0.473947578
-----------------
f at the beginning of new iteration,     -1952.7850243228
Correct for low angle: 0.000777054
Predicted improvement:        5.884763198
lambda =          1; f =        -1919.9498669
lambda =    0.33333; f =        -1949.0536837
lambda =    0.11111; f =        -1953.0728573
lambda =   0.037037; f =        -1953.1003980
lambda =   0.071599; f =        -1953.1896468
Norm of dx     0.8036
----
Improvement on iteration 78 =        0.404622500
-----------------
f at the beginning of new iteration,     -1953.1896468229
Correct for low angle: 0.00343481
Predicted improvement:        0.968411221
lambda =          1; f =        -1946.6184555
lambda =    0.33333; f =        -1953.0534510
lambda =    0.11111; f =        -1953.3223472
Norm of dx    0.75634
----
Improvement on iteration 79 =        0.132700383
-----------------
f at the beginning of new iteration,     -1953.3223472062
Correct for low angle: 0.00175604
Predicted improvement:        1.541595536
lambda =          1; f =        -1938.7278886
lambda =    0.33333; f =        -1951.7698647
lambda =    0.11111; f =        -1953.3468189
lambda =   0.037037; f =        -1953.4001367
Norm of dx    0.63416
----
Improvement on iteration 80 =        0.077789452
-----------------
f at the beginning of new iteration,     -1953.4001366587
Predicted improvement:        0.479675177
lambda =          1; f =        -1953.6381556
lambda =    0.33333; f =        -1953.6558589
lambda =    0.64439; f =        -1953.7557231
Norm of dx    0.58918
----
Improvement on iteration 81 =        0.355586491
-----------------
f at the beginning of new iteration,     -1953.7557231496
Predicted improvement:        0.273607882
lambda =          1; f =        -1953.5175458
lambda =    0.33333; f =        -1953.8593085
Norm of dx   0.036993
----
Improvement on iteration 82 =        0.103585323
-----------------
f at the beginning of new iteration,     -1953.8593084730
Correct for low angle: 0.00487642
Predicted improvement:        0.018521816
lambda =          1; f =        -1953.8737765
Norm of dx   0.067267
----
Improvement on iteration 83 =        0.014468038
-----------------
f at the beginning of new iteration,     -1953.8737765106
Correct for low angle: 0.00185159
Predicted improvement:        0.003677220
lambda =          1; f =        -1953.8366861
lambda =    0.33333; f =        -1953.8713262
lambda =    0.11111; f =        -1953.8740823
Norm of dx   0.026511
----
Improvement on iteration 84 =        0.000305802
-----------------
f at the beginning of new iteration,     -1953.8740823124
Correct for low angle: 0.00150161
Predicted improvement:        0.003743694
lambda =          1; f =        -1953.8326735
lambda =    0.33333; f =        -1953.8711045
lambda =    0.11111; f =        -1953.8742675
lambda =   0.037037; f =        -1953.8742740
Norm of dx   0.023895
----
Improvement on iteration 85 =        0.000191702
-----------------
f at the beginning of new iteration,     -1953.8742740148
Correct for low angle: 0.00319392
Predicted improvement:        0.001455770
lambda =          1; f =        -1953.8660188
lambda =    0.33333; f =        -1953.8739515
lambda =    0.11111; f =        -1953.8744339
Norm of dx   0.023373
----
Improvement on iteration 86 =        0.000159852
-----------------
f at the beginning of new iteration,     -1953.8744338668
Correct for low angle: 0.00216328
Predicted improvement:        0.001726434
lambda =          1; f =        -1953.8559979
lambda =    0.33333; f =        -1953.8732027
lambda =    0.11111; f =        -1953.8745768
Norm of dx   0.020981
----
Improvement on iteration 87 =        0.000142900
-----------------
f at the beginning of new iteration,     -1953.8745767667
Correct for low angle: 0.00138809
Predicted improvement:        0.002363979
lambda =          1; f =        -1953.8461603
lambda =    0.33333; f =        -1953.8724141
lambda =    0.11111; f =        -1953.8746541
lambda =   0.037037; f =        -1953.8746907
Norm of dx    0.01904
----
Improvement on iteration 88 =        0.000113944
-----------------
f at the beginning of new iteration,     -1953.8746907105
Correct for low angle: 0.0031687
Predicted improvement:        0.000843762
lambda =          1; f =        -1953.8690094
lambda =    0.33333; f =        -1953.8743893
lambda =    0.11111; f =        -1953.8747658
Norm of dx   0.018557
----
Improvement on iteration 89 =        0.000075081
-----------------
f at the beginning of new iteration,     -1953.8747657913
Correct for low angle: 0.00187275
Predicted improvement:        0.001170035
lambda =          1; f =        -1953.8600908
lambda =    0.33333; f =        -1953.8737046
lambda =    0.11111; f =        -1953.8748428
lambda =   0.037037; f =        -1953.8748395
lambda =   0.071599; f =        -1953.8748649
Norm of dx   0.016619
----
Improvement on iteration 90 =        0.000099126
-----------------
f at the beginning of new iteration,     -1953.8748649177
Correct for low angle: 0.00241323
Predicted improvement:        0.000762569
lambda =          1; f =        -1953.8656905
lambda =    0.33333; f =        -1953.8741334
lambda =    0.11111; f =        -1953.8748771
lambda =   0.037037; f =        -1953.8748973
Norm of dx   0.015655
----
Improvement on iteration 91 =        0.000032412
-----------------
f at the beginning of new iteration,     -1953.8748973300
Predicted improvement:        0.000330002
lambda =          1; f =        -1953.8752174
Norm of dx   0.015221
----
Improvement on iteration 92 =        0.000320094
-----------------
f at the beginning of new iteration,     -1953.8752174238
Predicted improvement:        0.000005477
lambda =          1; f =        -1953.8752214
Norm of dx 0.00096513
----
Improvement on iteration 93 =        0.000004015
-----------------
f at the beginning of new iteration,     -1953.8752214390
Correct for low angle: 0.00350524
Predicted improvement:        0.000000475
lambda =          1; f =        -1953.8752220
Norm of dx 0.00045284
----
Improvement on iteration 94 =        0.000000574
-----------------
f at the beginning of new iteration,     -1953.8752220134
Predicted improvement:        0.000001060
lambda =          1; f =        -1953.8752210
lambda =    0.33333; f =        -1953.8752219
lambda =    0.11111; f =        -1953.8752220
lambda =   0.037037; f =        -1953.8752220
lambda =   0.012346; f =        -1953.8752220
lambda =  0.0041152; f =        -1953.8752220
lambda =  0.0013717; f =        -1953.8752220
lambda = 0.00045725; f =        -1953.8752220
lambda = 0.00015242; f =        -1953.8752220
lambda = 5.0805e-05; f =        -1953.8752220
lambda = 1.6935e-05; f =        -1953.8752220
lambda =  5.645e-06; f =        -1953.8752220
lambda = 1.8817e-06; f =        -1953.8752220
lambda = 6.2723e-07; f =        -1953.8752220
Norm of dx 7.5768e-05
----
Improvement on iteration 95 =        0.000000000
improvement < crit termination

Final value of minus the log posterior (or likelihood):-1953.875222 

MODE CHECK

Fval obtained by the minimization routine (minus the posterior/likelihood)): -1953.875222

RESULTS FROM POSTERIOR ESTIMATION
parameters
         prior mean     mode    s.d.  prior pstdev

sigma        1.5000   1.3351  0.1384   gamm 0.2500 
iota         0.5000   0.0126  0.0165   beta 0.2500 
Psi_K        1.5700   7.3893  0.9512   gamm 1.5000 
sigma_a      0.3200   1.0483  0.5001   gamm 0.3000 
rho_Z        0.6000   0.9949  0.0042   beta 0.2000 
rho_ZI       0.6000   0.8581  0.0268   beta 0.2000 
lambda_1     0.6000   0.8752  0.0294   beta 0.2000 

standard deviation of shocks
         prior mean     mode    s.d.  prior pstdev

e_ZI         0.0100   0.0228  0.0036   invg 0.0040 
e_Z          0.0100   0.0062  0.0003   invg 0.0040 
e_chi        0.0100   0.0470  0.0026   invg 0.0040 


Log data density [Laplace approximation] is 1921.926195.

Estimation::mcmc: Multiple chains mode.
Estimation::mcmc: Old mh-files successfully erased!
Estimation::mcmc: Old metropolis.log file successfully erased!
Estimation::mcmc: Creation of a new metropolis.log file.
Estimation::mcmc: Searching for initial values...
Estimation::mcmc: Initial values found!

Estimation::mcmc: Write details about the MCMC... Ok!
Estimation::mcmc: Details about the MCMC are available in two_sector_RBC_mobile/metropolis\two_sector_RBC_mobile_mh_history_0.mat


Estimation::mcmc: Number of mh files: 1 per block.
Estimation::mcmc: Total number of generated files: 2.
Estimation::mcmc: Total number of iterations: 250000.
Estimation::mcmc: Current acceptance ratio per chain: 
                                                       Chain  1: 63.4796%
                                                       Chain  2: 63.2192%
Estimation::mcmc: Total number of MH draws per chain: 250000.
Estimation::mcmc: Total number of generated MH files: 1.
Estimation::mcmc: I'll use mh-files 1 to 1.
Estimation::mcmc: In MH-file number 1 I'll start at line 75001.
Estimation::mcmc: Finally I keep 175000 draws per chain.



MCMC Inefficiency factors per block
Parameter       Block 1     Block 2
SE_e_ZI         139.082      92.947
SE_e_Z           76.171      81.134
SE_e_chi         93.747      87.916
sigma           127.550     101.056
iota            148.018     116.819
Psi_K           117.041      78.882
sigma_a         142.769     176.282
rho_Z           542.012     367.813
rho_ZI           79.389      88.981
lambda_1         88.202      77.028

Estimation::mcmc::diagnostics: Univariate convergence diagnostic, Brooks and Gelman (1998):
    Parameter 1...  Done! 
    Parameter 2...  Done! 
    Parameter 3...  Done! 
    Parameter 4...  Done! 
    Parameter 5...  Done! 
    Parameter 6...  Done! 
    Parameter 7...  Done! 
    Parameter 8...  Done! 
    Parameter 9...  Done! 
    Parameter 10...  Done! 

Estimation::marginal density: I'm computing the posterior mean and covariance...  Done!
Estimation::marginal density: I'm computing the posterior log marginal density (modified harmonic mean)... Done!


ESTIMATION RESULTS

Log data density is 1922.506336.

parameters
           prior mean   post. mean        90% HPD interval    prior       pstdev

sigma           1.500       1.3433      1.1107      1.5741     gamm       0.2500
iota            0.500       0.0292      0.0005      0.0578     beta       0.2500
Psi_K           1.570       7.6055      5.9441      9.1612     gamm       1.5000
sigma_a         0.320       1.4693      0.5196      2.3818     gamm       0.3000
rho_Z           0.600       0.9879      0.9757      0.9996     beta       0.2000
rho_ZI          0.600       0.8562      0.8138      0.9005     beta       0.2000
lambda_1        0.600       0.8720      0.8249      0.9196     beta       0.2000

standard deviation of shocks
           prior mean   post. mean        90% HPD interval    prior       pstdev

e_ZI            0.010       0.0249      0.0186      0.0311     invg       0.0040
e_Z             0.010       0.0063      0.0058      0.0068     invg       0.0040
e_chi           0.010       0.0477      0.0434      0.0522     invg       0.0040
Estimation::mcmc: Posterior (dsge) IRFs...
Estimation::mcmc: Posterior IRFs, done!

MODEL SUMMARY

  Number of variables:         34
  Number of stochastic shocks: 3
  Number of state variables:   8
  Number of jumpers:           4
  Number of static variables:  22


MATRIX OF COVARIANCE OF EXOGENOUS SHOCKS
Variables        e_ZI       e_Z     e_chi
e_ZI         0.000620  0.000000  0.000000
e_Z          0.000000  0.000040  0.000000
e_chi        0.000000  0.000000  0.002276



THEORETICAL MOMENTS
VARIABLE             MEAN  STD. DEV.   VARIANCE
C_obs              0.0000     0.0548     0.0030
TI_obs             0.0000     0.1280     0.0164
Y_obs              0.0000     0.0631     0.0040
lab_prod_obs       0.0000     0.0584     0.0034
labor_share        0.0000     0.0367     0.0013
L_C                0.0000     0.0339     0.0011
L_I                0.0000     0.0855     0.0073
L                  0.0000     0.0412     0.0017
p_I_obs            0.0000     0.0463     0.0021



VARIANCE DECOMPOSITION (in percent)
                  e_ZI     e_Z   e_chi
C_obs             3.08   72.91   24.01
TI_obs           54.63   21.00   24.38
Y_obs            10.55   60.44   29.01
lab_prod_obs      9.24   88.08    2.69
labor_share      99.52    0.02    0.46
L_C               2.98    5.81   91.20
L_I              27.96    1.55   70.49
L                 1.51    2.03   96.46
p_I_obs          99.52    0.02    0.46

CONDITIONAL VARIANCE DECOMPOSITION (in percent)
Period 1:
                  e_ZI     e_Z   e_chi
C_obs             1.59   18.37   80.05
TI_obs           69.82    2.89   27.29
Y_obs            19.96   11.95   68.09
lab_prod_obs     30.77   45.06   24.17
labor_share      97.69    0.11    2.21
L_C               3.15    0.77   96.08
L_I              29.13    0.48   70.38
L                 1.56    0.06   98.38
p_I_obs          97.69    0.11    2.21
Period 4:
                  e_ZI     e_Z   e_chi
C_obs             1.68   24.10   74.22
TI_obs           67.74    3.93   28.33
Y_obs            20.09   15.37   64.54
lab_prod_obs     30.18   53.11   16.71
labor_share      99.30    0.03    0.66
L_C               3.44    0.99   95.58
L_I              29.68    0.69   69.63
L                 1.63    0.06   98.31
p_I_obs          99.30    0.03    0.66
Period 8:
                  e_ZI     e_Z   e_chi
C_obs             1.28   30.82   67.90
TI_obs           65.80    5.63   28.56
Y_obs            19.49   20.30   60.21
lab_prod_obs     28.34   60.89   10.77
labor_share      99.47    0.02    0.50
L_C               3.30    1.37   95.33
L_I              28.27    0.91   70.82
L                 1.43    0.11   98.46
p_I_obs          99.47    0.02    0.50
Period 40:
                  e_ZI     e_Z   e_chi
C_obs             4.27   58.44   37.29
TI_obs           58.68   15.14   26.18
Y_obs            14.36   45.82   39.82
lab_prod_obs     15.35   80.33    4.32
labor_share      99.52    0.02    0.46
L_C               3.04    3.88   93.08
L_I              27.83    1.31   70.86
L                 1.48    0.78   97.74
p_I_obs          99.52    0.02    0.46



MATRIX OF CORRELATIONS
Variables              C_obs        TI_obs         Y_obs  lab_prod_obs   labor_share           L_C           L_I             L       p_I_obs
C_obs                 1.0000        0.6020        0.9414        0.7874       -0.0196        0.2538        0.3723        0.3263        0.0196
TI_obs                0.6020        1.0000        0.8360        0.5492        0.7199        0.2316        0.8137        0.5025       -0.7199
Y_obs                 0.9414        0.8360        1.0000        0.7730        0.2906        0.2723        0.5995        0.4364       -0.2906
lab_prod_obs          0.7874        0.5492        0.7730        1.0000        0.2643       -0.3756        0.0260       -0.2335       -0.2643
labor_share          -0.0196        0.7199        0.2906        0.2643        1.0000       -0.2024        0.4684        0.0705       -1.0000
L_C                   0.2538        0.2316        0.2723       -0.3756       -0.2024        1.0000        0.6905        0.9499        0.2024
L_I                   0.3723        0.8137        0.5995        0.0260        0.4684        0.6905        1.0000        0.8820       -0.4684
L                     0.3263        0.5025        0.4364       -0.2335        0.0705        0.9499        0.8820        1.0000       -0.0705
p_I_obs               0.0196       -0.7199       -0.2906       -0.2643       -1.0000        0.2024       -0.4684       -0.0705        1.0000



COEFFICIENTS OF AUTOCORRELATION
Order                1       2       3       4       5
C_obs           0.9711  0.9465  0.9239  0.9030  0.8835
TI_obs          0.9050  0.7985  0.7067  0.6275  0.5592
Y_obs           0.9571  0.9159  0.8791  0.8460  0.8161
lab_prod_obs    0.9845  0.9699  0.9560  0.9427  0.9299
labor_share     0.8859  0.7585  0.6494  0.5560  0.4760
L_C             0.8801  0.7744  0.6824  0.6020  0.5319
L_I             0.8672  0.7315  0.6145  0.5138  0.4273
L               0.8735  0.7572  0.6563  0.5685  0.4922
p_I_obs         0.8859  0.7585  0.6494  0.5560  0.4760
Total computing time : 0h56m22s
