% MH log file (Dynare).
% 24-Apr-2024 10:20:40.
 

% Session 1.
 
  Number of blocks...............: 2
  Number of simulations per block: 200000
 
  Initial values of the parameters:
    Blck 1:
      params:1: 0.024945
      params:2: 0.0009002
      params:3: 0.0067153
      params:4: 0.0047062
      params:5: 0.029622
      params:6: 0.00046484
      params:7: 0.00052492
      params:8: 0.00025056
      params:9: 0.0042981
      params:10: 0.0006985
      params:11: 0.008173
      params:12: 0.0012183
      params:13: 0.050285
      params:14: 3.7936
      params:15: 0.0014461
      params:16: 0.90803
      params:17: 0.96791
      params:18: 0.70495
      params:19: 2.0272
      params:20: 0.99897
      params:21: 0.010334
      params:22: 0.13047
      params:23: 0.92282
      params:24: 0.65735
      params:25: 16.1955
      params:26: 3.1125
      params:27: 0.064363
      params:28: 0.77761
      params:29: 0.99978
      params:30: 0.97972
      params:31: 0.88978
      params:32: 0.99524
      params:33: 0.97213
      logpo2: 4355.3331
    Blck 2:
      params:1: 0.024944
      params:2: 0.00090399
      params:3: 0.006713
      params:4: 0.004706
      params:5: 0.029622
      params:6: 0.00046377
      params:7: 0.00052603
      params:8: 0.00025115
      params:9: 0.0042991
      params:10: 0.00069989
      params:11: 0.0081725
      params:12: 0.0012171
      params:13: 0.050284
      params:14: 3.7936
      params:15: 0.0014121
      params:16: 0.90802
      params:17: 0.96789
      params:18: 0.705
      params:19: 2.0271
      params:20: 0.99898
      params:21: 0.010333
      params:22: 0.13077
      params:23: 0.92275
      params:24: 0.65756
      params:25: 16.1953
      params:26: 3.1125
      params:27: 0.064356
      params:28: 0.77766
      params:29: 0.99977
      params:30: 0.97972
      params:31: 0.88971
      params:32: 0.9952
      params:33: 0.97212
      logpo2: 4355.1115
 
 
  CREATION OF THE MH HISTORY FILE!

    Expected number of files per block.......: 1.
    Expected number of lines in the last file: 200000.

    Initial state of the Gaussian random number generator for chain number 1:
      1
      1812433254
      3713160357
      3109174145
      64984499
      3392658084
      446538473
      2629760756
      2453345558
      1394803949
      1021787430
      2063496713
      1304877364
      1713639158
      889001601
      1651239412
      1450863289
      745575081
      361057727
      2288771950
      1463387568
      2249488362
      26637982
      204036717
      1655702041
      1329048465
      2092351466
      1681619666
      3220660315
      1301783610
      626286181
      294669048
      3537128440
      3259518248
      2550101273
      1160881866
      308703547
      295714668
      35508674
      1599247281
      376272024
      3166459937
      1852735737
      3680868867
      612352556
      2760189833
      3816750341
      699140493
      1087846865
      394927937
      2063539671
      645417889
      2337669049
      3773167612
      678121169
      3006984620
      1163491294
      2559287860
      543155592
      3194181347
      2463543297
      3875146860
      475483913
      3707568076
      3881808875
      1264657097
      208126250
      1802809301
      367907560
      2433375693
      2851326449
      2380707878
      2911758972
      4243386879
      2229228726
      828161871
      2871116151
      990638198
      178193628
      1012573979
      1223581943
      3333023583
      1901888414
      3913876750
      3168662389
      656194888
      1553610174
      466840498
      686407570
      280737523
      2476489017
      1272981410
      3189431979
      3294710282
      1564477163
      4133221553
      823708826
      880616227
      1730254897
      335723347
      2123911971
      344194767
      119099153
      2915257116
      3339825470
      2524942970
      1191117250
      3403812186
      3988972937
      2575395295
      4072737183
      663832315
      808080503
      724042340
      2966189542
      2499643239
      3309205581
      1915303227
      72616536
      387525935
      2791701251
      2190905566
      3740328774
      831297460
      3750964864
      2190112044
      899144100
      2346558003
      3851695829
      2896963823
      1548614403
      3676707405
      2050891594
      4165893148
      1883017153
      2668787527
      50330561
      2063572142
      1853585557
      1716111087
      2937248370
      1650859709
      2682305722
      565243175
      3922227187
      3482032705
      2809081500
      2099376873
      230358556
      1065827745
      196966939
      3268845630
      3625508265
      1477799595
      4149453740
      2757835686
      3032697936
      2200108791
      3421680711
      4145382259
      3605253072
      1186485728
      3520482151
      3080733463
      3887314157
      4030447755
      1699987022
      1393253586
      1710066407
      710337383
      3754612557
      2741088369
      337455371
      1304761604
      3592681639
      3099385187
      4003676405
      317081535
      997754381
      480565460
      3806265432
      1068029852
      776179010
      470617537
      3653875421
      2273571919
      1055365147
      1317172834
      3414733003
      2835400613
      28845217
      631741764
      2334552212
      3565466095
      1225096926
      1277781438
      2416008223
      1268768054
      2750789241
      267768398
      2175383438
      268654341
      2550530755
      2971623408
      1666669894
      1934871760
      509782083
      2798468670
      2834016892
      2494149255
      1965005899
      2653045765
      2317194903
      1297426078
      916214929
      2967861004
      2236807006
      2476725285
      128488253
      4277714156
      3016192551
      1690883702
      1329810641
      593010415
      2341313579
      1754238478
      1242698701
      2152594527
      2103269013
      926178633
      647225267
      4243787142
      1489208161
      3188798921
      1327553793
      3644600811
      684513652
      2606555057
      2705329549
      2557469018
      1294205096
      70104222
      3020083528
      2015571237
      2768573480
      401698695
      2812362809
      328919870
      984940142
      1653817439
      471643152
      538942283
      2040555667
      1211982999
      1663497772
      2941793728
      3001026698
      313271977
      3644502703
      2423950047
      2629046069
      3450826936
      44600781
      2633869288
      4267014746
      4204914470
      1955987363
      2590608885
      2120168063
      1460034243
      258056600
      3693550087
      779446436
      902696389
      4228701387
      3165791227
      3478614865
      1500865135
      905884796
      3682046467
      2437847832
      2595888219
      4144484663
      1299603103
      648536946
      1762836247
      4265749196
      950840266
      2928992722
      2051369009
      2071186450
      1164619682
      210405235
      1296628868
      2425474719
      4083386904
      1978331343
      3190898799
      602128683
      2003319330
      1043377147
      756690484
      24776626
      1835824233
      1156421176
      2125448878
      1333136189
      607751135
      4255614767
      4238533009
      2583175632
      230472465
      3037259757
      1546348932
      2537279411
      110471952
      520621708
      63613561
      2843673595
      775036
      1899744556
      1168115970
      2685086321
      3410250658
      3151102153
      634647644
      3639125394
      3344624764
      1525171811
      1878800371
      3356530116
      3676542926
      602053165
      2686708238
      3703555082
      3754961372
      3970030923
      1749014201
      3391107050
      2478152000
      2121779806
      2636689360
      769835312
      4230539591
      1909812524
      417081626
      3096519324
      387659697
      3764499249
      3452925463
      3818277698
      3008920324
      15253694
      1479260759
      2421328720
      2220743357
      38831551
      1032912064
      3400956198
      2362808832
      3988706866
      1950464958
      3248573125
      1225815945
      1211036180
      346407094
      3867176764
      1257086026
      2725236231
      2843735658
      4147241082
      1729974832
      1256499145
      3765975901
      784776076
      4288277427
      3903532520
      3431522864
      2792589977
      2935989154
      3536596892
      3512984120
      605476293
      1774961976
      981422589
      822525778
      3343539932
      422954622
      1323482938
      2523465420
      2746609356
      1664448205
      272567300
      711582493
      3625722107
      3615865699
      950619756
      2864168489
      108006277
      3976313352
      680217319
      173747636
      291134870
      198587329
      595310009
      941470866
      2438488368
      1681923153
      1654783272
      3531789254
      4149541715
      2922706987
      684907209
      3116688362
      3288142886
      3953377592
      3332428007
      1400401813
      3745921798
      1701705628
      3744511893
      1838265811
      3314032512
      3894840150
      3810031409
      181324387
      983160249
      1444959400
      3836664153
      3032673327
      310789231
      3701565562
      1407580781
      2511575629
      3113822685
      1777261998
      2208898751
      106383174
      2961020500
      995776421
      3306087121
      2181030035
      2300064751
      1909543740
      4023156173
      1671619075
      2151956104
      237668401
      3204511253
      1303668692
      3868259787
      2737897899
      4091026033
      2877780671
      134376279
      398912026
      863520778
      3712468923
      3443213666
      2183809552
      2597379302
      349776833
      274697715
      4266593710
      4282186769
      3530757867
      520237914
      3369037397
      2285670338
      387086485
      618942879
      219892882
      2008897906
      2293749560
      2907436476
      3853296593
      327550390
      1558751403
      2125694704
      1822570484
      2409968265
      436622776
      2691124090
      1080819771
      2958107334
      2667158841
      2117901613
      440045635
      3861104471
      3574962701
      3210299248
      1368601573
      2434039520
      86704919
      3628108033
      1909858745
      227461000
      2530509465
      838433817
      730224848
      1060658180
      1318482825
      233266846
      2352800845
      2086493219
      3826355555
      3174377690
      1455208243
      1356597942
      663563056
      2501819374
      4213535259
      1585241464
      873997246
      2597898744
      427064229
      1587746589
      259660817
      1688808891
      4165834345
      1359025114
      2013923952
      2963511711
      2903220732
      356112706
      501549847
      1609412897
      1685128111
      2639303606
      700554261
      914150235
      2010650618
      2029243163
      3046509911
      715702687
      2206956754
      3045298216
      2922667179
      2497577415
      3001819604
      706666890
      2275923855
      3094184383
      2781697712
      3292952666
      4238614078
      278500659
      1440033346
      1552714131
      336554687
      2842580609
      2255044310
      2180071372
      99970159
      2078552309
      1172694639
      1359399314
      546452524
      349053834
      3072254369
      3043246719
      3314426498
      1594992663
      3582269665
      2114045278
      585873328
      840739494
      3475778485
      1506518790
      4008486652
      229989333
      3582278212
      363921215
      3592842520
      1833533669
      708173875
      564248927
      853943228
      2282731374
      2874158047
      3978663285
      2332696531
      1354524859
      58121641
      1445193461
      1936635021
      3374328198
      3465253060
      385589199
      1819596280
      912895627
      1877426726
      733280947
      2004202992
      3311780711
      3732053191
      309903272
      97290141
      2945419335
      3916477072
      1326195031
      3740938055
      3604745262
      3633308956
      3392929431
      1257547457
      251825182
      3318700085
      847033774
      137350663
      1716455973
      546850455
      4227574519
      3044214953
      2259874013
      2442748258
      2956971336
      2198772379
      1269686727
      2648116105
      1339159363
      1473334647
      2386671612
      2069268389
      624
    Initial state of the Uniform random number generator for chain number 1:
      1
      1812433254
      3713160357
      3109174145
      64984499
      3392658084
      446538473
      2629760756
      2453345558
      1394803949
      1021787430
      2063496713
      1304877364
      1713639158
      889001601
      1651239412
      1450863289
      745575081
      361057727
      2288771950
      1463387568
      2249488362
      26637982
      204036717
      1655702041
      1329048465
      2092351466
      1681619666
      3220660315
      1301783610
      626286181
      294669048
      3537128440
      3259518248
      2550101273
      1160881866
      308703547
      295714668
      35508674
      1599247281
      376272024
      3166459937
      1852735737
      3680868867
      612352556
      2760189833
      3816750341
      699140493
      1087846865
      394927937
      2063539671
      645417889
      2337669049
      3773167612
      678121169
      3006984620
      1163491294
      2559287860
      543155592
      3194181347
      2463543297
      3875146860
      475483913
      3707568076
      3881808875
      1264657097
      208126250
      1802809301
      367907560
      2433375693
      2851326449
      2380707878
      2911758972
      4243386879
      2229228726
      828161871
      2871116151
      990638198
      178193628
      1012573979
      1223581943
      3333023583
      1901888414
      3913876750
      3168662389
      656194888
      1553610174
      466840498
      686407570
      280737523
      2476489017
      1272981410
      3189431979
      3294710282
      1564477163
      4133221553
      823708826
      880616227
      1730254897
      335723347
      2123911971
      344194767
      119099153
      2915257116
      3339825470
      2524942970
      1191117250
      3403812186
      3988972937
      2575395295
      4072737183
      663832315
      808080503
      724042340
      2966189542
      2499643239
      3309205581
      1915303227
      72616536
      387525935
      2791701251
      2190905566
      3740328774
      831297460
      3750964864
      2190112044
      899144100
      2346558003
      3851695829
      2896963823
      1548614403
      3676707405
      2050891594
      4165893148
      1883017153
      2668787527
      50330561
      2063572142
      1853585557
      1716111087
      2937248370
      1650859709
      2682305722
      565243175
      3922227187
      3482032705
      2809081500
      2099376873
      230358556
      1065827745
      196966939
      3268845630
      3625508265
      1477799595
      4149453740
      2757835686
      3032697936
      2200108791
      3421680711
      4145382259
      3605253072
      1186485728
      3520482151
      3080733463
      3887314157
      4030447755
      1699987022
      1393253586
      1710066407
      710337383
      3754612557
      2741088369
      337455371
      1304761604
      3592681639
      3099385187
      4003676405
      317081535
      997754381
      480565460
      3806265432
      1068029852
      776179010
      470617537
      3653875421
      2273571919
      1055365147
      1317172834
      3414733003
      2835400613
      28845217
      631741764
      2334552212
      3565466095
      1225096926
      1277781438
      2416008223
      1268768054
      2750789241
      267768398
      2175383438
      268654341
      2550530755
      2971623408
      1666669894
      1934871760
      509782083
      2798468670
      2834016892
      2494149255
      1965005899
      2653045765
      2317194903
      1297426078
      916214929
      2967861004
      2236807006
      2476725285
      128488253
      4277714156
      3016192551
      1690883702
      1329810641
      593010415
      2341313579
      1754238478
      1242698701
      2152594527
      2103269013
      926178633
      647225267
      4243787142
      1489208161
      3188798921
      1327553793
      3644600811
      684513652
      2606555057
      2705329549
      2557469018
      1294205096
      70104222
      3020083528
      2015571237
      2768573480
      401698695
      2812362809
      328919870
      984940142
      1653817439
      471643152
      538942283
      2040555667
      1211982999
      1663497772
      2941793728
      3001026698
      313271977
      3644502703
      2423950047
      2629046069
      3450826936
      44600781
      2633869288
      4267014746
      4204914470
      1955987363
      2590608885
      2120168063
      1460034243
      258056600
      3693550087
      779446436
      902696389
      4228701387
      3165791227
      3478614865
      1500865135
      905884796
      3682046467
      2437847832
      2595888219
      4144484663
      1299603103
      648536946
      1762836247
      4265749196
      950840266
      2928992722
      2051369009
      2071186450
      1164619682
      210405235
      1296628868
      2425474719
      4083386904
      1978331343
      3190898799
      602128683
      2003319330
      1043377147
      756690484
      24776626
      1835824233
      1156421176
      2125448878
      1333136189
      607751135
      4255614767
      4238533009
      2583175632
      230472465
      3037259757
      1546348932
      2537279411
      110471952
      520621708
      63613561
      2843673595
      775036
      1899744556
      1168115970
      2685086321
      3410250658
      3151102153
      634647644
      3639125394
      3344624764
      1525171811
      1878800371
      3356530116
      3676542926
      602053165
      2686708238
      3703555082
      3754961372
      3970030923
      1749014201
      3391107050
      2478152000
      2121779806
      2636689360
      769835312
      4230539591
      1909812524
      417081626
      3096519324
      387659697
      3764499249
      3452925463
      3818277698
      3008920324
      15253694
      1479260759
      2421328720
      2220743357
      38831551
      1032912064
      3400956198
      2362808832
      3988706866
      1950464958
      3248573125
      1225815945
      1211036180
      346407094
      3867176764
      1257086026
      2725236231
      2843735658
      4147241082
      1729974832
      1256499145
      3765975901
      784776076
      4288277427
      3903532520
      3431522864
      2792589977
      2935989154
      3536596892
      3512984120
      605476293
      1774961976
      981422589
      822525778
      3343539932
      422954622
      1323482938
      2523465420
      2746609356
      1664448205
      272567300
      711582493
      3625722107
      3615865699
      950619756
      2864168489
      108006277
      3976313352
      680217319
      173747636
      291134870
      198587329
      595310009
      941470866
      2438488368
      1681923153
      1654783272
      3531789254
      4149541715
      2922706987
      684907209
      3116688362
      3288142886
      3953377592
      3332428007
      1400401813
      3745921798
      1701705628
      3744511893
      1838265811
      3314032512
      3894840150
      3810031409
      181324387
      983160249
      1444959400
      3836664153
      3032673327
      310789231
      3701565562
      1407580781
      2511575629
      3113822685
      1777261998
      2208898751
      106383174
      2961020500
      995776421
      3306087121
      2181030035
      2300064751
      1909543740
      4023156173
      1671619075
      2151956104
      237668401
      3204511253
      1303668692
      3868259787
      2737897899
      4091026033
      2877780671
      134376279
      398912026
      863520778
      3712468923
      3443213666
      2183809552
      2597379302
      349776833
      274697715
      4266593710
      4282186769
      3530757867
      520237914
      3369037397
      2285670338
      387086485
      618942879
      219892882
      2008897906
      2293749560
      2907436476
      3853296593
      327550390
      1558751403
      2125694704
      1822570484
      2409968265
      436622776
      2691124090
      1080819771
      2958107334
      2667158841
      2117901613
      440045635
      3861104471
      3574962701
      3210299248
      1368601573
      2434039520
      86704919
      3628108033
      1909858745
      227461000
      2530509465
      838433817
      730224848
      1060658180
      1318482825
      233266846
      2352800845
      2086493219
      3826355555
      3174377690
      1455208243
      1356597942
      663563056
      2501819374
      4213535259
      1585241464
      873997246
      2597898744
      427064229
      1587746589
      259660817
      1688808891
      4165834345
      1359025114
      2013923952
      2963511711
      2903220732
      356112706
      501549847
      1609412897
      1685128111
      2639303606
      700554261
      914150235
      2010650618
      2029243163
      3046509911
      715702687
      2206956754
      3045298216
      2922667179
      2497577415
      3001819604
      706666890
      2275923855
      3094184383
      2781697712
      3292952666
      4238614078
      278500659
      1440033346
      1552714131
      336554687
      2842580609
      2255044310
      2180071372
      99970159
      2078552309
      1172694639
      1359399314
      546452524
      349053834
      3072254369
      3043246719
      3314426498
      1594992663
      3582269665
      2114045278
      585873328
      840739494
      3475778485
      1506518790
      4008486652
      229989333
      3582278212
      363921215
      3592842520
      1833533669
      708173875
      564248927
      853943228
      2282731374
      2874158047
      3978663285
      2332696531
      1354524859
      58121641
      1445193461
      1936635021
      3374328198
      3465253060
      385589199
      1819596280
      912895627
      1877426726
      733280947
      2004202992
      3311780711
      3732053191
      309903272
      97290141
      2945419335
      3916477072
      1326195031
      3740938055
      3604745262
      3633308956
      3392929431
      1257547457
      251825182
      3318700085
      847033774
      137350663
      1716455973
      546850455
      4227574519
      3044214953
      2259874013
      2442748258
      2956971336
      2198772379
      1269686727
      2648116105
      1339159363
      1473334647
      2386671612
      2069268389
      624
    Initial state of the Gaussian random number generator for chain number 2:
      2
      3624866507
      846688490
      2733819477
      1447939927
      2751582963
      523383323
      3998955438
      1552125001
      468770929
      3174827423
      721042428
      3535242872
      3938247060
      2422198177
      2908759646
      3086638684
      3470362919
      4130561862
      1461945164
      1969357429
      3290893273
      2478135064
      2883471193
      442423807
      3020847284
      3712550376
      2942769362
      3450083884
      2131393448
      1760508619
      1079921617
      2926983472
      3248378587
      2176075610
      3115728347
      149850049
      1325979722
      2018146493
      3978444371
      1443587512
      3757974310
      4061506243
      3324845547
      103150772
      1574559537
      4189437470
      909936288
      4165778768
      954014960
      3460881122
      1208468472
      4206858865
      2349975855
      1139307511
      612263493
      4068230769
      836291891
      3502129241
      3858075069
      720214578
      1721800695
      1583913548
      3992130976
      1391510671
      3658451527
      3506172182
      3137165964
      3175921738
      668679341
      2981266823
      1736825536
      3777468269
      2427100335
      2783143307
      3066847320
      413674958
      3816771731
      3611810078
      2387881408
      1275125722
      4146169016
      4116607257
      1753188757
      2919070648
      642669239
      3128342921
      3505362734
      3299392025
      4041168539
      194806354
      2126204085
      1155372896
      3507921570
      4183642851
      390828735
      965876923
      2502060328
      3640719348
      500564950
      2958494162
      726085493
      3551417999
      1038946723
      2355966135
      2266502354
      2169734778
      103957955
      2239750491
      3497757066
      3960902779
      3919891399
      2708228292
      672443535
      3966344157
      3039186185
      3064219851
      3275966658
      1958870427
      3363207225
      1051359578
      1034488571
      4218333313
      3731099077
      826434970
      3066527807
      503397775
      2203570410
      1724486664
      1174354190
      379816557
      949285508
      1512592024
      4098586594
      4162106699
      1244073455
      4049526126
      149401994
      2486298108
      2645994433
      4048691067
      2760221413
      1429726385
      155150847
      263670059
      1839522184
      1971211423
      2988886249
      2906654795
      2763085410
      3184555126
      2428241499
      1912808117
      2344289693
      1914982229
      303251647
      3363291895
      1933606625
      4101500670
      3877744496
      2270413823
      1339668594
      2478854401
      2974781906
      1176295348
      1522792462
      3413763473
      1643164993
      1773585128
      600348566
      3831305432
      3739184658
      2927920737
      921239740
      2960516826
      653634535
      4282151379
      3899733953
      2848969276
      506667305
      2064254689
      2562889493
      1027730377
      2964297732
      1573662998
      1400221132
      604719003
      2600612834
      1086412828
      2839169326
      2237360922
      2533955895
      2173128617
      3585208888
      225649929
      3162402384
      2737400094
      945452241
      32174139
      4057815822
      3681149417
      538074139
      1665518193
      1290718971
      1204908910
      1752298136
      1576507435
      1950581601
      395392432
      3117768513
      1610510657
      582872851
      3882188371
      3486754405
      3612818708
      79522282
      3654222890
      554014214
      2795988792
      2699019453
      768333623
      1041848464
      1012203950
      3207710853
      2191875363
      2180736998
      3657761238
      2596779756
      1513261770
      298083836
      921966930
      2568544321
      480859735
      4268007484
      757985477
      442264484
      4253891744
      178333756
      3653303450
      2759887436
      1625051062
      2140496676
      2583817099
      109920000
      3849378804
      587135080
      3965692414
      3584128712
      2496889359
      4066788634
      3439502551
      1041005727
      2784445111
      4231212902
      3427909847
      306088099
      708846671
      1357224748
      81546947
      1013346034
      3328657534
      1140162390
      1617022297
      451026111
      4191194979
      2544038377
      3358406081
      2078869653
      1150523248
      3663542690
      2315642515
      380539204
      125351140
      2913559301
      3540242901
      1353142401
      2409055124
      3136483651
      3384539323
      2622200239
      1322006361
      60288721
      1836454543
      3378860321
      1028797830
      784192763
      3200015141
      4280866434
      3480136453
      1163505791
      1464340696
      39962560
      3132723172
      4035042531
      3968861574
      2859031456
      1997068818
      2914465192
      3299223356
      658977798
      2383986058
      3689451477
      1855211164
      613736992
      3399505872
      721916528
      1214953314
      1978881602
      1644160163
      868083487
      1886701425
      2430443623
      3238614545
      440178771
      4122051833
      168378845
      4075897453
      784209059
      2122211469
      1029375099
      3987445959
      1993353877
      3774218662
      259191900
      463709584
      3256509205
      2970214132
      32546389
      3103585745
      404744328
      1405060850
      3194833450
      2229644052
      1287997179
      1168559088
      4253642852
      456227059
      115590192
      959060034
      2523194717
      2921813711
      2660496694
      1661244122
      3949077694
      546088169
      3927753286
      758289299
      4076004698
      2818580089
      297327332
      391012690
      1698646201
      1827285496
      2057818526
      45927453
      4001566164
      1358792247
      340974259
      3667858693
      2116911813
      1716223164
      3870579962
      565768359
      1330729550
      1682620823
      640788379
      2642810005
      722202626
      3342124090
      1046670574
      1884608856
      926507664
      4048745540
      1013276792
      1474775246
      3319759394
      683213181
      3644095690
      4261137863
      1171395535
      1797066690
      2184942700
      3136450276
      2403915837
      19925339
      3530712424
      693454777
      4095102592
      2791708211
      2407398362
      191034814
      1405068157
      1635573108
      3002727858
      2503231482
      1877745251
      2971168822
      4095482385
      2810703016
      116218529
      663481365
      3424543450
      181543471
      2088477982
      3758013903
      4087811857
      2306315696
      1797804753
      3739876776
      1052678416
      2961962218
      530565411
      1084430187
      600176751
      2920770665
      1395657430
      2275563379
      1945041462
      2897291349
      3202120438
      2541033448
      3395594999
      1440745450
      554493022
      3604900030
      1693940026
      2048944369
      2776750171
      1064369609
      1004778234
      3631442000
      111252846
      2495206422
      1549492629
      1917957398
      2076623558
      2065193271
      3503495683
      305349558
      1064312453
      4180949297
      3969143923
      1187332586
      1837549170
      1199888411
      801451519
      878812761
      3366984668
      1132353467
      467740707
      1531220625
      1986847891
      3611709790
      97771638
      2599466580
      921040821
      3695024433
      598160515
      1067897977
      1070962312
      4203425140
      3330187456
      3176319421
      400150826
      1778712930
      1332512992
      356084631
      3210494822
      3878886472
      4217065068
      17324705
      1194519644
      169871241
      594168806
      4141353368
      2812067586
      1007574236
      3143655593
      1231988821
      990469891
      731912463
      3875269580
      3107901837
      3268884046
      51553093
      3265091870
      2827988823
      215460720
      1810208024
      235746758
      2640785160
      3542608605
      3212999042
      3019862381
      2776967609
      2566622134
      3136123892
      3329714175
      1537598558
      1111683694
      1831866047
      1527480555
      1374492744
      2861082564
      2283612438
      3725126365
      1934064016
      976785712
      1985214956
      1901883774
      3769548825
      1651881537
      3535350080
      2666996848
      287335676
      716617071
      1798766031
      2468831819
      2653018579
      2711800444
      2500416446
      1688315701
      3098398094
      2389050951
      259942469
      3096384070
      2434046690
      2292847
      2179858651
      860453038
      1112784056
      806844432
      2431840356
      3444142163
      491004326
      4117569173
      1468356934
      1230256668
      3558831243
      360563651
      1723242763
      2771827983
      555715903
      1690465018
      3642536487
      312708693
      2718279339
      3439997904
      3381092195
      269681413
      3040927775
      2538795672
      2982421226
      3983011761
      4012234084
      3807531726
      4152713741
      2675650483
      3522595843
      2603695663
      1139711729
      415442657
      821281271
      1153021862
      4196324887
      2034707481
      1146437550
      645908802
      3958160194
      1331866590
      3875612725
      2742273417
      2083607827
      1367028823
      3405229612
      926409162
      359084274
      428200891
      1580768777
      723559275
      390184571
      1966930892
      1114312487
      4049752645
      2713447910
      313516349
      1670939739
      2155242445
      415771127
      1060028352
      810510606
      1441723093
      3674555380
      1244922308
      1138369035
      2811021893
      4005351255
      1455276665
      3073897390
      1949184307
      4276825362
      3579699982
      501713787
      1784405218
      3987251947
      1460563941
      1372531538
      1479574814
      2050694811
      2867429155
      3373192039
      968223959
      1315340855
      563759027
      1277302533
      2564831995
      4174743461
      794844391
      1091389581
      3521416615
      779397152
      3672078093
      440563956
      765480627
      624
    Initial state of the Uniform random number generator for chain number 2:
      2
      3624866507
      846688490
      2733819477
      1447939927
      2751582963
      523383323
      3998955438
      1552125001
      468770929
      3174827423
      721042428
      3535242872
      3938247060
      2422198177
      2908759646
      3086638684
      3470362919
      4130561862
      1461945164
      1969357429
      3290893273
      2478135064
      2883471193
      442423807
      3020847284
      3712550376
      2942769362
      3450083884
      2131393448
      1760508619
      1079921617
      2926983472
      3248378587
      2176075610
      3115728347
      149850049
      1325979722
      2018146493
      3978444371
      1443587512
      3757974310
      4061506243
      3324845547
      103150772
      1574559537
      4189437470
      909936288
      4165778768
      954014960
      3460881122
      1208468472
      4206858865
      2349975855
      1139307511
      612263493
      4068230769
      836291891
      3502129241
      3858075069
      720214578
      1721800695
      1583913548
      3992130976
      1391510671
      3658451527
      3506172182
      3137165964
      3175921738
      668679341
      2981266823
      1736825536
      3777468269
      2427100335
      2783143307
      3066847320
      413674958
      3816771731
      3611810078
      2387881408
      1275125722
      4146169016
      4116607257
      1753188757
      2919070648
      642669239
      3128342921
      3505362734
      3299392025
      4041168539
      194806354
      2126204085
      1155372896
      3507921570
      4183642851
      390828735
      965876923
      2502060328
      3640719348
      500564950
      2958494162
      726085493
      3551417999
      1038946723
      2355966135
      2266502354
      2169734778
      103957955
      2239750491
      3497757066
      3960902779
      3919891399
      2708228292
      672443535
      3966344157
      3039186185
      3064219851
      3275966658
      1958870427
      3363207225
      1051359578
      1034488571
      4218333313
      3731099077
      826434970
      3066527807
      503397775
      2203570410
      1724486664
      1174354190
      379816557
      949285508
      1512592024
      4098586594
      4162106699
      1244073455
      4049526126
      149401994
      2486298108
      2645994433
      4048691067
      2760221413
      1429726385
      155150847
      263670059
      1839522184
      1971211423
      2988886249
      2906654795
      2763085410
      3184555126
      2428241499
      1912808117
      2344289693
      1914982229
      303251647
      3363291895
      1933606625
      4101500670
      3877744496
      2270413823
      1339668594
      2478854401
      2974781906
      1176295348
      1522792462
      3413763473
      1643164993
      1773585128
      600348566
      3831305432
      3739184658
      2927920737
      921239740
      2960516826
      653634535
      4282151379
      3899733953
      2848969276
      506667305
      2064254689
      2562889493
      1027730377
      2964297732
      1573662998
      1400221132
      604719003
      2600612834
      1086412828
      2839169326
      2237360922
      2533955895
      2173128617
      3585208888
      225649929
      3162402384
      2737400094
      945452241
      32174139
      4057815822
      3681149417
      538074139
      1665518193
      1290718971
      1204908910
      1752298136
      1576507435
      1950581601
      395392432
      3117768513
      1610510657
      582872851
      3882188371
      3486754405
      3612818708
      79522282
      3654222890
      554014214
      2795988792
      2699019453
      768333623
      1041848464
      1012203950
      3207710853
      2191875363
      2180736998
      3657761238
      2596779756
      1513261770
      298083836
      921966930
      2568544321
      480859735
      4268007484
      757985477
      442264484
      4253891744
      178333756
      3653303450
      2759887436
      1625051062
      2140496676
      2583817099
      109920000
      3849378804
      587135080
      3965692414
      3584128712
      2496889359
      4066788634
      3439502551
      1041005727
      2784445111
      4231212902
      3427909847
      306088099
      708846671
      1357224748
      81546947
      1013346034
      3328657534
      1140162390
      1617022297
      451026111
      4191194979
      2544038377
      3358406081
      2078869653
      1150523248
      3663542690
      2315642515
      380539204
      125351140
      2913559301
      3540242901
      1353142401
      2409055124
      3136483651
      3384539323
      2622200239
      1322006361
      60288721
      1836454543
      3378860321
      1028797830
      784192763
      3200015141
      4280866434
      3480136453
      1163505791
      1464340696
      39962560
      3132723172
      4035042531
      3968861574
      2859031456
      1997068818
      2914465192
      3299223356
      658977798
      2383986058
      3689451477
      1855211164
      613736992
      3399505872
      721916528
      1214953314
      1978881602
      1644160163
      868083487
      1886701425
      2430443623
      3238614545
      440178771
      4122051833
      168378845
      4075897453
      784209059
      2122211469
      1029375099
      3987445959
      1993353877
      3774218662
      259191900
      463709584
      3256509205
      2970214132
      32546389
      3103585745
      404744328
      1405060850
      3194833450
      2229644052
      1287997179
      1168559088
      4253642852
      456227059
      115590192
      959060034
      2523194717
      2921813711
      2660496694
      1661244122
      3949077694
      546088169
      3927753286
      758289299
      4076004698
      2818580089
      297327332
      391012690
      1698646201
      1827285496
      2057818526
      45927453
      4001566164
      1358792247
      340974259
      3667858693
      2116911813
      1716223164
      3870579962
      565768359
      1330729550
      1682620823
      640788379
      2642810005
      722202626
      3342124090
      1046670574
      1884608856
      926507664
      4048745540
      1013276792
      1474775246
      3319759394
      683213181
      3644095690
      4261137863
      1171395535
      1797066690
      2184942700
      3136450276
      2403915837
      19925339
      3530712424
      693454777
      4095102592
      2791708211
      2407398362
      191034814
      1405068157
      1635573108
      3002727858
      2503231482
      1877745251
      2971168822
      4095482385
      2810703016
      116218529
      663481365
      3424543450
      181543471
      2088477982
      3758013903
      4087811857
      2306315696
      1797804753
      3739876776
      1052678416
      2961962218
      530565411
      1084430187
      600176751
      2920770665
      1395657430
      2275563379
      1945041462
      2897291349
      3202120438
      2541033448
      3395594999
      1440745450
      554493022
      3604900030
      1693940026
      2048944369
      2776750171
      1064369609
      1004778234
      3631442000
      111252846
      2495206422
      1549492629
      1917957398
      2076623558
      2065193271
      3503495683
      305349558
      1064312453
      4180949297
      3969143923
      1187332586
      1837549170
      1199888411
      801451519
      878812761
      3366984668
      1132353467
      467740707
      1531220625
      1986847891
      3611709790
      97771638
      2599466580
      921040821
      3695024433
      598160515
      1067897977
      1070962312
      4203425140
      3330187456
      3176319421
      400150826
      1778712930
      1332512992
      356084631
      3210494822
      3878886472
      4217065068
      17324705
      1194519644
      169871241
      594168806
      4141353368
      2812067586
      1007574236
      3143655593
      1231988821
      990469891
      731912463
      3875269580
      3107901837
      3268884046
      51553093
      3265091870
      2827988823
      215460720
      1810208024
      235746758
      2640785160
      3542608605
      3212999042
      3019862381
      2776967609
      2566622134
      3136123892
      3329714175
      1537598558
      1111683694
      1831866047
      1527480555
      1374492744
      2861082564
      2283612438
      3725126365
      1934064016
      976785712
      1985214956
      1901883774
      3769548825
      1651881537
      3535350080
      2666996848
      287335676
      716617071
      1798766031
      2468831819
      2653018579
      2711800444
      2500416446
      1688315701
      3098398094
      2389050951
      259942469
      3096384070
      2434046690
      2292847
      2179858651
      860453038
      1112784056
      806844432
      2431840356
      3444142163
      491004326
      4117569173
      1468356934
      1230256668
      3558831243
      360563651
      1723242763
      2771827983
      555715903
      1690465018
      3642536487
      312708693
      2718279339
      3439997904
      3381092195
      269681413
      3040927775
      2538795672
      2982421226
      3983011761
      4012234084
      3807531726
      4152713741
      2675650483
      3522595843
      2603695663
      1139711729
      415442657
      821281271
      1153021862
      4196324887
      2034707481
      1146437550
      645908802
      3958160194
      1331866590
      3875612725
      2742273417
      2083607827
      1367028823
      3405229612
      926409162
      359084274
      428200891
      1580768777
      723559275
      390184571
      1966930892
      1114312487
      4049752645
      2713447910
      313516349
      1670939739
      2155242445
      415771127
      1060028352
      810510606
      1441723093
      3674555380
      1244922308
      1138369035
      2811021893
      4005351255
      1455276665
      3073897390
      1949184307
      4276825362
      3579699982
      501713787
      1784405218
      3987251947
      1460563941
      1372531538
      1479574814
      2050694811
      2867429155
      3373192039
      968223959
      1315340855
      563759027
      1277302533
      2564831995
      4174743461
      794844391
      1091389581
      3521416615
      779397152
      3672078093
      440563956
      765480627
      624
 

% Mh1Blck1 (24-Apr-2024 11:53:39)
 
  Number of simulations.: 200000
  Acceptance ratio......: 0.44682
  Feval per iteration...: 1
  Posterior mean........:
    params:1: 0.024569
    params:2: 0.0010286
    params:3: 0.0066149
    params:4: 0.0049772
    params:5: 0.029751
    params:6: 0.0010958
    params:7: 0.0010389
    params:8: 0.00067513
    params:9: 0.0041528
    params:10: 0.0014341
    params:11: 0.0082244
    params:12: 0.00060075
    params:13: 0.05227
    params:14: 3.821
    params:15: 0.0064103
    params:16: 0.88707
    params:17: 0.96083
    params:18: 0.70846
    params:19: 1.9924
    params:20: 0.99532
    params:21: 0.013446
    params:22: 0.13375
    params:23: 0.9279
    params:24: 0.62297
    params:25: 16.2876
    params:26: 3.1111
    params:27: 0.070805
    params:28: 0.78438
    params:29: 0.99862
    params:30: 0.97937
    params:31: 0.89684
    params:32: 0.99349
    params:33: 0.97091
    log2po:4350.5366
  Minimum value.........:
    params:1: 0.021973
    params:2: 1.0014e-05
    params:3: 0.0055813
    params:4: 0.0041802
    params:5: 0.027967
    params:6: 0.00010003
    params:7: 0.0001
    params:8: 0.00010001
    params:9: 0.0024417
    params:10: 0.00010012
    params:11: 0.0069813
    params:12: 0.0001
    params:13: 0.049614
    params:14: 3.7772
    params:15: 0.00075363
    params:16: 0.83253
    params:17: 0.92523
    params:18: 0.69145
    params:19: 1.9691
    params:20: 0.96948
    params:21: 0.010001
    params:22: 0.11183
    params:23: 0.80332
    params:24: 0.47324
    params:25: 16.1384
    params:26: 2.973
    params:27: 0.057684
    params:28: 0.7578
    params:29: 0.99469
    params:30: 0.95355
    params:31: 0.86627
    params:32: 0.97898
    params:33: 0.94139
    log2po:4335.0375
  Maximum value.........:
    params:1: 0.027093
    params:2: 0.0029247
    params:3: 0.0078192
    params:4: 0.0059246
    params:5: 0.031052
    params:6: 0.0034628
    params:7: 0.002734
    params:8: 0.0020269
    params:9: 0.0052863
    params:10: 0.003487
    params:11: 0.0095338
    params:12: 0.001786
    params:13: 0.054046
    params:14: 3.8618
    params:15: 0.012628
    params:16: 0.94015
    params:17: 0.99225
    params:18: 0.72709
    params:19: 2.031
    params:20: 1.0265
    params:21: 0.029766
    params:22: 0.15722
    params:23: 1.0943
    params:24: 0.73808
    params:25: 16.6226
    params:26: 3.2494
    params:27: 0.083328
    params:28: 0.80858
    params:29: 1
    params:30: 0.99882
    params:31: 0.94902
    params:32: 0.99999
    params:33: 0.9924
    log2po:4357.205
 

% Mh1Blck2 (24-Apr-2024 13:28:52)
 
  Number of simulations.: 200000
  Acceptance ratio......: 0.48525
  Feval per iteration...: 1
  Posterior mean........:
    params:1: 0.025603
    params:2: 0.0012786
    params:3: 0.0066666
    params:4: 0.004904
    params:5: 0.028304
    params:6: 0.00077938
    params:7: 0.0010786
    params:8: 0.00056949
    params:9: 0.0042583
    params:10: 0.0014921
    params:11: 0.0079636
    params:12: 0.00072752
    params:13: 0.050252
    params:14: 3.7807
    params:15: 0.0047184
    params:16: 0.90306
    params:17: 0.9724
    params:18: 0.70308
    params:19: 2.0606
    params:20: 1.0035
    params:21: 0.012897
    params:22: 0.13125
    params:23: 0.84979
    params:24: 0.59584
    params:25: 16.2463
    params:26: 3.0821
    params:27: 0.066418
    params:28: 0.77877
    params:29: 0.99842
    params:30: 0.97953
    params:31: 0.89477
    params:32: 0.99468
    params:33: 0.97471
    log2po:4347.8589
  Minimum value.........:
    params:1: 0.023839
    params:2: 1.0187e-05
    params:3: 0.0056124
    params:4: 0.00393
    params:5: 0.026789
    params:6: 0.00010002
    params:7: 0.00010009
    params:8: 0.00010001
    params:9: 0.0026929
    params:10: 0.0001
    params:11: 0.0065328
    params:12: 0.00010003
    params:13: 0.048134
    params:14: 3.7466
    params:15: 0.0002901
    params:16: 0.82307
    params:17: 0.94198
    params:18: 0.68311
    params:19: 2.0232
    params:20: 0.99008
    params:21: 0.01
    params:22: 0.10966
    params:23: 0.72411
    params:24: 0.49087
    params:25: 16.0879
    params:26: 2.9817
    params:27: 0.056875
    params:28: 0.7524
    params:29: 0.99383
    params:30: 0.93094
    params:31: 0.86121
    params:32: 0.98063
    params:33: 0.95159
    log2po:4331.5748
  Maximum value.........:
    params:1: 0.027236
    params:2: 0.0027648
    params:3: 0.0078529
    params:4: 0.0057083
    params:5: 0.03059
    params:6: 0.0027591
    params:7: 0.0029176
    params:8: 0.0017352
    params:9: 0.0057996
    params:10: 0.0034863
    params:11: 0.0092171
    params:12: 0.0023636
    params:13: 0.053053
    params:14: 3.8303
    params:15: 0.012828
    params:16: 1.0003
    params:17: 0.99968
    params:18: 0.72429
    params:19: 2.0882
    params:20: 1.018
    params:21: 0.021753
    params:22: 0.15775
    params:23: 1.0107
    params:24: 0.71689
    params:25: 16.4442
    params:26: 3.1909
    params:27: 0.080413
    params:28: 0.80347
    params:29: 1
    params:30: 0.9999
    params:31: 0.94052
    params:32: 0.99999
    params:33: 0.99027
    log2po:4357.5022
 

% Session 2.
 
  Number of blocks...............: 2
  Number of simulations per block: 100000
 

% Mh1Blck1 (24-Apr-2024 14:43:15)
 
  Number of simulations.: 300000
  Acceptance ratio......: 0.1528
  Feval per iteration...: 0.33333
  Posterior mean........:
    params:1: 0.024885
    params:2: 0.0010001
    params:3: 0.006545
    params:4: 0.0049353
    params:5: 0.029876
    params:6: 0.0015343
    params:7: 0.0010731
    params:8: 0.00057921
    params:9: 0.0036317
    params:10: 0.0019141
    params:11: 0.008031
    params:12: 0.00071877
    params:13: 0.052764
    params:14: 3.8349
    params:15: 0.0059294
    params:16: 0.90353
    params:17: 0.96084
    params:18: 0.70705
    params:19: 1.9905
    params:20: 0.99155
    params:21: 0.014358
    params:22: 0.13419
    params:23: 0.95053
    params:24: 0.61493
    params:25: 16.4013
    params:26: 3.1034
    params:27: 0.072971
    params:28: 0.78931
    params:29: 0.9986
    params:30: 0.96567
    params:31: 0.9132
    params:32: 0.99366
    params:33: 0.97025
    log2po:4349.8745
  Minimum value.........:
    params:1: 0.021973
    params:2: 1.0014e-05
    params:3: 0.0054012
    params:4: 0.0041113
    params:5: 0.027967
    params:6: 0.00010003
    params:7: 0.0001
    params:8: 0.00010001
    params:9: 0.0017052
    params:10: 0.00010012
    params:11: 0.0065894
    params:12: 0.0001
    params:13: 0.049614
    params:14: 3.7772
    params:15: 0.00028116
    params:16: 0.83253
    params:17: 0.92523
    params:18: 0.68667
    params:19: 1.9625
    params:20: 0.96543
    params:21: 0.01
    params:22: 0.11183
    params:23: 0.80332
    params:24: 0.45687
    params:25: 16.1384
    params:26: 2.973
    params:27: 0.057684
    params:28: 0.7578
    params:29: 0.99469
    params:30: 0.87669
    params:31: 0.86627
    params:32: 0.9767
    params:33: 0.94139
    log2po:4335.0375
  Maximum value.........:
    params:1: 0.027093
    params:2: 0.0029247
    params:3: 0.0078192
    params:4: 0.0059246
    params:5: 0.031467
    params:6: 0.0036161
    params:7: 0.0028312
    params:8: 0.0020269
    params:9: 0.0052863
    params:10: 0.004421
    params:11: 0.0095338
    params:12: 0.0020628
    params:13: 0.055089
    params:14: 3.8907
    params:15: 0.012628
    params:16: 0.97904
    params:17: 0.99225
    params:18: 0.73298
    params:19: 2.031
    params:20: 1.0265
    params:21: 0.031967
    params:22: 0.15817
    params:23: 1.1805
    params:24: 0.73808
    params:25: 16.7704
    params:26: 3.2568
    params:27: 0.086135
    params:28: 0.82415
    params:29: 1
    params:30: 0.99882
    params:31: 0.96812
    params:32: 1
    params:33: 0.9924
    log2po:4357.542
 

% Mh1Blck2 (24-Apr-2024 15:33:35)
 
  Number of simulations.: 300000
  Acceptance ratio......: 0.17074
  Feval per iteration...: 0.33333
  Posterior mean........:
    params:1: 0.025172
    params:2: 0.0014973
    params:3: 0.0067495
    params:4: 0.0048895
    params:5: 0.028301
    params:6: 0.00098102
    params:7: 0.0014469
    params:8: 0.00053655
    params:9: 0.0039469
    params:10: 0.0012393
    params:11: 0.0080099
    params:12: 0.0010089
    params:13: 0.051143
    params:14: 3.7825
    params:15: 0.0046106
    params:16: 0.91566
    params:17: 0.9747
    params:18: 0.70302
    params:19: 2.058
    params:20: 1.0009
    params:21: 0.013278
    params:22: 0.13162
    params:23: 0.82695
    params:24: 0.6053
    params:25: 16.2712
    params:26: 3.12
    params:27: 0.070718
    params:28: 0.7771
    params:29: 0.99832
    params:30: 0.98002
    params:31: 0.90399
    params:32: 0.99456
    params:33: 0.97239
    log2po:4348.3083
  Minimum value.........:
    params:1: 0.022236
    params:2: 1.0187e-05
    params:3: 0.0056124
    params:4: 0.00393
    params:5: 0.026789
    params:6: 0.00010002
    params:7: 0.00010009
    params:8: 0.00010001
    params:9: 0.0023675
    params:10: 0.0001
    params:11: 0.0065328
    params:12: 0.00010003
    params:13: 0.048134
    params:14: 3.7466
    params:15: 0.0001392
    params:16: 0.82307
    params:17: 0.94198
    params:18: 0.68311
    params:19: 2.0232
    params:20: 0.98797
    params:21: 0.01
    params:22: 0.10966
    params:23: 0.66543
    params:24: 0.49087
    params:25: 16.0879
    params:26: 2.9817
    params:27: 0.056875
    params:28: 0.7524
    params:29: 0.99383
    params:30: 0.93094
    params:31: 0.86121
    params:32: 0.977
    params:33: 0.94729
    log2po:4331.5748
  Maximum value.........:
    params:1: 0.027236
    params:2: 0.0031241
    params:3: 0.0078529
    params:4: 0.0057994
    params:5: 0.03059
    params:6: 0.0027591
    params:7: 0.0035177
    params:8: 0.0017352
    params:9: 0.0057996
    params:10: 0.0034863
    params:11: 0.0092171
    params:12: 0.0049127
    params:13: 0.054301
    params:14: 3.845
    params:15: 0.012828
    params:16: 1.0003
    params:17: 0.99968
    params:18: 0.72429
    params:19: 2.0882
    params:20: 1.018
    params:21: 0.024632
    params:22: 0.15775
    params:23: 1.0107
    params:24: 0.74405
    params:25: 16.4442
    params:26: 3.2704
    params:27: 0.089661
    params:28: 0.8053
    params:29: 1
    params:30: 0.9999
    params:31: 0.95015
    params:32: 0.99999
    params:33: 0.99027
    log2po:4358.309
 

% Session 3.
 
  Number of blocks...............: 2
  Number of simulations per block: 100000
 

% Mh1Blck1 (29-Apr-2024 12:33:59)
 
  Number of simulations.: 357143
  Acceptance ratio......: 0.077697
  Feval per iteration...: 0.16
  Posterior mean........:
    params:1: 0.024954
    params:2: 0.001096
    params:3: 0.0065674
    params:4: 0.0049069
    params:5: 0.030099
    params:6: 0.0014755
    params:7: 0.0010264
    params:8: 0.00055998
    params:9: 0.0035097
    params:10: 0.0018523
    params:11: 0.0080144
    params:12: 0.00077021
    params:13: 0.052898
    params:14: 3.8391
    params:15: 0.0059838
    params:16: 0.90859
    params:17: 0.96461
    params:18: 0.70722
    params:19: 1.9855
    params:20: 0.99041
    params:21: 0.013964
    params:22: 0.13504
    params:23: 0.93978
    params:24: 0.606
    params:25: 16.4524
    params:26: 3.1351
    params:27: 0.072423
    params:28: 0.78955
    params:29: 0.99856
    params:30: 0.95224
    params:31: 0.91662
    params:32: 0.99378
    params:33: 0.97006
    log2po:4350.3933
  Minimum value.........:
    params:1: 0.021973
    params:2: 1.0014e-05
    params:3: 0.0054012
    params:4: 0.0040878
    params:5: 0.027967
    params:6: 0.00010003
    params:7: 0.0001
    params:8: 0.0001
    params:9: 0.0017052
    params:10: 0.00010012
    params:11: 0.0065894
    params:12: 0.0001
    params:13: 0.049614
    params:14: 3.7772
    params:15: 0.00028116
    params:16: 0.83253
    params:17: 0.92523
    params:18: 0.68667
    params:19: 1.9274
    params:20: 0.96543
    params:21: 0.01
    params:22: 0.11183
    params:23: 0.77021
    params:24: 0.45687
    params:25: 16.1384
    params:26: 2.973
    params:27: 0.057684
    params:28: 0.7578
    params:29: 0.99469
    params:30: 0.86396
    params:31: 0.86627
    params:32: 0.9767
    params:33: 0.94139
    log2po:4335.0375
  Maximum value.........:
    params:1: 0.027093
    params:2: 0.0029247
    params:3: 0.0082384
    params:4: 0.0059246
    params:5: 0.032157
    params:6: 0.0036161
    params:7: 0.0028312
    params:8: 0.0020269
    params:9: 0.0052863
    params:10: 0.004421
    params:11: 0.0095338
    params:12: 0.0025364
    params:13: 0.055209
    params:14: 3.8907
    params:15: 0.012628
    params:16: 0.98378
    params:17: 0.99588
    params:18: 0.73298
    params:19: 2.031
    params:20: 1.0265
    params:21: 0.031967
    params:22: 0.16161
    params:23: 1.1805
    params:24: 0.73808
    params:25: 17.0008
    params:26: 3.3608
    params:27: 0.086135
    params:28: 0.82415
    params:29: 1
    params:30: 0.99882
    params:31: 0.96812
    params:32: 1
    params:33: 0.9924
    log2po:4359.9615
 

% Mh2Blck1 (29-Apr-2024 12:50:11)
 
  Number of simulations.: 42857
  Acceptance ratio......: 0.48638
  Feval per iteration...: 1
  Posterior mean........:
    params:1: 0.024236
    params:2: 0.00024266
    params:3: 0.0069786
    params:4: 0.004723
    params:5: 0.030576
    params:6: 0.00048287
    params:7: 0.00061197
    params:8: 0.00050744
    params:9: 0.0033693
    params:10: 0.00051664
    params:11: 0.0081733
    params:12: 0.00076613
    params:13: 0.052879
    params:14: 3.8797
    params:15: 0.0082292
    params:16: 0.92205
    params:17: 0.98479
    params:18: 0.70759
    params:19: 1.9305
    params:20: 1.0005
    params:21: 0.012109
    params:22: 0.13731
    params:23: 0.78939
    params:24: 0.60596
    params:25: 16.9501
    params:26: 3.3008
    params:27: 0.075689
    params:28: 0.77787
    params:29: 0.9981
    params:30: 0.91324
    params:31: 0.9201
    params:32: 0.99634
    params:33: 0.97393
    log2po:4355.8216
  Minimum value.........:
    params:1: 0.023525
    params:2: 1.0006e-05
    params:3: 0.0060906
    params:4: 0.0039296
    params:5: 0.029596
    params:6: 0.00010016
    params:7: 0.0001
    params:8: 0.00010011
    params:9: 0.0028708
    params:10: 0.00010005
    params:11: 0.0075587
    params:12: 0.0001
    params:13: 0.051669
    params:14: 3.8488
    params:15: 0.0041476
    params:16: 0.90672
    params:17: 0.96696
    params:18: 0.69304
    params:19: 1.9218
    params:20: 0.98093
    params:21: 0.01
    params:22: 0.11559
    params:23: 0.67855
    params:24: 0.50071
    params:25: 16.8624
    params:26: 3.2569
    params:27: 0.067149
    params:28: 0.76119
    params:29: 0.99486
    params:30: 0.89867
    params:31: 0.90119
    params:32: 0.98721
    params:33: 0.96285
    log2po:4345.0313
  Maximum value.........:
    params:1: 0.02554
    params:2: 0.00068427
    params:3: 0.008323
    params:4: 0.0056052
    params:5: 0.03162
    params:6: 0.001103
    params:7: 0.0024334
    params:8: 0.00099359
    params:9: 0.0040417
    params:10: 0.0013957
    params:11: 0.0092785
    params:12: 0.0019736
    params:13: 0.053623
    params:14: 3.9058
    params:15: 0.013432
    params:16: 0.93605
    params:17: 0.99878
    params:18: 0.72472
    params:19: 1.9476
    params:20: 1.0134
    params:21: 0.018314
    params:22: 0.16013
    params:23: 0.88257
    params:24: 0.7116
    params:25: 17.0243
    params:26: 3.3587
    params:27: 0.085444
    params:28: 0.79108
    params:29: 0.99998
    params:30: 0.94008
    params:31: 0.93517
    params:32: 1
    params:33: 0.98653
    log2po:4361.8084
 

% Mh1Blck2 (29-Apr-2024 13:11:55)
 
  Number of simulations.: 357143
  Acceptance ratio......: 0.072853
  Feval per iteration...: 0.16
  Posterior mean........:
    params:1: 0.024835
    params:2: 0.0016246
    params:3: 0.0066803
    params:4: 0.0048914
    params:5: 0.028378
    params:6: 0.0011301
    params:7: 0.0016368
    params:8: 0.00052818
    params:9: 0.003793
    params:10: 0.0012996
    params:11: 0.0079822
    params:12: 0.0018736
    params:13: 0.051525
    params:14: 3.7728
    params:15: 0.0047098
    params:16: 0.90713
    params:17: 0.97587
    params:18: 0.70525
    params:19: 2.0577
    params:20: 0.99849
    params:21: 0.013413
    params:22: 0.1321
    params:23: 0.84512
    params:24: 0.60284
    params:25: 16.2722
    params:26: 3.1327
    params:27: 0.071802
    params:28: 0.78022
    params:29: 0.99837
    params:30: 0.98097
    params:31: 0.90859
    params:32: 0.99407
    params:33: 0.97008
    log2po:4348.3519
  Minimum value.........:
    params:1: 0.02155
    params:2: 1.0187e-05
    params:3: 0.0056124
    params:4: 0.00393
    params:5: 0.026789
    params:6: 0.00010002
    params:7: 0.00010009
    params:8: 0.00010001
    params:9: 0.0020773
    params:10: 0.0001
    params:11: 0.0065328
    params:12: 0.00010003
    params:13: 0.048134
    params:14: 3.6815
    params:15: 0.0001392
    params:16: 0.81698
    params:17: 0.94198
    params:18: 0.68311
    params:19: 2.0232
    params:20: 0.97446
    params:21: 0.01
    params:22: 0.10966
    params:23: 0.66543
    params:24: 0.4779
    params:25: 16.0879
    params:26: 2.9817
    params:27: 0.056875
    params:28: 0.7524
    params:29: 0.99383
    params:30: 0.93094
    params:31: 0.86121
    params:32: 0.97473
    params:33: 0.93409
    log2po:4330.4512
  Maximum value.........:
    params:1: 0.027236
    params:2: 0.0032395
    params:3: 0.0078529
    params:4: 0.0057994
    params:5: 0.03059
    params:6: 0.0027591
    params:7: 0.0035177
    params:8: 0.0017352
    params:9: 0.0057996
    params:10: 0.0034863
    params:11: 0.0092171
    params:12: 0.008683
    params:13: 0.055116
    params:14: 3.845
    params:15: 0.012828
    params:16: 1.0003
    params:17: 0.99968
    params:18: 0.72933
    params:19: 2.0882
    params:20: 1.018
    params:21: 0.024632
    params:22: 0.15775
    params:23: 1.0959
    params:24: 0.74405
    params:25: 16.4442
    params:26: 3.2925
    params:27: 0.089807
    params:28: 0.81977
    params:29: 1
    params:30: 0.9999
    params:31: 0.95886
    params:32: 0.99999
    params:33: 0.99027
    log2po:4358.309
 

% Mh2Blck2 (29-Apr-2024 13:25:51)
 
  Number of simulations.: 42857
  Acceptance ratio......: 0.34762
  Feval per iteration...: 1
  Posterior mean........:
    params:1: 0.024664
    params:2: 0.0037506
    params:3: 0.0060264
    params:4: 0.0047628
    params:5: 0.030157
    params:6: 0.0020902
    params:7: 0.002315
    params:8: 0.00039195
    params:9: 0.0024027
    params:10: 0.0018066
    params:11: 0.0080867
    params:12: 0.0084342
    params:13: 0.05562
    params:14: 3.6804
    params:15: 0.0062176
    params:16: 0.83206
    params:17: 0.97207
    params:18: 0.7228
    params:19: 2.0353
    params:20: 1.0098
    params:21: 0.012801
    params:22: 0.13212
    params:23: 0.9323
    params:24: 0.60866
    params:25: 16.3425
    params:26: 3.0967
    params:27: 0.091348
    params:28: 0.79545
    params:29: 0.99899
    params:30: 0.99291
    params:31: 0.94894
    params:32: 0.99461
    params:33: 0.97941
    log2po:4353.9397
  Minimum value.........:
    params:1: 0.023752
    params:2: 0.0024155
    params:3: 0.005441
    params:4: 0.0042221
    params:5: 0.02939
    params:6: 0.0014624
    params:7: 0.0016835
    params:8: 0.00010002
    params:9: 0.0017466
    params:10: 0.00052707
    params:11: 0.0069901
    params:12: 0.0073659
    params:13: 0.054466
    params:14: 3.6646
    params:15: 0.0020926
    params:16: 0.80524
    params:17: 0.96006
    params:18: 0.71327
    params:19: 2.0233
    params:20: 0.98695
    params:21: 0.01
    params:22: 0.11813
    params:23: 0.83271
    params:24: 0.51957
    params:25: 16.2503
    params:26: 3.0536
    params:27: 0.087844
    params:28: 0.78106
    params:29: 0.99607
    params:30: 0.98235
    params:31: 0.92905
    params:32: 0.9862
    params:33: 0.9672
    log2po:4342.7016
  Maximum value.........:
    params:1: 0.025593
    params:2: 0.0047413
    params:3: 0.0067701
    params:4: 0.005509
    params:5: 0.030963
    params:6: 0.0028467
    params:7: 0.0034004
    params:8: 0.0010038
    params:9: 0.0031057
    params:10: 0.0024877
    params:11: 0.0089815
    params:12: 0.0096485
    params:13: 0.056414
    params:14: 3.7082
    params:15: 0.011053
    params:16: 0.85109
    params:17: 0.98546
    params:18: 0.73403
    params:19: 2.049
    params:20: 1.0257
    params:21: 0.023664
    params:22: 0.15074
    params:23: 1.0774
    params:24: 0.66933
    params:25: 16.4471
    params:26: 3.1455
    params:27: 0.096324
    params:28: 0.80622
    params:29: 0.99999
    params:30: 0.9999
    params:31: 0.96889
    params:32: 0.99999
    params:33: 0.9908
    log2po:4360.6843
 
