% MH log file (Dynare).
% 15-May-2025 14:42:54.
 

% Session 1.
 
  Number of blocks...............: 2
  Number of simulations per block: 200000
 
  Initial values of the parameters:
    Blck 1:
      params:1: 0.0043267
      params:2: 0.0072938
      params:3: 0.017028
      params:4: 0.0078585
      params:5: 0.085863
      params:6: 0.01625
      params:7: 0.00862
      params:8: 0.00010034
      params:9: 0.022966
      params:10: 1.5615
      params:11: 0.63964
      params:12: 1.0524
      params:13: 0.81619
      params:14: 0.32712
      params:15: 0.81346
      params:16: 0.2262
      params:17: 2.1841
      params:18: 0.36086
      params:19: 6.9081
      params:20: 1.1176
      params:21: 0.30583
      params:22: 0.62875
      params:23: 0.88466
      params:24: 0.9655
      params:25: 0.9151
      params:26: 0.90623
      params:27: 0.9153
      params:28: 0.69132
      params:29: 0.96331
      logpo2: 4729.6979
    Blck 2:
      params:1: 0.0043253
      params:2: 0.0072929
      params:3: 0.017029
      params:4: 0.0078566
      params:5: 0.085862
      params:6: 0.016248
      params:7: 0.0086219
      params:8: 0.00010033
      params:9: 0.022961
      params:10: 1.5615
      params:11: 0.63963
      params:12: 1.0524
      params:13: 0.81617
      params:14: 0.32712
      params:15: 0.81346
      params:16: 0.2262
      params:17: 2.1841
      params:18: 0.3607
      params:19: 6.908
      params:20: 1.1176
      params:21: 0.30583
      params:22: 0.62876
      params:23: 0.88465
      params:24: 0.96544
      params:25: 0.91507
      params:26: 0.90621
      params:27: 0.91531
      params:28: 0.69131
      params:29: 0.96331
      logpo2: 4729.6937
 
 
  CREATION OF THE MH HISTORY FILE!

    Expected number of files per block.......: 1.
    Expected number of lines in the last file: 200000.

    Initial state of the Gaussian random number generator for chain number 1:
      1
      1812433254
      3713160357
      3109174145
      64984499
      3392658084
      446538473
      2629760756
      2453345558
      1394803949
      1021787430
      2063496713
      1304877364
      1713639158
      889001601
      1651239412
      1450863289
      745575081
      361057727
      2288771950
      1463387568
      2249488362
      26637982
      204036717
      1655702041
      1329048465
      2092351466
      1681619666
      3220660315
      1301783610
      626286181
      294669048
      3537128440
      3259518248
      2550101273
      1160881866
      308703547
      295714668
      35508674
      1599247281
      376272024
      3166459937
      1852735737
      3680868867
      612352556
      2760189833
      3816750341
      699140493
      1087846865
      394927937
      2063539671
      645417889
      2337669049
      3773167612
      678121169
      3006984620
      1163491294
      2559287860
      543155592
      3194181347
      2463543297
      3875146860
      475483913
      3707568076
      3881808875
      1264657097
      208126250
      1802809301
      367907560
      2433375693
      2851326449
      2380707878
      2911758972
      4243386879
      2229228726
      828161871
      2871116151
      990638198
      178193628
      1012573979
      1223581943
      3333023583
      1901888414
      3913876750
      3168662389
      656194888
      1553610174
      466840498
      686407570
      280737523
      2476489017
      1272981410
      3189431979
      3294710282
      1564477163
      4133221553
      823708826
      880616227
      1730254897
      335723347
      2123911971
      344194767
      119099153
      2915257116
      3339825470
      2524942970
      1191117250
      3403812186
      3988972937
      2575395295
      4072737183
      663832315
      808080503
      724042340
      2966189542
      2499643239
      3309205581
      1915303227
      72616536
      387525935
      2791701251
      2190905566
      3740328774
      831297460
      3750964864
      2190112044
      899144100
      2346558003
      3851695829
      2896963823
      1548614403
      3676707405
      2050891594
      4165893148
      1883017153
      2668787527
      50330561
      2063572142
      1853585557
      1716111087
      2937248370
      1650859709
      2682305722
      565243175
      3922227187
      3482032705
      2809081500
      2099376873
      230358556
      1065827745
      196966939
      3268845630
      3625508265
      1477799595
      4149453740
      2757835686
      3032697936
      2200108791
      3421680711
      4145382259
      3605253072
      1186485728
      3520482151
      3080733463
      3887314157
      4030447755
      1699987022
      1393253586
      1710066407
      710337383
      3754612557
      2741088369
      337455371
      1304761604
      3592681639
      3099385187
      4003676405
      317081535
      997754381
      480565460
      3806265432
      1068029852
      776179010
      470617537
      3653875421
      2273571919
      1055365147
      1317172834
      3414733003
      2835400613
      28845217
      631741764
      2334552212
      3565466095
      1225096926
      1277781438
      2416008223
      1268768054
      2750789241
      267768398
      2175383438
      268654341
      2550530755
      2971623408
      1666669894
      1934871760
      509782083
      2798468670
      2834016892
      2494149255
      1965005899
      2653045765
      2317194903
      1297426078
      916214929
      2967861004
      2236807006
      2476725285
      128488253
      4277714156
      3016192551
      1690883702
      1329810641
      593010415
      2341313579
      1754238478
      1242698701
      2152594527
      2103269013
      926178633
      647225267
      4243787142
      1489208161
      3188798921
      1327553793
      3644600811
      684513652
      2606555057
      2705329549
      2557469018
      1294205096
      70104222
      3020083528
      2015571237
      2768573480
      401698695
      2812362809
      328919870
      984940142
      1653817439
      471643152
      538942283
      2040555667
      1211982999
      1663497772
      2941793728
      3001026698
      313271977
      3644502703
      2423950047
      2629046069
      3450826936
      44600781
      2633869288
      4267014746
      4204914470
      1955987363
      2590608885
      2120168063
      1460034243
      258056600
      3693550087
      779446436
      902696389
      4228701387
      3165791227
      3478614865
      1500865135
      905884796
      3682046467
      2437847832
      2595888219
      4144484663
      1299603103
      648536946
      1762836247
      4265749196
      950840266
      2928992722
      2051369009
      2071186450
      1164619682
      210405235
      1296628868
      2425474719
      4083386904
      1978331343
      3190898799
      602128683
      2003319330
      1043377147
      756690484
      24776626
      1835824233
      1156421176
      2125448878
      1333136189
      607751135
      4255614767
      4238533009
      2583175632
      230472465
      3037259757
      1546348932
      2537279411
      110471952
      520621708
      63613561
      2843673595
      775036
      1899744556
      1168115970
      2685086321
      3410250658
      3151102153
      634647644
      3639125394
      3344624764
      1525171811
      1878800371
      3356530116
      3676542926
      602053165
      2686708238
      3703555082
      3754961372
      3970030923
      1749014201
      3391107050
      2478152000
      2121779806
      2636689360
      769835312
      4230539591
      1909812524
      417081626
      3096519324
      387659697
      3764499249
      3452925463
      3818277698
      3008920324
      15253694
      1479260759
      2421328720
      2220743357
      38831551
      1032912064
      3400956198
      2362808832
      3988706866
      1950464958
      3248573125
      1225815945
      1211036180
      346407094
      3867176764
      1257086026
      2725236231
      2843735658
      4147241082
      1729974832
      1256499145
      3765975901
      784776076
      4288277427
      3903532520
      3431522864
      2792589977
      2935989154
      3536596892
      3512984120
      605476293
      1774961976
      981422589
      822525778
      3343539932
      422954622
      1323482938
      2523465420
      2746609356
      1664448205
      272567300
      711582493
      3625722107
      3615865699
      950619756
      2864168489
      108006277
      3976313352
      680217319
      173747636
      291134870
      198587329
      595310009
      941470866
      2438488368
      1681923153
      1654783272
      3531789254
      4149541715
      2922706987
      684907209
      3116688362
      3288142886
      3953377592
      3332428007
      1400401813
      3745921798
      1701705628
      3744511893
      1838265811
      3314032512
      3894840150
      3810031409
      181324387
      983160249
      1444959400
      3836664153
      3032673327
      310789231
      3701565562
      1407580781
      2511575629
      3113822685
      1777261998
      2208898751
      106383174
      2961020500
      995776421
      3306087121
      2181030035
      2300064751
      1909543740
      4023156173
      1671619075
      2151956104
      237668401
      3204511253
      1303668692
      3868259787
      2737897899
      4091026033
      2877780671
      134376279
      398912026
      863520778
      3712468923
      3443213666
      2183809552
      2597379302
      349776833
      274697715
      4266593710
      4282186769
      3530757867
      520237914
      3369037397
      2285670338
      387086485
      618942879
      219892882
      2008897906
      2293749560
      2907436476
      3853296593
      327550390
      1558751403
      2125694704
      1822570484
      2409968265
      436622776
      2691124090
      1080819771
      2958107334
      2667158841
      2117901613
      440045635
      3861104471
      3574962701
      3210299248
      1368601573
      2434039520
      86704919
      3628108033
      1909858745
      227461000
      2530509465
      838433817
      730224848
      1060658180
      1318482825
      233266846
      2352800845
      2086493219
      3826355555
      3174377690
      1455208243
      1356597942
      663563056
      2501819374
      4213535259
      1585241464
      873997246
      2597898744
      427064229
      1587746589
      259660817
      1688808891
      4165834345
      1359025114
      2013923952
      2963511711
      2903220732
      356112706
      501549847
      1609412897
      1685128111
      2639303606
      700554261
      914150235
      2010650618
      2029243163
      3046509911
      715702687
      2206956754
      3045298216
      2922667179
      2497577415
      3001819604
      706666890
      2275923855
      3094184383
      2781697712
      3292952666
      4238614078
      278500659
      1440033346
      1552714131
      336554687
      2842580609
      2255044310
      2180071372
      99970159
      2078552309
      1172694639
      1359399314
      546452524
      349053834
      3072254369
      3043246719
      3314426498
      1594992663
      3582269665
      2114045278
      585873328
      840739494
      3475778485
      1506518790
      4008486652
      229989333
      3582278212
      363921215
      3592842520
      1833533669
      708173875
      564248927
      853943228
      2282731374
      2874158047
      3978663285
      2332696531
      1354524859
      58121641
      1445193461
      1936635021
      3374328198
      3465253060
      385589199
      1819596280
      912895627
      1877426726
      733280947
      2004202992
      3311780711
      3732053191
      309903272
      97290141
      2945419335
      3916477072
      1326195031
      3740938055
      3604745262
      3633308956
      3392929431
      1257547457
      251825182
      3318700085
      847033774
      137350663
      1716455973
      546850455
      4227574519
      3044214953
      2259874013
      2442748258
      2956971336
      2198772379
      1269686727
      2648116105
      1339159363
      1473334647
      2386671612
      2069268389
      624
    Initial state of the Uniform random number generator for chain number 1:
      1
      1812433254
      3713160357
      3109174145
      64984499
      3392658084
      446538473
      2629760756
      2453345558
      1394803949
      1021787430
      2063496713
      1304877364
      1713639158
      889001601
      1651239412
      1450863289
      745575081
      361057727
      2288771950
      1463387568
      2249488362
      26637982
      204036717
      1655702041
      1329048465
      2092351466
      1681619666
      3220660315
      1301783610
      626286181
      294669048
      3537128440
      3259518248
      2550101273
      1160881866
      308703547
      295714668
      35508674
      1599247281
      376272024
      3166459937
      1852735737
      3680868867
      612352556
      2760189833
      3816750341
      699140493
      1087846865
      394927937
      2063539671
      645417889
      2337669049
      3773167612
      678121169
      3006984620
      1163491294
      2559287860
      543155592
      3194181347
      2463543297
      3875146860
      475483913
      3707568076
      3881808875
      1264657097
      208126250
      1802809301
      367907560
      2433375693
      2851326449
      2380707878
      2911758972
      4243386879
      2229228726
      828161871
      2871116151
      990638198
      178193628
      1012573979
      1223581943
      3333023583
      1901888414
      3913876750
      3168662389
      656194888
      1553610174
      466840498
      686407570
      280737523
      2476489017
      1272981410
      3189431979
      3294710282
      1564477163
      4133221553
      823708826
      880616227
      1730254897
      335723347
      2123911971
      344194767
      119099153
      2915257116
      3339825470
      2524942970
      1191117250
      3403812186
      3988972937
      2575395295
      4072737183
      663832315
      808080503
      724042340
      2966189542
      2499643239
      3309205581
      1915303227
      72616536
      387525935
      2791701251
      2190905566
      3740328774
      831297460
      3750964864
      2190112044
      899144100
      2346558003
      3851695829
      2896963823
      1548614403
      3676707405
      2050891594
      4165893148
      1883017153
      2668787527
      50330561
      2063572142
      1853585557
      1716111087
      2937248370
      1650859709
      2682305722
      565243175
      3922227187
      3482032705
      2809081500
      2099376873
      230358556
      1065827745
      196966939
      3268845630
      3625508265
      1477799595
      4149453740
      2757835686
      3032697936
      2200108791
      3421680711
      4145382259
      3605253072
      1186485728
      3520482151
      3080733463
      3887314157
      4030447755
      1699987022
      1393253586
      1710066407
      710337383
      3754612557
      2741088369
      337455371
      1304761604
      3592681639
      3099385187
      4003676405
      317081535
      997754381
      480565460
      3806265432
      1068029852
      776179010
      470617537
      3653875421
      2273571919
      1055365147
      1317172834
      3414733003
      2835400613
      28845217
      631741764
      2334552212
      3565466095
      1225096926
      1277781438
      2416008223
      1268768054
      2750789241
      267768398
      2175383438
      268654341
      2550530755
      2971623408
      1666669894
      1934871760
      509782083
      2798468670
      2834016892
      2494149255
      1965005899
      2653045765
      2317194903
      1297426078
      916214929
      2967861004
      2236807006
      2476725285
      128488253
      4277714156
      3016192551
      1690883702
      1329810641
      593010415
      2341313579
      1754238478
      1242698701
      2152594527
      2103269013
      926178633
      647225267
      4243787142
      1489208161
      3188798921
      1327553793
      3644600811
      684513652
      2606555057
      2705329549
      2557469018
      1294205096
      70104222
      3020083528
      2015571237
      2768573480
      401698695
      2812362809
      328919870
      984940142
      1653817439
      471643152
      538942283
      2040555667
      1211982999
      1663497772
      2941793728
      3001026698
      313271977
      3644502703
      2423950047
      2629046069
      3450826936
      44600781
      2633869288
      4267014746
      4204914470
      1955987363
      2590608885
      2120168063
      1460034243
      258056600
      3693550087
      779446436
      902696389
      4228701387
      3165791227
      3478614865
      1500865135
      905884796
      3682046467
      2437847832
      2595888219
      4144484663
      1299603103
      648536946
      1762836247
      4265749196
      950840266
      2928992722
      2051369009
      2071186450
      1164619682
      210405235
      1296628868
      2425474719
      4083386904
      1978331343
      3190898799
      602128683
      2003319330
      1043377147
      756690484
      24776626
      1835824233
      1156421176
      2125448878
      1333136189
      607751135
      4255614767
      4238533009
      2583175632
      230472465
      3037259757
      1546348932
      2537279411
      110471952
      520621708
      63613561
      2843673595
      775036
      1899744556
      1168115970
      2685086321
      3410250658
      3151102153
      634647644
      3639125394
      3344624764
      1525171811
      1878800371
      3356530116
      3676542926
      602053165
      2686708238
      3703555082
      3754961372
      3970030923
      1749014201
      3391107050
      2478152000
      2121779806
      2636689360
      769835312
      4230539591
      1909812524
      417081626
      3096519324
      387659697
      3764499249
      3452925463
      3818277698
      3008920324
      15253694
      1479260759
      2421328720
      2220743357
      38831551
      1032912064
      3400956198
      2362808832
      3988706866
      1950464958
      3248573125
      1225815945
      1211036180
      346407094
      3867176764
      1257086026
      2725236231
      2843735658
      4147241082
      1729974832
      1256499145
      3765975901
      784776076
      4288277427
      3903532520
      3431522864
      2792589977
      2935989154
      3536596892
      3512984120
      605476293
      1774961976
      981422589
      822525778
      3343539932
      422954622
      1323482938
      2523465420
      2746609356
      1664448205
      272567300
      711582493
      3625722107
      3615865699
      950619756
      2864168489
      108006277
      3976313352
      680217319
      173747636
      291134870
      198587329
      595310009
      941470866
      2438488368
      1681923153
      1654783272
      3531789254
      4149541715
      2922706987
      684907209
      3116688362
      3288142886
      3953377592
      3332428007
      1400401813
      3745921798
      1701705628
      3744511893
      1838265811
      3314032512
      3894840150
      3810031409
      181324387
      983160249
      1444959400
      3836664153
      3032673327
      310789231
      3701565562
      1407580781
      2511575629
      3113822685
      1777261998
      2208898751
      106383174
      2961020500
      995776421
      3306087121
      2181030035
      2300064751
      1909543740
      4023156173
      1671619075
      2151956104
      237668401
      3204511253
      1303668692
      3868259787
      2737897899
      4091026033
      2877780671
      134376279
      398912026
      863520778
      3712468923
      3443213666
      2183809552
      2597379302
      349776833
      274697715
      4266593710
      4282186769
      3530757867
      520237914
      3369037397
      2285670338
      387086485
      618942879
      219892882
      2008897906
      2293749560
      2907436476
      3853296593
      327550390
      1558751403
      2125694704
      1822570484
      2409968265
      436622776
      2691124090
      1080819771
      2958107334
      2667158841
      2117901613
      440045635
      3861104471
      3574962701
      3210299248
      1368601573
      2434039520
      86704919
      3628108033
      1909858745
      227461000
      2530509465
      838433817
      730224848
      1060658180
      1318482825
      233266846
      2352800845
      2086493219
      3826355555
      3174377690
      1455208243
      1356597942
      663563056
      2501819374
      4213535259
      1585241464
      873997246
      2597898744
      427064229
      1587746589
      259660817
      1688808891
      4165834345
      1359025114
      2013923952
      2963511711
      2903220732
      356112706
      501549847
      1609412897
      1685128111
      2639303606
      700554261
      914150235
      2010650618
      2029243163
      3046509911
      715702687
      2206956754
      3045298216
      2922667179
      2497577415
      3001819604
      706666890
      2275923855
      3094184383
      2781697712
      3292952666
      4238614078
      278500659
      1440033346
      1552714131
      336554687
      2842580609
      2255044310
      2180071372
      99970159
      2078552309
      1172694639
      1359399314
      546452524
      349053834
      3072254369
      3043246719
      3314426498
      1594992663
      3582269665
      2114045278
      585873328
      840739494
      3475778485
      1506518790
      4008486652
      229989333
      3582278212
      363921215
      3592842520
      1833533669
      708173875
      564248927
      853943228
      2282731374
      2874158047
      3978663285
      2332696531
      1354524859
      58121641
      1445193461
      1936635021
      3374328198
      3465253060
      385589199
      1819596280
      912895627
      1877426726
      733280947
      2004202992
      3311780711
      3732053191
      309903272
      97290141
      2945419335
      3916477072
      1326195031
      3740938055
      3604745262
      3633308956
      3392929431
      1257547457
      251825182
      3318700085
      847033774
      137350663
      1716455973
      546850455
      4227574519
      3044214953
      2259874013
      2442748258
      2956971336
      2198772379
      1269686727
      2648116105
      1339159363
      1473334647
      2386671612
      2069268389
      624
    Initial state of the Gaussian random number generator for chain number 2:
      3
      1142332464
      3889748055
      3734916391
      3619205944
      3194374476
      3300370892
      3741238706
      1713813469
      3702474197
      241177464
      1050338915
      2837241883
      3640707818
      3796221691
      1904152551
      1038965710
      3748165207
      3084231478
      1108096919
      1705718850
      1834514820
      3952287375
      2453141843
      2713237005
      4122401540
      3180079325
      4232345366
      1213216869
      814728081
      2639774035
      2135596564
      1436326761
      3050043433
      3463769113
      1932595301
      1457322904
      4110623874
      3293409291
      1404664655
      2454479854
      3843078213
      3827313096
      4288356418
      708674257
      1425896866
      661169277
      3350907520
      2426863839
      3009715298
      1694568978
      4003286194
      384891657
      2896812994
      131953398
      2308833605
      3606478907
      3680931409
      3990751380
      2605920974
      1100363448
      3466303546
      4251488187
      2100440023
      3105542574
      2910700829
      955604093
      179790484
      2150045864
      3762664791
      785809002
      1898748441
      3686245312
      3026974520
      813470764
      1772487079
      2565504202
      2596422453
      253621249
      376229300
      2733538388
      2533037119
      948871523
      3529025378
      3996381849
      1636376855
      224973828
      3756902891
      4281716960
      4147766504
      3955627025
      711036277
      660827269
      3538943446
      1951998567
      2472355997
      785849883
      3501741064
      3992980409
      3059821253
      329998311
      2353034632
      1125857752
      748811268
      2744609276
      2691153823
      1204067931
      3586565101
      2291862354
      3983099645
      444133540
      4009407779
      3887568400
      3376636144
      2702986065
      3351126834
      825236425
      3042478018
      2731757366
      1831670779
      911191066
      3175010491
      143284855
      373317742
      1174596066
      1468383756
      3875112095
      413978123
      2092838359
      2255068143
      3415693827
      3353379459
      2464808196
      2716010979
      2416136011
      2377865556
      3876799862
      3170436274
      848366074
      1332066861
      1794637800
      925542522
      2874393264
      3592098505
      2973926466
      633630161
      838544647
      1382187862
      2223530215
      2280376302
      3581357234
      3821427564
      1480161891
      1104788291
      1995125668
      3471945140
      4015093967
      1650316569
      4189514518
      2995518696
      4261020402
      3217892022
      1449985446
      211458694
      2002431362
      2687930452
      2736715924
      39475669
      2559274673
      1478850632
      3928393335
      2622693487
      136388781
      3494476270
      3501715503
      3914157579
      3967422936
      2159296280
      4002926580
      1139883046
      7248663
      1313046472
      1250098179
      983072641
      2733463453
      3303057780
      3180628909
      4028941254
      3785927285
      3154011979
      4020490635
      1367044967
      1715478014
      223497564
      979550734
      422710857
      3932402833
      1559650399
      3512226780
      1003777730
      694388050
      3554311203
      1719671146
      3557903106
      1694310705
      1995491517
      2509229818
      1078419623
      996931662
      3952915863
      957077558
      2312844321
      3814149539
      157040885
      853261951
      1931288562
      1681630903
      3468307623
      2580767118
      2322426135
      3858346789
      1248658651
      3465647328
      1045576046
      2435745606
      2426061493
      1715716629
      1512326855
      1905910530
      2772970516
      1370172308
      3756912560
      3221970311
      404982269
      214488763
      1229179826
      1168583051
      1257520735
      2756635140
      4236872525
      4109546678
      3546884442
      1561129487
      705101433
      1413490609
      3898399077
      1455643700
      2833170144
      1681277474
      633459656
      3393623778
      2696868032
      125489030
      3777795803
      4080606262
      2803072744
      2315406674
      2339918225
      2837764865
      3050570802
      2419283956
      2383305491
      1675429819
      1567397737
      4239811856
      395447432
      755743410
      1063775045
      734707781
      633719110
      3366510508
      2082334746
      3049260727
      55346042
      1340222004
      272893180
      1147458688
      755491066
      2589429176
      393835897
      2232949461
      3636504300
      31507557
      25856500
      1965556320
      2662718050
      1748797694
      3626730682
      1078026013
      3212084013
      1299507629
      333528575
      2818829759
      2683433398
      549040426
      3644350649
      4229411978
      3770059830
      2323689235
      2011966432
      3536828913
      2215960487
      24021575
      1955434034
      609707599
      1013228892
      95910526
      4083335913
      3970703750
      2222745518
      1044640786
      854257233
      2154848301
      1159207620
      3735027
      201866522
      3416852094
      3079894414
      2649312634
      3855141271
      254000292
      1904816629
      2223524486
      4081191767
      275410280
      1281479501
      1405094466
      1545005238
      680837243
      3306079440
      200119177
      2909701976
      1048613326
      1533199763
      3903919592
      1342532102
      1376883987
      1966371691
      794510372
      2473928583
      268551629
      673759286
      2959785124
      3919267029
      1811066822
      960616924
      2576724262
      3151440015
      3631314429
      2128247955
      4175120632
      1802444646
      712410115
      226275728
      2821201714
      3939827539
      1574603764
      735204878
      476803820
      1800971395
      563116722
      42445731
      265679801
      1961241192
      3227512281
      3038282351
      494062447
      1899080506
      3487048375
      2378434165
      923614565
      399984460
      2687159920
      3598481007
      124683794
      1457031313
      2691887688
      2835952299
      1264348967
      1157443961
      2980429268
      1104506091
      3806540752
      2300862142
      2033188268
      1785441218
      2444959857
      173431266
      391735726
      1536610603
      1217790232
      2104742244
      3481512801
      1566052659
      2236648516
      297979689
      953658809
      2770242698
      3053075254
      1137979667
      1081606058
      3369558792
      3662149609
      561449701
      3507411693
      3532111739
      2437792750
      3707476403
      1213387784
      1952807462
      91820541
      760184684
      2005013304
      1428822042
      759101253
      1796111576
      4084622397
      1326234647
      1833434192
      3047483032
      799893094
      1879047651
      2013994448
      1276026396
      1663887385
      2710858529
      3738763641
      2411585741
      3437328983
      1203255505
      801487806
      4105028005
      3636018734
      1385602674
      157093905
      466055528
      2872600508
      3136789931
      3803162211
      2079720855
      2587622
      2620127607
      1410075107
      926407141
      1038583317
      3651937542
      534596023
      918685170
      2975390778
      728816601
      404545375
      646379838
      1733592378
      2286036236
      323952204
      3649151427
      2616496776
      2746199099
      1493726535
      1677900905
      4072668884
      822188960
      4081780718
      1465055056
      3377262021
      2667759343
      2768786003
      4237087944
      1996331243
      2403897383
      3922177391
      1703557491
      2992942546
      3278693609
      1524468780
      984048796
      1227239272
      3813599050
      115757739
      1640571478
      3692830003
      4010161617
      2969477052
      2653140441
      3714446411
      4142656077
      4221120684
      1732697586
      1096916423
      3780916999
      1945033342
      497233158
      3349347146
      2798007994
      4270067846
      2794763112
      3969156290
      3739921174
      297188923
      3766723130
      2169406321
      611805524
      2613478426
      1856698223
      1407155806
      979809396
      3762505662
      773485708
      2560813368
      1068240863
      3061423097
      978378502
      3932960094
      382391474
      1924607548
      1236198676
      3391856717
      1713503947
      2890506680
      1152342633
      1231574288
      1260825278
      2530907749
      260798382
      1926518706
      3667551916
      2191993881
      2605439926
      3480028180
      4258524708
      2250298997
      2398834182
      3087134120
      3633889319
      2752713802
      3747187327
      584319236
      3914042541
      3118047424
      120733861
      468635701
      3759637510
      3071329559
      1923678312
      4240727181
      1055032359
      422052997
      2463627164
      4027203962
      124032994
      1059446864
      288117175
      3996659291
      1902076641
      4205569162
      4007492920
      369360243
      1146784652
      3108144591
      3581182224
      462363055
      4227648316
      3594119437
      3388175033
      2424819606
      3501661081
      255414264
      2100315919
      326404286
      4015629103
      1826877078
      717025998
      2250115970
      1317145533
      867843946
      2286993681
      1253333439
      2573211703
      4115721259
      1818662411
      4245327414
      3132586542
      3254305186
      3727331276
      2959705587
      1743180638
      1623735749
      3093972127
      3169851709
      1291169576
      3989442171
      4156420007
      548033028
      4147282405
      599480336
      2205831331
      1959721689
      3587084685
      3376835932
      719978450
      3203879474
      836706121
      3150211879
      3151500532
      439479658
      1134978863
      4162868612
      2100821922
      542841007
      82798188
      1832335102
      3090164734
      4134484176
      1359960228
      973162623
      566662018
      2027341490
      2415342088
      2895387228
      3105666945
      2938012699
      2490007882
      1982630870
      4249500994
      624
    Initial state of the Uniform random number generator for chain number 2:
      3
      1142332464
      3889748055
      3734916391
      3619205944
      3194374476
      3300370892
      3741238706
      1713813469
      3702474197
      241177464
      1050338915
      2837241883
      3640707818
      3796221691
      1904152551
      1038965710
      3748165207
      3084231478
      1108096919
      1705718850
      1834514820
      3952287375
      2453141843
      2713237005
      4122401540
      3180079325
      4232345366
      1213216869
      814728081
      2639774035
      2135596564
      1436326761
      3050043433
      3463769113
      1932595301
      1457322904
      4110623874
      3293409291
      1404664655
      2454479854
      3843078213
      3827313096
      4288356418
      708674257
      1425896866
      661169277
      3350907520
      2426863839
      3009715298
      1694568978
      4003286194
      384891657
      2896812994
      131953398
      2308833605
      3606478907
      3680931409
      3990751380
      2605920974
      1100363448
      3466303546
      4251488187
      2100440023
      3105542574
      2910700829
      955604093
      179790484
      2150045864
      3762664791
      785809002
      1898748441
      3686245312
      3026974520
      813470764
      1772487079
      2565504202
      2596422453
      253621249
      376229300
      2733538388
      2533037119
      948871523
      3529025378
      3996381849
      1636376855
      224973828
      3756902891
      4281716960
      4147766504
      3955627025
      711036277
      660827269
      3538943446
      1951998567
      2472355997
      785849883
      3501741064
      3992980409
      3059821253
      329998311
      2353034632
      1125857752
      748811268
      2744609276
      2691153823
      1204067931
      3586565101
      2291862354
      3983099645
      444133540
      4009407779
      3887568400
      3376636144
      2702986065
      3351126834
      825236425
      3042478018
      2731757366
      1831670779
      911191066
      3175010491
      143284855
      373317742
      1174596066
      1468383756
      3875112095
      413978123
      2092838359
      2255068143
      3415693827
      3353379459
      2464808196
      2716010979
      2416136011
      2377865556
      3876799862
      3170436274
      848366074
      1332066861
      1794637800
      925542522
      2874393264
      3592098505
      2973926466
      633630161
      838544647
      1382187862
      2223530215
      2280376302
      3581357234
      3821427564
      1480161891
      1104788291
      1995125668
      3471945140
      4015093967
      1650316569
      4189514518
      2995518696
      4261020402
      3217892022
      1449985446
      211458694
      2002431362
      2687930452
      2736715924
      39475669
      2559274673
      1478850632
      3928393335
      2622693487
      136388781
      3494476270
      3501715503
      3914157579
      3967422936
      2159296280
      4002926580
      1139883046
      7248663
      1313046472
      1250098179
      983072641
      2733463453
      3303057780
      3180628909
      4028941254
      3785927285
      3154011979
      4020490635
      1367044967
      1715478014
      223497564
      979550734
      422710857
      3932402833
      1559650399
      3512226780
      1003777730
      694388050
      3554311203
      1719671146
      3557903106
      1694310705
      1995491517
      2509229818
      1078419623
      996931662
      3952915863
      957077558
      2312844321
      3814149539
      157040885
      853261951
      1931288562
      1681630903
      3468307623
      2580767118
      2322426135
      3858346789
      1248658651
      3465647328
      1045576046
      2435745606
      2426061493
      1715716629
      1512326855
      1905910530
      2772970516
      1370172308
      3756912560
      3221970311
      404982269
      214488763
      1229179826
      1168583051
      1257520735
      2756635140
      4236872525
      4109546678
      3546884442
      1561129487
      705101433
      1413490609
      3898399077
      1455643700
      2833170144
      1681277474
      633459656
      3393623778
      2696868032
      125489030
      3777795803
      4080606262
      2803072744
      2315406674
      2339918225
      2837764865
      3050570802
      2419283956
      2383305491
      1675429819
      1567397737
      4239811856
      395447432
      755743410
      1063775045
      734707781
      633719110
      3366510508
      2082334746
      3049260727
      55346042
      1340222004
      272893180
      1147458688
      755491066
      2589429176
      393835897
      2232949461
      3636504300
      31507557
      25856500
      1965556320
      2662718050
      1748797694
      3626730682
      1078026013
      3212084013
      1299507629
      333528575
      2818829759
      2683433398
      549040426
      3644350649
      4229411978
      3770059830
      2323689235
      2011966432
      3536828913
      2215960487
      24021575
      1955434034
      609707599
      1013228892
      95910526
      4083335913
      3970703750
      2222745518
      1044640786
      854257233
      2154848301
      1159207620
      3735027
      201866522
      3416852094
      3079894414
      2649312634
      3855141271
      254000292
      1904816629
      2223524486
      4081191767
      275410280
      1281479501
      1405094466
      1545005238
      680837243
      3306079440
      200119177
      2909701976
      1048613326
      1533199763
      3903919592
      1342532102
      1376883987
      1966371691
      794510372
      2473928583
      268551629
      673759286
      2959785124
      3919267029
      1811066822
      960616924
      2576724262
      3151440015
      3631314429
      2128247955
      4175120632
      1802444646
      712410115
      226275728
      2821201714
      3939827539
      1574603764
      735204878
      476803820
      1800971395
      563116722
      42445731
      265679801
      1961241192
      3227512281
      3038282351
      494062447
      1899080506
      3487048375
      2378434165
      923614565
      399984460
      2687159920
      3598481007
      124683794
      1457031313
      2691887688
      2835952299
      1264348967
      1157443961
      2980429268
      1104506091
      3806540752
      2300862142
      2033188268
      1785441218
      2444959857
      173431266
      391735726
      1536610603
      1217790232
      2104742244
      3481512801
      1566052659
      2236648516
      297979689
      953658809
      2770242698
      3053075254
      1137979667
      1081606058
      3369558792
      3662149609
      561449701
      3507411693
      3532111739
      2437792750
      3707476403
      1213387784
      1952807462
      91820541
      760184684
      2005013304
      1428822042
      759101253
      1796111576
      4084622397
      1326234647
      1833434192
      3047483032
      799893094
      1879047651
      2013994448
      1276026396
      1663887385
      2710858529
      3738763641
      2411585741
      3437328983
      1203255505
      801487806
      4105028005
      3636018734
      1385602674
      157093905
      466055528
      2872600508
      3136789931
      3803162211
      2079720855
      2587622
      2620127607
      1410075107
      926407141
      1038583317
      3651937542
      534596023
      918685170
      2975390778
      728816601
      404545375
      646379838
      1733592378
      2286036236
      323952204
      3649151427
      2616496776
      2746199099
      1493726535
      1677900905
      4072668884
      822188960
      4081780718
      1465055056
      3377262021
      2667759343
      2768786003
      4237087944
      1996331243
      2403897383
      3922177391
      1703557491
      2992942546
      3278693609
      1524468780
      984048796
      1227239272
      3813599050
      115757739
      1640571478
      3692830003
      4010161617
      2969477052
      2653140441
      3714446411
      4142656077
      4221120684
      1732697586
      1096916423
      3780916999
      1945033342
      497233158
      3349347146
      2798007994
      4270067846
      2794763112
      3969156290
      3739921174
      297188923
      3766723130
      2169406321
      611805524
      2613478426
      1856698223
      1407155806
      979809396
      3762505662
      773485708
      2560813368
      1068240863
      3061423097
      978378502
      3932960094
      382391474
      1924607548
      1236198676
      3391856717
      1713503947
      2890506680
      1152342633
      1231574288
      1260825278
      2530907749
      260798382
      1926518706
      3667551916
      2191993881
      2605439926
      3480028180
      4258524708
      2250298997
      2398834182
      3087134120
      3633889319
      2752713802
      3747187327
      584319236
      3914042541
      3118047424
      120733861
      468635701
      3759637510
      3071329559
      1923678312
      4240727181
      1055032359
      422052997
      2463627164
      4027203962
      124032994
      1059446864
      288117175
      3996659291
      1902076641
      4205569162
      4007492920
      369360243
      1146784652
      3108144591
      3581182224
      462363055
      4227648316
      3594119437
      3388175033
      2424819606
      3501661081
      255414264
      2100315919
      326404286
      4015629103
      1826877078
      717025998
      2250115970
      1317145533
      867843946
      2286993681
      1253333439
      2573211703
      4115721259
      1818662411
      4245327414
      3132586542
      3254305186
      3727331276
      2959705587
      1743180638
      1623735749
      3093972127
      3169851709
      1291169576
      3989442171
      4156420007
      548033028
      4147282405
      599480336
      2205831331
      1959721689
      3587084685
      3376835932
      719978450
      3203879474
      836706121
      3150211879
      3151500532
      439479658
      1134978863
      4162868612
      2100821922
      542841007
      82798188
      1832335102
      3090164734
      4134484176
      1359960228
      973162623
      566662018
      2027341490
      2415342088
      2895387228
      3105666945
      2938012699
      2490007882
      1982630870
      4249500994
      624
 

% Mh1Blck1 (15-May-2025 15:07:55)
 
  Number of simulations.: 200000
  Acceptance ratio......: 0.80374
  Feval per iteration...: 1
  Posterior mean........:
    params:1: 0.0040816
    params:2: 0.0080638
    params:3: 0.018092
    params:4: 0.0064638
    params:5: 0.092273
    params:6: 0.014505
    params:7: 0.010975
    params:8: 0.0015421
    params:9: 0.026838
    params:10: 1.7486
    params:11: 0.69367
    params:12: 1.1858
    params:13: 0.90222
    params:14: 0.27165
    params:15: 0.78288
    params:16: 0.15767
    params:17: 2.0252
    params:18: 0.2919
    params:19: 7.5128
    params:20: 1.5514
    params:21: 0.32376
    params:22: 0.71757
    params:23: 0.82267
    params:24: 0.9362
    params:25: 0.8762
    params:26: 0.93481
    params:27: 0.92365
    params:28: 0.86415
    params:29: 0.96159
    log2po:4768.3158
  Minimum value.........:
    params:1: 0.0031235
    params:2: 0.0064935
    params:3: 0.015227
    params:4: 0.003613
    params:5: 0.079645
    params:6: 0.01158
    params:7: 0.0031698
    params:8: 0.00010002
    params:9: 0.022027
    params:10: 1.4779
    params:11: 0.63895
    params:12: 0.88963
    params:13: 0.81389
    params:14: 0.20124
    params:15: 0.66642
    params:16: 0.072039
    params:17: 1.4239
    params:18: 0.15515
    params:19: 6.2809
    params:20: 1.1081
    params:21: 0.29108
    params:22: 0.56209
    params:23: 0.73019
    params:24: 0.82148
    params:25: 0.79296
    params:26: 0.81219
    params:27: 0.85073
    params:28: 0.63189
    params:29: 0.91608
    log2po:4729.52
  Maximum value.........:
    params:1: 0.0052107
    params:2: 0.0099098
    params:3: 0.022212
    params:4: 0.0093045
    params:5: 0.10924
    params:6: 0.017928
    params:7: 0.018324
    params:8: 0.0060429
    params:9: 0.031854
    params:10: 1.9536
    params:11: 0.74251
    params:12: 1.4019
    params:13: 0.97785
    params:14: 0.34018
    params:15: 0.88797
    params:16: 0.25128
    params:17: 2.6052
    params:18: 0.56362
    params:19: 8.543
    params:20: 1.8115
    params:21: 0.37693
    params:22: 0.87837
    params:23: 0.90912
    params:24: 0.99988
    params:25: 0.95491
    params:26: 0.99973
    params:27: 0.98532
    params:28: 0.99634
    params:29: 0.99994
    log2po:4780.9467
 

% Mh1Blck2 (15-May-2025 15:31:37)
 
  Number of simulations.: 200000
  Acceptance ratio......: 0.80139
  Feval per iteration...: 1
  Posterior mean........:
    params:1: 0.0040755
    params:2: 0.0080474
    params:3: 0.017844
    params:4: 0.0062021
    params:5: 0.091398
    params:6: 0.014538
    params:7: 0.01408
    params:8: 0.0018516
    params:9: 0.026736
    params:10: 1.7778
    params:11: 0.69221
    params:12: 1.2219
    params:13: 0.9077
    params:14: 0.27597
    params:15: 0.8201
    params:16: 0.15608
    params:17: 1.9825
    params:18: 0.29464
    params:19: 7.8488
    params:20: 1.5541
    params:21: 0.34018
    params:22: 0.73027
    params:23: 0.82582
    params:24: 0.94356
    params:25: 0.88459
    params:26: 0.92618
    params:27: 0.91347
    params:28: 0.83066
    params:29: 0.96334
    log2po:4767.3704
  Minimum value.........:
    params:1: 0.0029752
    params:2: 0.0062023
    params:3: 0.014744
    params:4: 0.0026496
    params:5: 0.08192
    params:6: 0.012133
    params:7: 0.0051157
    params:8: 0.0001002
    params:9: 0.021442
    params:10: 1.4509
    params:11: 0.63963
    params:12: 1.0335
    params:13: 0.80902
    params:14: 0.2001
    params:15: 0.74149
    params:16: 0.056955
    params:17: 1.5025
    params:18: 0.16348
    params:19: 6.7333
    params:20: 1.1046
    params:21: 0.30065
    params:22: 0.58357
    params:23: 0.73732
    params:24: 0.83484
    params:25: 0.79053
    params:26: 0.82967
    params:27: 0.84634
    params:28: 0.56913
    params:29: 0.89589
    log2po:4729.3923
  Maximum value.........:
    params:1: 0.0052119
    params:2: 0.010048
    params:3: 0.021249
    params:4: 0.0082332
    params:5: 0.11185
    params:6: 0.017283
    params:7: 0.02423
    params:8: 0.00574
    params:9: 0.032204
    params:10: 2.1227
    params:11: 0.74281
    params:12: 1.3839
    params:13: 0.98045
    params:14: 0.36024
    params:15: 0.92992
    params:16: 0.27693
    params:17: 2.5301
    params:18: 0.49711
    params:19: 9.1524
    params:20: 1.8819
    params:21: 0.38458
    params:22: 0.85681
    params:23: 0.92167
    params:24: 0.99986
    params:25: 0.96717
    params:26: 0.9996
    params:27: 0.96963
    params:28: 0.99266
    params:29: 0.99994
    log2po:4779.2915
 

% Session 2.
 
  Number of blocks...............: 2
  Number of simulations per block: 200000
 

% Mh1Blck1 (15-May-2025 16:02:15)
 
  Number of simulations.: 400000
  Acceptance ratio......: 0.39756
  Feval per iteration...: 0.5
  Posterior mean........:
    params:1: 0.0040809
    params:2: 0.0081688
    params:3: 0.018422
    params:4: 0.0060845
    params:5: 0.099964
    params:6: 0.014435
    params:7: 0.011066
    params:8: 0.0017557
    params:9: 0.027069
    params:10: 1.5791
    params:11: 0.71317
    params:12: 1.2626
    params:13: 0.90878
    params:14: 0.24625
    params:15: 0.79718
    params:16: 0.13699
    params:17: 2.08
    params:18: 0.29625
    params:19: 7.5692
    params:20: 1.5545
    params:21: 0.33572
    params:22: 0.71145
    params:23: 0.82738
    params:24: 0.92455
    params:25: 0.87997
    params:26: 0.93573
    params:27: 0.91565
    params:28: 0.88402
    params:29: 0.96029
    log2po:4768.8055
  Minimum value.........:
    params:1: 0.0030967
    params:2: 0.0064935
    params:3: 0.015227
    params:4: 0.00086997
    params:5: 0.079645
    params:6: 0.01158
    params:7: 0.0031698
    params:8: 0.0001
    params:9: 0.022027
    params:10: 1.1277
    params:11: 0.63895
    params:12: 0.88963
    params:13: 0.81389
    params:14: 0.17841
    params:15: 0.66642
    params:16: 0.060102
    params:17: 1.368
    params:18: 0.15515
    params:19: 6.2809
    params:20: 1.1081
    params:21: 0.28783
    params:22: 0.496
    params:23: 0.73019
    params:24: 0.79104
    params:25: 0.77684
    params:26: 0.81219
    params:27: 0.80766
    params:28: 0.63189
    params:29: 0.9
    log2po:4729.52
  Maximum value.........:
    params:1: 0.0052156
    params:2: 0.010321
    params:3: 0.022582
    params:4: 0.0093045
    params:5: 0.11977
    params:6: 0.017928
    params:7: 0.021855
    params:8: 0.0061849
    params:9: 0.033357
    params:10: 1.9536
    params:11: 0.76706
    params:12: 1.5679
    params:13: 0.98716
    params:14: 0.34018
    params:15: 0.88797
    params:16: 0.25128
    params:17: 2.6906
    params:18: 0.56362
    params:19: 8.543
    params:20: 1.8605
    params:21: 0.40638
    params:22: 0.87837
    params:23: 0.93887
    params:24: 0.99988
    params:25: 0.95491
    params:26: 0.99981
    params:27: 0.98532
    params:28: 0.99976
    params:29: 0.99994
    log2po:4780.9467
 

% Mh1Blck2 (15-May-2025 16:25:58)
 
  Number of simulations.: 400000
  Acceptance ratio......: 0.40348
  Feval per iteration...: 0.5
  Posterior mean........:
    params:1: 0.0040698
    params:2: 0.0082459
    params:3: 0.018313
    params:4: 0.0060263
    params:5: 0.095697
    params:6: 0.014595
    params:7: 0.012009
    params:8: 0.0018206
    params:9: 0.026543
    params:10: 1.7733
    params:11: 0.6996
    params:12: 1.2747
    params:13: 0.909
    params:14: 0.26227
    params:15: 0.80482
    params:16: 0.13485
    params:17: 1.9922
    params:18: 0.29084
    params:19: 7.8211
    params:20: 1.5302
    params:21: 0.29823
    params:22: 0.74424
    params:23: 0.8199
    params:24: 0.92232
    params:25: 0.8845
    params:26: 0.92382
    params:27: 0.91898
    params:28: 0.88386
    params:29: 0.96064
    log2po:4769.5241
  Minimum value.........:
    params:1: 0.0029752
    params:2: 0.0062023
    params:3: 0.014744
    params:4: 0.0026496
    params:5: 0.08192
    params:6: 0.012104
    params:7: 0.0042261
    params:8: 0.00010008
    params:9: 0.021442
    params:10: 1.4509
    params:11: 0.63963
    params:12: 1.0335
    params:13: 0.80902
    params:14: 0.2001
    params:15: 0.66031
    params:16: 0.026616
    params:17: 1.4671
    params:18: 0.16337
    params:19: 6.7333
    params:20: 1.1046
    params:21: 0.18152
    params:22: 0.58357
    params:23: 0.73492
    params:24: 0.82065
    params:25: 0.79053
    params:26: 0.82015
    params:27: 0.82462
    params:28: 0.56913
    params:29: 0.89177
    log2po:4729.3923
  Maximum value.........:
    params:1: 0.0054418
    params:2: 0.0105
    params:3: 0.023095
    params:4: 0.0082332
    params:5: 0.11185
    params:6: 0.018021
    params:7: 0.02423
    params:8: 0.0057944
    params:9: 0.032204
    params:10: 2.1227
    params:11: 0.7509
    params:12: 1.6238
    params:13: 0.98855
    params:14: 0.36024
    params:15: 0.92992
    params:16: 0.27693
    params:17: 2.7074
    params:18: 0.49711
    params:19: 9.1524
    params:20: 1.8819
    params:21: 0.38458
    params:22: 0.87038
    params:23: 0.92167
    params:24: 0.99986
    params:25: 0.96717
    params:26: 0.9996
    params:27: 0.98065
    params:28: 0.99266
    params:29: 0.99994
    log2po:4781.1554
 
